#
# There is insufficient memory for the Java Runtime Environment to continue.
# Native memory allocation (malloc) failed to allocate 885376 bytes for Chunk::new
# Possible reasons:
#   The system is out of physical RAM or swap space
#   The process is running with CompressedOops enabled, and the Java Heap may be blocking the growth of the native heap
# Possible solutions:
#   Reduce memory load on the system
#   Increase physical memory or swap space
#   Check if swap backing store is full
#   Decrease Java heap size (-Xmx/-Xms)
#   Decrease number of Java threads
#   Decrease Java thread stack sizes (-Xss)
#   Set larger code cache with -XX:ReservedCodeCacheSize=
#   JVM is running with Unscaled Compressed Oops mode in which the Java heap is
#     placed in the first 4GB address space. The Java Heap base address is the
#     maximum limit for the native heap growth. Please use -XX:HeapBaseMinAddress
#     to set the Java Heap base and to place the Java Heap above 4GB virtual address.
# This output file may be truncated or incomplete.
#
#  Out of Memory Error (arena.cpp:189), pid=6548, tid=9380
#
# JRE version: OpenJDK Runtime Environment (17.0.6) (build 17.0.6+0-b2043.56-9586694)
# Java VM: OpenJDK 64-Bit Server VM (17.0.6+0-b2043.56-9586694, mixed mode, tiered, compressed oops, compressed class ptrs, g1 gc, windows-amd64)
# No core dump will be written. Minidumps are not enabled by default on client versions of Windows
#

---------------  S U M M A R Y ------------

Command Line: --add-opens=java.base/java.util=ALL-UNNAMED --add-opens=java.base/java.lang=ALL-UNNAMED --add-opens=java.base/java.lang.invoke=ALL-UNNAMED --add-opens=java.prefs/java.util.prefs=ALL-UNNAMED --add-opens=java.base/java.nio.charset=ALL-UNNAMED --add-opens=java.base/java.net=ALL-UNNAMED --add-opens=java.base/java.util.concurrent.atomic=ALL-UNNAMED -Xmx2048m -Dfile.encoding=UTF-8 -Duser.country=US -Duser.language=en -Duser.variant org.gradle.launcher.daemon.bootstrap.GradleDaemon 8.0

Host: Intel(R) Core(TM) i5-3570 CPU @ 3.40GHz, 4 cores, 7G,  Windows 11 , 64 bit Build 22621 (10.0.22621.457)
Time: Mon May 15 22:26:26 2023 Egypt Standard Time elapsed time: 55.696397 seconds (0d 0h 0m 55s)

---------------  T H R E A D  ---------------

Current thread (0x0000029dff4ac0d0):  JavaThread "C2 CompilerThread1" daemon [_thread_in_native, id=9380, stack(0x000000c257b00000,0x000000c257c00000)]


Current CompileTask:
C2:  55696 7392   !   4       com.sun.beans.TypeResolver::resolve (261 bytes)

Stack: [0x000000c257b00000,0x000000c257c00000]
Native frames: (J=compiled Java code, j=interpreted, Vv=VM code, C=native code)
V  [jvm.dll+0x683b4a]
V  [jvm.dll+0x842654]
V  [jvm.dll+0x843dfe]
V  [jvm.dll+0x844463]
V  [jvm.dll+0x249b75]
V  [jvm.dll+0xabcac]
V  [jvm.dll+0xac27c]
V  [jvm.dll+0x2b0eef]
V  [jvm.dll+0x58a207]
V  [jvm.dll+0x2243b2]
V  [jvm.dll+0x21dd02]
V  [jvm.dll+0x21b51b]
V  [jvm.dll+0x1a4fdd]
V  [jvm.dll+0x22b098]
V  [jvm.dll+0x229159]
V  [jvm.dll+0x7f809c]
V  [jvm.dll+0x7f25fa]
V  [jvm.dll+0x682985]
C  [ucrtbase.dll+0x29363]
C  [KERNEL32.DLL+0x1244d]
C  [ntdll.dll+0x5df78]


---------------  P R O C E S S  ---------------

Threads class SMR info:
_java_thread_list=0x0000029dfc219af0, length=82, elements={
0x0000029df00177f0, 0x0000029dfa5db650, 0x0000029dfa5de210, 0x0000029dfa5e8680,
0x0000029dfa60c440, 0x0000029dfa60cdf0, 0x0000029dfa60d7a0, 0x0000029dfb024b00,
0x0000029dfb0254b0, 0x0000029dfb025ea0, 0x0000029dfb1ab100, 0x0000029dfb1afe00,
0x0000029dfc87a530, 0x0000029dfc2fabf0, 0x0000029dfcb72260, 0x0000029dfbe62750,
0x0000029dfb34e050, 0x0000029dfbfbd530, 0x0000029dfbfbe3a0, 0x0000029dfbfbda00,
0x0000029dfbfc0a20, 0x0000029dfbfc0080, 0x0000029dfbfbfbb0, 0x0000029dfbfbd060,
0x0000029dfbfbded0, 0x0000029dfbfbed40, 0x0000029dfbfbf210, 0x0000029dfbfc0550,
0x0000029dfbfbf6e0, 0x0000029dfdec7f10, 0x0000029dfdec4080, 0x0000029dfdec2d40,
0x0000029dfdec36e0, 0x0000029dfdec6bd0, 0x0000029dfdec5d60, 0x0000029dfdec4550,
0x0000029dfdec2870, 0x0000029dfdec53c0, 0x0000029dfdec4a20, 0x0000029dfdec5890,
0x0000029dfdec6700, 0x0000029dfdec4ef0, 0x0000029dfdec7570, 0x0000029dfdec7a40,
0x0000029dfdec1a00, 0x0000029dfdec83e0, 0x0000029dfdec1530, 0x0000029dfdec1060,
0x0000029dfdb2d740, 0x0000029dfdb2cda0, 0x0000029dfdb2c8d0, 0x0000029dfdb2a720,
0x0000029dfdb2abf0, 0x0000029dfdb2d270, 0x0000029dfdb2b0c0, 0x0000029dfdb29d80,
0x0000029dfdb2a250, 0x0000029dfdb2b590, 0x0000029dfdb2ba60, 0x0000029dfdb2bf30,
0x0000029dfdb2c400, 0x0000029dff6a8470, 0x0000029dff6af320, 0x0000029dff6ac7d0,
0x0000029dff6a7ad0, 0x0000029dff6ac300, 0x0000029dff6ab490, 0x0000029dff6acca0,
0x0000029dff6a7fa0, 0x0000029dff6a8e10, 0x0000029dff6ae980, 0x0000029dff6a92e0,
0x0000029dff6ad640, 0x0000029dff6a97b0, 0x0000029dff6aafc0, 0x0000029dff6adb10,
0x0000029dff6aee50, 0x0000029dff6a9c80, 0x0000029dff6a8940, 0x0000029dff6aa620,
0x0000029dff6aaaf0, 0x0000029dff4ac0d0
}

Java Threads: ( => current thread )
  0x0000029df00177f0 JavaThread "main" [_thread_blocked, id=1636, stack(0x000000c251c00000,0x000000c251d00000)]
  0x0000029dfa5db650 JavaThread "Reference Handler" daemon [_thread_blocked, id=8880, stack(0x000000c252300000,0x000000c252400000)]
  0x0000029dfa5de210 JavaThread "Finalizer" daemon [_thread_blocked, id=13804, stack(0x000000c252400000,0x000000c252500000)]
  0x0000029dfa5e8680 JavaThread "Signal Dispatcher" daemon [_thread_blocked, id=10864, stack(0x000000c252500000,0x000000c252600000)]
  0x0000029dfa60c440 JavaThread "Attach Listener" daemon [_thread_blocked, id=4428, stack(0x000000c252600000,0x000000c252700000)]
  0x0000029dfa60cdf0 JavaThread "Service Thread" daemon [_thread_blocked, id=7196, stack(0x000000c252700000,0x000000c252800000)]
  0x0000029dfa60d7a0 JavaThread "Monitor Deflation Thread" daemon [_thread_blocked, id=3476, stack(0x000000c252800000,0x000000c252900000)]
  0x0000029dfb024b00 JavaThread "C2 CompilerThread0" daemon [_thread_in_native, id=13700, stack(0x000000c252900000,0x000000c252a00000)]
  0x0000029dfb0254b0 JavaThread "C1 CompilerThread0" daemon [_thread_blocked, id=13868, stack(0x000000c252a00000,0x000000c252b00000)]
  0x0000029dfb025ea0 JavaThread "Sweeper thread" daemon [_thread_blocked, id=13712, stack(0x000000c252b00000,0x000000c252c00000)]
  0x0000029dfb1ab100 JavaThread "Common-Cleaner" daemon [_thread_blocked, id=12384, stack(0x000000c252c00000,0x000000c252d00000)]
  0x0000029dfb1afe00 JavaThread "Notification Thread" daemon [_thread_blocked, id=7476, stack(0x000000c252d00000,0x000000c252e00000)]
  0x0000029dfc87a530 JavaThread "Daemon health stats" [_thread_blocked, id=14312, stack(0x000000c253200000,0x000000c253300000)]
  0x0000029dfc2fabf0 JavaThread "Incoming local TCP Connector on port 49513" [_thread_in_native, id=9364, stack(0x000000c253300000,0x000000c253400000)]
  0x0000029dfcb72260 JavaThread "Daemon periodic checks" [_thread_blocked, id=7360, stack(0x000000c253400000,0x000000c253500000)]
  0x0000029dfbe62750 JavaThread "Daemon" [_thread_blocked, id=3580, stack(0x000000c253500000,0x000000c253600000)]
  0x0000029dfb34e050 JavaThread "Handler for socket connection from /127.0.0.1:49513 to /127.0.0.1:49514" [_thread_in_native, id=13616, stack(0x000000c253600000,0x000000c253700000)]
  0x0000029dfbfbd530 JavaThread "Cancel handler" [_thread_blocked, id=11640, stack(0x000000c253700000,0x000000c253800000)]
  0x0000029dfbfbe3a0 JavaThread "Daemon worker" [_thread_in_native, id=11544, stack(0x000000c253800000,0x000000c253900000)]
  0x0000029dfbfbda00 JavaThread "Asynchronous log dispatcher for DefaultDaemonConnection: socket connection from /127.0.0.1:49513 to /127.0.0.1:49514" [_thread_blocked, id=13280, stack(0x000000c253900000,0x000000c253a00000)]
  0x0000029dfbfc0a20 JavaThread "Stdin handler" [_thread_blocked, id=1956, stack(0x000000c253a00000,0x000000c253b00000)]
  0x0000029dfbfc0080 JavaThread "Daemon client event forwarder" [_thread_blocked, id=11688, stack(0x000000c253b00000,0x000000c253c00000)]
  0x0000029dfbfbfbb0 JavaThread "Cache worker for journal cache (C:\Users\ahmed\.gradle\caches\journal-1)" [_thread_blocked, id=7208, stack(0x000000c253c00000,0x000000c253d00000)]
  0x0000029dfbfbd060 JavaThread "File lock request listener" [_thread_in_native, id=11136, stack(0x000000c253d00000,0x000000c253e00000)]
  0x0000029dfbfbded0 JavaThread "Cache worker for file hash cache (C:\Users\ahmed\.gradle\caches\8.0\fileHashes)" [_thread_blocked, id=8632, stack(0x000000c253e00000,0x000000c253f00000)]
  0x0000029dfbfbed40 JavaThread "File watcher server" daemon [_thread_in_native, id=12576, stack(0x000000c253f00000,0x000000c254000000)]
  0x0000029dfbfbf210 JavaThread "File watcher consumer" daemon [_thread_blocked, id=7400, stack(0x000000c254000000,0x000000c254100000)]
  0x0000029dfbfc0550 JavaThread "Cache worker for checksums cache (C:\Users\ahmed\StudioProjects\project-collage\.gradle\8.0\checksums)" [_thread_blocked, id=7412, stack(0x000000c254100000,0x000000c254200000)]
  0x0000029dfbfbf6e0 JavaThread "Cache worker for cache directory md-rule (C:\Users\ahmed\.gradle\caches\8.0\md-rule)" [_thread_blocked, id=10392, stack(0x000000c254200000,0x000000c254300000)]
  0x0000029dfdec7f10 JavaThread "Cache worker for file content cache (C:\Users\ahmed\.gradle\caches\8.0\fileContent)" [_thread_blocked, id=13456, stack(0x000000c254300000,0x000000c254400000)]
  0x0000029dfdec4080 JavaThread "Cache worker for file hash cache (C:\Users\ahmed\StudioProjects\project-collage\.gradle\8.0\fileHashes)" [_thread_blocked, id=9504, stack(0x000000c254400000,0x000000c254500000)]
  0x0000029dfdec2d40 JavaThread "Cache worker for cache directory md-supplier (C:\Users\ahmed\.gradle\caches\8.0\md-supplier)" [_thread_blocked, id=9052, stack(0x000000c254500000,0x000000c254600000)]
  0x0000029dfdec36e0 JavaThread "Cache worker for execution history cache (C:\Users\ahmed\.gradle\caches\8.0\executionHistory)" [_thread_blocked, id=6988, stack(0x000000c254600000,0x000000c254700000)]
  0x0000029dfdec6bd0 JavaThread "jar transforms" [_thread_blocked, id=6536, stack(0x000000c254700000,0x000000c254800000)]
  0x0000029dfdec5d60 JavaThread "jar transforms Thread 2" [_thread_blocked, id=6496, stack(0x000000c254800000,0x000000c254900000)]
  0x0000029dfdec4550 JavaThread "jar transforms Thread 3" [_thread_blocked, id=10276, stack(0x000000c254b00000,0x000000c254c00000)]
  0x0000029dfdec2870 JavaThread "jar transforms Thread 4" [_thread_blocked, id=10760, stack(0x000000c254c00000,0x000000c254d00000)]
  0x0000029dfdec53c0 JavaThread "Cache worker for dependencies-accessors (C:\Users\ahmed\StudioProjects\project-collage\.gradle\8.0\dependencies-accessors)" [_thread_blocked, id=1404, stack(0x000000c254d00000,0x000000c254e00000)]
  0x0000029dfdec4a20 JavaThread "Cache worker for Build Output Cleanup Cache (C:\Users\ahmed\StudioProjects\project-collage\.gradle\buildOutputCleanup)" [_thread_blocked, id=13900, stack(0x000000c254900000,0x000000c254a00000)]
  0x0000029dfdec5890 JavaThread "Unconstrained build operations" [_thread_blocked, id=14228, stack(0x000000c254e00000,0x000000c254f00000)]
  0x0000029dfdec6700 JavaThread "Unconstrained build operations Thread 2" [_thread_blocked, id=12696, stack(0x000000c255000000,0x000000c255100000)]
  0x0000029dfdec4ef0 JavaThread "Unconstrained build operations Thread 3" [_thread_blocked, id=11268, stack(0x000000c255100000,0x000000c255200000)]
  0x0000029dfdec7570 JavaThread "Unconstrained build operations Thread 4" [_thread_blocked, id=9572, stack(0x000000c255200000,0x000000c255300000)]
  0x0000029dfdec7a40 JavaThread "Unconstrained build operations Thread 5" [_thread_blocked, id=12024, stack(0x000000c255300000,0x000000c255400000)]
  0x0000029dfdec1a00 JavaThread "Unconstrained build operations Thread 6" [_thread_blocked, id=6360, stack(0x000000c255400000,0x000000c255500000)]
  0x0000029dfdec83e0 JavaThread "Unconstrained build operations Thread 7" [_thread_blocked, id=14084, stack(0x000000c255500000,0x000000c255600000)]
  0x0000029dfdec1530 JavaThread "Unconstrained build operations Thread 8" [_thread_blocked, id=14304, stack(0x000000c255600000,0x000000c255700000)]
  0x0000029dfdec1060 JavaThread "Unconstrained build operations Thread 9" [_thread_blocked, id=10248, stack(0x000000c255700000,0x000000c255800000)]
  0x0000029dfdb2d740 JavaThread "Unconstrained build operations Thread 10" [_thread_blocked, id=1764, stack(0x000000c255800000,0x000000c255900000)]
  0x0000029dfdb2cda0 JavaThread "Unconstrained build operations Thread 11" [_thread_blocked, id=2796, stack(0x000000c255900000,0x000000c255a00000)]
  0x0000029dfdb2c8d0 JavaThread "Unconstrained build operations Thread 12" [_thread_blocked, id=11976, stack(0x000000c255a00000,0x000000c255b00000)]
  0x0000029dfdb2a720 JavaThread "Unconstrained build operations Thread 13" [_thread_blocked, id=9288, stack(0x000000c255b00000,0x000000c255c00000)]
  0x0000029dfdb2abf0 JavaThread "Unconstrained build operations Thread 14" [_thread_blocked, id=12368, stack(0x000000c255c00000,0x000000c255d00000)]
  0x0000029dfdb2d270 JavaThread "Unconstrained build operations Thread 15" [_thread_blocked, id=12620, stack(0x000000c255d00000,0x000000c255e00000)]
  0x0000029dfdb2b0c0 JavaThread "Unconstrained build operations Thread 16" [_thread_blocked, id=7684, stack(0x000000c255e00000,0x000000c255f00000)]
  0x0000029dfdb29d80 JavaThread "Unconstrained build operations Thread 17" [_thread_blocked, id=8788, stack(0x000000c255f00000,0x000000c256000000)]
  0x0000029dfdb2a250 JavaThread "Unconstrained build operations Thread 18" [_thread_blocked, id=10072, stack(0x000000c256000000,0x000000c256100000)]
  0x0000029dfdb2b590 JavaThread "Unconstrained build operations Thread 19" [_thread_blocked, id=4024, stack(0x000000c256100000,0x000000c256200000)]
  0x0000029dfdb2ba60 JavaThread "Unconstrained build operations Thread 20" [_thread_blocked, id=10320, stack(0x000000c256200000,0x000000c256300000)]
  0x0000029dfdb2bf30 JavaThread "Unconstrained build operations Thread 21" [_thread_blocked, id=9716, stack(0x000000c256300000,0x000000c256400000)]
  0x0000029dfdb2c400 JavaThread "Unconstrained build operations Thread 22" [_thread_blocked, id=6060, stack(0x000000c256400000,0x000000c256500000)]
  0x0000029dff6a8470 JavaThread "Unconstrained build operations Thread 23" [_thread_blocked, id=11568, stack(0x000000c256500000,0x000000c256600000)]
  0x0000029dff6af320 JavaThread "Unconstrained build operations Thread 24" [_thread_blocked, id=6780, stack(0x000000c256600000,0x000000c256700000)]
  0x0000029dff6ac7d0 JavaThread "Unconstrained build operations Thread 25" [_thread_blocked, id=3524, stack(0x000000c256700000,0x000000c256800000)]
  0x0000029dff6a7ad0 JavaThread "Unconstrained build operations Thread 26" [_thread_blocked, id=7936, stack(0x000000c256800000,0x000000c256900000)]
  0x0000029dff6ac300 JavaThread "Unconstrained build operations Thread 27" [_thread_blocked, id=10096, stack(0x000000c256900000,0x000000c256a00000)]
  0x0000029dff6ab490 JavaThread "Unconstrained build operations Thread 28" [_thread_blocked, id=1324, stack(0x000000c256a00000,0x000000c256b00000)]
  0x0000029dff6acca0 JavaThread "Unconstrained build operations Thread 29" [_thread_blocked, id=2360, stack(0x000000c256b00000,0x000000c256c00000)]
  0x0000029dff6a7fa0 JavaThread "Unconstrained build operations Thread 30" [_thread_blocked, id=4660, stack(0x000000c256c00000,0x000000c256d00000)]
  0x0000029dff6a8e10 JavaThread "Unconstrained build operations Thread 31" [_thread_blocked, id=10764, stack(0x000000c256d00000,0x000000c256e00000)]
  0x0000029dff6ae980 JavaThread "Unconstrained build operations Thread 32" [_thread_blocked, id=1804, stack(0x000000c256e00000,0x000000c256f00000)]
  0x0000029dff6a92e0 JavaThread "Unconstrained build operations Thread 33" [_thread_blocked, id=9236, stack(0x000000c256f00000,0x000000c257000000)]
  0x0000029dff6ad640 JavaThread "Unconstrained build operations Thread 34" [_thread_blocked, id=10280, stack(0x000000c257000000,0x000000c257100000)]
  0x0000029dff6a97b0 JavaThread "Unconstrained build operations Thread 35" [_thread_blocked, id=13160, stack(0x000000c257100000,0x000000c257200000)]
  0x0000029dff6aafc0 JavaThread "Unconstrained build operations Thread 36" [_thread_blocked, id=3668, stack(0x000000c257200000,0x000000c257300000)]
  0x0000029dff6adb10 JavaThread "Unconstrained build operations Thread 37" [_thread_blocked, id=7364, stack(0x000000c257300000,0x000000c257400000)]
  0x0000029dff6aee50 JavaThread "Unconstrained build operations Thread 38" [_thread_blocked, id=9232, stack(0x000000c257400000,0x000000c257500000)]
  0x0000029dff6a9c80 JavaThread "Unconstrained build operations Thread 39" [_thread_blocked, id=12948, stack(0x000000c257500000,0x000000c257600000)]
  0x0000029dff6a8940 JavaThread "Unconstrained build operations Thread 40" [_thread_blocked, id=12688, stack(0x000000c257600000,0x000000c257700000)]
  0x0000029dff6aa620 JavaThread "build event listener" [_thread_blocked, id=3280, stack(0x000000c257900000,0x000000c257a00000)]
  0x0000029dff6aaaf0 JavaThread "Memory manager" [_thread_blocked, id=8316, stack(0x000000c257a00000,0x000000c257b00000)]
=>0x0000029dff4ac0d0 JavaThread "C2 CompilerThread1" daemon [_thread_in_native, id=9380, stack(0x000000c257b00000,0x000000c257c00000)]

Other Threads:
  0x0000029dfa582c50 VMThread "VM Thread" [stack: 0x000000c252200000,0x000000c252300000] [id=964]
  0x0000029dfb1cc460 WatcherThread [stack: 0x000000c252e00000,0x000000c252f00000] [id=11276]
  0x0000029df0070db0 GCTaskThread "GC Thread#0" [stack: 0x000000c251d00000,0x000000c251e00000] [id=9408]
  0x0000029dfb356490 GCTaskThread "GC Thread#1" [stack: 0x000000c252f00000,0x000000c253000000] [id=9724]
  0x0000029dfb3569f0 GCTaskThread "GC Thread#2" [stack: 0x000000c253000000,0x000000c253100000] [id=9320]
  0x0000029dfb356ca0 GCTaskThread "GC Thread#3" [stack: 0x000000c253100000,0x000000c253200000] [id=13084]
  0x0000029df0083670 ConcurrentGCThread "G1 Main Marker" [stack: 0x000000c251e00000,0x000000c251f00000] [id=12240]
  0x0000029df0084f30 ConcurrentGCThread "G1 Conc#0" [stack: 0x000000c251f00000,0x000000c252000000] [id=6036]
  0x0000029df00dd850 ConcurrentGCThread "G1 Refine#0" [stack: 0x000000c252000000,0x000000c252100000] [id=9248]
  0x0000029dfe085050 ConcurrentGCThread "G1 Refine#1" [stack: 0x000000c254a00000,0x000000c254b00000] [id=7840]
  0x0000029df00de110 ConcurrentGCThread "G1 Service" [stack: 0x000000c252100000,0x000000c252200000] [id=6272]

Threads with active compile tasks:
C2 CompilerThread0    56584 7387       4       java.beans.Introspector::addMethod (196 bytes)
C2 CompilerThread1    56584 7392   !   4       com.sun.beans.TypeResolver::resolve (261 bytes)

VM state: not at safepoint (normal execution)

VM Mutex/Monitor currently owned by a thread: None

Heap address: 0x0000000080000000, size: 2048 MB, Compressed Oops mode: 32-bit

CDS archive(s) not mapped
Compressed class space mapped at: 0x0000000100000000-0x0000000140000000, reserved size: 1073741824
Narrow klass base: 0x0000000000000000, Narrow klass shift: 3, Narrow klass range: 0x140000000

GC Precious Log:
 CPUs: 4 total, 4 available
 Memory: 8066M
 Large Page Support: Disabled
 NUMA Support: Disabled
 Compressed Oops: Enabled (32-bit)
 Heap Region Size: 1M
 Heap Min Capacity: 8M
 Heap Initial Capacity: 128M
 Heap Max Capacity: 2G
 Pre-touch: Disabled
 Parallel Workers: 4
 Concurrent Workers: 1
 Concurrent Refinement Workers: 4
 Periodic GC: Disabled

Heap:
 garbage-first heap   total 111616K, used 64985K [0x0000000080000000, 0x0000000100000000)
  region size 1024K, 8 young (8192K), 3 survivors (3072K)
 Metaspace       used 74861K, committed 75456K, reserved 1114112K
  class space    used 9882K, committed 10112K, reserved 1048576K

Heap Regions: E=young(eden), S=young(survivor), O=old, HS=humongous(starts), HC=humongous(continues), CS=collection set, F=free, OA=open archive, CA=closed archive, TAMS=top-at-mark-start (previous, next)
|   0|0x0000000080000000, 0x0000000080100000, 0x0000000080100000|100%| O|  |TAMS 0x0000000080100000, 0x0000000080000000| Untracked 
|   1|0x0000000080100000, 0x0000000080200000, 0x0000000080200000|100%| O|  |TAMS 0x0000000080200000, 0x0000000080100000| Untracked 
|   2|0x0000000080200000, 0x0000000080300000, 0x0000000080300000|100%|HS|  |TAMS 0x0000000080300000, 0x0000000080200000| Complete 
|   3|0x0000000080300000, 0x0000000080400000, 0x0000000080400000|100%|HC|  |TAMS 0x0000000080400000, 0x0000000080300000| Complete 
|   4|0x0000000080400000, 0x0000000080500000, 0x0000000080500000|100%|HC|  |TAMS 0x0000000080500000, 0x0000000080400000| Complete 
|   5|0x0000000080500000, 0x0000000080600000, 0x0000000080600000|100%|HC|  |TAMS 0x0000000080600000, 0x0000000080500000| Complete 
|   6|0x0000000080600000, 0x0000000080700000, 0x0000000080700000|100%| O|  |TAMS 0x0000000080700000, 0x0000000080600000| Untracked 
|   7|0x0000000080700000, 0x0000000080800000, 0x0000000080800000|100%| O|  |TAMS 0x0000000080800000, 0x0000000080700000| Untracked 
|   8|0x0000000080800000, 0x0000000080900000, 0x0000000080900000|100%| O|  |TAMS 0x0000000080900000, 0x0000000080800000| Untracked 
|   9|0x0000000080900000, 0x0000000080a00000, 0x0000000080a00000|100%| O|  |TAMS 0x0000000080a00000, 0x0000000080900000| Untracked 
|  10|0x0000000080a00000, 0x0000000080b00000, 0x0000000080b00000|100%| O|  |TAMS 0x0000000080b00000, 0x0000000080a00000| Untracked 
|  11|0x0000000080b00000, 0x0000000080b96c00, 0x0000000080c00000| 58%| O|  |TAMS 0x0000000080b96c00, 0x0000000080b00000| Complete 
|  12|0x0000000080c00000, 0x0000000080d00000, 0x0000000080d00000|100%| O|  |TAMS 0x0000000080d00000, 0x0000000080c00000| Untracked 
|  13|0x0000000080d00000, 0x0000000080e00000, 0x0000000080e00000|100%| O|  |TAMS 0x0000000080e00000, 0x0000000080d00000| Untracked 
|  14|0x0000000080e00000, 0x0000000080f00000, 0x0000000080f00000|100%| O|  |TAMS 0x0000000080f00000, 0x0000000080e00000| Untracked 
|  15|0x0000000080f00000, 0x0000000081000000, 0x0000000081000000|100%| O|  |TAMS 0x0000000081000000, 0x0000000080f00000| Untracked 
|  16|0x0000000081000000, 0x0000000081100000, 0x0000000081100000|100%| O|  |TAMS 0x0000000081100000, 0x0000000081000000| Untracked 
|  17|0x0000000081100000, 0x0000000081200000, 0x0000000081200000|100%| O|  |TAMS 0x0000000081200000, 0x0000000081100000| Untracked 
|  18|0x0000000081200000, 0x0000000081300000, 0x0000000081300000|100%| O|  |TAMS 0x0000000081300000, 0x0000000081200000| Untracked 
|  19|0x0000000081300000, 0x0000000081400000, 0x0000000081400000|100%| O|  |TAMS 0x0000000081400000, 0x0000000081300000| Untracked 
|  20|0x0000000081400000, 0x0000000081500000, 0x0000000081500000|100%| O|  |TAMS 0x0000000081500000, 0x0000000081400000| Untracked 
|  21|0x0000000081500000, 0x0000000081600000, 0x0000000081600000|100%| O|  |TAMS 0x0000000081600000, 0x0000000081500000| Untracked 
|  22|0x0000000081600000, 0x0000000081700000, 0x0000000081700000|100%| O|  |TAMS 0x0000000081700000, 0x0000000081600000| Untracked 
|  23|0x0000000081700000, 0x0000000081800000, 0x0000000081800000|100%| O|  |TAMS 0x0000000081800000, 0x0000000081700000| Untracked 
|  24|0x0000000081800000, 0x0000000081900000, 0x0000000081900000|100%| O|  |TAMS 0x0000000081900000, 0x0000000081800000| Untracked 
|  25|0x0000000081900000, 0x0000000081a00000, 0x0000000081a00000|100%| O|  |TAMS 0x0000000081a00000, 0x0000000081900000| Untracked 
|  26|0x0000000081a00000, 0x0000000081b00000, 0x0000000081b00000|100%| O|  |TAMS 0x0000000081b00000, 0x0000000081a00000| Untracked 
|  27|0x0000000081b00000, 0x0000000081c00000, 0x0000000081c00000|100%| O|  |TAMS 0x0000000081c00000, 0x0000000081b00000| Untracked 
|  28|0x0000000081c00000, 0x0000000081d00000, 0x0000000081d00000|100%| O|  |TAMS 0x0000000081d00000, 0x0000000081c00000| Untracked 
|  29|0x0000000081d00000, 0x0000000081e00000, 0x0000000081e00000|100%| O|  |TAMS 0x0000000081e00000, 0x0000000081d00000| Untracked 
|  30|0x0000000081e00000, 0x0000000081f00000, 0x0000000081f00000|100%| O|  |TAMS 0x0000000081f00000, 0x0000000081e00000| Untracked 
|  31|0x0000000081f00000, 0x0000000082000000, 0x0000000082000000|100%| O|  |TAMS 0x0000000082000000, 0x0000000081f00000| Untracked 
|  32|0x0000000082000000, 0x0000000082100000, 0x0000000082100000|100%| O|  |TAMS 0x0000000082100000, 0x0000000082000000| Untracked 
|  33|0x0000000082100000, 0x0000000082200000, 0x0000000082200000|100%| O|  |TAMS 0x0000000082200000, 0x0000000082100000| Untracked 
|  34|0x0000000082200000, 0x0000000082300000, 0x0000000082300000|100%| O|  |TAMS 0x0000000082300000, 0x0000000082200000| Untracked 
|  35|0x0000000082300000, 0x0000000082400000, 0x0000000082400000|100%| O|  |TAMS 0x0000000082400000, 0x0000000082300000| Untracked 
|  36|0x0000000082400000, 0x0000000082500000, 0x0000000082500000|100%| O|  |TAMS 0x0000000082500000, 0x0000000082400000| Untracked 
|  37|0x0000000082500000, 0x0000000082600000, 0x0000000082600000|100%| O|  |TAMS 0x0000000082600000, 0x0000000082500000| Untracked 
|  38|0x0000000082600000, 0x0000000082700000, 0x0000000082700000|100%|HS|  |TAMS 0x0000000082700000, 0x0000000082600000| Complete 
|  39|0x0000000082700000, 0x0000000082800000, 0x0000000082800000|100%| O|  |TAMS 0x0000000082800000, 0x0000000082700000| Untracked 
|  40|0x0000000082800000, 0x0000000082900000, 0x0000000082900000|100%|HS|  |TAMS 0x0000000082900000, 0x0000000082800000| Complete 
|  41|0x0000000082900000, 0x0000000082a00000, 0x0000000082a00000|100%| O|  |TAMS 0x0000000082a00000, 0x0000000082900000| Untracked 
|  42|0x0000000082a00000, 0x0000000082b00000, 0x0000000082b00000|100%| O|  |TAMS 0x0000000082b00000, 0x0000000082a00000| Untracked 
|  43|0x0000000082b00000, 0x0000000082c00000, 0x0000000082c00000|100%| O|  |TAMS 0x0000000082c00000, 0x0000000082b00000| Untracked 
|  44|0x0000000082c00000, 0x0000000082d00000, 0x0000000082d00000|100%| O|  |TAMS 0x0000000082d00000, 0x0000000082c00000| Untracked 
|  45|0x0000000082d00000, 0x0000000082e00000, 0x0000000082e00000|100%| O|  |TAMS 0x0000000082e00000, 0x0000000082d00000| Untracked 
|  46|0x0000000082e00000, 0x0000000082f00000, 0x0000000082f00000|100%| O|  |TAMS 0x0000000082f00000, 0x0000000082e00000| Untracked 
|  47|0x0000000082f00000, 0x0000000083000000, 0x0000000083000000|100%| O|  |TAMS 0x0000000083000000, 0x0000000082f00000| Untracked 
|  48|0x0000000083000000, 0x0000000083100000, 0x0000000083100000|100%| O|  |TAMS 0x0000000083100000, 0x0000000083000000| Untracked 
|  49|0x0000000083100000, 0x0000000083200000, 0x0000000083200000|100%| O|  |TAMS 0x0000000083200000, 0x0000000083100000| Untracked 
|  50|0x0000000083200000, 0x0000000083300000, 0x0000000083300000|100%| O|  |TAMS 0x0000000083300000, 0x0000000083200000| Untracked 
|  51|0x0000000083300000, 0x0000000083400000, 0x0000000083400000|100%| O|  |TAMS 0x0000000083400000, 0x0000000083300000| Untracked 
|  52|0x0000000083400000, 0x0000000083500000, 0x0000000083500000|100%| O|  |TAMS 0x0000000083500000, 0x0000000083400000| Untracked 
|  53|0x0000000083500000, 0x0000000083600000, 0x0000000083600000|100%| O|  |TAMS 0x0000000083597c00, 0x0000000083500000| Untracked 
|  54|0x0000000083600000, 0x0000000083700000, 0x0000000083700000|100%| O|  |TAMS 0x0000000083600000, 0x0000000083600000| Untracked 
|  55|0x0000000083700000, 0x0000000083800000, 0x0000000083800000|100%| O|  |TAMS 0x0000000083800000, 0x0000000083700000| Untracked 
|  56|0x0000000083800000, 0x0000000083900000, 0x0000000083900000|100%| O|  |TAMS 0x0000000083800000, 0x0000000083800000| Untracked 
|  57|0x0000000083900000, 0x000000008390d600, 0x0000000083a00000|  5%| O|  |TAMS 0x0000000083900000, 0x0000000083900000| Untracked 
|  58|0x0000000083a00000, 0x0000000083a00000, 0x0000000083b00000|  0%| F|  |TAMS 0x0000000083a00000, 0x0000000083a00000| Untracked 
|  59|0x0000000083b00000, 0x0000000083b00000, 0x0000000083c00000|  0%| F|  |TAMS 0x0000000083b00000, 0x0000000083b00000| Untracked 
|  60|0x0000000083c00000, 0x0000000083c00000, 0x0000000083d00000|  0%| F|  |TAMS 0x0000000083c00000, 0x0000000083c00000| Untracked 
|  61|0x0000000083d00000, 0x0000000083d00000, 0x0000000083e00000|  0%| F|  |TAMS 0x0000000083d00000, 0x0000000083d00000| Untracked 
|  62|0x0000000083e00000, 0x0000000083e00000, 0x0000000083f00000|  0%| F|  |TAMS 0x0000000083e00000, 0x0000000083e00000| Untracked 
|  63|0x0000000083f00000, 0x0000000083f00000, 0x0000000084000000|  0%| F|  |TAMS 0x0000000083f00000, 0x0000000083f00000| Untracked 
|  64|0x0000000084000000, 0x0000000084000000, 0x0000000084100000|  0%| F|  |TAMS 0x0000000084000000, 0x0000000084000000| Untracked 
|  65|0x0000000084100000, 0x0000000084100000, 0x0000000084200000|  0%| F|  |TAMS 0x0000000084100000, 0x0000000084100000| Untracked 
|  66|0x0000000084200000, 0x0000000084200000, 0x0000000084300000|  0%| F|  |TAMS 0x0000000084200000, 0x0000000084200000| Untracked 
|  67|0x0000000084300000, 0x0000000084300000, 0x0000000084400000|  0%| F|  |TAMS 0x0000000084300000, 0x0000000084300000| Untracked 
|  68|0x0000000084400000, 0x0000000084400000, 0x0000000084500000|  0%| F|  |TAMS 0x0000000084400000, 0x0000000084400000| Untracked 
|  69|0x0000000084500000, 0x0000000084500000, 0x0000000084600000|  0%| F|  |TAMS 0x0000000084500000, 0x0000000084500000| Untracked 
|  70|0x0000000084600000, 0x0000000084600000, 0x0000000084700000|  0%| F|  |TAMS 0x0000000084600000, 0x0000000084600000| Untracked 
|  71|0x0000000084700000, 0x0000000084700000, 0x0000000084800000|  0%| F|  |TAMS 0x0000000084700000, 0x0000000084700000| Untracked 
|  72|0x0000000084800000, 0x0000000084800000, 0x0000000084900000|  0%| F|  |TAMS 0x0000000084800000, 0x0000000084800000| Untracked 
|  73|0x0000000084900000, 0x0000000084900000, 0x0000000084a00000|  0%| F|  |TAMS 0x0000000084900000, 0x0000000084900000| Untracked 
|  74|0x0000000084a00000, 0x0000000084a00000, 0x0000000084b00000|  0%| F|  |TAMS 0x0000000084a00000, 0x0000000084a00000| Untracked 
|  75|0x0000000084b00000, 0x0000000084bd2380, 0x0000000084c00000| 82%| S|CS|TAMS 0x0000000084b00000, 0x0000000084b00000| Complete 
|  76|0x0000000084c00000, 0x0000000084c00000, 0x0000000084d00000|  0%| F|  |TAMS 0x0000000084c00000, 0x0000000084c00000| Untracked 
|  77|0x0000000084d00000, 0x0000000084d00000, 0x0000000084e00000|  0%| F|  |TAMS 0x0000000084d00000, 0x0000000084d00000| Untracked 
|  78|0x0000000084e00000, 0x0000000084e00000, 0x0000000084f00000|  0%| F|  |TAMS 0x0000000084e00000, 0x0000000084e00000| Untracked 
|  79|0x0000000084f00000, 0x0000000085000000, 0x0000000085000000|100%| S|CS|TAMS 0x0000000084f00000, 0x0000000084f00000| Complete 
|  80|0x0000000085000000, 0x0000000085100000, 0x0000000085100000|100%| S|CS|TAMS 0x0000000085000000, 0x0000000085000000| Complete 
|  81|0x0000000085100000, 0x0000000085100000, 0x0000000085200000|  0%| F|  |TAMS 0x0000000085100000, 0x0000000085100000| Untracked 
|  82|0x0000000085200000, 0x0000000085200000, 0x0000000085300000|  0%| F|  |TAMS 0x0000000085200000, 0x0000000085200000| Untracked 
|  83|0x0000000085300000, 0x0000000085300000, 0x0000000085400000|  0%| F|  |TAMS 0x0000000085300000, 0x0000000085300000| Untracked 
|  84|0x0000000085400000, 0x0000000085400000, 0x0000000085500000|  0%| F|  |TAMS 0x0000000085400000, 0x0000000085400000| Untracked 
|  85|0x0000000085500000, 0x0000000085500000, 0x0000000085600000|  0%| F|  |TAMS 0x0000000085500000, 0x0000000085500000| Untracked 
|  86|0x0000000085600000, 0x0000000085600000, 0x0000000085700000|  0%| F|  |TAMS 0x0000000085600000, 0x0000000085600000| Untracked 
|  87|0x0000000085700000, 0x0000000085700000, 0x0000000085800000|  0%| F|  |TAMS 0x0000000085700000, 0x0000000085700000| Untracked 
|  88|0x0000000085800000, 0x0000000085800000, 0x0000000085900000|  0%| F|  |TAMS 0x0000000085800000, 0x0000000085800000| Untracked 
|  89|0x0000000085900000, 0x0000000085900000, 0x0000000085a00000|  0%| F|  |TAMS 0x0000000085900000, 0x0000000085900000| Untracked 
|  90|0x0000000085a00000, 0x0000000085a00000, 0x0000000085b00000|  0%| F|  |TAMS 0x0000000085a00000, 0x0000000085a00000| Untracked 
|  91|0x0000000085b00000, 0x0000000085b00000, 0x0000000085c00000|  0%| F|  |TAMS 0x0000000085b00000, 0x0000000085b00000| Untracked 
|  92|0x0000000085c00000, 0x0000000085c00000, 0x0000000085d00000|  0%| F|  |TAMS 0x0000000085c00000, 0x0000000085c00000| Untracked 
|  93|0x0000000085d00000, 0x0000000085d00000, 0x0000000085e00000|  0%| F|  |TAMS 0x0000000085d00000, 0x0000000085d00000| Untracked 
|  94|0x0000000085e00000, 0x0000000085e00000, 0x0000000085f00000|  0%| F|  |TAMS 0x0000000085e00000, 0x0000000085e00000| Untracked 
|  95|0x0000000085f00000, 0x0000000085f00000, 0x0000000086000000|  0%| F|  |TAMS 0x0000000085f00000, 0x0000000085f00000| Untracked 
|  96|0x0000000086000000, 0x0000000086000000, 0x0000000086100000|  0%| F|  |TAMS 0x0000000086000000, 0x0000000086000000| Untracked 
|  97|0x0000000086100000, 0x0000000086100000, 0x0000000086200000|  0%| F|  |TAMS 0x0000000086100000, 0x0000000086100000| Untracked 
|  98|0x0000000086200000, 0x0000000086200000, 0x0000000086300000|  0%| F|  |TAMS 0x0000000086200000, 0x0000000086200000| Untracked 
|  99|0x0000000086300000, 0x0000000086300000, 0x0000000086400000|  0%| F|  |TAMS 0x0000000086300000, 0x0000000086300000| Untracked 
| 100|0x0000000086400000, 0x0000000086400000, 0x0000000086500000|  0%| F|  |TAMS 0x0000000086400000, 0x0000000086400000| Untracked 
| 101|0x0000000086500000, 0x0000000086500000, 0x0000000086600000|  0%| F|  |TAMS 0x0000000086500000, 0x0000000086500000| Untracked 
| 102|0x0000000086600000, 0x0000000086600000, 0x0000000086700000|  0%| F|  |TAMS 0x0000000086600000, 0x0000000086600000| Untracked 
| 103|0x0000000086700000, 0x0000000086700000, 0x0000000086800000|  0%| F|  |TAMS 0x0000000086700000, 0x0000000086700000| Untracked 
| 104|0x0000000086800000, 0x0000000086900000, 0x0000000086900000|100%| E|  |TAMS 0x0000000086800000, 0x0000000086800000| Complete 
| 105|0x0000000086900000, 0x0000000086a00000, 0x0000000086a00000|100%| E|CS|TAMS 0x0000000086900000, 0x0000000086900000| Complete 
| 106|0x0000000086a00000, 0x0000000086b00000, 0x0000000086b00000|100%| E|CS|TAMS 0x0000000086a00000, 0x0000000086a00000| Complete 
| 107|0x0000000086b00000, 0x0000000086c00000, 0x0000000086c00000|100%| E|CS|TAMS 0x0000000086b00000, 0x0000000086b00000| Complete 
| 127|0x0000000087f00000, 0x0000000088000000, 0x0000000088000000|100%| E|CS|TAMS 0x0000000087f00000, 0x0000000087f00000| Complete 

Card table byte_map: [0x0000029df38e0000,0x0000029df3ce0000] _byte_map_base: 0x0000029df34e0000

Marking Bits (Prev, Next): (CMBitMap*) 0x0000029df00723d0, (CMBitMap*) 0x0000029df0072410
 Prev Bits: [0x0000029df40e0000, 0x0000029df60e0000)
 Next Bits: [0x0000029df60e0000, 0x0000029df80e0000)

Polling page: 0x0000029dedfa0000

Metaspace:

Usage:
  Non-class:     63.46 MB used.
      Class:      9.65 MB used.
       Both:     73.11 MB used.

Virtual space:
  Non-class space:       64.00 MB reserved,      63.81 MB (>99%) committed,  8 nodes.
      Class space:        1.00 GB reserved,       9.88 MB ( <1%) committed,  1 nodes.
             Both:        1.06 GB reserved,      73.69 MB (  7%) committed. 

Chunk freelists:
   Non-Class:  160.00 KB
       Class:  2.06 MB
        Both:  2.22 MB

MaxMetaspaceSize: unlimited
CompressedClassSpaceSize: 1.00 GB
Initial GC threshold: 21.00 MB
Current GC threshold: 122.19 MB
CDS: off
MetaspaceReclaimPolicy: balanced
 - commit_granule_bytes: 65536.
 - commit_granule_words: 8192.
 - virtual_space_node_default_size: 1048576.
 - enlarge_chunks_in_place: 1.
 - new_chunks_are_fully_committed: 0.
 - uncommit_free_chunks: 1.
 - use_allocation_guard: 0.
 - handle_deallocations: 1.


Internal statistics:

num_allocs_failed_limit: 6.
num_arena_births: 652.
num_arena_deaths: 0.
num_vsnodes_births: 9.
num_vsnodes_deaths: 0.
num_space_committed: 1179.
num_space_uncommitted: 0.
num_chunks_returned_to_freelist: 6.
num_chunks_taken_from_freelist: 3052.
num_chunk_merges: 6.
num_chunk_splits: 2034.
num_chunks_enlarged: 1389.
num_purges: 0.
num_inconsistent_stats: 0.

CodeHeap 'non-profiled nmethods': size=120000Kb used=4016Kb max_used=4016Kb free=115984Kb
 bounds [0x0000029d87ad0000, 0x0000029d87ec0000, 0x0000029d8f000000]
CodeHeap 'profiled nmethods': size=120000Kb used=13275Kb max_used=13275Kb free=106724Kb
 bounds [0x0000029d80000000, 0x0000029d80d00000, 0x0000029d87530000]
CodeHeap 'non-nmethods': size=5760Kb used=2391Kb max_used=2430Kb free=3368Kb
 bounds [0x0000029d87530000, 0x0000029d877a0000, 0x0000029d87ad0000]
 total_blobs=7568 nmethods=6645 adapters=835
 compilation: enabled
              stopped_count=0, restarted_count=0
 full_count=0

Compilation events (20 events):
Event: 55.440 Thread 0x0000029dfb0254b0 7437       3       org.gradle.internal.operations.DefaultBuildOperationRunner::getCurrentBuildOperation (11 bytes)
Event: 55.441 Thread 0x0000029dfb0254b0 nmethod 7437 0x0000029d80cdb090 code [0x0000029d80cdb260, 0x0000029d80cdb688]
Event: 55.443 Thread 0x0000029dfb0254b0 7438   !   3       org.gradle.api.internal.provider.DefaultProvider::calculateOwnValue (19 bytes)
Event: 55.444 Thread 0x0000029dfb0254b0 nmethod 7438 0x0000029d80cdb810 code [0x0000029d80cdba00, 0x0000029d80cdbfb8]
Event: 55.444 Thread 0x0000029dfb0254b0 7439       3       com.android.build.gradle.options.ProjectOptions$OptionValue::getValue (20 bytes)
Event: 55.444 Thread 0x0000029dfb0254b0 nmethod 7439 0x0000029d80cdc290 code [0x0000029d80cdc440, 0x0000029d80cdc628]
Event: 55.444 Thread 0x0000029dfb0254b0 7440       3       com.android.build.gradle.options.ProjectOptions$OptionValue$$Lambda$722/0x000000010083b4f8::call (12 bytes)
Event: 55.444 Thread 0x0000029dfb0254b0 nmethod 7440 0x0000029d80cdc710 code [0x0000029d80cdc900, 0x0000029d80cdcf08]
Event: 55.444 Thread 0x0000029dfb0254b0 7441       3       java.lang.ClassLoader::getResource (41 bytes)
Event: 55.445 Thread 0x0000029dfb0254b0 nmethod 7441 0x0000029d80cdd110 code [0x0000029d80cdd300, 0x0000029d80cdd8f8]
Event: 55.519 Thread 0x0000029dff4ac0d0 nmethod 7384 0x0000029d87eb0b10 code [0x0000029d87eb1060, 0x0000029d87eb7348]
Event: 55.519 Thread 0x0000029dff4ac0d0 7391       4       java.util.Hashtable$Enumerator::hasMoreElements (53 bytes)
Event: 55.522 Thread 0x0000029dff4ac0d0 nmethod 7391 0x0000029d87eba510 code [0x0000029d87eba680, 0x0000029d87eba918]
Event: 55.522 Thread 0x0000029dff4ac0d0 7403       4       org.codehaus.groovy.runtime.metaclass.MetaMethodIndex::isMatchingMethod (61 bytes)
Event: 55.524 Thread 0x0000029dff4ac0d0 nmethod 7403 0x0000029d87ebaa10 code [0x0000029d87ebaba0, 0x0000029d87ebad38]
Event: 55.524 Thread 0x0000029dff4ac0d0 7393       4       java.util.Hashtable$Enumerator::hasNext (5 bytes)
Event: 55.527 Thread 0x0000029dff4ac0d0 nmethod 7393 0x0000029d87ebaf10 code [0x0000029d87ebb080, 0x0000029d87ebb318]
Event: 55.527 Thread 0x0000029dff4ac0d0 7392   !   4       com.sun.beans.TypeResolver::resolve (261 bytes)
Event: 55.580 Thread 0x0000029dfb0254b0 7442       3       java.util.LinkedHashMap$LinkedEntrySet::size (8 bytes)
Event: 55.580 Thread 0x0000029dfb0254b0 nmethod 7442 0x0000029d80cdda90 code [0x0000029d80cddc20, 0x0000029d80cddd38]

GC Heap History (20 events):
Event: 49.065 GC heap before
{Heap before GC invocations=28 (full 0):
 garbage-first heap   total 81920K, used 58696K [0x0000000080000000, 0x0000000100000000)
  region size 1024K, 13 young (13312K), 2 survivors (2048K)
 Metaspace       used 60417K, committed 60992K, reserved 1105920K
  class space    used 7940K, committed 8192K, reserved 1048576K
}
Event: 49.069 GC heap after
{Heap after GC invocations=29 (full 0):
 garbage-first heap   total 81920K, used 49009K [0x0000000080000000, 0x0000000100000000)
  region size 1024K, 1 young (1024K), 1 survivors (1024K)
 Metaspace       used 60417K, committed 60992K, reserved 1105920K
  class space    used 7940K, committed 8192K, reserved 1048576K
}
Event: 50.004 GC heap before
{Heap before GC invocations=30 (full 0):
 garbage-first heap   total 87040K, used 60273K [0x0000000080000000, 0x0000000100000000)
  region size 1024K, 12 young (12288K), 1 survivors (1024K)
 Metaspace       used 61970K, committed 62464K, reserved 1105920K
  class space    used 8161K, committed 8384K, reserved 1048576K
}
Event: 50.006 GC heap after
{Heap after GC invocations=31 (full 0):
 garbage-first heap   total 87040K, used 49347K [0x0000000080000000, 0x0000000100000000)
  region size 1024K, 1 young (1024K), 1 survivors (1024K)
 Metaspace       used 61970K, committed 62464K, reserved 1105920K
  class space    used 8161K, committed 8384K, reserved 1048576K
}
Event: 50.261 GC heap before
{Heap before GC invocations=31 (full 0):
 garbage-first heap   total 87040K, used 51395K [0x0000000080000000, 0x0000000100000000)
  region size 1024K, 4 young (4096K), 1 survivors (1024K)
 Metaspace       used 62395K, committed 62912K, reserved 1105920K
  class space    used 8210K, committed 8448K, reserved 1048576K
}
Event: 50.264 GC heap after
{Heap after GC invocations=32 (full 0):
 garbage-first heap   total 87040K, used 48958K [0x0000000080000000, 0x0000000100000000)
  region size 1024K, 1 young (1024K), 1 survivors (1024K)
 Metaspace       used 62395K, committed 62912K, reserved 1105920K
  class space    used 8210K, committed 8448K, reserved 1048576K
}
Event: 51.841 GC heap before
{Heap before GC invocations=32 (full 0):
 garbage-first heap   total 87040K, used 63294K [0x0000000080000000, 0x0000000100000000)
  region size 1024K, 16 young (16384K), 1 survivors (1024K)
 Metaspace       used 65131K, committed 65600K, reserved 1105920K
  class space    used 8547K, committed 8768K, reserved 1048576K
}
Event: 51.844 GC heap after
{Heap after GC invocations=33 (full 0):
 garbage-first heap   total 87040K, used 49426K [0x0000000080000000, 0x0000000100000000)
  region size 1024K, 2 young (2048K), 2 survivors (2048K)
 Metaspace       used 65131K, committed 65600K, reserved 1105920K
  class space    used 8547K, committed 8768K, reserved 1048576K
}
Event: 53.032 GC heap before
{Heap before GC invocations=34 (full 0):
 garbage-first heap   total 87040K, used 65810K [0x0000000080000000, 0x0000000100000000)
  region size 1024K, 18 young (18432K), 2 survivors (2048K)
 Metaspace       used 67795K, committed 68416K, reserved 1114112K
  class space    used 8938K, committed 9216K, reserved 1048576K
}
Event: 53.035 GC heap after
{Heap after GC invocations=35 (full 0):
 garbage-first heap   total 87040K, used 50302K [0x0000000080000000, 0x0000000100000000)
  region size 1024K, 2 young (2048K), 2 survivors (2048K)
 Metaspace       used 67795K, committed 68416K, reserved 1114112K
  class space    used 8938K, committed 9216K, reserved 1048576K
}
Event: 53.287 GC heap before
{Heap before GC invocations=35 (full 0):
 garbage-first heap   total 87040K, used 55422K [0x0000000080000000, 0x0000000100000000)
  region size 1024K, 9 young (9216K), 2 survivors (2048K)
 Metaspace       used 68428K, committed 68992K, reserved 1114112K
  class space    used 9019K, committed 9280K, reserved 1048576K
}
Event: 53.290 GC heap after
{Heap after GC invocations=36 (full 0):
 garbage-first heap   total 87040K, used 51623K [0x0000000080000000, 0x0000000100000000)
  region size 1024K, 3 young (3072K), 3 survivors (3072K)
 Metaspace       used 68428K, committed 68992K, reserved 1114112K
  class space    used 9019K, committed 9280K, reserved 1048576K
}
Event: 53.549 GC heap before
{Heap before GC invocations=37 (full 0):
 garbage-first heap   total 111616K, used 74151K [0x0000000080000000, 0x0000000100000000)
  region size 1024K, 19 young (19456K), 3 survivors (3072K)
 Metaspace       used 68966K, committed 69504K, reserved 1114112K
  class space    used 9114K, committed 9344K, reserved 1048576K
}
Event: 53.554 GC heap after
{Heap after GC invocations=38 (full 0):
 garbage-first heap   total 111616K, used 53357K [0x0000000080000000, 0x0000000100000000)
  region size 1024K, 3 young (3072K), 3 survivors (3072K)
 Metaspace       used 68966K, committed 69504K, reserved 1114112K
  class space    used 9114K, committed 9344K, reserved 1048576K
}
Event: 54.226 GC heap before
{Heap before GC invocations=38 (full 0):
 garbage-first heap   total 111616K, used 81005K [0x0000000080000000, 0x0000000100000000)
  region size 1024K, 30 young (30720K), 3 survivors (3072K)
 Metaspace       used 71441K, committed 72000K, reserved 1114112K
  class space    used 9416K, committed 9664K, reserved 1048576K
}
Event: 54.231 GC heap after
{Heap after GC invocations=39 (full 0):
 garbage-first heap   total 111616K, used 55592K [0x0000000080000000, 0x0000000100000000)
  region size 1024K, 3 young (3072K), 3 survivors (3072K)
 Metaspace       used 71441K, committed 72000K, reserved 1114112K
  class space    used 9416K, committed 9664K, reserved 1048576K
}
Event: 54.572 GC heap before
{Heap before GC invocations=40 (full 0):
 garbage-first heap   total 111616K, used 61736K [0x0000000080000000, 0x0000000100000000)
  region size 1024K, 10 young (10240K), 3 survivors (3072K)
 Metaspace       used 72092K, committed 72640K, reserved 1114112K
  class space    used 9474K, committed 9728K, reserved 1048576K
}
Event: 54.575 GC heap after
{Heap after GC invocations=41 (full 0):
 garbage-first heap   total 111616K, used 56297K [0x0000000080000000, 0x0000000100000000)
  region size 1024K, 1 young (1024K), 1 survivors (1024K)
 Metaspace       used 72092K, committed 72640K, reserved 1114112K
  class space    used 9474K, committed 9728K, reserved 1048576K
}
Event: 55.277 GC heap before
{Heap before GC invocations=42 (full 0):
 garbage-first heap   total 111616K, used 87017K [0x0000000080000000, 0x0000000100000000)
  region size 1024K, 30 young (30720K), 1 survivors (1024K)
 Metaspace       used 73117K, committed 73728K, reserved 1114112K
  class space    used 9641K, committed 9920K, reserved 1048576K
}
Event: 55.281 GC heap after
{Heap after GC invocations=43 (full 0):
 garbage-first heap   total 111616K, used 58062K [0x0000000080000000, 0x0000000100000000)
  region size 1024K, 3 young (3072K), 3 survivors (3072K)
 Metaspace       used 73117K, committed 73728K, reserved 1114112K
  class space    used 9641K, committed 9920K, reserved 1048576K
}

Dll operation events (2 events):
Event: 0.061 Loaded shared library C:\Program Files\Android\Android Studio\jbr\bin\java.dll
Event: 4.866 Loaded shared library C:\Program Files\Android\Android Studio\jbr\bin\verify.dll

Deoptimization events (20 events):
Event: 54.986 Thread 0x0000029dfbfbe3a0 Uncommon trap: trap_request=0xffffff45 fr.pc=0x0000029d87d5428c relative=0x0000000000000a8c
Event: 54.986 Thread 0x0000029dfbfbe3a0 Uncommon trap: reason=unstable_if action=reinterpret pc=0x0000029d87d5428c method=java.lang.ClassLoader.loadClass(Ljava/lang/String;Z)Ljava/lang/Class; @ 29 c2
Event: 54.986 Thread 0x0000029dfbfbe3a0 DEOPT PACKING pc=0x0000029d87d5428c sp=0x000000c2538f4ad0
Event: 54.986 Thread 0x0000029dfbfbe3a0 DEOPT UNPACKING pc=0x0000029d875869a3 sp=0x000000c2538f4a98 mode 2
Event: 54.994 Thread 0x0000029dfbfbe3a0 Uncommon trap: trap_request=0xffffff45 fr.pc=0x0000029d87e642a8 relative=0x0000000000000788
Event: 54.994 Thread 0x0000029dfbfbe3a0 Uncommon trap: reason=unstable_if action=reinterpret pc=0x0000029d87e642a8 method=com.sun.beans.introspect.MethodInfo$MethodOrder.compare(Ljava/lang/reflect/Method;Ljava/lang/reflect/Method;)I @ 124 c2
Event: 54.994 Thread 0x0000029dfbfbe3a0 DEOPT PACKING pc=0x0000029d87e642a8 sp=0x000000c2538f8460
Event: 54.994 Thread 0x0000029dfbfbe3a0 DEOPT UNPACKING pc=0x0000029d875869a3 sp=0x000000c2538f8390 mode 2
Event: 54.995 Thread 0x0000029dfbfbe3a0 Uncommon trap: trap_request=0xffffff45 fr.pc=0x0000029d87b913c4 relative=0x0000000000000744
Event: 54.995 Thread 0x0000029dfbfbe3a0 Uncommon trap: reason=unstable_if action=reinterpret pc=0x0000029d87b913c4 method=com.sun.beans.introspect.MethodInfo$MethodOrder.compare(Ljava/lang/reflect/Method;Ljava/lang/reflect/Method;)I @ 124 c2
Event: 54.995 Thread 0x0000029dfbfbe3a0 DEOPT PACKING pc=0x0000029d87b913c4 sp=0x000000c2538f83d0
Event: 54.995 Thread 0x0000029dfbfbe3a0 DEOPT UNPACKING pc=0x0000029d875869a3 sp=0x000000c2538f8388 mode 2
Event: 55.059 Thread 0x0000029dfbfbe3a0 Uncommon trap: trap_request=0xffffff45 fr.pc=0x0000029d87e7f58c relative=0x000000000000044c
Event: 55.059 Thread 0x0000029dfbfbe3a0 Uncommon trap: reason=unstable_if action=reinterpret pc=0x0000029d87e7f58c method=java.util.StringJoiner.add(Ljava/lang/CharSequence;)Ljava/util/StringJoiner; @ 33 c2
Event: 55.059 Thread 0x0000029dfbfbe3a0 DEOPT PACKING pc=0x0000029d87e7f58c sp=0x000000c2538f6ff0
Event: 55.060 Thread 0x0000029dfbfbe3a0 DEOPT UNPACKING pc=0x0000029d875869a3 sp=0x000000c2538f6fa0 mode 2
Event: 55.359 Thread 0x0000029dfbfbe3a0 Uncommon trap: trap_request=0xffffff45 fr.pc=0x0000029d87cf3260 relative=0x00000000000055a0
Event: 55.359 Thread 0x0000029dfbfbe3a0 Uncommon trap: reason=unstable_if action=reinterpret pc=0x0000029d87cf3260 method=org.codehaus.groovy.runtime.metaclass.MetaMethodIndex.isOverridden(Lgroovy/lang/MetaMethod;Lgroovy/lang/MetaMethod;)Z @ 33 c2
Event: 55.359 Thread 0x0000029dfbfbe3a0 DEOPT PACKING pc=0x0000029d87cf3260 sp=0x000000c2538f4480
Event: 55.359 Thread 0x0000029dfbfbe3a0 DEOPT UNPACKING pc=0x0000029d875869a3 sp=0x000000c2538f4468 mode 2

Classes unloaded (0 events):
No events

Classes redefined (0 events):
No events

Internal exceptions (20 events):
Event: 55.366 Thread 0x0000029dfbfbe3a0 Exception <a 'java/lang/ClassNotFoundException'{0x0000000085c08460}: com/android/build/gradle/internal/dsl/BuildType$AgpDecoratedCustomizer> (0x0000000085c08460) 
thrown [s\src\hotspot\share\classfile\systemDictionary.cpp, line 256]
Event: 55.367 Thread 0x0000029dfbfbe3a0 Exception <a 'java/lang/ClassNotFoundException'{0x0000000085c5a978}: com/android/build/gradle/internal/dsl/BuildType$AgpDecorated_DecoratedCustomizer> (0x0000000085c5a978) 
thrown [s\src\hotspot\share\classfile\systemDictionary.cpp, line 256]
Event: 55.374 Thread 0x0000029dfbfbe3a0 Exception <a 'java/lang/ClassNotFoundException'{0x0000000085b3e4f0}: build_3h637isdxuyzak5rdh8xwv8lh$_run_closure1$_closure4BeanInfo> (0x0000000085b3e4f0) 
thrown [s\src\hotspot\share\classfile\systemDictionary.cpp, line 256]
Event: 55.374 Thread 0x0000029dfbfbe3a0 Exception <a 'java/lang/ClassNotFoundException'{0x0000000085b48a10}: build_3h637isdxuyzak5rdh8xwv8lh$_run_closure1$_closure4Customizer> (0x0000000085b48a10) 
thrown [s\src\hotspot\share\classfile\systemDictionary.cpp, line 256]
Event: 55.376 Thread 0x0000029dfbfbe3a0 Exception <a 'java/lang/ClassNotFoundException'{0x0000000085b6c5a0}: build_3h637isdxuyzak5rdh8xwv8lh$_run_closure1BeanInfo> (0x0000000085b6c5a0) 
thrown [s\src\hotspot\share\classfile\systemDictionary.cpp, line 256]
Event: 55.376 Thread 0x0000029dfbfbe3a0 Exception <a 'java/lang/ClassNotFoundException'{0x0000000085b771f0}: build_3h637isdxuyzak5rdh8xwv8lh$_run_closure1Customizer> (0x0000000085b771f0) 
thrown [s\src\hotspot\share\classfile\systemDictionary.cpp, line 256]
Event: 55.382 Thread 0x0000029dfbfbe3a0 Exception <a 'java/lang/ClassNotFoundException'{0x0000000085bd9dc0}: com/android/build/gradle/internal/dsl/ApplicationBuildFeaturesImpl_DecoratedBeanInfo> (0x0000000085bd9dc0) 
thrown [s\src\hotspot\share\classfile\systemDictionary.cpp, line 256]
Event: 55.382 Thread 0x0000029dfbfbe3a0 Exception <a 'java/lang/ClassNotFoundException'{0x0000000085be6428}: com/android/build/gradle/internal/dsl/ApplicationBuildFeaturesImplBeanInfo> (0x0000000085be6428) 
thrown [s\src\hotspot\share\classfile\systemDictionary.cpp, line 256]
Event: 55.383 Thread 0x0000029dfbfbe3a0 Exception <a 'java/lang/ClassNotFoundException'{0x0000000085bf2938}: com/android/build/gradle/internal/dsl/BuildFeaturesImplBeanInfo> (0x0000000085bf2938) 
thrown [s\src\hotspot\share\classfile\systemDictionary.cpp, line 256]
Event: 55.383 Thread 0x0000029dfbfbe3a0 Exception <a 'java/lang/ClassNotFoundException'{0x0000000085bfee60}: com/android/build/gradle/internal/dsl/BuildFeaturesImplCustomizer> (0x0000000085bfee60) 
thrown [s\src\hotspot\share\classfile\systemDictionary.cpp, line 256]
Event: 55.384 Thread 0x0000029dfbfbe3a0 Exception <a 'java/lang/ClassNotFoundException'{0x0000000085a17510}: com/android/build/gradle/internal/dsl/ApplicationBuildFeaturesImplCustomizer> (0x0000000085a17510) 
thrown [s\src\hotspot\share\classfile\systemDictionary.cpp, line 256]
Event: 55.384 Thread 0x0000029dfbfbe3a0 Exception <a 'java/lang/ClassNotFoundException'{0x0000000085a29b90}: com/android/build/gradle/internal/dsl/ApplicationBuildFeaturesImpl_DecoratedCustomizer> (0x0000000085a29b90) 
thrown [s\src\hotspot\share\classfile\systemDictionary.cpp, line 256]
Event: 55.389 Thread 0x0000029dfbfbe3a0 Exception <a 'java/lang/ClassNotFoundException'{0x0000000085a97d70}: org/gradle/api/JavaVersionBeanInfo> (0x0000000085a97d70) 
thrown [s\src\hotspot\share\classfile\systemDictionary.cpp, line 256]
Event: 55.389 Thread 0x0000029dfbfbe3a0 Exception <a 'java/lang/ClassNotFoundException'{0x0000000085aac6a8}: org/gradle/api/JavaVersionCustomizer> (0x0000000085aac6a8) 
thrown [s\src\hotspot\share\classfile\systemDictionary.cpp, line 256]
Event: 55.392 Thread 0x0000029dfbfbe3a0 Exception <a 'java/lang/ClassNotFoundException'{0x0000000085afad68}: com/android/build/gradle/internal/CompileOptions$AgpDecorated_DecoratedBeanInfo> (0x0000000085afad68) 
thrown [s\src\hotspot\share\classfile\systemDictionary.cpp, line 256]
Event: 55.392 Thread 0x0000029dfbfbe3a0 Exception <a 'java/lang/ClassNotFoundException'{0x0000000085907818}: com/android/build/gradle/internal/CompileOptions$AgpDecoratedBeanInfo> (0x0000000085907818) 
thrown [s\src\hotspot\share\classfile\systemDictionary.cpp, line 256]
Event: 55.393 Thread 0x0000029dfbfbe3a0 Exception <a 'java/lang/ClassNotFoundException'{0x0000000085913c30}: com/android/build/gradle/internal/CompileOptionsBeanInfo> (0x0000000085913c30) 
thrown [s\src\hotspot\share\classfile\systemDictionary.cpp, line 256]
Event: 55.393 Thread 0x0000029dfbfbe3a0 Exception <a 'java/lang/ClassNotFoundException'{0x0000000085920050}: com/android/build/gradle/internal/CompileOptionsCustomizer> (0x0000000085920050) 
thrown [s\src\hotspot\share\classfile\systemDictionary.cpp, line 256]
Event: 55.394 Thread 0x0000029dfbfbe3a0 Exception <a 'java/lang/ClassNotFoundException'{0x0000000085938b98}: com/android/build/gradle/internal/CompileOptions$AgpDecoratedCustomizer> (0x0000000085938b98) 
thrown [s\src\hotspot\share\classfile\systemDictionary.cpp, line 256]
Event: 55.394 Thread 0x0000029dfbfbe3a0 Exception <a 'java/lang/ClassNotFoundException'{0x0000000085954410}: com/android/build/gradle/internal/CompileOptions$AgpDecorated_DecoratedCustomizer> (0x0000000085954410) 
thrown [s\src\hotspot\share\classfile\systemDictionary.cpp, line 256]

VM Operations (20 events):
Event: 54.226 Executing VM operation: G1CollectForAllocation
Event: 54.231 Executing VM operation: G1CollectForAllocation done
Event: 54.291 Executing VM operation: G1Concurrent
Event: 54.312 Executing VM operation: G1Concurrent done
Event: 54.340 Executing VM operation: G1Concurrent
Event: 54.340 Executing VM operation: G1Concurrent done
Event: 54.572 Executing VM operation: G1TryInitiateConcMark
Event: 54.575 Executing VM operation: G1TryInitiateConcMark done
Event: 54.640 Executing VM operation: G1Concurrent
Event: 54.645 Executing VM operation: G1Concurrent done
Event: 54.675 Executing VM operation: G1Concurrent
Event: 54.675 Executing VM operation: G1Concurrent done
Event: 54.978 Executing VM operation: HandshakeAllThreads
Event: 54.978 Executing VM operation: HandshakeAllThreads done
Event: 55.060 Executing VM operation: HandshakeAllThreads
Event: 55.060 Executing VM operation: HandshakeAllThreads done
Event: 55.277 Executing VM operation: G1CollectForAllocation
Event: 55.281 Executing VM operation: G1CollectForAllocation done
Event: 55.497 Executing VM operation: HandshakeAllThreads
Event: 55.497 Executing VM operation: HandshakeAllThreads done

Events (20 events):
Event: 54.983 loading class java/util/ArrayListBeanInfo done
Event: 54.983 loading class java/util/ArrayListBeanInfo
Event: 54.983 loading class java/util/ArrayListBeanInfo done
Event: 54.983 loading class java/util/AbstractListBeanInfo
Event: 54.983 loading class java/util/AbstractListBeanInfo done
Event: 54.983 loading class java/util/AbstractListBeanInfo
Event: 54.983 loading class java/util/AbstractListBeanInfo done
Event: 54.983 loading class java/util/AbstractListCustomizer
Event: 54.983 loading class java/util/AbstractListCustomizer done
Event: 54.984 loading class java/util/AbstractListCustomizer
Event: 54.984 loading class java/util/AbstractListCustomizer done
Event: 54.984 loading class java/util/ArrayListCustomizer
Event: 54.984 loading class java/util/ArrayListCustomizer done
Event: 54.984 loading class java/util/ArrayListCustomizer
Event: 54.984 loading class java/util/ArrayListCustomizer done
Event: 55.061 Thread 0x0000029dff4ac0d0 Thread added: 0x0000029dff4ac0d0
Event: 55.065 Thread 0x0000029dfb025ea0 flushing nmethod 0x0000029d806eec10
Event: 55.067 Thread 0x0000029dfb025ea0 flushing nmethod 0x0000029d80a3c090
Event: 55.299 loading class java/beans/IntrospectionException
Event: 55.300 loading class java/beans/IntrospectionException done


Dynamic libraries:
0x00007ff636990000 - 0x00007ff63699a000 	C:\Program Files\Android\Android Studio\jbr\bin\java.exe
0x00007ffc76690000 - 0x00007ffc768a4000 	C:\Windows\SYSTEM32\ntdll.dll
0x00007ffc75f70000 - 0x00007ffc76032000 	C:\Windows\System32\KERNEL32.DLL
0x00007ffc73f90000 - 0x00007ffc7432c000 	C:\Windows\System32\KERNELBASE.dll
0x00007ffc73ad0000 - 0x00007ffc73be1000 	C:\Windows\System32\ucrtbase.dll
0x00007ffc5f4a0000 - 0x00007ffc5f4b7000 	C:\Program Files\Android\Android Studio\jbr\bin\jli.dll
0x00007ffc3c000000 - 0x00007ffc3c01b000 	C:\Program Files\Android\Android Studio\jbr\bin\VCRUNTIME140.dll
0x00007ffc75070000 - 0x00007ffc7521b000 	C:\Windows\System32\USER32.dll
0x00007ffc73e00000 - 0x00007ffc73e26000 	C:\Windows\System32\win32u.dll
0x00007ffc75df0000 - 0x00007ffc75e19000 	C:\Windows\System32\GDI32.dll
0x00007ffc73bf0000 - 0x00007ffc73d02000 	C:\Windows\System32\gdi32full.dll
0x00007ffc73e30000 - 0x00007ffc73eca000 	C:\Windows\System32\msvcp_win.dll
0x00007ffc647a0000 - 0x00007ffc64a2e000 	C:\Windows\WinSxS\amd64_microsoft.windows.common-controls_6595b64144ccf1df_6.0.22621.317_none_a9434687c10c9fa2\COMCTL32.dll
0x00007ffc76040000 - 0x00007ffc760e7000 	C:\Windows\System32\msvcrt.dll
0x00007ffc75e20000 - 0x00007ffc75e51000 	C:\Windows\System32\IMM32.DLL
0x00007ffc68e70000 - 0x00007ffc68e7c000 	C:\Program Files\Android\Android Studio\jbr\bin\vcruntime140_1.dll
0x00007ffc3b0d0000 - 0x00007ffc3b15d000 	C:\Program Files\Android\Android Studio\jbr\bin\msvcp140.dll
0x00007ffc35e50000 - 0x00007ffc36abd000 	C:\Program Files\Android\Android Studio\jbr\bin\server\jvm.dll
0x00007ffc74ab0000 - 0x00007ffc74b5e000 	C:\Windows\System32\ADVAPI32.dll
0x00007ffc765a0000 - 0x00007ffc76644000 	C:\Windows\System32\sechost.dll
0x00007ffc748b0000 - 0x00007ffc749c5000 	C:\Windows\System32\RPCRT4.dll
0x00007ffc67660000 - 0x00007ffc67694000 	C:\Windows\SYSTEM32\WINMM.dll
0x00007ffc6ec00000 - 0x00007ffc6ec09000 	C:\Windows\SYSTEM32\WSOCK32.dll
0x00007ffc64a80000 - 0x00007ffc64a8a000 	C:\Windows\SYSTEM32\VERSION.dll
0x00007ffc74ff0000 - 0x00007ffc75061000 	C:\Windows\System32\WS2_32.dll
0x00007ffc72b50000 - 0x00007ffc72b68000 	C:\Windows\SYSTEM32\kernel.appcore.dll
0x00007ffc6b420000 - 0x00007ffc6b42a000 	C:\Program Files\Android\Android Studio\jbr\bin\jimage.dll
0x00007ffc65200000 - 0x00007ffc6542e000 	C:\Windows\SYSTEM32\DBGHELP.DLL
0x00007ffc75a60000 - 0x00007ffc75de9000 	C:\Windows\System32\combase.dll
0x00007ffc749d0000 - 0x00007ffc74aa7000 	C:\Windows\System32\OLEAUT32.dll
0x00007ffc651c0000 - 0x00007ffc651f2000 	C:\Windows\SYSTEM32\dbgcore.DLL
0x00007ffc73d10000 - 0x00007ffc73d8b000 	C:\Windows\System32\bcryptPrimitives.dll
0x00007ffc66eb0000 - 0x00007ffc66ed5000 	C:\Program Files\Android\Android Studio\jbr\bin\java.dll
0x00007ffc670f0000 - 0x00007ffc67108000 	C:\Program Files\Android\Android Studio\jbr\bin\zip.dll
0x00007ffc75280000 - 0x00007ffc75a5b000 	C:\Windows\System32\SHELL32.dll
0x00007ffc71b30000 - 0x00007ffc723e5000 	C:\Windows\SYSTEM32\windows.storage.dll
0x00007ffc719f0000 - 0x00007ffc71b2d000 	C:\Windows\SYSTEM32\wintypes.dll
0x00007ffc75e70000 - 0x00007ffc75f61000 	C:\Windows\System32\SHCORE.dll
0x00007ffc76230000 - 0x00007ffc7628e000 	C:\Windows\System32\shlwapi.dll
0x00007ffc73a00000 - 0x00007ffc73a21000 	C:\Windows\SYSTEM32\profapi.dll
0x00007ffc59490000 - 0x00007ffc594a9000 	C:\Program Files\Android\Android Studio\jbr\bin\net.dll
0x00007ffc6de40000 - 0x00007ffc6df6f000 	C:\Windows\SYSTEM32\WINHTTP.dll
0x00007ffc72fb0000 - 0x00007ffc73019000 	C:\Windows\system32\mswsock.dll
0x00007ffc4ece0000 - 0x00007ffc4ecf6000 	C:\Program Files\Android\Android Studio\jbr\bin\nio.dll
0x00007ffc62d40000 - 0x00007ffc62d50000 	C:\Program Files\Android\Android Studio\jbr\bin\verify.dll
0x00007ffc5e4a0000 - 0x00007ffc5e4c7000 	C:\Users\ahmed\.gradle\native\68d5fa5c4cc2d200863cafc0d521ce42e7d3e7ee720ec0a83991735586a16f82\windows-amd64\native-platform.dll
0x00007ffc35840000 - 0x00007ffc35984000 	C:\Users\ahmed\.gradle\native\e376f236ea51e6404a007f0833ffe2c6e607c4080706a723a18a27aeea778392\windows-amd64\native-platform-file-events.dll
0x00007ffc63a40000 - 0x00007ffc63a49000 	C:\Program Files\Android\Android Studio\jbr\bin\management.dll
0x00007ffc62e40000 - 0x00007ffc62e4b000 	C:\Program Files\Android\Android Studio\jbr\bin\management_ext.dll
0x00007ffc76290000 - 0x00007ffc76298000 	C:\Windows\System32\PSAPI.DLL
0x00007ffc731f0000 - 0x00007ffc7320b000 	C:\Windows\SYSTEM32\CRYPTSP.dll
0x00007ffc72ac0000 - 0x00007ffc72af5000 	C:\Windows\system32\rsaenh.dll
0x00007ffc730a0000 - 0x00007ffc730c8000 	C:\Windows\SYSTEM32\USERENV.dll
0x00007ffc733b0000 - 0x00007ffc733d8000 	C:\Windows\SYSTEM32\bcrypt.dll
0x00007ffc73210000 - 0x00007ffc7321c000 	C:\Windows\SYSTEM32\CRYPTBASE.dll
0x00007ffc72630000 - 0x00007ffc7265d000 	C:\Windows\SYSTEM32\IPHLPAPI.DLL
0x00007ffc75e60000 - 0x00007ffc75e69000 	C:\Windows\System32\NSI.dll
0x00007ffc6de20000 - 0x00007ffc6de39000 	C:\Windows\SYSTEM32\dhcpcsvc6.DLL
0x00007ffc6de00000 - 0x00007ffc6de1f000 	C:\Windows\SYSTEM32\dhcpcsvc.DLL
0x00007ffc72660000 - 0x00007ffc72752000 	C:\Windows\SYSTEM32\DNSAPI.dll
0x00007ffc5f450000 - 0x00007ffc5f458000 	C:\Windows\system32\wshunix.dll
0x00007ffc6d230000 - 0x00007ffc6d23a000 	C:\Windows\System32\rasadhlp.dll
0x00007ffc6c1e0000 - 0x00007ffc6c263000 	C:\Windows\System32\fwpuclnt.dll

dbghelp: loaded successfully - version: 4.0.5 - missing functions: none
symbol engine: initialized successfully - sym options: 0x614 - pdb path: .;C:\Program Files\Android\Android Studio\jbr\bin;C:\Windows\SYSTEM32;C:\Windows\WinSxS\amd64_microsoft.windows.common-controls_6595b64144ccf1df_6.0.22621.317_none_a9434687c10c9fa2;C:\Program Files\Android\Android Studio\jbr\bin\server;C:\Users\ahmed\.gradle\native\68d5fa5c4cc2d200863cafc0d521ce42e7d3e7ee720ec0a83991735586a16f82\windows-amd64;C:\Users\ahmed\.gradle\native\e376f236ea51e6404a007f0833ffe2c6e607c4080706a723a18a27aeea778392\windows-amd64

VM Arguments:
jvm_args: --add-opens=java.base/java.util=ALL-UNNAMED --add-opens=java.base/java.lang=ALL-UNNAMED --add-opens=java.base/java.lang.invoke=ALL-UNNAMED --add-opens=java.prefs/java.util.prefs=ALL-UNNAMED --add-opens=java.base/java.nio.charset=ALL-UNNAMED --add-opens=java.base/java.net=ALL-UNNAMED --add-opens=java.base/java.util.concurrent.atomic=ALL-UNNAMED -Xmx2048m -Dfile.encoding=UTF-8 -Duser.country=US -Duser.language=en -Duser.variant 
java_command: org.gradle.launcher.daemon.bootstrap.GradleDaemon 8.0
java_class_path (initial): C:\Users\ahmed\.gradle\wrapper\dists\gradle-8.0-bin\ca5e32bp14vu59qr306oxotwh\gradle-8.0\lib\gradle-launcher-8.0.jar
Launcher Type: SUN_STANDARD

[Global flags]
     intx CICompilerCount                          = 3                                         {product} {ergonomic}
     uint ConcGCThreads                            = 1                                         {product} {ergonomic}
     uint G1ConcRefinementThreads                  = 4                                         {product} {ergonomic}
   size_t G1HeapRegionSize                         = 1048576                                   {product} {ergonomic}
    uintx GCDrainStackTargetSize                   = 64                                        {product} {ergonomic}
   size_t InitialHeapSize                          = 134217728                                 {product} {ergonomic}
   size_t MarkStackSize                            = 4194304                                   {product} {ergonomic}
   size_t MaxHeapSize                              = 2147483648                                {product} {command line}
   size_t MaxNewSize                               = 1287651328                                {product} {ergonomic}
   size_t MinHeapDeltaBytes                        = 1048576                                   {product} {ergonomic}
   size_t MinHeapSize                              = 8388608                                   {product} {ergonomic}
    uintx NonNMethodCodeHeapSize                   = 5832780                                {pd product} {ergonomic}
    uintx NonProfiledCodeHeapSize                  = 122912730                              {pd product} {ergonomic}
    uintx ProfiledCodeHeapSize                     = 122912730                              {pd product} {ergonomic}
    uintx ReservedCodeCacheSize                    = 251658240                              {pd product} {ergonomic}
     bool SegmentedCodeCache                       = true                                      {product} {ergonomic}
   size_t SoftMaxHeapSize                          = 2147483648                             {manageable} {ergonomic}
     bool UseCompressedClassPointers               = true                           {product lp64_product} {ergonomic}
     bool UseCompressedOops                        = true                           {product lp64_product} {ergonomic}
     bool UseG1GC                                  = true                                      {product} {ergonomic}
     bool UseLargePagesIndividualAllocation        = false                                  {pd product} {ergonomic}

Logging:
Log output configuration:
 #0: stdout all=warning uptime,level,tags
 #1: stderr all=off uptime,level,tags

Environment Variables:
PATH=C:\Program Files\Common Files\Oracle\Java\javapath;C:\Windows\system32;C:\Windows;C:\Windows\System32\Wbem;C:\Windows\System32\WindowsPowerShell\v1.0\;C:\Windows\System32\OpenSSH\;C:\Program Files\dotnet\;C:\Program Files\nodejs\;C:\ProgramData\chocolatey\bin;C:\xampp\php;C:\composer;C:\Program Files\Git\cmd;C:\ProgramData\ComposerSetup\bin;C:\Users\ahmed\AppData\Local\Microsoft\WindowsApps;C:\Users\ahmed\AppData\Roaming\npm;C:\Users\ahmed\AppData\Local\Programs\Microsoft VS Code\bin;C:\Users\ahmed\AppData\Roaming\Composer\vendor\bin
USERNAME=ahmed
OS=Windows_NT
PROCESSOR_IDENTIFIER=Intel64 Family 6 Model 58 Stepping 9, GenuineIntel
TMP=C:\Users\ahmed\AppData\Local\Temp
TEMP=C:\Users\ahmed\AppData\Local\Temp



---------------  S Y S T E M  ---------------

OS:
 Windows 11 , 64 bit Build 22621 (10.0.22621.457)
OS uptime: 0 days 10:45 hours

CPU: total 4 (initial active 4) (4 cores per cpu, 1 threads per core) family 6 model 58 stepping 9 microcode 0x21, cx8, cmov, fxsr, mmx, sse, sse2, sse3, ssse3, sse4.1, sse4.2, popcnt, tsc, tscinvbit, avx, aes, erms, clmul, vzeroupper, clflush

Memory: 4k page, system-wide physical 8066M (424M free)
TotalPageFile size 10114M (AvailPageFile size 3M)
current process WorkingSet (physical memory assigned to process): 313M, peak: 314M
current process commit charge ("private bytes"): 349M, peak: 350M

vm_info: OpenJDK 64-Bit Server VM (17.0.6+0-b2043.56-9586694) for windows-amd64 JRE (17.0.6+0-b2043.56-9586694), built on Feb  9 2023 20:06:20 by "androidbuild" with MS VC++ 16.10 / 16.11 (VS2019)

END.
