#
# There is insufficient memory for the Java Runtime Environment to continue.
# Native memory allocation (malloc) failed to allocate 1209776 bytes for Chunk::new
# Possible reasons:
#   The system is out of physical RAM or swap space
#   The process is running with CompressedOops enabled, and the Java Heap may be blocking the growth of the native heap
# Possible solutions:
#   Reduce memory load on the system
#   Increase physical memory or swap space
#   Check if swap backing store is full
#   Decrease Java heap size (-Xmx/-Xms)
#   Decrease number of Java threads
#   Decrease Java thread stack sizes (-Xss)
#   Set larger code cache with -XX:ReservedCodeCacheSize=
#   JVM is running with Unscaled Compressed Oops mode in which the Java heap is
#     placed in the first 4GB address space. The Java Heap base address is the
#     maximum limit for the native heap growth. Please use -XX:HeapBaseMinAddress
#     to set the Java Heap base and to place the Java Heap above 4GB virtual address.
# This output file may be truncated or incomplete.
#
#  Out of Memory Error (arena.cpp:189), pid=15176, tid=8300
#
# JRE version: OpenJDK Runtime Environment (17.0.6) (build 17.0.6+0-b2043.56-9586694)
# Java VM: OpenJDK 64-Bit Server VM (17.0.6+0-b2043.56-9586694, mixed mode, tiered, compressed oops, compressed class ptrs, g1 gc, windows-amd64)
# No core dump will be written. Minidumps are not enabled by default on client versions of Windows
#

---------------  S U M M A R Y ------------

Command Line: --add-opens=java.base/java.util=ALL-UNNAMED --add-opens=java.base/java.lang=ALL-UNNAMED --add-opens=java.base/java.lang.invoke=ALL-UNNAMED --add-opens=java.prefs/java.util.prefs=ALL-UNNAMED --add-opens=java.base/java.nio.charset=ALL-UNNAMED --add-opens=java.base/java.net=ALL-UNNAMED --add-opens=java.base/java.util.concurrent.atomic=ALL-UNNAMED -Xmx2048m -Dfile.encoding=UTF-8 -Duser.country=US -Duser.language=en -Duser.variant org.gradle.launcher.daemon.bootstrap.GradleDaemon 8.0

Host: Intel(R) Core(TM) i5-3570 CPU @ 3.40GHz, 4 cores, 7G,  Windows 11 , 64 bit Build 22621 (10.0.22621.457)
Time: Sun May 21 20:53:00 2023 Egypt Standard Time elapsed time: 13.547923 seconds (0d 0h 0m 13s)

---------------  T H R E A D  ---------------

Current thread (0x0000020daa2dbfd0):  JavaThread "C2 CompilerThread1" daemon [_thread_in_native, id=8300, stack(0x000000c2c5300000,0x000000c2c5400000)]


Current CompileTask:
C2:  13547 6955 %     4       org.gradle.internal.instantiation.generator.AbstractClassGenerator::inspectType @ 77 (560 bytes)

Stack: [0x000000c2c5300000,0x000000c2c5400000]
Native frames: (J=compiled Java code, j=interpreted, Vv=VM code, C=native code)
V  [jvm.dll+0x683b4a]
V  [jvm.dll+0x842654]
V  [jvm.dll+0x843dfe]
V  [jvm.dll+0x844463]
V  [jvm.dll+0x249b75]
V  [jvm.dll+0xabcac]
V  [jvm.dll+0xac27c]
V  [jvm.dll+0x368802]
V  [jvm.dll+0x1bced2]
V  [jvm.dll+0x21c359]
V  [jvm.dll+0x21b621]
V  [jvm.dll+0x1a4fdd]
V  [jvm.dll+0x22b098]
V  [jvm.dll+0x229159]
V  [jvm.dll+0x7f809c]
V  [jvm.dll+0x7f25fa]
V  [jvm.dll+0x682985]
C  [ucrtbase.dll+0x29363]
C  [KERNEL32.DLL+0x1244d]
C  [ntdll.dll+0x5df78]


---------------  P R O C E S S  ---------------

Threads class SMR info:
_java_thread_list=0x0000020daf123310, length=81, elements={
0x0000020d8eb66d80, 0x0000020da8126ad0, 0x0000020da8129e30, 0x0000020da815e8b0,
0x0000020da8c144b0, 0x0000020da8c14e60, 0x0000020da8c15810, 0x0000020da8c16c90,
0x0000020da8c19af0, 0x0000020da8c1fda0, 0x0000020da8db2020, 0x0000020da8db6500,
0x0000020da905d910, 0x0000020dabd99060, 0x0000020dabd9a3a0, 0x0000020dabd9a870,
0x0000020dabd99530, 0x0000020dabd99a00, 0x0000020dabd99ed0, 0x0000020da9a836f0,
0x0000020da9a7f390, 0x0000020da9a82880, 0x0000020da9a806d0, 0x0000020da9a81a10,
0x0000020da9a83220, 0x0000020da9a81ee0, 0x0000020da9a83bc0, 0x0000020da9a81070,
0x0000020da9a7e9f0, 0x0000020da9a7eec0, 0x0000020da9a7f860, 0x0000020da9a823b0,
0x0000020da9a7fd30, 0x0000020da9a82d50, 0x0000020da9a80200, 0x0000020da9a80ba0,
0x0000020da9a84560, 0x0000020da9a858a0, 0x0000020da9a7e520, 0x0000020dad036d30,
0x0000020dad0346b0, 0x0000020dad036860, 0x0000020dad035050, 0x0000020dad038070,
0x0000020dad038540, 0x0000020dad038a10, 0x0000020dad033d10, 0x0000020dad034b80,
0x0000020dad035520, 0x0000020dad033840, 0x0000020dad0341e0, 0x0000020dad038ee0,
0x0000020dad035ec0, 0x0000020dad0359f0, 0x0000020dad0393b0, 0x0000020dad039880,
0x0000020dad03abc0, 0x0000020dad036390, 0x0000020dad037200, 0x0000020dad0376d0,
0x0000020dad039d50, 0x0000020dad03a220, 0x0000020dad03a6f0, 0x0000020dad03b090,
0x0000020dac7c34b0, 0x0000020dac7bf620, 0x0000020dac7c0960, 0x0000020dac7be2e0,
0x0000020dac7bc130, 0x0000020dac7bc600, 0x0000020dac7c2b10, 0x0000020dac7bf150,
0x0000020dac7c1300, 0x0000020dac7bcfa0, 0x0000020dac7bd470, 0x0000020dac7c0490,
0x0000020dac7bd940, 0x0000020dac7c3980, 0x0000020dac7c2fe0, 0x0000020daa2dbfd0,
0x0000020dac7c17d0
}

Java Threads: ( => current thread )
  0x0000020d8eb66d80 JavaThread "main" [_thread_blocked, id=3960, stack(0x000000c2bfa00000,0x000000c2bfb00000)]
  0x0000020da8126ad0 JavaThread "Reference Handler" daemon [_thread_blocked, id=13152, stack(0x000000c2c0100000,0x000000c2c0200000)]
  0x0000020da8129e30 JavaThread "Finalizer" daemon [_thread_blocked, id=8492, stack(0x000000c2c0200000,0x000000c2c0300000)]
  0x0000020da815e8b0 JavaThread "Signal Dispatcher" daemon [_thread_blocked, id=4324, stack(0x000000c2c0300000,0x000000c2c0400000)]
  0x0000020da8c144b0 JavaThread "Attach Listener" daemon [_thread_blocked, id=7636, stack(0x000000c2c0400000,0x000000c2c0500000)]
  0x0000020da8c14e60 JavaThread "Service Thread" daemon [_thread_blocked, id=15008, stack(0x000000c2c0500000,0x000000c2c0600000)]
  0x0000020da8c15810 JavaThread "Monitor Deflation Thread" daemon [_thread_blocked, id=13276, stack(0x000000c2c0600000,0x000000c2c0700000)]
  0x0000020da8c16c90 JavaThread "C2 CompilerThread0" daemon [_thread_in_native, id=10340, stack(0x000000c2c0700000,0x000000c2c0800000)]
  0x0000020da8c19af0 JavaThread "C1 CompilerThread0" daemon [_thread_blocked, id=10352, stack(0x000000c2c0800000,0x000000c2c0900000)]
  0x0000020da8c1fda0 JavaThread "Sweeper thread" daemon [_thread_blocked, id=10328, stack(0x000000c2c0900000,0x000000c2c0a00000)]
  0x0000020da8db2020 JavaThread "Common-Cleaner" daemon [_thread_blocked, id=10496, stack(0x000000c2c0a00000,0x000000c2c0b00000)]
  0x0000020da8db6500 JavaThread "Notification Thread" daemon [_thread_blocked, id=8872, stack(0x000000c2c0b00000,0x000000c2c0c00000)]
  0x0000020da905d910 JavaThread "Daemon health stats" [_thread_blocked, id=11268, stack(0x000000c2c1100000,0x000000c2c1200000)]
  0x0000020dabd99060 JavaThread "Incoming local TCP Connector on port 56527" [_thread_in_native, id=14540, stack(0x000000c2c1200000,0x000000c2c1300000)]
  0x0000020dabd9a3a0 JavaThread "Daemon periodic checks" [_thread_blocked, id=3216, stack(0x000000c2c1300000,0x000000c2c1400000)]
  0x0000020dabd9a870 JavaThread "Daemon" [_thread_blocked, id=1156, stack(0x000000c2c1400000,0x000000c2c1500000)]
  0x0000020dabd99530 JavaThread "Handler for socket connection from /127.0.0.1:56527 to /127.0.0.1:56528" [_thread_in_native, id=7572, stack(0x000000c2c1500000,0x000000c2c1600000)]
  0x0000020dabd99a00 JavaThread "Cancel handler" [_thread_blocked, id=3720, stack(0x000000c2c1600000,0x000000c2c1700000)]
  0x0000020dabd99ed0 JavaThread "Daemon worker" [_thread_in_vm, id=10964, stack(0x000000c2c1700000,0x000000c2c1800000)]
  0x0000020da9a836f0 JavaThread "Asynchronous log dispatcher for DefaultDaemonConnection: socket connection from /127.0.0.1:56527 to /127.0.0.1:56528" [_thread_blocked, id=15236, stack(0x000000c2c1800000,0x000000c2c1900000)]
  0x0000020da9a7f390 JavaThread "Stdin handler" [_thread_blocked, id=1468, stack(0x000000c2c1900000,0x000000c2c1a00000)]
  0x0000020da9a82880 JavaThread "Daemon client event forwarder" [_thread_blocked, id=12284, stack(0x000000c2c1a00000,0x000000c2c1b00000)]
  0x0000020da9a806d0 JavaThread "Cache worker for journal cache (C:\Users\ahmed\.gradle\caches\journal-1)" [_thread_blocked, id=14260, stack(0x000000c2c0d00000,0x000000c2c0e00000)]
  0x0000020da9a81a10 JavaThread "File lock request listener" [_thread_in_native, id=3160, stack(0x000000c2c1b00000,0x000000c2c1c00000)]
  0x0000020da9a83220 JavaThread "Cache worker for file hash cache (C:\Users\ahmed\.gradle\caches\8.0\fileHashes)" [_thread_blocked, id=8380, stack(0x000000c2c1c00000,0x000000c2c1d00000)]
  0x0000020da9a81ee0 JavaThread "File watcher server" daemon [_thread_in_native, id=9892, stack(0x000000c2c1d00000,0x000000c2c1e00000)]
  0x0000020da9a83bc0 JavaThread "File watcher consumer" daemon [_thread_blocked, id=12016, stack(0x000000c2c1e00000,0x000000c2c1f00000)]
  0x0000020da9a81070 JavaThread "jar transforms" [_thread_blocked, id=2956, stack(0x000000c2c2000000,0x000000c2c2100000)]
  0x0000020da9a7e9f0 JavaThread "jar transforms Thread 2" [_thread_blocked, id=10320, stack(0x000000c2c2100000,0x000000c2c2200000)]
  0x0000020da9a7eec0 JavaThread "jar transforms Thread 3" [_thread_blocked, id=13448, stack(0x000000c2c2200000,0x000000c2c2300000)]
  0x0000020da9a7f860 JavaThread "jar transforms Thread 4" [_thread_blocked, id=14812, stack(0x000000c2c2300000,0x000000c2c2400000)]
  0x0000020da9a823b0 JavaThread "Cache worker for checksums cache (C:\Users\ahmed\StudioProjects\project-collage\.gradle\8.0\checksums)" [_thread_blocked, id=14328, stack(0x000000c2c1f00000,0x000000c2c2000000)]
  0x0000020da9a7fd30 JavaThread "Cache worker for cache directory md-rule (C:\Users\ahmed\.gradle\caches\8.0\md-rule)" [_thread_blocked, id=12760, stack(0x000000c2c2400000,0x000000c2c2500000)]
  0x0000020da9a82d50 JavaThread "Cache worker for file content cache (C:\Users\ahmed\.gradle\caches\8.0\fileContent)" [_thread_blocked, id=10956, stack(0x000000c2c2500000,0x000000c2c2600000)]
  0x0000020da9a80200 JavaThread "Cache worker for file hash cache (C:\Users\ahmed\StudioProjects\project-collage\.gradle\8.0\fileHashes)" [_thread_blocked, id=124, stack(0x000000c2c2600000,0x000000c2c2700000)]
  0x0000020da9a80ba0 JavaThread "Cache worker for cache directory md-supplier (C:\Users\ahmed\.gradle\caches\8.0\md-supplier)" [_thread_blocked, id=12188, stack(0x000000c2c2700000,0x000000c2c2800000)]
  0x0000020da9a84560 JavaThread "Cache worker for execution history cache (C:\Users\ahmed\.gradle\caches\8.0\executionHistory)" [_thread_blocked, id=10076, stack(0x000000c2c2800000,0x000000c2c2900000)]
  0x0000020da9a858a0 JavaThread "Cache worker for dependencies-accessors (C:\Users\ahmed\StudioProjects\project-collage\.gradle\8.0\dependencies-accessors)" [_thread_blocked, id=10684, stack(0x000000c2c2a00000,0x000000c2c2b00000)]
  0x0000020da9a7e520 JavaThread "Cache worker for Build Output Cleanup Cache (C:\Users\ahmed\StudioProjects\project-collage\.gradle\buildOutputCleanup)" [_thread_blocked, id=14596, stack(0x000000c2c2b00000,0x000000c2c2c00000)]
  0x0000020dad036d30 JavaThread "Unconstrained build operations" [_thread_blocked, id=11956, stack(0x000000c2c2900000,0x000000c2c2a00000)]
  0x0000020dad0346b0 JavaThread "Unconstrained build operations Thread 2" [_thread_blocked, id=9324, stack(0x000000c2c2c00000,0x000000c2c2d00000)]
  0x0000020dad036860 JavaThread "Unconstrained build operations Thread 3" [_thread_blocked, id=11632, stack(0x000000c2c2d00000,0x000000c2c2e00000)]
  0x0000020dad035050 JavaThread "Unconstrained build operations Thread 4" [_thread_blocked, id=5720, stack(0x000000c2c2e00000,0x000000c2c2f00000)]
  0x0000020dad038070 JavaThread "Unconstrained build operations Thread 5" [_thread_blocked, id=9064, stack(0x000000c2c2f00000,0x000000c2c3000000)]
  0x0000020dad038540 JavaThread "Unconstrained build operations Thread 6" [_thread_blocked, id=2412, stack(0x000000c2c3000000,0x000000c2c3100000)]
  0x0000020dad038a10 JavaThread "Unconstrained build operations Thread 7" [_thread_blocked, id=12156, stack(0x000000c2c3100000,0x000000c2c3200000)]
  0x0000020dad033d10 JavaThread "Unconstrained build operations Thread 8" [_thread_blocked, id=7456, stack(0x000000c2c3200000,0x000000c2c3300000)]
  0x0000020dad034b80 JavaThread "Unconstrained build operations Thread 9" [_thread_blocked, id=5204, stack(0x000000c2c3300000,0x000000c2c3400000)]
  0x0000020dad035520 JavaThread "Unconstrained build operations Thread 10" [_thread_blocked, id=13992, stack(0x000000c2c3400000,0x000000c2c3500000)]
  0x0000020dad033840 JavaThread "Unconstrained build operations Thread 11" [_thread_blocked, id=13048, stack(0x000000c2c3500000,0x000000c2c3600000)]
  0x0000020dad0341e0 JavaThread "Unconstrained build operations Thread 12" [_thread_blocked, id=14536, stack(0x000000c2c3600000,0x000000c2c3700000)]
  0x0000020dad038ee0 JavaThread "Unconstrained build operations Thread 13" [_thread_blocked, id=9752, stack(0x000000c2c3700000,0x000000c2c3800000)]
  0x0000020dad035ec0 JavaThread "Unconstrained build operations Thread 14" [_thread_blocked, id=15276, stack(0x000000c2c3800000,0x000000c2c3900000)]
  0x0000020dad0359f0 JavaThread "Unconstrained build operations Thread 15" [_thread_blocked, id=12668, stack(0x000000c2c3900000,0x000000c2c3a00000)]
  0x0000020dad0393b0 JavaThread "Unconstrained build operations Thread 16" [_thread_blocked, id=10068, stack(0x000000c2c3a00000,0x000000c2c3b00000)]
  0x0000020dad039880 JavaThread "Unconstrained build operations Thread 17" [_thread_blocked, id=14104, stack(0x000000c2c3b00000,0x000000c2c3c00000)]
  0x0000020dad03abc0 JavaThread "Unconstrained build operations Thread 18" [_thread_blocked, id=10304, stack(0x000000c2c3c00000,0x000000c2c3d00000)]
  0x0000020dad036390 JavaThread "Unconstrained build operations Thread 19" [_thread_blocked, id=14436, stack(0x000000c2c3d00000,0x000000c2c3e00000)]
  0x0000020dad037200 JavaThread "Unconstrained build operations Thread 20" [_thread_blocked, id=9768, stack(0x000000c2c3e00000,0x000000c2c3f00000)]
  0x0000020dad0376d0 JavaThread "Unconstrained build operations Thread 21" [_thread_blocked, id=13064, stack(0x000000c2c3f00000,0x000000c2c4000000)]
  0x0000020dad039d50 JavaThread "Unconstrained build operations Thread 22" [_thread_blocked, id=10996, stack(0x000000c2c4000000,0x000000c2c4100000)]
  0x0000020dad03a220 JavaThread "Unconstrained build operations Thread 23" [_thread_blocked, id=2128, stack(0x000000c2c4100000,0x000000c2c4200000)]
  0x0000020dad03a6f0 JavaThread "Unconstrained build operations Thread 24" [_thread_blocked, id=10756, stack(0x000000c2c4200000,0x000000c2c4300000)]
  0x0000020dad03b090 JavaThread "Unconstrained build operations Thread 25" [_thread_blocked, id=12764, stack(0x000000c2c4300000,0x000000c2c4400000)]
  0x0000020dac7c34b0 JavaThread "Unconstrained build operations Thread 26" [_thread_blocked, id=9204, stack(0x000000c2c4400000,0x000000c2c4500000)]
  0x0000020dac7bf620 JavaThread "Unconstrained build operations Thread 27" [_thread_blocked, id=9880, stack(0x000000c2c4500000,0x000000c2c4600000)]
  0x0000020dac7c0960 JavaThread "Unconstrained build operations Thread 28" [_thread_blocked, id=8940, stack(0x000000c2c4600000,0x000000c2c4700000)]
  0x0000020dac7be2e0 JavaThread "Unconstrained build operations Thread 29" [_thread_blocked, id=14304, stack(0x000000c2c4700000,0x000000c2c4800000)]
  0x0000020dac7bc130 JavaThread "Unconstrained build operations Thread 30" [_thread_blocked, id=10372, stack(0x000000c2c4800000,0x000000c2c4900000)]
  0x0000020dac7bc600 JavaThread "Unconstrained build operations Thread 31" [_thread_blocked, id=5992, stack(0x000000c2c4900000,0x000000c2c4a00000)]
  0x0000020dac7c2b10 JavaThread "Unconstrained build operations Thread 32" [_thread_blocked, id=9544, stack(0x000000c2c4a00000,0x000000c2c4b00000)]
  0x0000020dac7bf150 JavaThread "Unconstrained build operations Thread 33" [_thread_blocked, id=15020, stack(0x000000c2c4b00000,0x000000c2c4c00000)]
  0x0000020dac7c1300 JavaThread "Unconstrained build operations Thread 34" [_thread_blocked, id=13856, stack(0x000000c2c4c00000,0x000000c2c4d00000)]
  0x0000020dac7bcfa0 JavaThread "Unconstrained build operations Thread 35" [_thread_blocked, id=10532, stack(0x000000c2c4d00000,0x000000c2c4e00000)]
  0x0000020dac7bd470 JavaThread "Unconstrained build operations Thread 36" [_thread_blocked, id=14952, stack(0x000000c2c4e00000,0x000000c2c4f00000)]
  0x0000020dac7c0490 JavaThread "Unconstrained build operations Thread 37" [_thread_blocked, id=7780, stack(0x000000c2c4f00000,0x000000c2c5000000)]
  0x0000020dac7bd940 JavaThread "Unconstrained build operations Thread 38" [_thread_blocked, id=14472, stack(0x000000c2c5000000,0x000000c2c5100000)]
  0x0000020dac7c3980 JavaThread "Unconstrained build operations Thread 39" [_thread_blocked, id=15040, stack(0x000000c2c5100000,0x000000c2c5200000)]
  0x0000020dac7c2fe0 JavaThread "Unconstrained build operations Thread 40" [_thread_blocked, id=14176, stack(0x000000c2c5200000,0x000000c2c5300000)]
=>0x0000020daa2dbfd0 JavaThread "C2 CompilerThread1" daemon [_thread_in_native, id=8300, stack(0x000000c2c5300000,0x000000c2c5400000)]
  0x0000020dac7c17d0 JavaThread "Memory manager" [_thread_blocked, id=12272, stack(0x000000c2c5400000,0x000000c2c5500000)]

Other Threads:
  0x0000020da80ce070 VMThread "VM Thread" [stack: 0x000000c2c0000000,0x000000c2c0100000] [id=14084]
  0x0000020da8dbca00 WatcherThread [stack: 0x000000c2c0c00000,0x000000c2c0d00000] [id=752]
  0x0000020d8ebc0340 GCTaskThread "GC Thread#0" [stack: 0x000000c2bfb00000,0x000000c2bfc00000] [id=672]
  0x0000020da92f1e00 GCTaskThread "GC Thread#1" [stack: 0x000000c2c0e00000,0x000000c2c0f00000] [id=11120]
  0x0000020da97f8ce0 GCTaskThread "GC Thread#2" [stack: 0x000000c2c0f00000,0x000000c2c1000000] [id=14760]
  0x0000020da9f851f0 GCTaskThread "GC Thread#3" [stack: 0x000000c2c1000000,0x000000c2c1100000] [id=13248]
  0x0000020d8ebd23f0 ConcurrentGCThread "G1 Main Marker" [stack: 0x000000c2bfc00000,0x000000c2bfd00000] [id=11148]
  0x0000020d8ebd3cb0 ConcurrentGCThread "G1 Conc#0" [stack: 0x000000c2bfd00000,0x000000c2bfe00000] [id=7552]
  0x0000020d8ec2c0e0 ConcurrentGCThread "G1 Refine#0" [stack: 0x000000c2bfe00000,0x000000c2bff00000] [id=12896]
  0x0000020d8ec2e9b0 ConcurrentGCThread "G1 Service" [stack: 0x000000c2bff00000,0x000000c2c0000000] [id=5676]

Threads with active compile tasks:
C2 CompilerThread0    13578 7139       4       java.beans.Introspector::addMethod (196 bytes)
C1 CompilerThread0    13578 7217       3       java.lang.ClassLoader::getResource (41 bytes)
C2 CompilerThread1    13578 6955 %     4       org.gradle.internal.instantiation.generator.AbstractClassGenerator::inspectType @ 77 (560 bytes)

VM state: not at safepoint (normal execution)

VM Mutex/Monitor currently owned by a thread: None

Heap address: 0x0000000080000000, size: 2048 MB, Compressed Oops mode: 32-bit

CDS archive(s) not mapped
Compressed class space mapped at: 0x0000000100000000-0x0000000140000000, reserved size: 1073741824
Narrow klass base: 0x0000000000000000, Narrow klass shift: 3, Narrow klass range: 0x140000000

GC Precious Log:
 CPUs: 4 total, 4 available
 Memory: 8066M
 Large Page Support: Disabled
 NUMA Support: Disabled
 Compressed Oops: Enabled (32-bit)
 Heap Region Size: 1M
 Heap Min Capacity: 8M
 Heap Initial Capacity: 128M
 Heap Max Capacity: 2G
 Pre-touch: Disabled
 Parallel Workers: 4
 Concurrent Workers: 1
 Concurrent Refinement Workers: 4
 Periodic GC: Disabled

Heap:
 garbage-first heap   total 317440K, used 135700K [0x0000000080000000, 0x0000000100000000)
  region size 1024K, 25 young (25600K), 10 survivors (10240K)
 Metaspace       used 69858K, committed 70528K, reserved 1114112K
  class space    used 9279K, committed 9600K, reserved 1048576K

Heap Regions: E=young(eden), S=young(survivor), O=old, HS=humongous(starts), HC=humongous(continues), CS=collection set, F=free, OA=open archive, CA=closed archive, TAMS=top-at-mark-start (previous, next)
|   0|0x0000000080000000, 0x0000000080100000, 0x0000000080100000|100%| O|  |TAMS 0x0000000080100000, 0x0000000080000000| Untracked 
|   1|0x0000000080100000, 0x0000000080200000, 0x0000000080200000|100%| O|  |TAMS 0x0000000080200000, 0x0000000080100000| Untracked 
|   2|0x0000000080200000, 0x0000000080300000, 0x0000000080300000|100%|HS|  |TAMS 0x0000000080300000, 0x0000000080200000| Complete 
|   3|0x0000000080300000, 0x0000000080400000, 0x0000000080400000|100%|HC|  |TAMS 0x0000000080400000, 0x0000000080300000| Complete 
|   4|0x0000000080400000, 0x0000000080500000, 0x0000000080500000|100%|HC|  |TAMS 0x0000000080500000, 0x0000000080400000| Complete 
|   5|0x0000000080500000, 0x0000000080600000, 0x0000000080600000|100%|HC|  |TAMS 0x0000000080600000, 0x0000000080500000| Complete 
|   6|0x0000000080600000, 0x0000000080700000, 0x0000000080700000|100%| O|  |TAMS 0x0000000080700000, 0x0000000080600000| Untracked 
|   7|0x0000000080700000, 0x0000000080800000, 0x0000000080800000|100%| O|  |TAMS 0x0000000080800000, 0x0000000080700000| Untracked 
|   8|0x0000000080800000, 0x0000000080900000, 0x0000000080900000|100%| O|  |TAMS 0x0000000080900000, 0x0000000080800000| Untracked 
|   9|0x0000000080900000, 0x0000000080a00000, 0x0000000080a00000|100%| O|  |TAMS 0x0000000080a00000, 0x0000000080900000| Untracked 
|  10|0x0000000080a00000, 0x0000000080b00000, 0x0000000080b00000|100%| O|  |TAMS 0x0000000080b00000, 0x0000000080a00000| Untracked 
|  11|0x0000000080b00000, 0x0000000080c00000, 0x0000000080c00000|100%| O|  |TAMS 0x0000000080c00000, 0x0000000080b00000| Untracked 
|  12|0x0000000080c00000, 0x0000000080d00000, 0x0000000080d00000|100%| O|  |TAMS 0x0000000080d00000, 0x0000000080c00000| Untracked 
|  13|0x0000000080d00000, 0x0000000080e00000, 0x0000000080e00000|100%| O|  |TAMS 0x0000000080e00000, 0x0000000080d00000| Untracked 
|  14|0x0000000080e00000, 0x0000000080f00000, 0x0000000080f00000|100%| O|  |TAMS 0x0000000080f00000, 0x0000000080e00000| Untracked 
|  15|0x0000000080f00000, 0x0000000081000000, 0x0000000081000000|100%| O|  |TAMS 0x0000000081000000, 0x0000000080f00000| Untracked 
|  16|0x0000000081000000, 0x0000000081100000, 0x0000000081100000|100%| O|  |TAMS 0x0000000081100000, 0x0000000081000000| Untracked 
|  17|0x0000000081100000, 0x0000000081200000, 0x0000000081200000|100%| O|  |TAMS 0x0000000081200000, 0x0000000081100000| Untracked 
|  18|0x0000000081200000, 0x0000000081300000, 0x0000000081300000|100%| O|  |TAMS 0x0000000081300000, 0x0000000081200000| Untracked 
|  19|0x0000000081300000, 0x0000000081400000, 0x0000000081400000|100%| O|  |TAMS 0x0000000081400000, 0x0000000081300000| Untracked 
|  20|0x0000000081400000, 0x0000000081500000, 0x0000000081500000|100%| O|  |TAMS 0x0000000081500000, 0x0000000081400000| Untracked 
|  21|0x0000000081500000, 0x0000000081600000, 0x0000000081600000|100%|HS|  |TAMS 0x0000000081600000, 0x0000000081500000| Complete 
|  22|0x0000000081600000, 0x0000000081700000, 0x0000000081700000|100%|HC|  |TAMS 0x0000000081700000, 0x0000000081600000| Complete 
|  23|0x0000000081700000, 0x0000000081800000, 0x0000000081800000|100%|HS|  |TAMS 0x0000000081800000, 0x0000000081700000| Complete 
|  24|0x0000000081800000, 0x0000000081900000, 0x0000000081900000|100%|HC|  |TAMS 0x0000000081900000, 0x0000000081800000| Complete 
|  25|0x0000000081900000, 0x0000000081a00000, 0x0000000081a00000|100%|HC|  |TAMS 0x0000000081a00000, 0x0000000081900000| Complete 
|  26|0x0000000081a00000, 0x0000000081b00000, 0x0000000081b00000|100%|HS|  |TAMS 0x0000000081b00000, 0x0000000081a00000| Complete 
|  27|0x0000000081b00000, 0x0000000081c00000, 0x0000000081c00000|100%|HC|  |TAMS 0x0000000081c00000, 0x0000000081b00000| Complete 
|  28|0x0000000081c00000, 0x0000000081d00000, 0x0000000081d00000|100%|HC|  |TAMS 0x0000000081d00000, 0x0000000081c00000| Complete 
|  29|0x0000000081d00000, 0x0000000081e00000, 0x0000000081e00000|100%|HS|  |TAMS 0x0000000081e00000, 0x0000000081d00000| Complete 
|  30|0x0000000081e00000, 0x0000000081f00000, 0x0000000081f00000|100%|HC|  |TAMS 0x0000000081f00000, 0x0000000081e00000| Complete 
|  31|0x0000000081f00000, 0x0000000082000000, 0x0000000082000000|100%|HS|  |TAMS 0x0000000082000000, 0x0000000081f00000| Complete 
|  32|0x0000000082000000, 0x0000000082100000, 0x0000000082100000|100%|HC|  |TAMS 0x0000000082100000, 0x0000000082000000| Complete 
|  33|0x0000000082100000, 0x0000000082200000, 0x0000000082200000|100%|HC|  |TAMS 0x0000000082200000, 0x0000000082100000| Complete 
|  34|0x0000000082200000, 0x0000000082300000, 0x0000000082300000|100%|HC|  |TAMS 0x0000000082300000, 0x0000000082200000| Complete 
|  35|0x0000000082300000, 0x0000000082400000, 0x0000000082400000|100%|HC|  |TAMS 0x0000000082400000, 0x0000000082300000| Complete 
|  36|0x0000000082400000, 0x0000000082500000, 0x0000000082500000|100%|HC|  |TAMS 0x0000000082500000, 0x0000000082400000| Complete 
|  37|0x0000000082500000, 0x0000000082600000, 0x0000000082600000|100%|HC|  |TAMS 0x0000000082600000, 0x0000000082500000| Complete 
|  38|0x0000000082600000, 0x0000000082700000, 0x0000000082700000|100%|HC|  |TAMS 0x0000000082700000, 0x0000000082600000| Complete 
|  39|0x0000000082700000, 0x0000000082800000, 0x0000000082800000|100%|HC|  |TAMS 0x0000000082800000, 0x0000000082700000| Complete 
|  40|0x0000000082800000, 0x0000000082900000, 0x0000000082900000|100%|HC|  |TAMS 0x0000000082900000, 0x0000000082800000| Complete 
|  41|0x0000000082900000, 0x0000000082a00000, 0x0000000082a00000|100%| O|  |TAMS 0x0000000082a00000, 0x0000000082900000| Untracked 
|  42|0x0000000082a00000, 0x0000000082b00000, 0x0000000082b00000|100%|HS|  |TAMS 0x0000000082b00000, 0x0000000082a00000| Complete 
|  43|0x0000000082b00000, 0x0000000082c00000, 0x0000000082c00000|100%|HC|  |TAMS 0x0000000082c00000, 0x0000000082b00000| Complete 
|  44|0x0000000082c00000, 0x0000000082d00000, 0x0000000082d00000|100%|HS|  |TAMS 0x0000000082d00000, 0x0000000082c00000| Complete 
|  45|0x0000000082d00000, 0x0000000082e00000, 0x0000000082e00000|100%| O|  |TAMS 0x0000000082e00000, 0x0000000082d00000| Untracked 
|  46|0x0000000082e00000, 0x0000000082f00000, 0x0000000082f00000|100%| O|  |TAMS 0x0000000082f00000, 0x0000000082e00000| Untracked 
|  47|0x0000000082f00000, 0x0000000083000000, 0x0000000083000000|100%| O|  |TAMS 0x0000000083000000, 0x0000000082f00000| Untracked 
|  48|0x0000000083000000, 0x0000000083100000, 0x0000000083100000|100%|HS|  |TAMS 0x0000000083100000, 0x0000000083000000| Complete 
|  49|0x0000000083100000, 0x0000000083200000, 0x0000000083200000|100%|HC|  |TAMS 0x0000000083200000, 0x0000000083100000| Complete 
|  50|0x0000000083200000, 0x0000000083300000, 0x0000000083300000|100%|HC|  |TAMS 0x0000000083300000, 0x0000000083200000| Complete 
|  51|0x0000000083300000, 0x0000000083400000, 0x0000000083400000|100%|HC|  |TAMS 0x0000000083400000, 0x0000000083300000| Complete 
|  52|0x0000000083400000, 0x0000000083500000, 0x0000000083500000|100%|HC|  |TAMS 0x0000000083500000, 0x0000000083400000| Complete 
|  53|0x0000000083500000, 0x0000000083600000, 0x0000000083600000|100%|HC|  |TAMS 0x0000000083600000, 0x0000000083500000| Complete 
|  54|0x0000000083600000, 0x0000000083700000, 0x0000000083700000|100%|HS|  |TAMS 0x0000000083600000, 0x0000000083600000| Complete 
|  55|0x0000000083700000, 0x0000000083800000, 0x0000000083800000|100%| O|  |TAMS 0x0000000083800000, 0x0000000083700000| Untracked 
|  56|0x0000000083800000, 0x0000000083900000, 0x0000000083900000|100%| O|  |TAMS 0x0000000083900000, 0x0000000083800000| Untracked 
|  57|0x0000000083900000, 0x0000000083a00000, 0x0000000083a00000|100%| O|  |TAMS 0x0000000083a00000, 0x0000000083900000| Untracked 
|  58|0x0000000083a00000, 0x0000000083b00000, 0x0000000083b00000|100%| O|  |TAMS 0x0000000083b00000, 0x0000000083a00000| Untracked 
|  59|0x0000000083b00000, 0x0000000083c00000, 0x0000000083c00000|100%| O|  |TAMS 0x0000000083c00000, 0x0000000083b00000| Untracked 
|  60|0x0000000083c00000, 0x0000000083d00000, 0x0000000083d00000|100%| O|  |TAMS 0x0000000083d00000, 0x0000000083c00000| Untracked 
|  61|0x0000000083d00000, 0x0000000083e00000, 0x0000000083e00000|100%|HS|  |TAMS 0x0000000083e00000, 0x0000000083d00000| Complete 
|  62|0x0000000083e00000, 0x0000000083f00000, 0x0000000083f00000|100%|HC|  |TAMS 0x0000000083f00000, 0x0000000083e00000| Complete 
|  63|0x0000000083f00000, 0x0000000084000000, 0x0000000084000000|100%|HC|  |TAMS 0x0000000084000000, 0x0000000083f00000| Complete 
|  64|0x0000000084000000, 0x0000000084100000, 0x0000000084100000|100%|HC|  |TAMS 0x0000000084100000, 0x0000000084000000| Complete 
|  65|0x0000000084100000, 0x0000000084200000, 0x0000000084200000|100%|HC|  |TAMS 0x0000000084200000, 0x0000000084100000| Complete 
|  66|0x0000000084200000, 0x0000000084300000, 0x0000000084300000|100%|HC|  |TAMS 0x0000000084300000, 0x0000000084200000| Complete 
|  67|0x0000000084300000, 0x0000000084400000, 0x0000000084400000|100%|HC|  |TAMS 0x0000000084400000, 0x0000000084300000| Complete 
|  68|0x0000000084400000, 0x0000000084500000, 0x0000000084500000|100%|HC|  |TAMS 0x0000000084500000, 0x0000000084400000| Complete 
|  69|0x0000000084500000, 0x0000000084600000, 0x0000000084600000|100%|HC|  |TAMS 0x0000000084600000, 0x0000000084500000| Complete 
|  70|0x0000000084600000, 0x0000000084700000, 0x0000000084700000|100%|HC|  |TAMS 0x0000000084700000, 0x0000000084600000| Complete 
|  71|0x0000000084700000, 0x0000000084800000, 0x0000000084800000|100%|HC|  |TAMS 0x0000000084800000, 0x0000000084700000| Complete 
|  72|0x0000000084800000, 0x0000000084900000, 0x0000000084900000|100%|HS|  |TAMS 0x0000000084900000, 0x0000000084800000| Complete 
|  73|0x0000000084900000, 0x0000000084a00000, 0x0000000084a00000|100%|HC|  |TAMS 0x0000000084a00000, 0x0000000084900000| Complete 
|  74|0x0000000084a00000, 0x0000000084b00000, 0x0000000084b00000|100%|HS|  |TAMS 0x0000000084b00000, 0x0000000084a00000| Complete 
|  75|0x0000000084b00000, 0x0000000084c00000, 0x0000000084c00000|100%|HC|  |TAMS 0x0000000084c00000, 0x0000000084b00000| Complete 
|  76|0x0000000084c00000, 0x0000000084d00000, 0x0000000084d00000|100%|HC|  |TAMS 0x0000000084d00000, 0x0000000084c00000| Complete 
|  77|0x0000000084d00000, 0x0000000084e00000, 0x0000000084e00000|100%|HS|  |TAMS 0x0000000084e00000, 0x0000000084d00000| Complete 
|  78|0x0000000084e00000, 0x0000000084f00000, 0x0000000084f00000|100%|HC|  |TAMS 0x0000000084f00000, 0x0000000084e00000| Complete 
|  79|0x0000000084f00000, 0x0000000085000000, 0x0000000085000000|100%|HS|  |TAMS 0x0000000085000000, 0x0000000084f00000| Complete 
|  80|0x0000000085000000, 0x0000000085100000, 0x0000000085100000|100%|HC|  |TAMS 0x0000000085100000, 0x0000000085000000| Complete 
|  81|0x0000000085100000, 0x0000000085200000, 0x0000000085200000|100%|HC|  |TAMS 0x0000000085200000, 0x0000000085100000| Complete 
|  82|0x0000000085200000, 0x0000000085300000, 0x0000000085300000|100%| O|  |TAMS 0x0000000085300000, 0x0000000085200000| Untracked 
|  83|0x0000000085300000, 0x0000000085400000, 0x0000000085400000|100%| O|  |TAMS 0x0000000085400000, 0x0000000085300000| Untracked 
|  84|0x0000000085400000, 0x0000000085500000, 0x0000000085500000|100%| O|  |TAMS 0x0000000085500000, 0x0000000085400000| Untracked 
|  85|0x0000000085500000, 0x0000000085600000, 0x0000000085600000|100%| O|  |TAMS 0x0000000085600000, 0x0000000085500000| Untracked 
|  86|0x0000000085600000, 0x0000000085700000, 0x0000000085700000|100%| O|  |TAMS 0x0000000085700000, 0x0000000085600000| Untracked 
|  87|0x0000000085700000, 0x0000000085800000, 0x0000000085800000|100%| O|  |TAMS 0x0000000085800000, 0x0000000085700000| Untracked 
|  88|0x0000000085800000, 0x0000000085900000, 0x0000000085900000|100%|HS|  |TAMS 0x0000000085800000, 0x0000000085800000| Complete 
|  89|0x0000000085900000, 0x0000000085a00000, 0x0000000085a00000|100%|HC|  |TAMS 0x0000000085900000, 0x0000000085900000| Complete 
|  90|0x0000000085a00000, 0x0000000085b00000, 0x0000000085b00000|100%|HC|  |TAMS 0x0000000085a00000, 0x0000000085a00000| Complete 
|  91|0x0000000085b00000, 0x0000000085c00000, 0x0000000085c00000|100%|HC|  |TAMS 0x0000000085b00000, 0x0000000085b00000| Complete 
|  92|0x0000000085c00000, 0x0000000085d00000, 0x0000000085d00000|100%|HC|  |TAMS 0x0000000085c00000, 0x0000000085c00000| Complete 
|  93|0x0000000085d00000, 0x0000000085e00000, 0x0000000085e00000|100%|HC|  |TAMS 0x0000000085d00000, 0x0000000085d00000| Complete 
|  94|0x0000000085e00000, 0x0000000085f00000, 0x0000000085f00000|100%|HS|  |TAMS 0x0000000085e00000, 0x0000000085e00000| Complete 
|  95|0x0000000085f00000, 0x0000000086000000, 0x0000000086000000|100%|HS|  |TAMS 0x0000000085f00000, 0x0000000085f00000| Complete 
|  96|0x0000000086000000, 0x0000000086000000, 0x0000000086100000|  0%| F|  |TAMS 0x0000000086000000, 0x0000000086000000| Untracked 
|  97|0x0000000086100000, 0x0000000086100000, 0x0000000086200000|  0%| F|  |TAMS 0x0000000086100000, 0x0000000086100000| Untracked 
|  98|0x0000000086200000, 0x0000000086200000, 0x0000000086300000|  0%| F|  |TAMS 0x0000000086200000, 0x0000000086200000| Untracked 
|  99|0x0000000086300000, 0x0000000086300000, 0x0000000086400000|  0%| F|  |TAMS 0x0000000086300000, 0x0000000086300000| Untracked 
| 100|0x0000000086400000, 0x0000000086400000, 0x0000000086500000|  0%| F|  |TAMS 0x0000000086400000, 0x0000000086400000| Untracked 
| 101|0x0000000086500000, 0x0000000086500000, 0x0000000086600000|  0%| F|  |TAMS 0x0000000086500000, 0x0000000086500000| Untracked 
| 102|0x0000000086600000, 0x0000000086600000, 0x0000000086700000|  0%| F|  |TAMS 0x0000000086600000, 0x0000000086600000| Untracked 
| 103|0x0000000086700000, 0x0000000086800000, 0x0000000086800000|100%| O|  |TAMS 0x0000000086700000, 0x0000000086700000| Untracked 
| 104|0x0000000086800000, 0x0000000086900000, 0x0000000086900000|100%| O|  |TAMS 0x0000000086800000, 0x0000000086800000| Untracked 
| 105|0x0000000086900000, 0x0000000086a00000, 0x0000000086a00000|100%| O|  |TAMS 0x0000000086900000, 0x0000000086900000| Untracked 
| 106|0x0000000086a00000, 0x0000000086b00000, 0x0000000086b00000|100%| O|  |TAMS 0x0000000086a00000, 0x0000000086a00000| Untracked 
| 107|0x0000000086b00000, 0x0000000086c00000, 0x0000000086c00000|100%| O|  |TAMS 0x0000000086b00000, 0x0000000086b00000| Untracked 
| 108|0x0000000086c00000, 0x0000000086d00000, 0x0000000086d00000|100%| O|  |TAMS 0x0000000086c00000, 0x0000000086c00000| Untracked 
| 109|0x0000000086d00000, 0x0000000086e00000, 0x0000000086e00000|100%| O|  |TAMS 0x0000000086d00000, 0x0000000086d00000| Untracked 
| 110|0x0000000086e00000, 0x0000000086f00000, 0x0000000086f00000|100%| O|  |TAMS 0x0000000086e00000, 0x0000000086e00000| Untracked 
| 111|0x0000000086f00000, 0x0000000087000000, 0x0000000087000000|100%| O|  |TAMS 0x0000000086f00000, 0x0000000086f00000| Untracked 
| 112|0x0000000087000000, 0x0000000087100000, 0x0000000087100000|100%| O|  |TAMS 0x0000000087000000, 0x0000000087000000| Untracked 
| 113|0x0000000087100000, 0x0000000087200000, 0x0000000087200000|100%| O|  |TAMS 0x0000000087100000, 0x0000000087100000| Untracked 
| 114|0x0000000087200000, 0x0000000087300000, 0x0000000087300000|100%| O|  |TAMS 0x0000000087200000, 0x0000000087200000| Untracked 
| 115|0x0000000087300000, 0x0000000087385200, 0x0000000087400000| 52%| O|  |TAMS 0x0000000087300000, 0x0000000087300000| Untracked 
| 116|0x0000000087400000, 0x0000000087400000, 0x0000000087500000|  0%| F|  |TAMS 0x0000000087400000, 0x0000000087400000| Untracked 
| 117|0x0000000087500000, 0x0000000087500000, 0x0000000087600000|  0%| F|  |TAMS 0x0000000087500000, 0x0000000087500000| Untracked 
| 118|0x0000000087600000, 0x0000000087600000, 0x0000000087700000|  0%| F|  |TAMS 0x0000000087600000, 0x0000000087600000| Untracked 
| 119|0x0000000087700000, 0x0000000087700000, 0x0000000087800000|  0%| F|  |TAMS 0x0000000087700000, 0x0000000087700000| Untracked 
| 120|0x0000000087800000, 0x0000000087800000, 0x0000000087900000|  0%| F|  |TAMS 0x0000000087800000, 0x0000000087800000| Untracked 
| 121|0x0000000087900000, 0x0000000087900000, 0x0000000087a00000|  0%| F|  |TAMS 0x0000000087900000, 0x0000000087900000| Untracked 
| 122|0x0000000087a00000, 0x0000000087a00000, 0x0000000087b00000|  0%| F|  |TAMS 0x0000000087a00000, 0x0000000087a00000| Untracked 
| 123|0x0000000087b00000, 0x0000000087b00000, 0x0000000087c00000|  0%| F|  |TAMS 0x0000000087b00000, 0x0000000087b00000| Untracked 
| 124|0x0000000087c00000, 0x0000000087c00000, 0x0000000087d00000|  0%| F|  |TAMS 0x0000000087c00000, 0x0000000087c00000| Untracked 
| 125|0x0000000087d00000, 0x0000000087d00000, 0x0000000087e00000|  0%| F|  |TAMS 0x0000000087d00000, 0x0000000087d00000| Untracked 
| 126|0x0000000087e00000, 0x0000000087e00000, 0x0000000087f00000|  0%| F|  |TAMS 0x0000000087e00000, 0x0000000087e00000| Untracked 
| 127|0x0000000087f00000, 0x0000000087f00000, 0x0000000088000000|  0%| F|  |TAMS 0x0000000087f00000, 0x0000000087f00000| Untracked 
| 128|0x0000000088000000, 0x0000000088000000, 0x0000000088100000|  0%| F|  |TAMS 0x0000000088000000, 0x0000000088000000| Untracked 
| 129|0x0000000088100000, 0x0000000088100000, 0x0000000088200000|  0%| F|  |TAMS 0x0000000088100000, 0x0000000088100000| Untracked 
| 130|0x0000000088200000, 0x0000000088200000, 0x0000000088300000|  0%| F|  |TAMS 0x0000000088200000, 0x0000000088200000| Untracked 
| 131|0x0000000088300000, 0x0000000088300000, 0x0000000088400000|  0%| F|  |TAMS 0x0000000088300000, 0x0000000088300000| Untracked 
| 132|0x0000000088400000, 0x0000000088400000, 0x0000000088500000|  0%| F|  |TAMS 0x0000000088400000, 0x0000000088400000| Untracked 
| 133|0x0000000088500000, 0x0000000088500000, 0x0000000088600000|  0%| F|  |TAMS 0x0000000088500000, 0x0000000088500000| Untracked 
| 134|0x0000000088600000, 0x0000000088600000, 0x0000000088700000|  0%| F|  |TAMS 0x0000000088600000, 0x0000000088600000| Untracked 
| 135|0x0000000088700000, 0x0000000088700000, 0x0000000088800000|  0%| F|  |TAMS 0x0000000088700000, 0x0000000088700000| Untracked 
| 136|0x0000000088800000, 0x0000000088800000, 0x0000000088900000|  0%| F|  |TAMS 0x0000000088800000, 0x0000000088800000| Untracked 
| 137|0x0000000088900000, 0x0000000088900000, 0x0000000088a00000|  0%| F|  |TAMS 0x0000000088900000, 0x0000000088900000| Untracked 
| 138|0x0000000088a00000, 0x0000000088a00000, 0x0000000088b00000|  0%| F|  |TAMS 0x0000000088a00000, 0x0000000088a00000| Untracked 
| 139|0x0000000088b00000, 0x0000000088b00000, 0x0000000088c00000|  0%| F|  |TAMS 0x0000000088b00000, 0x0000000088b00000| Untracked 
| 140|0x0000000088c00000, 0x0000000088c00000, 0x0000000088d00000|  0%| F|  |TAMS 0x0000000088c00000, 0x0000000088c00000| Untracked 
| 141|0x0000000088d00000, 0x0000000088d00000, 0x0000000088e00000|  0%| F|  |TAMS 0x0000000088d00000, 0x0000000088d00000| Untracked 
| 142|0x0000000088e00000, 0x0000000088e00000, 0x0000000088f00000|  0%| F|  |TAMS 0x0000000088e00000, 0x0000000088e00000| Untracked 
| 143|0x0000000088f00000, 0x0000000088f00000, 0x0000000089000000|  0%| F|  |TAMS 0x0000000088f00000, 0x0000000088f00000| Untracked 
| 144|0x0000000089000000, 0x0000000089000000, 0x0000000089100000|  0%| F|  |TAMS 0x0000000089000000, 0x0000000089000000| Untracked 
| 145|0x0000000089100000, 0x0000000089100000, 0x0000000089200000|  0%| F|  |TAMS 0x0000000089100000, 0x0000000089100000| Untracked 
| 146|0x0000000089200000, 0x0000000089200000, 0x0000000089300000|  0%| F|  |TAMS 0x0000000089200000, 0x0000000089200000| Untracked 
| 147|0x0000000089300000, 0x0000000089300000, 0x0000000089400000|  0%| F|  |TAMS 0x0000000089300000, 0x0000000089300000| Untracked 
| 148|0x0000000089400000, 0x0000000089400000, 0x0000000089500000|  0%| F|  |TAMS 0x0000000089400000, 0x0000000089400000| Untracked 
| 149|0x0000000089500000, 0x0000000089500000, 0x0000000089600000|  0%| F|  |TAMS 0x0000000089500000, 0x0000000089500000| Untracked 
| 150|0x0000000089600000, 0x0000000089600000, 0x0000000089700000|  0%| F|  |TAMS 0x0000000089600000, 0x0000000089600000| Untracked 
| 151|0x0000000089700000, 0x0000000089700000, 0x0000000089800000|  0%| F|  |TAMS 0x0000000089700000, 0x0000000089700000| Untracked 
| 152|0x0000000089800000, 0x0000000089800000, 0x0000000089900000|  0%| F|  |TAMS 0x0000000089800000, 0x0000000089800000| Untracked 
| 153|0x0000000089900000, 0x0000000089900000, 0x0000000089a00000|  0%| F|  |TAMS 0x0000000089900000, 0x0000000089900000| Untracked 
| 154|0x0000000089a00000, 0x0000000089a00000, 0x0000000089b00000|  0%| F|  |TAMS 0x0000000089a00000, 0x0000000089a00000| Untracked 
| 155|0x0000000089b00000, 0x0000000089b00000, 0x0000000089c00000|  0%| F|  |TAMS 0x0000000089b00000, 0x0000000089b00000| Untracked 
| 156|0x0000000089c00000, 0x0000000089c00000, 0x0000000089d00000|  0%| F|  |TAMS 0x0000000089c00000, 0x0000000089c00000| Untracked 
| 157|0x0000000089d00000, 0x0000000089d00000, 0x0000000089e00000|  0%| F|  |TAMS 0x0000000089d00000, 0x0000000089d00000| Untracked 
| 158|0x0000000089e00000, 0x0000000089e00000, 0x0000000089f00000|  0%| F|  |TAMS 0x0000000089e00000, 0x0000000089e00000| Untracked 
| 159|0x0000000089f00000, 0x0000000089f00000, 0x000000008a000000|  0%| F|  |TAMS 0x0000000089f00000, 0x0000000089f00000| Untracked 
| 160|0x000000008a000000, 0x000000008a000000, 0x000000008a100000|  0%| F|  |TAMS 0x000000008a000000, 0x000000008a000000| Untracked 
| 161|0x000000008a100000, 0x000000008a100000, 0x000000008a200000|  0%| F|  |TAMS 0x000000008a100000, 0x000000008a100000| Untracked 
| 162|0x000000008a200000, 0x000000008a200000, 0x000000008a300000|  0%| F|  |TAMS 0x000000008a200000, 0x000000008a200000| Untracked 
| 163|0x000000008a300000, 0x000000008a300000, 0x000000008a400000|  0%| F|  |TAMS 0x000000008a300000, 0x000000008a300000| Untracked 
| 164|0x000000008a400000, 0x000000008a400000, 0x000000008a500000|  0%| F|  |TAMS 0x000000008a400000, 0x000000008a400000| Untracked 
| 165|0x000000008a500000, 0x000000008a600000, 0x000000008a600000|100%| S|CS|TAMS 0x000000008a500000, 0x000000008a500000| Complete 
| 166|0x000000008a600000, 0x000000008a700000, 0x000000008a700000|100%| S|CS|TAMS 0x000000008a600000, 0x000000008a600000| Complete 
| 167|0x000000008a700000, 0x000000008a800000, 0x000000008a800000|100%| S|CS|TAMS 0x000000008a700000, 0x000000008a700000| Complete 
| 168|0x000000008a800000, 0x000000008a900000, 0x000000008a900000|100%| S|CS|TAMS 0x000000008a800000, 0x000000008a800000| Complete 
| 169|0x000000008a900000, 0x000000008aa00000, 0x000000008aa00000|100%| S|CS|TAMS 0x000000008a900000, 0x000000008a900000| Complete 
| 170|0x000000008aa00000, 0x000000008ab00000, 0x000000008ab00000|100%| S|CS|TAMS 0x000000008aa00000, 0x000000008aa00000| Complete 
| 171|0x000000008ab00000, 0x000000008ac00000, 0x000000008ac00000|100%| S|CS|TAMS 0x000000008ab00000, 0x000000008ab00000| Complete 
| 172|0x000000008ac00000, 0x000000008ad00000, 0x000000008ad00000|100%| S|CS|TAMS 0x000000008ac00000, 0x000000008ac00000| Complete 
| 173|0x000000008ad00000, 0x000000008ae00000, 0x000000008ae00000|100%| S|CS|TAMS 0x000000008ad00000, 0x000000008ad00000| Complete 
| 174|0x000000008ae00000, 0x000000008af00000, 0x000000008af00000|100%| S|CS|TAMS 0x000000008ae00000, 0x000000008ae00000| Complete 
| 175|0x000000008af00000, 0x000000008af00000, 0x000000008b000000|  0%| F|  |TAMS 0x000000008af00000, 0x000000008af00000| Untracked 
| 176|0x000000008b000000, 0x000000008b000000, 0x000000008b100000|  0%| F|  |TAMS 0x000000008b000000, 0x000000008b000000| Untracked 
| 177|0x000000008b100000, 0x000000008b100000, 0x000000008b200000|  0%| F|  |TAMS 0x000000008b100000, 0x000000008b100000| Untracked 
| 178|0x000000008b200000, 0x000000008b200000, 0x000000008b300000|  0%| F|  |TAMS 0x000000008b200000, 0x000000008b200000| Untracked 
| 179|0x000000008b300000, 0x000000008b300000, 0x000000008b400000|  0%| F|  |TAMS 0x000000008b300000, 0x000000008b300000| Untracked 
| 180|0x000000008b400000, 0x000000008b400000, 0x000000008b500000|  0%| F|  |TAMS 0x000000008b400000, 0x000000008b400000| Untracked 
| 181|0x000000008b500000, 0x000000008b500000, 0x000000008b600000|  0%| F|  |TAMS 0x000000008b500000, 0x000000008b500000| Untracked 
| 182|0x000000008b600000, 0x000000008b600000, 0x000000008b700000|  0%| F|  |TAMS 0x000000008b600000, 0x000000008b600000| Untracked 
| 183|0x000000008b700000, 0x000000008b700000, 0x000000008b800000|  0%| F|  |TAMS 0x000000008b700000, 0x000000008b700000| Untracked 
| 184|0x000000008b800000, 0x000000008b800000, 0x000000008b900000|  0%| F|  |TAMS 0x000000008b800000, 0x000000008b800000| Untracked 
| 185|0x000000008b900000, 0x000000008b900000, 0x000000008ba00000|  0%| F|  |TAMS 0x000000008b900000, 0x000000008b900000| Untracked 
| 186|0x000000008ba00000, 0x000000008ba00000, 0x000000008bb00000|  0%| F|  |TAMS 0x000000008ba00000, 0x000000008ba00000| Untracked 
| 187|0x000000008bb00000, 0x000000008bb00000, 0x000000008bc00000|  0%| F|  |TAMS 0x000000008bb00000, 0x000000008bb00000| Untracked 
| 188|0x000000008bc00000, 0x000000008bc00000, 0x000000008bd00000|  0%| F|  |TAMS 0x000000008bc00000, 0x000000008bc00000| Untracked 
| 189|0x000000008bd00000, 0x000000008bd00000, 0x000000008be00000|  0%| F|  |TAMS 0x000000008bd00000, 0x000000008bd00000| Untracked 
| 190|0x000000008be00000, 0x000000008be00000, 0x000000008bf00000|  0%| F|  |TAMS 0x000000008be00000, 0x000000008be00000| Untracked 
| 191|0x000000008bf00000, 0x000000008bf00000, 0x000000008c000000|  0%| F|  |TAMS 0x000000008bf00000, 0x000000008bf00000| Untracked 
| 192|0x000000008c000000, 0x000000008c000000, 0x000000008c100000|  0%| F|  |TAMS 0x000000008c000000, 0x000000008c000000| Untracked 
| 193|0x000000008c100000, 0x000000008c100000, 0x000000008c200000|  0%| F|  |TAMS 0x000000008c100000, 0x000000008c100000| Untracked 
| 194|0x000000008c200000, 0x000000008c200000, 0x000000008c300000|  0%| F|  |TAMS 0x000000008c200000, 0x000000008c200000| Untracked 
| 195|0x000000008c300000, 0x000000008c300000, 0x000000008c400000|  0%| F|  |TAMS 0x000000008c300000, 0x000000008c300000| Untracked 
| 196|0x000000008c400000, 0x000000008c400000, 0x000000008c500000|  0%| F|  |TAMS 0x000000008c400000, 0x000000008c400000| Untracked 
| 197|0x000000008c500000, 0x000000008c500000, 0x000000008c600000|  0%| F|  |TAMS 0x000000008c500000, 0x000000008c500000| Untracked 
| 198|0x000000008c600000, 0x000000008c600000, 0x000000008c700000|  0%| F|  |TAMS 0x000000008c600000, 0x000000008c600000| Untracked 
| 199|0x000000008c700000, 0x000000008c700000, 0x000000008c800000|  0%| F|  |TAMS 0x000000008c700000, 0x000000008c700000| Untracked 
| 200|0x000000008c800000, 0x000000008c800000, 0x000000008c900000|  0%| F|  |TAMS 0x000000008c800000, 0x000000008c800000| Untracked 
| 201|0x000000008c900000, 0x000000008c900000, 0x000000008ca00000|  0%| F|  |TAMS 0x000000008c900000, 0x000000008c900000| Untracked 
| 202|0x000000008ca00000, 0x000000008ca00000, 0x000000008cb00000|  0%| F|  |TAMS 0x000000008ca00000, 0x000000008ca00000| Untracked 
| 203|0x000000008cb00000, 0x000000008cb00000, 0x000000008cc00000|  0%| F|  |TAMS 0x000000008cb00000, 0x000000008cb00000| Untracked 
| 204|0x000000008cc00000, 0x000000008cc00000, 0x000000008cd00000|  0%| F|  |TAMS 0x000000008cc00000, 0x000000008cc00000| Untracked 
| 205|0x000000008cd00000, 0x000000008cd00000, 0x000000008ce00000|  0%| F|  |TAMS 0x000000008cd00000, 0x000000008cd00000| Untracked 
| 206|0x000000008ce00000, 0x000000008ce00000, 0x000000008cf00000|  0%| F|  |TAMS 0x000000008ce00000, 0x000000008ce00000| Untracked 
| 207|0x000000008cf00000, 0x000000008cf00000, 0x000000008d000000|  0%| F|  |TAMS 0x000000008cf00000, 0x000000008cf00000| Untracked 
| 208|0x000000008d000000, 0x000000008d000000, 0x000000008d100000|  0%| F|  |TAMS 0x000000008d000000, 0x000000008d000000| Untracked 
| 209|0x000000008d100000, 0x000000008d100000, 0x000000008d200000|  0%| F|  |TAMS 0x000000008d100000, 0x000000008d100000| Untracked 
| 210|0x000000008d200000, 0x000000008d200000, 0x000000008d300000|  0%| F|  |TAMS 0x000000008d200000, 0x000000008d200000| Untracked 
| 211|0x000000008d300000, 0x000000008d300000, 0x000000008d400000|  0%| F|  |TAMS 0x000000008d300000, 0x000000008d300000| Untracked 
| 212|0x000000008d400000, 0x000000008d400000, 0x000000008d500000|  0%| F|  |TAMS 0x000000008d400000, 0x000000008d400000| Untracked 
| 213|0x000000008d500000, 0x000000008d500000, 0x000000008d600000|  0%| F|  |TAMS 0x000000008d500000, 0x000000008d500000| Untracked 
| 214|0x000000008d600000, 0x000000008d600000, 0x000000008d700000|  0%| F|  |TAMS 0x000000008d600000, 0x000000008d600000| Untracked 
| 215|0x000000008d700000, 0x000000008d700000, 0x000000008d800000|  0%| F|  |TAMS 0x000000008d700000, 0x000000008d700000| Untracked 
| 216|0x000000008d800000, 0x000000008d800000, 0x000000008d900000|  0%| F|  |TAMS 0x000000008d800000, 0x000000008d800000| Untracked 
| 217|0x000000008d900000, 0x000000008d900000, 0x000000008da00000|  0%| F|  |TAMS 0x000000008d900000, 0x000000008d900000| Untracked 
| 218|0x000000008da00000, 0x000000008da00000, 0x000000008db00000|  0%| F|  |TAMS 0x000000008da00000, 0x000000008da00000| Untracked 
| 219|0x000000008db00000, 0x000000008db00000, 0x000000008dc00000|  0%| F|  |TAMS 0x000000008db00000, 0x000000008db00000| Untracked 
| 220|0x000000008dc00000, 0x000000008dc00000, 0x000000008dd00000|  0%| F|  |TAMS 0x000000008dc00000, 0x000000008dc00000| Untracked 
| 221|0x000000008dd00000, 0x000000008dd00000, 0x000000008de00000|  0%| F|  |TAMS 0x000000008dd00000, 0x000000008dd00000| Untracked 
| 222|0x000000008de00000, 0x000000008de00000, 0x000000008df00000|  0%| F|  |TAMS 0x000000008de00000, 0x000000008de00000| Untracked 
| 223|0x000000008df00000, 0x000000008df00000, 0x000000008e000000|  0%| F|  |TAMS 0x000000008df00000, 0x000000008df00000| Untracked 
| 224|0x000000008e000000, 0x000000008e000000, 0x000000008e100000|  0%| F|  |TAMS 0x000000008e000000, 0x000000008e000000| Untracked 
| 225|0x000000008e100000, 0x000000008e100000, 0x000000008e200000|  0%| F|  |TAMS 0x000000008e100000, 0x000000008e100000| Untracked 
| 226|0x000000008e200000, 0x000000008e200000, 0x000000008e300000|  0%| F|  |TAMS 0x000000008e200000, 0x000000008e200000| Untracked 
| 227|0x000000008e300000, 0x000000008e300000, 0x000000008e400000|  0%| F|  |TAMS 0x000000008e300000, 0x000000008e300000| Untracked 
| 228|0x000000008e400000, 0x000000008e400000, 0x000000008e500000|  0%| F|  |TAMS 0x000000008e400000, 0x000000008e400000| Untracked 
| 229|0x000000008e500000, 0x000000008e500000, 0x000000008e600000|  0%| F|  |TAMS 0x000000008e500000, 0x000000008e500000| Untracked 
| 230|0x000000008e600000, 0x000000008e600000, 0x000000008e700000|  0%| F|  |TAMS 0x000000008e600000, 0x000000008e600000| Untracked 
| 231|0x000000008e700000, 0x000000008e700000, 0x000000008e800000|  0%| F|  |TAMS 0x000000008e700000, 0x000000008e700000| Untracked 
| 232|0x000000008e800000, 0x000000008e800000, 0x000000008e900000|  0%| F|  |TAMS 0x000000008e800000, 0x000000008e800000| Untracked 
| 233|0x000000008e900000, 0x000000008e900000, 0x000000008ea00000|  0%| F|  |TAMS 0x000000008e900000, 0x000000008e900000| Untracked 
| 234|0x000000008ea00000, 0x000000008ea00000, 0x000000008eb00000|  0%| F|  |TAMS 0x000000008ea00000, 0x000000008ea00000| Untracked 
| 235|0x000000008eb00000, 0x000000008eb00000, 0x000000008ec00000|  0%| F|  |TAMS 0x000000008eb00000, 0x000000008eb00000| Untracked 
| 236|0x000000008ec00000, 0x000000008ec00000, 0x000000008ed00000|  0%| F|  |TAMS 0x000000008ec00000, 0x000000008ec00000| Untracked 
| 237|0x000000008ed00000, 0x000000008ed00000, 0x000000008ee00000|  0%| F|  |TAMS 0x000000008ed00000, 0x000000008ed00000| Untracked 
| 238|0x000000008ee00000, 0x000000008ee00000, 0x000000008ef00000|  0%| F|  |TAMS 0x000000008ee00000, 0x000000008ee00000| Untracked 
| 239|0x000000008ef00000, 0x000000008ef00000, 0x000000008f000000|  0%| F|  |TAMS 0x000000008ef00000, 0x000000008ef00000| Untracked 
| 240|0x000000008f000000, 0x000000008f000000, 0x000000008f100000|  0%| F|  |TAMS 0x000000008f000000, 0x000000008f000000| Untracked 
| 241|0x000000008f100000, 0x000000008f100000, 0x000000008f200000|  0%| F|  |TAMS 0x000000008f100000, 0x000000008f100000| Untracked 
| 242|0x000000008f200000, 0x000000008f200000, 0x000000008f300000|  0%| F|  |TAMS 0x000000008f200000, 0x000000008f200000| Untracked 
| 243|0x000000008f300000, 0x000000008f300000, 0x000000008f400000|  0%| F|  |TAMS 0x000000008f300000, 0x000000008f300000| Untracked 
| 244|0x000000008f400000, 0x000000008f400000, 0x000000008f500000|  0%| F|  |TAMS 0x000000008f400000, 0x000000008f400000| Untracked 
| 245|0x000000008f500000, 0x000000008f500000, 0x000000008f600000|  0%| F|  |TAMS 0x000000008f500000, 0x000000008f500000| Untracked 
| 246|0x000000008f600000, 0x000000008f600000, 0x000000008f700000|  0%| F|  |TAMS 0x000000008f600000, 0x000000008f600000| Untracked 
| 247|0x000000008f700000, 0x000000008f700000, 0x000000008f800000|  0%| F|  |TAMS 0x000000008f700000, 0x000000008f700000| Untracked 
| 248|0x000000008f800000, 0x000000008f800000, 0x000000008f900000|  0%| F|  |TAMS 0x000000008f800000, 0x000000008f800000| Untracked 
| 249|0x000000008f900000, 0x000000008f900000, 0x000000008fa00000|  0%| F|  |TAMS 0x000000008f900000, 0x000000008f900000| Untracked 
| 250|0x000000008fa00000, 0x000000008fa00000, 0x000000008fb00000|  0%| F|  |TAMS 0x000000008fa00000, 0x000000008fa00000| Untracked 
| 251|0x000000008fb00000, 0x000000008fb00000, 0x000000008fc00000|  0%| F|  |TAMS 0x000000008fb00000, 0x000000008fb00000| Untracked 
| 252|0x000000008fc00000, 0x000000008fc00000, 0x000000008fd00000|  0%| F|  |TAMS 0x000000008fc00000, 0x000000008fc00000| Untracked 
| 253|0x000000008fd00000, 0x000000008fd00000, 0x000000008fe00000|  0%| F|  |TAMS 0x000000008fd00000, 0x000000008fd00000| Untracked 
| 254|0x000000008fe00000, 0x000000008fe00000, 0x000000008ff00000|  0%| F|  |TAMS 0x000000008fe00000, 0x000000008fe00000| Untracked 
| 255|0x000000008ff00000, 0x000000008ff00000, 0x0000000090000000|  0%| F|  |TAMS 0x000000008ff00000, 0x000000008ff00000| Untracked 
| 256|0x0000000090000000, 0x0000000090000000, 0x0000000090100000|  0%| F|  |TAMS 0x0000000090000000, 0x0000000090000000| Untracked 
| 257|0x0000000090100000, 0x0000000090100000, 0x0000000090200000|  0%| F|  |TAMS 0x0000000090100000, 0x0000000090100000| Untracked 
| 258|0x0000000090200000, 0x0000000090200000, 0x0000000090300000|  0%| F|  |TAMS 0x0000000090200000, 0x0000000090200000| Untracked 
| 259|0x0000000090300000, 0x0000000090300000, 0x0000000090400000|  0%| F|  |TAMS 0x0000000090300000, 0x0000000090300000| Untracked 
| 260|0x0000000090400000, 0x0000000090400000, 0x0000000090500000|  0%| F|  |TAMS 0x0000000090400000, 0x0000000090400000| Untracked 
| 261|0x0000000090500000, 0x0000000090500000, 0x0000000090600000|  0%| F|  |TAMS 0x0000000090500000, 0x0000000090500000| Untracked 
| 262|0x0000000090600000, 0x0000000090600000, 0x0000000090700000|  0%| F|  |TAMS 0x0000000090600000, 0x0000000090600000| Untracked 
| 263|0x0000000090700000, 0x0000000090700000, 0x0000000090800000|  0%| F|  |TAMS 0x0000000090700000, 0x0000000090700000| Untracked 
| 264|0x0000000090800000, 0x0000000090800000, 0x0000000090900000|  0%| F|  |TAMS 0x0000000090800000, 0x0000000090800000| Untracked 
| 265|0x0000000090900000, 0x0000000090900000, 0x0000000090a00000|  0%| F|  |TAMS 0x0000000090900000, 0x0000000090900000| Untracked 
| 266|0x0000000090a00000, 0x0000000090a00000, 0x0000000090b00000|  0%| F|  |TAMS 0x0000000090a00000, 0x0000000090a00000| Untracked 
| 267|0x0000000090b00000, 0x0000000090b00000, 0x0000000090c00000|  0%| F|  |TAMS 0x0000000090b00000, 0x0000000090b00000| Untracked 
| 268|0x0000000090c00000, 0x0000000090c00000, 0x0000000090d00000|  0%| F|  |TAMS 0x0000000090c00000, 0x0000000090c00000| Untracked 
| 269|0x0000000090d00000, 0x0000000090d00000, 0x0000000090e00000|  0%| F|  |TAMS 0x0000000090d00000, 0x0000000090d00000| Untracked 
| 270|0x0000000090e00000, 0x0000000090e00000, 0x0000000090f00000|  0%| F|  |TAMS 0x0000000090e00000, 0x0000000090e00000| Untracked 
| 271|0x0000000090f00000, 0x0000000090f00000, 0x0000000091000000|  0%| F|  |TAMS 0x0000000090f00000, 0x0000000090f00000| Untracked 
| 272|0x0000000091000000, 0x0000000091000000, 0x0000000091100000|  0%| F|  |TAMS 0x0000000091000000, 0x0000000091000000| Untracked 
| 273|0x0000000091100000, 0x0000000091100000, 0x0000000091200000|  0%| F|  |TAMS 0x0000000091100000, 0x0000000091100000| Untracked 
| 274|0x0000000091200000, 0x0000000091200000, 0x0000000091300000|  0%| F|  |TAMS 0x0000000091200000, 0x0000000091200000| Untracked 
| 275|0x0000000091300000, 0x0000000091300000, 0x0000000091400000|  0%| F|  |TAMS 0x0000000091300000, 0x0000000091300000| Untracked 
| 276|0x0000000091400000, 0x0000000091400000, 0x0000000091500000|  0%| F|  |TAMS 0x0000000091400000, 0x0000000091400000| Untracked 
| 277|0x0000000091500000, 0x0000000091500000, 0x0000000091600000|  0%| F|  |TAMS 0x0000000091500000, 0x0000000091500000| Untracked 
| 278|0x0000000091600000, 0x0000000091600000, 0x0000000091700000|  0%| F|  |TAMS 0x0000000091600000, 0x0000000091600000| Untracked 
| 279|0x0000000091700000, 0x0000000091700000, 0x0000000091800000|  0%| F|  |TAMS 0x0000000091700000, 0x0000000091700000| Untracked 
| 280|0x0000000091800000, 0x0000000091800000, 0x0000000091900000|  0%| F|  |TAMS 0x0000000091800000, 0x0000000091800000| Untracked 
| 281|0x0000000091900000, 0x0000000091900000, 0x0000000091a00000|  0%| F|  |TAMS 0x0000000091900000, 0x0000000091900000| Untracked 
| 282|0x0000000091a00000, 0x0000000091a00000, 0x0000000091b00000|  0%| F|  |TAMS 0x0000000091a00000, 0x0000000091a00000| Untracked 
| 283|0x0000000091b00000, 0x0000000091b00000, 0x0000000091c00000|  0%| F|  |TAMS 0x0000000091b00000, 0x0000000091b00000| Untracked 
| 284|0x0000000091c00000, 0x0000000091c00000, 0x0000000091d00000|  0%| F|  |TAMS 0x0000000091c00000, 0x0000000091c00000| Untracked 
| 285|0x0000000091d00000, 0x0000000091d00000, 0x0000000091e00000|  0%| F|  |TAMS 0x0000000091d00000, 0x0000000091d00000| Untracked 
| 286|0x0000000091e00000, 0x0000000091e00000, 0x0000000091f00000|  0%| F|  |TAMS 0x0000000091e00000, 0x0000000091e00000| Untracked 
| 287|0x0000000091f00000, 0x0000000091f00000, 0x0000000092000000|  0%| F|  |TAMS 0x0000000091f00000, 0x0000000091f00000| Untracked 
| 288|0x0000000092000000, 0x0000000092000000, 0x0000000092100000|  0%| F|  |TAMS 0x0000000092000000, 0x0000000092000000| Untracked 
| 289|0x0000000092100000, 0x0000000092100000, 0x0000000092200000|  0%| F|  |TAMS 0x0000000092100000, 0x0000000092100000| Untracked 
| 290|0x0000000092200000, 0x0000000092200000, 0x0000000092300000|  0%| F|  |TAMS 0x0000000092200000, 0x0000000092200000| Untracked 
| 291|0x0000000092300000, 0x0000000092300000, 0x0000000092400000|  0%| F|  |TAMS 0x0000000092300000, 0x0000000092300000| Untracked 
| 292|0x0000000092400000, 0x0000000092400000, 0x0000000092500000|  0%| F|  |TAMS 0x0000000092400000, 0x0000000092400000| Untracked 
| 293|0x0000000092500000, 0x0000000092500000, 0x0000000092600000|  0%| F|  |TAMS 0x0000000092500000, 0x0000000092500000| Untracked 
| 294|0x0000000092600000, 0x0000000092600000, 0x0000000092700000|  0%| F|  |TAMS 0x0000000092600000, 0x0000000092600000| Untracked 
| 295|0x0000000092700000, 0x0000000092800000, 0x0000000092800000|100%| E|  |TAMS 0x0000000092700000, 0x0000000092700000| Complete 
| 296|0x0000000092800000, 0x0000000092900000, 0x0000000092900000|100%| E|CS|TAMS 0x0000000092800000, 0x0000000092800000| Complete 
| 297|0x0000000092900000, 0x0000000092a00000, 0x0000000092a00000|100%| E|CS|TAMS 0x0000000092900000, 0x0000000092900000| Complete 
| 298|0x0000000092a00000, 0x0000000092b00000, 0x0000000092b00000|100%| E|CS|TAMS 0x0000000092a00000, 0x0000000092a00000| Complete 
| 299|0x0000000092b00000, 0x0000000092c00000, 0x0000000092c00000|100%| E|CS|TAMS 0x0000000092b00000, 0x0000000092b00000| Complete 
| 300|0x0000000092c00000, 0x0000000092d00000, 0x0000000092d00000|100%| E|CS|TAMS 0x0000000092c00000, 0x0000000092c00000| Complete 
| 301|0x0000000092d00000, 0x0000000092e00000, 0x0000000092e00000|100%| E|CS|TAMS 0x0000000092d00000, 0x0000000092d00000| Complete 
| 302|0x0000000092e00000, 0x0000000092f00000, 0x0000000092f00000|100%| E|CS|TAMS 0x0000000092e00000, 0x0000000092e00000| Complete 
| 303|0x0000000092f00000, 0x0000000093000000, 0x0000000093000000|100%| E|CS|TAMS 0x0000000092f00000, 0x0000000092f00000| Complete 
| 304|0x0000000093000000, 0x0000000093100000, 0x0000000093100000|100%| E|CS|TAMS 0x0000000093000000, 0x0000000093000000| Complete 
| 305|0x0000000093100000, 0x0000000093200000, 0x0000000093200000|100%| E|CS|TAMS 0x0000000093100000, 0x0000000093100000| Complete 
| 306|0x0000000093200000, 0x0000000093300000, 0x0000000093300000|100%| E|CS|TAMS 0x0000000093200000, 0x0000000093200000| Complete 
| 312|0x0000000093800000, 0x0000000093900000, 0x0000000093900000|100%| E|CS|TAMS 0x0000000093800000, 0x0000000093800000| Complete 
| 313|0x0000000093900000, 0x0000000093a00000, 0x0000000093a00000|100%| E|CS|TAMS 0x0000000093900000, 0x0000000093900000| Complete 
| 314|0x0000000093a00000, 0x0000000093b00000, 0x0000000093b00000|100%| E|CS|TAMS 0x0000000093a00000, 0x0000000093a00000| Complete 

Card table byte_map: [0x0000020da1430000,0x0000020da1830000] _byte_map_base: 0x0000020da1030000

Marking Bits (Prev, Next): (CMBitMap*) 0x0000020d8ebc19a0, (CMBitMap*) 0x0000020d8ebc1960
 Prev Bits: [0x0000020da3c30000, 0x0000020da5c30000)
 Next Bits: [0x0000020da1c30000, 0x0000020da3c30000)

Polling page: 0x0000020d8cb60000

Metaspace:

Usage:
  Non-class:     59.25 MB used.
      Class:      9.07 MB used.
       Both:     68.32 MB used.

Virtual space:
  Non-class space:       64.00 MB reserved,      59.62 MB ( 93%) committed,  8 nodes.
      Class space:        1.00 GB reserved,       9.38 MB ( <1%) committed,  1 nodes.
             Both:        1.06 GB reserved,      69.00 MB (  6%) committed. 

Chunk freelists:
   Non-Class:  176.00 KB
       Class:  2.58 MB
        Both:  2.75 MB

MaxMetaspaceSize: unlimited
CompressedClassSpaceSize: 1.00 GB
Initial GC threshold: 21.00 MB
Current GC threshold: 81.69 MB
CDS: off
MetaspaceReclaimPolicy: balanced
 - commit_granule_bytes: 65536.
 - commit_granule_words: 8192.
 - virtual_space_node_default_size: 1048576.
 - enlarge_chunks_in_place: 1.
 - new_chunks_are_fully_committed: 0.
 - uncommit_free_chunks: 1.
 - use_allocation_guard: 0.
 - handle_deallocations: 1.


Internal statistics:

num_allocs_failed_limit: 3.
num_arena_births: 726.
num_arena_deaths: 0.
num_vsnodes_births: 9.
num_vsnodes_deaths: 0.
num_space_committed: 1104.
num_space_uncommitted: 0.
num_chunks_returned_to_freelist: 3.
num_chunks_taken_from_freelist: 3121.
num_chunk_merges: 3.
num_chunk_splits: 2040.
num_chunks_enlarged: 1359.
num_purges: 0.
num_inconsistent_stats: 0.

CodeHeap 'non-profiled nmethods': size=120000Kb used=3478Kb max_used=3478Kb free=116521Kb
 bounds [0x0000020d99b00000, 0x0000020d99e70000, 0x0000020da1030000]
CodeHeap 'profiled nmethods': size=120000Kb used=12854Kb max_used=12854Kb free=107145Kb
 bounds [0x0000020d92030000, 0x0000020d92cc0000, 0x0000020d99560000]
CodeHeap 'non-nmethods': size=5760Kb used=2354Kb max_used=2396Kb free=3405Kb
 bounds [0x0000020d99560000, 0x0000020d997d0000, 0x0000020d99b00000]
 total_blobs=7338 nmethods=6456 adapters=794
 compilation: enabled
              stopped_count=0, restarted_count=0
 full_count=0

Compilation events (20 events):
Event: 13.468 Thread 0x0000020da8c19af0 7178       3       org.codehaus.groovy.runtime.MetaClassHelper::getMaximumInterfaceDistance (101 bytes)
Event: 13.468 Thread 0x0000020da8c19af0 nmethod 7178 0x0000020d92c9f610 code [0x0000020d92c9f820, 0x0000020d92c9fdd8]
Event: 13.499 Thread 0x0000020da8c19af0 7179       3       sun.reflect.generics.reflectiveObjects.ParameterizedTypeImpl::equals (81 bytes)
Event: 13.500 Thread 0x0000020da8c19af0 nmethod 7179 0x0000020d92ca0090 code [0x0000020d92ca02e0, 0x0000020d92ca0e88]
Event: 13.504 Thread 0x0000020da8c19af0 7181       3       org.codehaus.groovy.util.ComplexKeyHashMap::resize (103 bytes)
Event: 13.504 Thread 0x0000020da8c19af0 nmethod 7181 0x0000020d92ca1110 code [0x0000020d92ca12e0, 0x0000020d92ca1898]
Event: 13.504 Thread 0x0000020da8c19af0 7182   !   3       org.codehaus.groovy.reflection.ClassInfo::getMetaClass (33 bytes)
Event: 13.505 Thread 0x0000020da8c19af0 nmethod 7182 0x0000020d92ca1a90 code [0x0000020d92ca1d60, 0x0000020d92ca2b88]
Event: 13.505 Thread 0x0000020da8c19af0 7183       3       org.codehaus.groovy.reflection.ClassInfo::getMetaClassForClass (27 bytes)
Event: 13.505 Thread 0x0000020da8c19af0 nmethod 7183 0x0000020d92ca3090 code [0x0000020d92ca32a0, 0x0000020d92ca3b68]
Event: 13.533 Thread 0x0000020da8c19af0 7184       3       groovy.lang.MetaClassImpl$1::skipClass (17 bytes)
Event: 13.533 Thread 0x0000020da8c19af0 nmethod 7184 0x0000020d92ca3d90 code [0x0000020d92ca3f20, 0x0000020d92ca4098]
Event: 13.534 Thread 0x0000020da8c19af0 7185   !   3       sun.reflect.misc.ReflectUtil::isPackageAccessible (12 bytes)
Event: 13.535 Thread 0x0000020da8c19af0 nmethod 7185 0x0000020d92ca4190 code [0x0000020d92ca4460, 0x0000020d92ca5438]
Event: 13.536 Thread 0x0000020da8c19af0 7186       3       sun.reflect.generics.tree.Wildcard::make (10 bytes)
Event: 13.536 Thread 0x0000020da8c19af0 nmethod 7186 0x0000020d92ca5a90 code [0x0000020d92ca5c40, 0x0000020d92ca5ef8]
Event: 13.536 Thread 0x0000020da8c19af0 7187       3       sun.reflect.generics.tree.Wildcard::<init> (15 bytes)
Event: 13.537 Thread 0x0000020da8c19af0 nmethod 7187 0x0000020d92ca6010 code [0x0000020d92ca61c0, 0x0000020d92ca63d8]
Event: 13.537 Thread 0x0000020da8c19af0 7188       3       java.util.regex.Pattern$Dollar::match (209 bytes)
Event: 13.538 Thread 0x0000020da8c19af0 nmethod 7188 0x0000020d92ca6490 code [0x0000020d92ca6700, 0x0000020d92ca73d8]

GC Heap History (20 events):
Event: 8.160 GC heap before
{Heap before GC invocations=14 (full 0):
 garbage-first heap   total 111616K, used 86654K [0x0000000080000000, 0x0000000100000000)
  region size 1024K, 32 young (32768K), 2 survivors (2048K)
 Metaspace       used 41656K, committed 42048K, reserved 1089536K
  class space    used 5563K, committed 5760K, reserved 1048576K
}
Event: 8.167 GC heap after
{Heap after GC invocations=15 (full 0):
 garbage-first heap   total 111616K, used 60282K [0x0000000080000000, 0x0000000100000000)
  region size 1024K, 4 young (4096K), 4 survivors (4096K)
 Metaspace       used 41656K, committed 42048K, reserved 1089536K
  class space    used 5563K, committed 5760K, reserved 1048576K
}
Event: 8.169 GC heap before
{Heap before GC invocations=15 (full 0):
 garbage-first heap   total 111616K, used 61306K [0x0000000080000000, 0x0000000100000000)
  region size 1024K, 5 young (5120K), 4 survivors (4096K)
 Metaspace       used 41656K, committed 42048K, reserved 1089536K
  class space    used 5563K, committed 5760K, reserved 1048576K
}
Event: 8.176 GC heap after
{Heap after GC invocations=16 (full 0):
 garbage-first heap   total 111616K, used 60613K [0x0000000080000000, 0x0000000100000000)
  region size 1024K, 1 young (1024K), 1 survivors (1024K)
 Metaspace       used 41656K, committed 42048K, reserved 1089536K
  class space    used 5563K, committed 5760K, reserved 1048576K
}
Event: 8.291 GC heap before
{Heap before GC invocations=16 (full 0):
 garbage-first heap   total 111616K, used 70853K [0x0000000080000000, 0x0000000100000000)
  region size 1024K, 11 young (11264K), 1 survivors (1024K)
 Metaspace       used 42128K, committed 42560K, reserved 1089536K
  class space    used 5609K, committed 5824K, reserved 1048576K
}
Event: 8.293 GC heap after
{Heap after GC invocations=17 (full 0):
 garbage-first heap   total 111616K, used 62609K [0x0000000080000000, 0x0000000100000000)
  region size 1024K, 2 young (2048K), 2 survivors (2048K)
 Metaspace       used 42128K, committed 42560K, reserved 1089536K
  class space    used 5609K, committed 5824K, reserved 1048576K
}
Event: 8.934 GC heap before
{Heap before GC invocations=17 (full 0):
 garbage-first heap   total 111616K, used 89233K [0x0000000080000000, 0x0000000100000000)
  region size 1024K, 27 young (27648K), 2 survivors (2048K)
 Metaspace       used 45939K, committed 46272K, reserved 1089536K
  class space    used 6098K, committed 6272K, reserved 1048576K
}
Event: 8.938 GC heap after
{Heap after GC invocations=18 (full 0):
 garbage-first heap   total 111616K, used 63245K [0x0000000080000000, 0x0000000100000000)
  region size 1024K, 4 young (4096K), 4 survivors (4096K)
 Metaspace       used 45939K, committed 46272K, reserved 1089536K
  class space    used 6098K, committed 6272K, reserved 1048576K
}
Event: 9.085 GC heap before
{Heap before GC invocations=18 (full 0):
 garbage-first heap   total 111616K, used 66317K [0x0000000080000000, 0x0000000100000000)
  region size 1024K, 8 young (8192K), 4 survivors (4096K)
 Metaspace       used 46069K, committed 46528K, reserved 1089536K
  class space    used 6116K, committed 6336K, reserved 1048576K
}
Event: 9.089 GC heap after
{Heap after GC invocations=19 (full 0):
 garbage-first heap   total 111616K, used 64640K [0x0000000080000000, 0x0000000100000000)
  region size 1024K, 3 young (3072K), 3 survivors (3072K)
 Metaspace       used 46069K, committed 46528K, reserved 1089536K
  class space    used 6116K, committed 6336K, reserved 1048576K
}
Event: 9.773 GC heap before
{Heap before GC invocations=20 (full 0):
 garbage-first heap   total 130048K, used 107648K [0x0000000080000000, 0x0000000100000000)
  region size 1024K, 24 young (24576K), 3 survivors (3072K)
 Metaspace       used 48320K, committed 48768K, reserved 1097728K
  class space    used 6310K, committed 6528K, reserved 1048576K
}
Event: 9.777 GC heap after
{Heap after GC invocations=21 (full 0):
 garbage-first heap   total 130048K, used 89407K [0x0000000080000000, 0x0000000100000000)
  region size 1024K, 3 young (3072K), 3 survivors (3072K)
 Metaspace       used 48320K, committed 48768K, reserved 1097728K
  class space    used 6310K, committed 6528K, reserved 1048576K
}
Event: 9.837 GC heap before
{Heap before GC invocations=21 (full 0):
 garbage-first heap   total 130048K, used 92479K [0x0000000080000000, 0x0000000100000000)
  region size 1024K, 6 young (6144K), 3 survivors (3072K)
 Metaspace       used 48531K, committed 49088K, reserved 1097728K
  class space    used 6346K, committed 6592K, reserved 1048576K
}
Event: 9.842 GC heap after
{Heap after GC invocations=22 (full 0):
 garbage-first heap   total 130048K, used 89654K [0x0000000080000000, 0x0000000100000000)
  region size 1024K, 1 young (1024K), 1 survivors (1024K)
 Metaspace       used 48531K, committed 49088K, reserved 1097728K
  class space    used 6346K, committed 6592K, reserved 1048576K
}
Event: 10.024 GC heap before
{Heap before GC invocations=22 (full 0):
 garbage-first heap   total 130048K, used 108086K [0x0000000080000000, 0x0000000100000000)
  region size 1024K, 19 young (19456K), 1 survivors (1024K)
 Metaspace       used 49388K, committed 49920K, reserved 1097728K
  class space    used 6498K, committed 6720K, reserved 1048576K
}
Event: 10.028 GC heap after
{Heap after GC invocations=23 (full 0):
 garbage-first heap   total 322560K, used 91444K [0x0000000080000000, 0x0000000100000000)
  region size 1024K, 3 young (3072K), 3 survivors (3072K)
 Metaspace       used 49388K, committed 49920K, reserved 1097728K
  class space    used 6498K, committed 6720K, reserved 1048576K
}
Event: 11.968 GC heap before
{Heap before GC invocations=24 (full 0):
 garbage-first heap   total 317440K, used 207156K [0x0000000080000000, 0x0000000100000000)
  region size 1024K, 106 young (108544K), 3 survivors (3072K)
 Metaspace       used 58308K, committed 58944K, reserved 1105920K
  class space    used 7789K, committed 8064K, reserved 1048576K
}
Event: 11.978 GC heap after
{Heap after GC invocations=25 (full 0):
 garbage-first heap   total 317440K, used 111260K [0x0000000080000000, 0x0000000100000000)
  region size 1024K, 13 young (13312K), 13 survivors (13312K)
 Metaspace       used 58308K, committed 58944K, reserved 1105920K
  class space    used 7789K, committed 8064K, reserved 1048576K
}
Event: 13.475 GC heap before
{Heap before GC invocations=25 (full 0):
 garbage-first heap   total 317440K, used 243356K [0x0000000080000000, 0x0000000100000000)
  region size 1024K, 135 young (138240K), 13 survivors (13312K)
 Metaspace       used 69718K, committed 70400K, reserved 1114112K
  class space    used 9266K, committed 9600K, reserved 1048576K
}
Event: 13.493 GC heap after
{Heap after GC invocations=26 (full 0):
 garbage-first heap   total 317440K, used 121364K [0x0000000080000000, 0x0000000100000000)
  region size 1024K, 10 young (10240K), 10 survivors (10240K)
 Metaspace       used 69718K, committed 70400K, reserved 1114112K
  class space    used 9266K, committed 9600K, reserved 1048576K
}

Dll operation events (2 events):
Event: 0.010 Loaded shared library C:\Program Files\Android\Android Studio\jbr\bin\java.dll
Event: 0.367 Loaded shared library C:\Program Files\Android\Android Studio\jbr\bin\verify.dll

Deoptimization events (20 events):
Event: 13.286 Thread 0x0000020dabd99ed0 Uncommon trap: trap_request=0xffffffc6 fr.pc=0x0000020d99dc3308 relative=0x00000000000003c8
Event: 13.286 Thread 0x0000020dabd99ed0 Uncommon trap: reason=bimorphic_or_optimized_type_check action=maybe_recompile pc=0x0000020d99dc3308 method=groovy.lang.MetaClassImpl.filterPropertyMethod(Ljava/lang/Object;ZZ)Ljava/lang/Object; @ 165 c2
Event: 13.286 Thread 0x0000020dabd99ed0 DEOPT PACKING pc=0x0000020d99dc3308 sp=0x000000c2c17f8230
Event: 13.286 Thread 0x0000020dabd99ed0 DEOPT UNPACKING pc=0x0000020d995b69a3 sp=0x000000c2c17f8198 mode 2
Event: 13.300 Thread 0x0000020dabd99ed0 Uncommon trap: trap_request=0xffffff45 fr.pc=0x0000020d99dbeca8 relative=0x0000000000000788
Event: 13.300 Thread 0x0000020dabd99ed0 Uncommon trap: reason=unstable_if action=reinterpret pc=0x0000020d99dbeca8 method=com.sun.beans.introspect.MethodInfo$MethodOrder.compare(Ljava/lang/reflect/Method;Ljava/lang/reflect/Method;)I @ 124 c2
Event: 13.300 Thread 0x0000020dabd99ed0 DEOPT PACKING pc=0x0000020d99dbeca8 sp=0x000000c2c17f7be0
Event: 13.300 Thread 0x0000020dabd99ed0 DEOPT UNPACKING pc=0x0000020d995b69a3 sp=0x000000c2c17f7b10 mode 2
Event: 13.300 Thread 0x0000020dabd99ed0 Uncommon trap: trap_request=0xffffff45 fr.pc=0x0000020d99dbdac4 relative=0x0000000000000744
Event: 13.300 Thread 0x0000020dabd99ed0 Uncommon trap: reason=unstable_if action=reinterpret pc=0x0000020d99dbdac4 method=com.sun.beans.introspect.MethodInfo$MethodOrder.compare(Ljava/lang/reflect/Method;Ljava/lang/reflect/Method;)I @ 124 c2
Event: 13.300 Thread 0x0000020dabd99ed0 DEOPT PACKING pc=0x0000020d99dbdac4 sp=0x000000c2c17f7b50
Event: 13.300 Thread 0x0000020dabd99ed0 DEOPT UNPACKING pc=0x0000020d995b69a3 sp=0x000000c2c17f7b08 mode 2
Event: 13.335 Thread 0x0000020dabd99ed0 Uncommon trap: trap_request=0xffffff45 fr.pc=0x0000020d99dc280c relative=0x000000000000044c
Event: 13.335 Thread 0x0000020dabd99ed0 Uncommon trap: reason=unstable_if action=reinterpret pc=0x0000020d99dc280c method=java.util.StringJoiner.add(Ljava/lang/CharSequence;)Ljava/util/StringJoiner; @ 33 c2
Event: 13.335 Thread 0x0000020dabd99ed0 DEOPT PACKING pc=0x0000020d99dc280c sp=0x000000c2c17f67d0
Event: 13.335 Thread 0x0000020dabd99ed0 DEOPT UNPACKING pc=0x0000020d995b69a3 sp=0x000000c2c17f6780 mode 2
Event: 13.351 Thread 0x0000020dabd99ed0 Uncommon trap: trap_request=0xffffff45 fr.pc=0x0000020d99dc3578 relative=0x0000000000000638
Event: 13.351 Thread 0x0000020dabd99ed0 Uncommon trap: reason=unstable_if action=reinterpret pc=0x0000020d99dc3578 method=groovy.lang.MetaClassImpl.filterPropertyMethod(Ljava/lang/Object;ZZ)Ljava/lang/Object; @ 60 c2
Event: 13.351 Thread 0x0000020dabd99ed0 DEOPT PACKING pc=0x0000020d99dc3578 sp=0x000000c2c17f73f0
Event: 13.351 Thread 0x0000020dabd99ed0 DEOPT UNPACKING pc=0x0000020d995b69a3 sp=0x000000c2c17f7350 mode 2

Classes unloaded (0 events):
No events

Classes redefined (0 events):
No events

Internal exceptions (20 events):
Event: 13.460 Thread 0x0000020dabd99ed0 Exception <a 'java/lang/ClassNotFoundException'{0x000000008b07d2d8}: com/android/build/gradle/internal/dsl/NdkOptions_DecoratedBeanInfo> (0x000000008b07d2d8) 
thrown [s\src\hotspot\share\classfile\systemDictionary.cpp, line 256]
Event: 13.461 Thread 0x0000020dabd99ed0 Exception <a 'java/lang/ClassNotFoundException'{0x000000008b08bda8}: com/android/build/gradle/internal/dsl/NdkOptionsBeanInfo> (0x000000008b08bda8) 
thrown [s\src\hotspot\share\classfile\systemDictionary.cpp, line 256]
Event: 13.461 Thread 0x0000020dabd99ed0 Exception <a 'java/lang/ClassNotFoundException'{0x000000008b09a390}: com/android/build/gradle/internal/dsl/NdkOptionsCustomizer> (0x000000008b09a390) 
thrown [s\src\hotspot\share\classfile\systemDictionary.cpp, line 256]
Event: 13.463 Thread 0x0000020dabd99ed0 Exception <a 'java/lang/ClassNotFoundException'{0x000000008b0bc660}: com/android/build/gradle/internal/dsl/NdkOptions_DecoratedCustomizer> (0x000000008b0bc660) 
thrown [s\src\hotspot\share\classfile\systemDictionary.cpp, line 256]
Event: 13.470 Thread 0x0000020dabd99ed0 Exception <a 'java/lang/ClassNotFoundException'{0x000000008af244d8}: org/gradle/api/internal/NamedDomainObjectContainerConfigureDelegateBeanInfo> (0x000000008af244d8) 
thrown [s\src\hotspot\share\classfile\systemDictionary.cpp, line 256]
Event: 13.470 Thread 0x0000020dabd99ed0 Exception <a 'java/lang/ClassNotFoundException'{0x000000008af3c278}: org/gradle/api/internal/NamedDomainObjectContainerConfigureDelegateCustomizer> (0x000000008af3c278) 
thrown [s\src\hotspot\share\classfile\systemDictionary.cpp, line 256]
Event: 13.495 Thread 0x0000020dabd99ed0 Exception <a 'java/lang/ClassNotFoundException'{0x0000000093974360}: org/gradle/api/internal/FactoryNamedDomainObjectContainer_DecoratedBeanInfo> (0x0000000093974360) 
thrown [s\src\hotspot\share\classfile\systemDictionary.cpp, line 256]
Event: 13.497 Thread 0x0000020dabd99ed0 Exception <a 'java/lang/ClassNotFoundException'{0x000000009398d360}: org/gradle/api/internal/FactoryNamedDomainObjectContainerBeanInfo> (0x000000009398d360) 
thrown [s\src\hotspot\share\classfile\systemDictionary.cpp, line 256]
Event: 13.497 Thread 0x0000020dabd99ed0 Exception <a 'java/lang/ClassNotFoundException'{0x00000000939a6ba0}: org/gradle/api/internal/AbstractNamedDomainObjectContainerBeanInfo> (0x00000000939a6ba0) 
thrown [s\src\hotspot\share\classfile\systemDictionary.cpp, line 256]
Event: 13.498 Thread 0x0000020dabd99ed0 Exception <a 'java/lang/ClassNotFoundException'{0x00000000939c0180}: org/gradle/api/internal/DefaultNamedDomainObjectSetBeanInfo> (0x00000000939c0180) 
thrown [s\src\hotspot\share\classfile\systemDictionary.cpp, line 256]
Event: 13.499 Thread 0x0000020dabd99ed0 Exception <a 'java/lang/ClassNotFoundException'{0x00000000939d99d0}: org/gradle/api/internal/DefaultNamedDomainObjectSetCustomizer> (0x00000000939d99d0) 
thrown [s\src\hotspot\share\classfile\systemDictionary.cpp, line 256]
Event: 13.500 Thread 0x0000020dabd99ed0 Exception <a 'java/lang/ClassNotFoundException'{0x0000000093809370}: org/gradle/api/internal/AbstractNamedDomainObjectContainerCustomizer> (0x0000000093809370) 
thrown [s\src\hotspot\share\classfile\systemDictionary.cpp, line 256]
Event: 13.502 Thread 0x0000020dabd99ed0 Exception <a 'java/lang/ClassNotFoundException'{0x0000000093835580}: org/gradle/api/internal/FactoryNamedDomainObjectContainerCustomizer> (0x0000000093835580) 
thrown [s\src\hotspot\share\classfile\systemDictionary.cpp, line 256]
Event: 13.503 Thread 0x0000020dabd99ed0 Exception <a 'java/lang/ClassNotFoundException'{0x0000000093856d80}: org/gradle/api/internal/FactoryNamedDomainObjectContainer_DecoratedCustomizer> (0x0000000093856d80) 
thrown [s\src\hotspot\share\classfile\systemDictionary.cpp, line 256]
Event: 13.534 Thread 0x0000020dabd99ed0 Exception <a 'java/lang/ClassNotFoundException'{0x0000000092de7b00}: com/android/build/gradle/internal/dsl/BuildType$AgpDecorated_DecoratedBeanInfo> (0x0000000092de7b00) 
thrown [s\src\hotspot\share\classfile\systemDictionary.cpp, line 256]
Event: 13.534 Thread 0x0000020dabd99ed0 Exception <a 'java/lang/ClassNotFoundException'{0x0000000092df62d0}: com/android/build/gradle/internal/dsl/BuildType$AgpDecoratedBeanInfo> (0x0000000092df62d0) 
thrown [s\src\hotspot\share\classfile\systemDictionary.cpp, line 256]
Event: 13.534 Thread 0x0000020dabd99ed0 Exception <a 'java/lang/ClassNotFoundException'{0x0000000092c04ea8}: com/android/build/gradle/internal/dsl/BuildTypeBeanInfo> (0x0000000092c04ea8) 
thrown [s\src\hotspot\share\classfile\systemDictionary.cpp, line 256]
Event: 13.535 Thread 0x0000020dabd99ed0 Exception <a 'java/lang/ClassNotFoundException'{0x0000000092c139d8}: com/android/builder/core/AbstractBuildTypeBeanInfo> (0x0000000092c139d8) 
thrown [s\src\hotspot\share\classfile\systemDictionary.cpp, line 256]
Event: 13.535 Thread 0x0000020dabd99ed0 Exception <a 'java/lang/ClassNotFoundException'{0x0000000092c21fa8}: com/android/builder/core/AbstractBuildTypeCustomizer> (0x0000000092c21fa8) 
thrown [s\src\hotspot\share\classfile\systemDictionary.cpp, line 256]
Event: 13.536 Thread 0x0000020dabd99ed0 Exception <a 'java/lang/ClassNotFoundException'{0x0000000092c4cd90}: com/android/build/gradle/internal/dsl/BuildTypeCustomizer> (0x0000000092c4cd90) 
thrown [s\src\hotspot\share\classfile\systemDictionary.cpp, line 256]

VM Operations (20 events):
Event: 11.764 Executing VM operation: ICBufferFull
Event: 11.764 Executing VM operation: ICBufferFull done
Event: 11.950 Executing VM operation: HandshakeAllThreads
Event: 11.950 Executing VM operation: HandshakeAllThreads done
Event: 11.956 Executing VM operation: HandshakeAllThreads
Event: 11.956 Executing VM operation: HandshakeAllThreads done
Event: 11.967 Executing VM operation: G1CollectForAllocation
Event: 11.978 Executing VM operation: G1CollectForAllocation done
Event: 12.485 Executing VM operation: HandshakeAllThreads
Event: 12.485 Executing VM operation: HandshakeAllThreads done
Event: 12.518 Executing VM operation: HandshakeAllThreads
Event: 12.518 Executing VM operation: HandshakeAllThreads done
Event: 12.667 Executing VM operation: ICBufferFull
Event: 12.668 Executing VM operation: ICBufferFull done
Event: 12.947 Executing VM operation: ICBufferFull
Event: 12.947 Executing VM operation: ICBufferFull done
Event: 13.366 Executing VM operation: ICBufferFull
Event: 13.366 Executing VM operation: ICBufferFull done
Event: 13.475 Executing VM operation: G1CollectForAllocation
Event: 13.493 Executing VM operation: G1CollectForAllocation done

Events (20 events):
Event: 13.202 loading class java/util/regex/Pattern$Caret
Event: 13.202 loading class java/util/regex/Pattern$Caret done
Event: 13.289 loading class java/util/ArrayListBeanInfo
Event: 13.289 loading class java/util/ArrayListBeanInfo done
Event: 13.290 loading class java/util/ArrayListBeanInfo
Event: 13.290 loading class java/util/ArrayListBeanInfo done
Event: 13.290 loading class java/util/AbstractListBeanInfo
Event: 13.290 loading class java/util/AbstractListBeanInfo done
Event: 13.290 loading class java/util/AbstractListBeanInfo
Event: 13.290 loading class java/util/AbstractListBeanInfo done
Event: 13.290 loading class java/util/AbstractListCustomizer
Event: 13.290 loading class java/util/AbstractListCustomizer done
Event: 13.290 loading class java/util/AbstractListCustomizer
Event: 13.290 loading class java/util/AbstractListCustomizer done
Event: 13.291 loading class java/util/ArrayListCustomizer
Event: 13.291 loading class java/util/ArrayListCustomizer done
Event: 13.291 loading class java/util/ArrayListCustomizer
Event: 13.291 loading class java/util/ArrayListCustomizer done
Event: 13.447 loading class java/beans/IntrospectionException
Event: 13.447 loading class java/beans/IntrospectionException done


Dynamic libraries:
0x00007ff60d6e0000 - 0x00007ff60d6ea000 	C:\Program Files\Android\Android Studio\jbr\bin\java.exe
0x00007ff864a50000 - 0x00007ff864c64000 	C:\Windows\SYSTEM32\ntdll.dll
0x00007ff863760000 - 0x00007ff863822000 	C:\Windows\System32\KERNEL32.DLL
0x00007ff8620d0000 - 0x00007ff86246c000 	C:\Windows\System32\KERNELBASE.dll
0x00007ff861fb0000 - 0x00007ff8620c1000 	C:\Windows\System32\ucrtbase.dll
0x00007ff83e870000 - 0x00007ff83e88b000 	C:\Program Files\Android\Android Studio\jbr\bin\VCRUNTIME140.dll
0x00007ff83c6e0000 - 0x00007ff83c6f7000 	C:\Program Files\Android\Android Studio\jbr\bin\jli.dll
0x00007ff864670000 - 0x00007ff86481b000 	C:\Windows\System32\USER32.dll
0x00007ff862790000 - 0x00007ff8627b6000 	C:\Windows\System32\win32u.dll
0x00007ff8649e0000 - 0x00007ff864a09000 	C:\Windows\System32\GDI32.dll
0x00007ff861e90000 - 0x00007ff861fa2000 	C:\Windows\System32\gdi32full.dll
0x00007ff853140000 - 0x00007ff8533ce000 	C:\Windows\WinSxS\amd64_microsoft.windows.common-controls_6595b64144ccf1df_6.0.22621.317_none_a9434687c10c9fa2\COMCTL32.dll
0x00007ff8627c0000 - 0x00007ff86285a000 	C:\Windows\System32\msvcp_win.dll
0x00007ff8638b0000 - 0x00007ff863957000 	C:\Windows\System32\msvcrt.dll
0x00007ff8649a0000 - 0x00007ff8649d1000 	C:\Windows\System32\IMM32.DLL
0x00007ff8488b0000 - 0x00007ff8488bc000 	C:\Program Files\Android\Android Studio\jbr\bin\vcruntime140_1.dll
0x00007ff811e10000 - 0x00007ff811e9d000 	C:\Program Files\Android\Android Studio\jbr\bin\msvcp140.dll
0x00007ff80d390000 - 0x00007ff80dffd000 	C:\Program Files\Android\Android Studio\jbr\bin\server\jvm.dll
0x00007ff864400000 - 0x00007ff8644ae000 	C:\Windows\System32\ADVAPI32.dll
0x00007ff862dc0000 - 0x00007ff862e64000 	C:\Windows\System32\sechost.dll
0x00007ff862ca0000 - 0x00007ff862db5000 	C:\Windows\System32\RPCRT4.dll
0x00007ff853b60000 - 0x00007ff853b6a000 	C:\Windows\SYSTEM32\VERSION.dll
0x00007ff855680000 - 0x00007ff8556b4000 	C:\Windows\SYSTEM32\WINMM.dll
0x00007ff85d2e0000 - 0x00007ff85d2e9000 	C:\Windows\SYSTEM32\WSOCK32.dll
0x00007ff863ac0000 - 0x00007ff863b31000 	C:\Windows\System32\WS2_32.dll
0x00007ff860f10000 - 0x00007ff860f28000 	C:\Windows\SYSTEM32\kernel.appcore.dll
0x00007ff853990000 - 0x00007ff85399a000 	C:\Program Files\Android\Android Studio\jbr\bin\jimage.dll
0x00007ff850b60000 - 0x00007ff850d8e000 	C:\Windows\SYSTEM32\DBGHELP.DLL
0x00007ff862860000 - 0x00007ff862be9000 	C:\Windows\System32\combase.dll
0x00007ff864320000 - 0x00007ff8643f7000 	C:\Windows\System32\OLEAUT32.dll
0x00007ff850b20000 - 0x00007ff850b52000 	C:\Windows\SYSTEM32\dbgcore.DLL
0x00007ff862470000 - 0x00007ff8624eb000 	C:\Windows\System32\bcryptPrimitives.dll
0x00007ff8503e0000 - 0x00007ff850405000 	C:\Program Files\Android\Android Studio\jbr\bin\java.dll
0x00007ff8528c0000 - 0x00007ff8528d8000 	C:\Program Files\Android\Android Studio\jbr\bin\zip.dll
0x00007ff862f70000 - 0x00007ff86374b000 	C:\Windows\System32\SHELL32.dll
0x00007ff85fef0000 - 0x00007ff8607a5000 	C:\Windows\SYSTEM32\windows.storage.dll
0x00007ff85fdb0000 - 0x00007ff85feed000 	C:\Windows\SYSTEM32\wintypes.dll
0x00007ff862e70000 - 0x00007ff862f61000 	C:\Windows\System32\SHCORE.dll
0x00007ff862bf0000 - 0x00007ff862c4e000 	C:\Windows\System32\shlwapi.dll
0x00007ff861dc0000 - 0x00007ff861de1000 	C:\Windows\SYSTEM32\profapi.dll
0x00007ff850310000 - 0x00007ff850329000 	C:\Program Files\Android\Android Studio\jbr\bin\net.dll
0x00007ff85b530000 - 0x00007ff85b65f000 	C:\Windows\SYSTEM32\WINHTTP.dll
0x00007ff861370000 - 0x00007ff8613d9000 	C:\Windows\system32\mswsock.dll
0x00007ff8502f0000 - 0x00007ff850306000 	C:\Program Files\Android\Android Studio\jbr\bin\nio.dll
0x00007ff850360000 - 0x00007ff850370000 	C:\Program Files\Android\Android Studio\jbr\bin\verify.dll
0x00007ff8291c0000 - 0x00007ff8291e7000 	C:\Users\ahmed\.gradle\native\68d5fa5c4cc2d200863cafc0d521ce42e7d3e7ee720ec0a83991735586a16f82\windows-amd64\native-platform.dll
0x00007ff80ef80000 - 0x00007ff80f0c4000 	C:\Users\ahmed\.gradle\native\e376f236ea51e6404a007f0833ffe2c6e607c4080706a723a18a27aeea778392\windows-amd64\native-platform-file-events.dll
0x00007ff852730000 - 0x00007ff852739000 	C:\Program Files\Android\Android Studio\jbr\bin\management.dll
0x00007ff8503d0000 - 0x00007ff8503db000 	C:\Program Files\Android\Android Studio\jbr\bin\management_ext.dll
0x00007ff863750000 - 0x00007ff863758000 	C:\Windows\System32\PSAPI.DLL
0x00007ff8615b0000 - 0x00007ff8615cb000 	C:\Windows\SYSTEM32\CRYPTSP.dll
0x00007ff860e80000 - 0x00007ff860eb5000 	C:\Windows\system32\rsaenh.dll
0x00007ff861460000 - 0x00007ff861488000 	C:\Windows\SYSTEM32\USERENV.dll
0x00007ff8617e0000 - 0x00007ff861808000 	C:\Windows\SYSTEM32\bcrypt.dll
0x00007ff8615d0000 - 0x00007ff8615dc000 	C:\Windows\SYSTEM32\CRYPTBASE.dll
0x00007ff8609f0000 - 0x00007ff860a1d000 	C:\Windows\SYSTEM32\IPHLPAPI.DLL
0x00007ff8639c0000 - 0x00007ff8639c9000 	C:\Windows\System32\NSI.dll
0x00007ff85b4d0000 - 0x00007ff85b4e9000 	C:\Windows\SYSTEM32\dhcpcsvc6.DLL
0x00007ff85b510000 - 0x00007ff85b52f000 	C:\Windows\SYSTEM32\dhcpcsvc.DLL
0x00007ff860a20000 - 0x00007ff860b12000 	C:\Windows\SYSTEM32\DNSAPI.dll
0x00007ff84ff50000 - 0x00007ff84ff58000 	C:\Windows\system32\wshunix.dll

dbghelp: loaded successfully - version: 4.0.5 - missing functions: none
symbol engine: initialized successfully - sym options: 0x614 - pdb path: .;C:\Program Files\Android\Android Studio\jbr\bin;C:\Windows\SYSTEM32;C:\Windows\WinSxS\amd64_microsoft.windows.common-controls_6595b64144ccf1df_6.0.22621.317_none_a9434687c10c9fa2;C:\Program Files\Android\Android Studio\jbr\bin\server;C:\Users\ahmed\.gradle\native\68d5fa5c4cc2d200863cafc0d521ce42e7d3e7ee720ec0a83991735586a16f82\windows-amd64;C:\Users\ahmed\.gradle\native\e376f236ea51e6404a007f0833ffe2c6e607c4080706a723a18a27aeea778392\windows-amd64

VM Arguments:
jvm_args: --add-opens=java.base/java.util=ALL-UNNAMED --add-opens=java.base/java.lang=ALL-UNNAMED --add-opens=java.base/java.lang.invoke=ALL-UNNAMED --add-opens=java.prefs/java.util.prefs=ALL-UNNAMED --add-opens=java.base/java.nio.charset=ALL-UNNAMED --add-opens=java.base/java.net=ALL-UNNAMED --add-opens=java.base/java.util.concurrent.atomic=ALL-UNNAMED -Xmx2048m -Dfile.encoding=UTF-8 -Duser.country=US -Duser.language=en -Duser.variant 
java_command: org.gradle.launcher.daemon.bootstrap.GradleDaemon 8.0
java_class_path (initial): C:\Users\ahmed\.gradle\wrapper\dists\gradle-8.0-bin\ca5e32bp14vu59qr306oxotwh\gradle-8.0\lib\gradle-launcher-8.0.jar
Launcher Type: SUN_STANDARD

[Global flags]
     intx CICompilerCount                          = 3                                         {product} {ergonomic}
     uint ConcGCThreads                            = 1                                         {product} {ergonomic}
     uint G1ConcRefinementThreads                  = 4                                         {product} {ergonomic}
   size_t G1HeapRegionSize                         = 1048576                                   {product} {ergonomic}
    uintx GCDrainStackTargetSize                   = 64                                        {product} {ergonomic}
   size_t InitialHeapSize                          = 134217728                                 {product} {ergonomic}
   size_t MarkStackSize                            = 4194304                                   {product} {ergonomic}
   size_t MaxHeapSize                              = 2147483648                                {product} {command line}
   size_t MaxNewSize                               = 1287651328                                {product} {ergonomic}
   size_t MinHeapDeltaBytes                        = 1048576                                   {product} {ergonomic}
   size_t MinHeapSize                              = 8388608                                   {product} {ergonomic}
    uintx NonNMethodCodeHeapSize                   = 5832780                                {pd product} {ergonomic}
    uintx NonProfiledCodeHeapSize                  = 122912730                              {pd product} {ergonomic}
    uintx ProfiledCodeHeapSize                     = 122912730                              {pd product} {ergonomic}
    uintx ReservedCodeCacheSize                    = 251658240                              {pd product} {ergonomic}
     bool SegmentedCodeCache                       = true                                      {product} {ergonomic}
   size_t SoftMaxHeapSize                          = 2147483648                             {manageable} {ergonomic}
     bool UseCompressedClassPointers               = true                           {product lp64_product} {ergonomic}
     bool UseCompressedOops                        = true                           {product lp64_product} {ergonomic}
     bool UseG1GC                                  = true                                      {product} {ergonomic}
     bool UseLargePagesIndividualAllocation        = false                                  {pd product} {ergonomic}

Logging:
Log output configuration:
 #0: stdout all=warning uptime,level,tags
 #1: stderr all=off uptime,level,tags

Environment Variables:
PATH=C:\Program Files\Eclipse Adoptium\jdk-17.0.7.7-hotspot\bin;C:\Program Files\Common Files\Oracle\Java\javapath;C:\Windows\system32;C:\Windows;C:\Windows\System32\Wbem;C:\Windows\System32\WindowsPowerShell\v1.0\;C:\Windows\System32\OpenSSH\;C:\Program Files\dotnet\;C:\Program Files\nodejs\;C:\ProgramData\chocolatey\bin;C:\xampp\php;C:\composer;C:\ProgramData\ComposerSetup\bin;C:\Program Files\Git\cmd;C:\Users\ahmed\AppData\Local\Microsoft\WindowsApps;C:\Users\ahmed\AppData\Roaming\npm;C:\Users\ahmed\AppData\Local\Programs\Microsoft VS Code\bin;C:\Users\ahmed\AppData\Roaming\Composer\vendor\bin;C:\Program Files\heroku\bin
USERNAME=ahmed
OS=Windows_NT
PROCESSOR_IDENTIFIER=Intel64 Family 6 Model 58 Stepping 9, GenuineIntel
TMP=C:\Users\ahmed\AppData\Local\Temp
TEMP=C:\Users\ahmed\AppData\Local\Temp



---------------  S Y S T E M  ---------------

OS:
 Windows 11 , 64 bit Build 22621 (10.0.22621.457)
OS uptime: 0 days 12:29 hours

CPU: total 4 (initial active 4) (4 cores per cpu, 1 threads per core) family 6 model 58 stepping 9 microcode 0x21, cx8, cmov, fxsr, mmx, sse, sse2, sse3, ssse3, sse4.1, sse4.2, popcnt, tsc, tscinvbit, avx, aes, erms, clmul, vzeroupper, clflush

Memory: 4k page, system-wide physical 8066M (617M free)
TotalPageFile size 10114M (AvailPageFile size 6M)
current process WorkingSet (physical memory assigned to process): 486M, peak: 488M
current process commit charge ("private bytes"): 558M, peak: 559M

vm_info: OpenJDK 64-Bit Server VM (17.0.6+0-b2043.56-9586694) for windows-amd64 JRE (17.0.6+0-b2043.56-9586694), built on Feb  9 2023 20:06:20 by "androidbuild" with MS VC++ 16.10 / 16.11 (VS2019)

END.
