#
# There is insufficient memory for the Java Runtime Environment to continue.
# Native memory allocation (mmap) failed to map 10485760 bytes for G1 virtual space
# Possible reasons:
#   The system is out of physical RAM or swap space
#   The process is running with CompressedOops enabled, and the Java Heap may be blocking the growth of the native heap
# Possible solutions:
#   Reduce memory load on the system
#   Increase physical memory or swap space
#   Check if swap backing store is full
#   Decrease Java heap size (-Xmx/-Xms)
#   Decrease number of Java threads
#   Decrease Java thread stack sizes (-Xss)
#   Set larger code cache with -XX:ReservedCodeCacheSize=
#   JVM is running with Unscaled Compressed Oops mode in which the Java heap is
#     placed in the first 4GB address space. The Java Heap base address is the
#     maximum limit for the native heap growth. Please use -XX:HeapBaseMinAddress
#     to set the Java Heap base and to place the Java Heap above 4GB virtual address.
# This output file may be truncated or incomplete.
#
#  Out of Memory Error (os_windows.cpp:3769), pid=14136, tid=13936
#
# JRE version: OpenJDK Runtime Environment (17.0.6) (build 17.0.6+0-b2043.56-9586694)
# Java VM: OpenJDK 64-Bit Server VM (17.0.6+0-b2043.56-9586694, mixed mode, tiered, compressed oops, compressed class ptrs, g1 gc, windows-amd64)
# No core dump will be written. Minidumps are not enabled by default on client versions of Windows
#

---------------  S U M M A R Y ------------

Command Line: --add-opens=java.base/java.util=ALL-UNNAMED --add-opens=java.base/java.lang=ALL-UNNAMED --add-opens=java.base/java.lang.invoke=ALL-UNNAMED --add-opens=java.prefs/java.util.prefs=ALL-UNNAMED --add-opens=java.base/java.nio.charset=ALL-UNNAMED --add-opens=java.base/java.net=ALL-UNNAMED --add-opens=java.base/java.util.concurrent.atomic=ALL-UNNAMED -Xmx2048m -Dfile.encoding=UTF-8 -Duser.country=US -Duser.language=en -Duser.variant org.gradle.launcher.daemon.bootstrap.GradleDaemon 8.0

Host: Intel(R) Core(TM) i5-3570 CPU @ 3.40GHz, 4 cores, 7G,  Windows 11 , 64 bit Build 22621 (10.0.22621.457)
Time: Sun May 21 20:53:17 2023 Egypt Standard Time elapsed time: 11.419506 seconds (0d 0h 0m 11s)

---------------  T H R E A D  ---------------

Current thread (0x000001cd2fdc5620):  VMThread "VM Thread" [stack: 0x0000009855300000,0x0000009855400000] [id=13936]

Stack: [0x0000009855300000,0x0000009855400000]
Native frames: (J=compiled Java code, j=interpreted, Vv=VM code, C=native code)
V  [jvm.dll+0x683b4a]
V  [jvm.dll+0x842654]
V  [jvm.dll+0x843dfe]
V  [jvm.dll+0x844463]
V  [jvm.dll+0x249b75]
V  [jvm.dll+0x680a19]
V  [jvm.dll+0x674f0a]
V  [jvm.dll+0x309acb]
V  [jvm.dll+0x310f86]
V  [jvm.dll+0x3608ee]
V  [jvm.dll+0x360b1f]
V  [jvm.dll+0x2dfbf8]
V  [jvm.dll+0x2e2ce6]
V  [jvm.dll+0x2ed478]
V  [jvm.dll+0x322150]
V  [jvm.dll+0x84893b]
V  [jvm.dll+0x849674]
V  [jvm.dll+0x849b8d]
V  [jvm.dll+0x849f64]
V  [jvm.dll+0x84a030]
V  [jvm.dll+0x7f25fa]
V  [jvm.dll+0x682985]
C  [ucrtbase.dll+0x29363]
C  [KERNEL32.DLL+0x1244d]
C  [ntdll.dll+0x5df78]

VM_Operation (0x0000009854fffa20): G1Concurrent, mode: safepoint, requested by thread 0x000001cd16862b60


---------------  P R O C E S S  ---------------

Threads class SMR info:
_java_thread_list=0x000001cd38db1d10, length=87, elements={
0x000001cd167f7650, 0x000001cd2fdc8880, 0x000001cd2fdc9430, 0x000001cd2fdf64f0,
0x000001cd3081e020, 0x000001cd3081e9d0, 0x000001cd3081fb20, 0x000001cd30820800,
0x000001cd30825e10, 0x000001cd3088da30, 0x000001cd3098b7d0, 0x000001cd309cd400,
0x000001cd30ad8070, 0x000001cd31dde880, 0x000001cd32d3ee30, 0x000001cd31cfe870,
0x000001cd3315f930, 0x000001cd31b53d70, 0x000001cd32f4dea0, 0x000001cd32f4ed10,
0x000001cd32f4d500, 0x000001cd32f50050, 0x000001cd32f4d9d0, 0x000001cd32f4d030,
0x000001cd32f4f1e0, 0x000001cd32f4e370, 0x000001cd32f4f6b0, 0x000001cd32f4fb80,
0x000001cd32f4cb60, 0x000001cd32f4c690, 0x000001cd34c4dc40, 0x000001cd34c4c430,
0x000001cd34c4e110, 0x000001cd34c498e0, 0x000001cd34c4c900, 0x000001cd34c4e5e0,
0x000001cd34c48a70, 0x000001cd34c4f920, 0x000001cd34c49db0, 0x000001cd34c4a280,
0x000001cd34c4d2a0, 0x000001cd34c4b5c0, 0x000001cd34c4ac20, 0x000001cd34c4d770,
0x000001cd35eb4700, 0x000001cd35eb2080, 0x000001cd35eafed0, 0x000001cd35eb4230,
0x000001cd35eb5570, 0x000001cd35eb4bd0, 0x000001cd35eb2ef0, 0x000001cd35eb5f10,
0x000001cd35eb5a40, 0x000001cd35eb63e0, 0x000001cd35eaf060, 0x000001cd35eb3d60,
0x000001cd35eb1210, 0x000001cd35eb2550, 0x000001cd35eaf530, 0x000001cd35eb50a0,
0x000001cd35eb03a0, 0x000001cd35eb0d40, 0x000001cd35eb2a20, 0x000001cd35eb16e0,
0x000001cd35eb33c0, 0x000001cd35eb1bb0, 0x000001cd35eafa00, 0x000001cd35eb3890,
0x000001cd35eb68b0, 0x000001cd35eb0870, 0x000001cd356ef3e0, 0x000001cd356ed230,
0x000001cd356eea40, 0x000001cd356f1f30, 0x000001cd356ecd60, 0x000001cd356f10c0,
0x000001cd356ef8b0, 0x000001cd356ec890, 0x000001cd356eef10, 0x000001cd356efd80,
0x000001cd356f0250, 0x000001cd356ee0a0, 0x000001cd356ee570, 0x000001cd356f28d0,
0x000001cd356eba20, 0x000001cd356f0bf0, 0x000001cd356ebef0
}

Java Threads: ( => current thread )
  0x000001cd167f7650 JavaThread "main" [_thread_blocked, id=10180, stack(0x0000009854d00000,0x0000009854e00000)]
  0x000001cd2fdc8880 JavaThread "Reference Handler" daemon [_thread_blocked, id=10572, stack(0x0000009855400000,0x0000009855500000)]
  0x000001cd2fdc9430 JavaThread "Finalizer" daemon [_thread_blocked, id=9632, stack(0x0000009855500000,0x0000009855600000)]
  0x000001cd2fdf64f0 JavaThread "Signal Dispatcher" daemon [_thread_blocked, id=13584, stack(0x0000009855600000,0x0000009855700000)]
  0x000001cd3081e020 JavaThread "Attach Listener" daemon [_thread_blocked, id=13024, stack(0x0000009855700000,0x0000009855800000)]
  0x000001cd3081e9d0 JavaThread "Service Thread" daemon [_thread_blocked, id=2504, stack(0x0000009855800000,0x0000009855900000)]
  0x000001cd3081fb20 JavaThread "Monitor Deflation Thread" daemon [_thread_blocked, id=11280, stack(0x0000009855900000,0x0000009855a00000)]
  0x000001cd30820800 JavaThread "C2 CompilerThread0" daemon [_thread_blocked, id=4372, stack(0x0000009855a00000,0x0000009855b00000)]
  0x000001cd30825e10 JavaThread "C1 CompilerThread0" daemon [_thread_blocked, id=13308, stack(0x0000009855b00000,0x0000009855c00000)]
  0x000001cd3088da30 JavaThread "Sweeper thread" daemon [_thread_blocked, id=3204, stack(0x0000009855c00000,0x0000009855d00000)]
  0x000001cd3098b7d0 JavaThread "Common-Cleaner" daemon [_thread_blocked, id=6032, stack(0x0000009855d00000,0x0000009855e00000)]
  0x000001cd309cd400 JavaThread "Notification Thread" daemon [_thread_blocked, id=14264, stack(0x0000009855e00000,0x0000009855f00000)]
  0x000001cd30ad8070 JavaThread "C2 CompilerThread1" daemon [_thread_blocked, id=14588, stack(0x0000009856000000,0x0000009856100000)]
  0x000001cd31dde880 JavaThread "Daemon health stats" [_thread_blocked, id=11368, stack(0x0000009856400000,0x0000009856500000)]
  0x000001cd32d3ee30 JavaThread "Incoming local TCP Connector on port 56532" [_thread_in_native, id=12472, stack(0x0000009856500000,0x0000009856600000)]
  0x000001cd31cfe870 JavaThread "Daemon periodic checks" [_thread_blocked, id=660, stack(0x0000009856600000,0x0000009856700000)]
  0x000001cd3315f930 JavaThread "Daemon" [_thread_blocked, id=14584, stack(0x0000009856700000,0x0000009856800000)]
  0x000001cd31b53d70 JavaThread "Handler for socket connection from /127.0.0.1:56532 to /127.0.0.1:56533" [_thread_in_native, id=10400, stack(0x0000009856800000,0x0000009856900000)]
  0x000001cd32f4dea0 JavaThread "Cancel handler" [_thread_blocked, id=13908, stack(0x0000009856900000,0x0000009856a00000)]
  0x000001cd32f4ed10 JavaThread "Daemon worker" [_thread_blocked, id=13760, stack(0x0000009856a00000,0x0000009856b00000)]
  0x000001cd32f4d500 JavaThread "Asynchronous log dispatcher for DefaultDaemonConnection: socket connection from /127.0.0.1:56532 to /127.0.0.1:56533" [_thread_blocked, id=9504, stack(0x0000009856b00000,0x0000009856c00000)]
  0x000001cd32f50050 JavaThread "Stdin handler" [_thread_blocked, id=13360, stack(0x0000009856c00000,0x0000009856d00000)]
  0x000001cd32f4d9d0 JavaThread "Daemon client event forwarder" [_thread_blocked, id=11880, stack(0x0000009856d00000,0x0000009856e00000)]
  0x000001cd32f4d030 JavaThread "Cache worker for journal cache (C:\Users\ahmed\.gradle\caches\journal-1)" [_thread_blocked, id=9084, stack(0x0000009856e00000,0x0000009856f00000)]
  0x000001cd32f4f1e0 JavaThread "File lock request listener" [_thread_in_native, id=2008, stack(0x0000009856f00000,0x0000009857000000)]
  0x000001cd32f4e370 JavaThread "Cache worker for file hash cache (C:\Users\ahmed\.gradle\caches\8.0\fileHashes)" [_thread_blocked, id=14444, stack(0x0000009857000000,0x0000009857100000)]
  0x000001cd32f4f6b0 JavaThread "File watcher server" daemon [_thread_in_native, id=3080, stack(0x0000009857100000,0x0000009857200000)]
  0x000001cd32f4fb80 JavaThread "File watcher consumer" daemon [_thread_blocked, id=11856, stack(0x0000009857200000,0x0000009857300000)]
  0x000001cd32f4cb60 JavaThread "jar transforms" [_thread_blocked, id=11988, stack(0x0000009857300000,0x0000009857400000)]
  0x000001cd32f4c690 JavaThread "jar transforms Thread 2" [_thread_blocked, id=5908, stack(0x0000009857400000,0x0000009857500000)]
  0x000001cd34c4dc40 JavaThread "jar transforms Thread 3" [_thread_blocked, id=2600, stack(0x0000009857500000,0x0000009857600000)]
  0x000001cd34c4c430 JavaThread "jar transforms Thread 4" [_thread_blocked, id=8580, stack(0x0000009857600000,0x0000009857700000)]
  0x000001cd34c4e110 JavaThread "Cache worker for checksums cache (C:\Users\ahmed\StudioProjects\project-collage\.gradle\8.0\checksums)" [_thread_blocked, id=10472, stack(0x0000009857700000,0x0000009857800000)]
  0x000001cd34c498e0 JavaThread "Cache worker for cache directory md-rule (C:\Users\ahmed\.gradle\caches\8.0\md-rule)" [_thread_blocked, id=12688, stack(0x0000009857800000,0x0000009857900000)]
  0x000001cd34c4c900 JavaThread "Cache worker for file content cache (C:\Users\ahmed\.gradle\caches\8.0\fileContent)" [_thread_blocked, id=14796, stack(0x0000009857900000,0x0000009857a00000)]
  0x000001cd34c4e5e0 JavaThread "Cache worker for file hash cache (C:\Users\ahmed\StudioProjects\project-collage\.gradle\8.0\fileHashes)" [_thread_blocked, id=12924, stack(0x0000009857a00000,0x0000009857b00000)]
  0x000001cd34c48a70 JavaThread "Cache worker for cache directory md-supplier (C:\Users\ahmed\.gradle\caches\8.0\md-supplier)" [_thread_blocked, id=9848, stack(0x0000009857b00000,0x0000009857c00000)]
  0x000001cd34c4f920 JavaThread "Cache worker for execution history cache (C:\Users\ahmed\.gradle\caches\8.0\executionHistory)" [_thread_blocked, id=13744, stack(0x0000009857c00000,0x0000009857d00000)]
  0x000001cd34c49db0 JavaThread "Cache worker for dependencies-accessors (C:\Users\ahmed\StudioProjects\project-collage\.gradle\8.0\dependencies-accessors)" [_thread_blocked, id=14516, stack(0x0000009857d00000,0x0000009857e00000)]
  0x000001cd34c4a280 JavaThread "Cache worker for Build Output Cleanup Cache (C:\Users\ahmed\StudioProjects\project-collage\.gradle\buildOutputCleanup)" [_thread_blocked, id=5528, stack(0x0000009857e00000,0x0000009857f00000)]
  0x000001cd34c4d2a0 JavaThread "Unconstrained build operations" [_thread_blocked, id=2892, stack(0x0000009857f00000,0x0000009858000000)]
  0x000001cd34c4b5c0 JavaThread "Unconstrained build operations Thread 2" [_thread_blocked, id=11292, stack(0x0000009858000000,0x0000009858100000)]
  0x000001cd34c4ac20 JavaThread "Unconstrained build operations Thread 3" [_thread_blocked, id=6892, stack(0x0000009858100000,0x0000009858200000)]
  0x000001cd34c4d770 JavaThread "Unconstrained build operations Thread 4" [_thread_blocked, id=7608, stack(0x0000009858200000,0x0000009858300000)]
  0x000001cd35eb4700 JavaThread "Unconstrained build operations Thread 5" [_thread_blocked, id=13376, stack(0x0000009858300000,0x0000009858400000)]
  0x000001cd35eb2080 JavaThread "Unconstrained build operations Thread 6" [_thread_blocked, id=14372, stack(0x0000009858400000,0x0000009858500000)]
  0x000001cd35eafed0 JavaThread "Unconstrained build operations Thread 7" [_thread_blocked, id=11648, stack(0x0000009858500000,0x0000009858600000)]
  0x000001cd35eb4230 JavaThread "Unconstrained build operations Thread 8" [_thread_blocked, id=5272, stack(0x0000009858600000,0x0000009858700000)]
  0x000001cd35eb5570 JavaThread "Unconstrained build operations Thread 9" [_thread_blocked, id=6440, stack(0x0000009858700000,0x0000009858800000)]
  0x000001cd35eb4bd0 JavaThread "Unconstrained build operations Thread 10" [_thread_blocked, id=6844, stack(0x0000009858800000,0x0000009858900000)]
  0x000001cd35eb2ef0 JavaThread "Unconstrained build operations Thread 11" [_thread_blocked, id=10912, stack(0x0000009858900000,0x0000009858a00000)]
  0x000001cd35eb5f10 JavaThread "Unconstrained build operations Thread 12" [_thread_blocked, id=14800, stack(0x0000009858a00000,0x0000009858b00000)]
  0x000001cd35eb5a40 JavaThread "Unconstrained build operations Thread 13" [_thread_blocked, id=4024, stack(0x0000009858b00000,0x0000009858c00000)]
  0x000001cd35eb63e0 JavaThread "Unconstrained build operations Thread 14" [_thread_blocked, id=15284, stack(0x0000009858c00000,0x0000009858d00000)]
  0x000001cd35eaf060 JavaThread "Unconstrained build operations Thread 15" [_thread_blocked, id=14692, stack(0x0000009858d00000,0x0000009858e00000)]
  0x000001cd35eb3d60 JavaThread "Unconstrained build operations Thread 16" [_thread_blocked, id=6352, stack(0x0000009858e00000,0x0000009858f00000)]
  0x000001cd35eb1210 JavaThread "Unconstrained build operations Thread 17" [_thread_blocked, id=2608, stack(0x0000009858f00000,0x0000009859000000)]
  0x000001cd35eb2550 JavaThread "Unconstrained build operations Thread 18" [_thread_blocked, id=6316, stack(0x0000009859000000,0x0000009859100000)]
  0x000001cd35eaf530 JavaThread "Unconstrained build operations Thread 19" [_thread_blocked, id=14712, stack(0x0000009859100000,0x0000009859200000)]
  0x000001cd35eb50a0 JavaThread "Unconstrained build operations Thread 20" [_thread_blocked, id=11564, stack(0x0000009859200000,0x0000009859300000)]
  0x000001cd35eb03a0 JavaThread "Unconstrained build operations Thread 21" [_thread_blocked, id=13104, stack(0x0000009859300000,0x0000009859400000)]
  0x000001cd35eb0d40 JavaThread "Unconstrained build operations Thread 22" [_thread_blocked, id=10284, stack(0x0000009859400000,0x0000009859500000)]
  0x000001cd35eb2a20 JavaThread "Unconstrained build operations Thread 23" [_thread_blocked, id=10848, stack(0x0000009859500000,0x0000009859600000)]
  0x000001cd35eb16e0 JavaThread "Unconstrained build operations Thread 24" [_thread_blocked, id=14848, stack(0x0000009859600000,0x0000009859700000)]
  0x000001cd35eb33c0 JavaThread "Unconstrained build operations Thread 25" [_thread_blocked, id=11640, stack(0x0000009859700000,0x0000009859800000)]
  0x000001cd35eb1bb0 JavaThread "Unconstrained build operations Thread 26" [_thread_blocked, id=14624, stack(0x0000009859800000,0x0000009859900000)]
  0x000001cd35eafa00 JavaThread "Unconstrained build operations Thread 27" [_thread_blocked, id=13860, stack(0x0000009859900000,0x0000009859a00000)]
  0x000001cd35eb3890 JavaThread "Unconstrained build operations Thread 28" [_thread_blocked, id=9668, stack(0x0000009859a00000,0x0000009859b00000)]
  0x000001cd35eb68b0 JavaThread "Unconstrained build operations Thread 29" [_thread_blocked, id=12484, stack(0x0000009859b00000,0x0000009859c00000)]
  0x000001cd35eb0870 JavaThread "Unconstrained build operations Thread 30" [_thread_blocked, id=5276, stack(0x0000009859c00000,0x0000009859d00000)]
  0x000001cd356ef3e0 JavaThread "Unconstrained build operations Thread 31" [_thread_blocked, id=14092, stack(0x0000009859d00000,0x0000009859e00000)]
  0x000001cd356ed230 JavaThread "Unconstrained build operations Thread 32" [_thread_blocked, id=14064, stack(0x0000009859e00000,0x0000009859f00000)]
  0x000001cd356eea40 JavaThread "Unconstrained build operations Thread 33" [_thread_blocked, id=13784, stack(0x0000009859f00000,0x000000985a000000)]
  0x000001cd356f1f30 JavaThread "Unconstrained build operations Thread 34" [_thread_blocked, id=7520, stack(0x000000985a000000,0x000000985a100000)]
  0x000001cd356ecd60 JavaThread "Unconstrained build operations Thread 35" [_thread_blocked, id=12576, stack(0x000000985a100000,0x000000985a200000)]
  0x000001cd356f10c0 JavaThread "Unconstrained build operations Thread 36" [_thread_blocked, id=13436, stack(0x000000985a200000,0x000000985a300000)]
  0x000001cd356ef8b0 JavaThread "Unconstrained build operations Thread 37" [_thread_blocked, id=14440, stack(0x000000985a300000,0x000000985a400000)]
  0x000001cd356ec890 JavaThread "Unconstrained build operations Thread 38" [_thread_blocked, id=12332, stack(0x000000985a400000,0x000000985a500000)]
  0x000001cd356eef10 JavaThread "Unconstrained build operations Thread 39" [_thread_blocked, id=8712, stack(0x000000985a500000,0x000000985a600000)]
  0x000001cd356efd80 JavaThread "Unconstrained build operations Thread 40" [_thread_blocked, id=14580, stack(0x000000985a600000,0x000000985a700000)]
  0x000001cd356f0250 JavaThread "Memory manager" [_thread_blocked, id=14996, stack(0x000000985a700000,0x000000985a800000)]
  0x000001cd356ee0a0 JavaThread "included builds" [_thread_blocked, id=11704, stack(0x000000985a800000,0x000000985a900000)]
  0x000001cd356ee570 JavaThread "Execution worker" [_thread_blocked, id=13500, stack(0x000000985a900000,0x000000985aa00000)]
  0x000001cd356f28d0 JavaThread "Execution worker Thread 2" [_thread_blocked, id=15120, stack(0x000000985aa00000,0x000000985ab00000)]
  0x000001cd356eba20 JavaThread "Execution worker Thread 3" [_thread_blocked, id=8724, stack(0x000000985ab00000,0x000000985ac00000)]
  0x000001cd356f0bf0 JavaThread "Cache worker for execution history cache (C:\Users\ahmed\StudioProjects\project-collage\.gradle\8.0\executionHistory)" [_thread_blocked, id=1720, stack(0x000000985ac00000,0x000000985ad00000)]
  0x000001cd356ebef0 JavaThread "idea-tooling-model-converter" [_thread_blocked, id=12776, stack(0x000000985ad00000,0x000000985ae00000)]

Other Threads:
=>0x000001cd2fdc5620 VMThread "VM Thread" [stack: 0x0000009855300000,0x0000009855400000] [id=13936]
  0x000001cd309cd8d0 WatcherThread [stack: 0x0000009855f00000,0x0000009856000000] [id=4832]
  0x000001cd16851c20 GCTaskThread "GC Thread#0" [stack: 0x0000009854e00000,0x0000009854f00000] [id=5148]
  0x000001cd30ceb630 GCTaskThread "GC Thread#1" [stack: 0x0000009856100000,0x0000009856200000] [id=14256]
  0x000001cd30e2bf00 GCTaskThread "GC Thread#2" [stack: 0x0000009856200000,0x0000009856300000] [id=9804]
  0x000001cd3175b390 GCTaskThread "GC Thread#3" [stack: 0x0000009856300000,0x0000009856400000] [id=14604]
  0x000001cd16862b60 ConcurrentGCThread "G1 Main Marker" [stack: 0x0000009854f00000,0x0000009855000000] [id=10836]
  0x000001cd16863e70 ConcurrentGCThread "G1 Conc#0" [stack: 0x0000009855000000,0x0000009855100000] [id=3332]
  0x000001cd2fc200a0 ConcurrentGCThread "G1 Refine#0" [stack: 0x0000009855100000,0x0000009855200000] [id=10632]
  0x000001cd2fc22ad0 ConcurrentGCThread "G1 Service" [stack: 0x0000009855200000,0x0000009855300000] [id=2080]

Threads with active compile tasks:
C2 CompilerThread0    11505 8474       4       java.lang.Class::privateGetPublicMethods (224 bytes)
C2 CompilerThread1    11505 8541       4       java.lang.reflect.Method::getGenericInfo (27 bytes)

VM state: at safepoint (normal execution)

VM Mutex/Monitor currently owned by a thread:  ([mutex/lock_event])
[0x000001cd167f12d0] Threads_lock - owner thread: 0x000001cd2fdc5620
[0x000001cd167f2b90] Heap_lock - owner thread: 0x000001cd16862b60

Heap address: 0x0000000080000000, size: 2048 MB, Compressed Oops mode: 32-bit

CDS archive(s) not mapped
Compressed class space mapped at: 0x0000000100000000-0x0000000140000000, reserved size: 1073741824
Narrow klass base: 0x0000000000000000, Narrow klass shift: 3, Narrow klass range: 0x140000000

GC Precious Log:
 CPUs: 4 total, 4 available
 Memory: 8066M
 Large Page Support: Disabled
 NUMA Support: Disabled
 Compressed Oops: Enabled (32-bit)
 Heap Region Size: 1M
 Heap Min Capacity: 8M
 Heap Initial Capacity: 128M
 Heap Max Capacity: 2G
 Pre-touch: Disabled
 Parallel Workers: 4
 Concurrent Workers: 1
 Concurrent Refinement Workers: 4
 Periodic GC: Disabled

Heap:
 garbage-first heap   total 278528K, used 171785K [0x0000000080000000, 0x0000000100000000)
  region size 1024K, 11 young (11264K), 8 survivors (8192K)
 Metaspace       used 82814K, committed 83584K, reserved 1122304K
  class space    used 11214K, committed 11584K, reserved 1048576K

Heap Regions: E=young(eden), S=young(survivor), O=old, HS=humongous(starts), HC=humongous(continues), CS=collection set, F=free, OA=open archive, CA=closed archive, TAMS=top-at-mark-start (previous, next)
|   0|0x0000000080000000, 0x0000000080100000, 0x0000000080100000|100%| O|  |TAMS 0x0000000080100000, 0x0000000080000000| Untracked 
|   1|0x0000000080100000, 0x0000000080200000, 0x0000000080200000|100%| O|  |TAMS 0x0000000080200000, 0x0000000080100000| Untracked 
|   2|0x0000000080200000, 0x0000000080300000, 0x0000000080300000|100%|HS|  |TAMS 0x0000000080300000, 0x0000000080200000| Complete 
|   3|0x0000000080300000, 0x0000000080400000, 0x0000000080400000|100%|HC|  |TAMS 0x0000000080400000, 0x0000000080300000| Complete 
|   4|0x0000000080400000, 0x0000000080500000, 0x0000000080500000|100%|HC|  |TAMS 0x0000000080500000, 0x0000000080400000| Complete 
|   5|0x0000000080500000, 0x0000000080600000, 0x0000000080600000|100%|HC|  |TAMS 0x0000000080600000, 0x0000000080500000| Complete 
|   6|0x0000000080600000, 0x0000000080700000, 0x0000000080700000|100%| O|  |TAMS 0x0000000080700000, 0x0000000080600000| Untracked 
|   7|0x0000000080700000, 0x0000000080800000, 0x0000000080800000|100%| O|  |TAMS 0x0000000080800000, 0x0000000080700000| Untracked 
|   8|0x0000000080800000, 0x0000000080900000, 0x0000000080900000|100%| O|  |TAMS 0x0000000080900000, 0x0000000080800000| Untracked 
|   9|0x0000000080900000, 0x0000000080a00000, 0x0000000080a00000|100%| O|  |TAMS 0x0000000080a00000, 0x0000000080900000| Untracked 
|  10|0x0000000080a00000, 0x0000000080b00000, 0x0000000080b00000|100%| O|  |TAMS 0x0000000080b00000, 0x0000000080a00000| Untracked 
|  11|0x0000000080b00000, 0x0000000080c00000, 0x0000000080c00000|100%| O|  |TAMS 0x0000000080c00000, 0x0000000080b00000| Untracked 
|  12|0x0000000080c00000, 0x0000000080d00000, 0x0000000080d00000|100%| O|  |TAMS 0x0000000080d00000, 0x0000000080c00000| Untracked 
|  13|0x0000000080d00000, 0x0000000080e00000, 0x0000000080e00000|100%| O|  |TAMS 0x0000000080e00000, 0x0000000080d00000| Untracked 
|  14|0x0000000080e00000, 0x0000000080f00000, 0x0000000080f00000|100%| O|  |TAMS 0x0000000080f00000, 0x0000000080e00000| Untracked 
|  15|0x0000000080f00000, 0x0000000081000000, 0x0000000081000000|100%| O|  |TAMS 0x0000000081000000, 0x0000000080f00000| Untracked 
|  16|0x0000000081000000, 0x0000000081100000, 0x0000000081100000|100%| O|  |TAMS 0x0000000081100000, 0x0000000081000000| Untracked 
|  17|0x0000000081100000, 0x0000000081200000, 0x0000000081200000|100%| O|  |TAMS 0x0000000081200000, 0x0000000081100000| Untracked 
|  18|0x0000000081200000, 0x0000000081300000, 0x0000000081300000|100%| O|  |TAMS 0x0000000081300000, 0x0000000081200000| Untracked 
|  19|0x0000000081300000, 0x0000000081400000, 0x0000000081400000|100%| O|  |TAMS 0x0000000081400000, 0x0000000081300000| Untracked 
|  20|0x0000000081400000, 0x0000000081500000, 0x0000000081500000|100%| O|  |TAMS 0x0000000081500000, 0x0000000081400000| Untracked 
|  21|0x0000000081500000, 0x0000000081600000, 0x0000000081600000|100%|HS|  |TAMS 0x0000000081600000, 0x0000000081500000| Complete 
|  22|0x0000000081600000, 0x0000000081700000, 0x0000000081700000|100%|HC|  |TAMS 0x0000000081700000, 0x0000000081600000| Complete 
|  23|0x0000000081700000, 0x0000000081800000, 0x0000000081800000|100%|HS|  |TAMS 0x0000000081800000, 0x0000000081700000| Complete 
|  24|0x0000000081800000, 0x0000000081900000, 0x0000000081900000|100%|HC|  |TAMS 0x0000000081900000, 0x0000000081800000| Complete 
|  25|0x0000000081900000, 0x0000000081a00000, 0x0000000081a00000|100%|HC|  |TAMS 0x0000000081a00000, 0x0000000081900000| Complete 
|  26|0x0000000081a00000, 0x0000000081b00000, 0x0000000081b00000|100%|HS|  |TAMS 0x0000000081b00000, 0x0000000081a00000| Complete 
|  27|0x0000000081b00000, 0x0000000081c00000, 0x0000000081c00000|100%|HC|  |TAMS 0x0000000081c00000, 0x0000000081b00000| Complete 
|  28|0x0000000081c00000, 0x0000000081d00000, 0x0000000081d00000|100%|HC|  |TAMS 0x0000000081d00000, 0x0000000081c00000| Complete 
|  29|0x0000000081d00000, 0x0000000081e00000, 0x0000000081e00000|100%|HS|  |TAMS 0x0000000081e00000, 0x0000000081d00000| Complete 
|  30|0x0000000081e00000, 0x0000000081f00000, 0x0000000081f00000|100%|HC|  |TAMS 0x0000000081f00000, 0x0000000081e00000| Complete 
|  31|0x0000000081f00000, 0x0000000082000000, 0x0000000082000000|100%|HS|  |TAMS 0x0000000082000000, 0x0000000081f00000| Complete 
|  32|0x0000000082000000, 0x0000000082100000, 0x0000000082100000|100%|HC|  |TAMS 0x0000000082100000, 0x0000000082000000| Complete 
|  33|0x0000000082100000, 0x0000000082200000, 0x0000000082200000|100%|HC|  |TAMS 0x0000000082200000, 0x0000000082100000| Complete 
|  34|0x0000000082200000, 0x0000000082300000, 0x0000000082300000|100%|HC|  |TAMS 0x0000000082300000, 0x0000000082200000| Complete 
|  35|0x0000000082300000, 0x0000000082400000, 0x0000000082400000|100%|HC|  |TAMS 0x0000000082400000, 0x0000000082300000| Complete 
|  36|0x0000000082400000, 0x0000000082500000, 0x0000000082500000|100%|HC|  |TAMS 0x0000000082500000, 0x0000000082400000| Complete 
|  37|0x0000000082500000, 0x0000000082600000, 0x0000000082600000|100%|HC|  |TAMS 0x0000000082600000, 0x0000000082500000| Complete 
|  38|0x0000000082600000, 0x0000000082700000, 0x0000000082700000|100%|HC|  |TAMS 0x0000000082700000, 0x0000000082600000| Complete 
|  39|0x0000000082700000, 0x0000000082800000, 0x0000000082800000|100%|HC|  |TAMS 0x0000000082800000, 0x0000000082700000| Complete 
|  40|0x0000000082800000, 0x0000000082900000, 0x0000000082900000|100%|HC|  |TAMS 0x0000000082900000, 0x0000000082800000| Complete 
|  41|0x0000000082900000, 0x0000000082a00000, 0x0000000082a00000|100%| O|  |TAMS 0x0000000082a00000, 0x0000000082900000| Updating 
|  42|0x0000000082a00000, 0x0000000082b00000, 0x0000000082b00000|100%|HS|  |TAMS 0x0000000082b00000, 0x0000000082a00000| Complete 
|  43|0x0000000082b00000, 0x0000000082c00000, 0x0000000082c00000|100%| O|  |TAMS 0x0000000082c00000, 0x0000000082b00000| Untracked 
|  44|0x0000000082c00000, 0x0000000082d00000, 0x0000000082d00000|100%| O|  |TAMS 0x0000000082d00000, 0x0000000082c00000| Updating 
|  45|0x0000000082d00000, 0x0000000082e00000, 0x0000000082e00000|100%| O|  |TAMS 0x0000000082e00000, 0x0000000082d00000| Untracked 
|  46|0x0000000082e00000, 0x0000000082f00000, 0x0000000082f00000|100%|HS|  |TAMS 0x0000000082f00000, 0x0000000082e00000| Complete 
|  47|0x0000000082f00000, 0x0000000083000000, 0x0000000083000000|100%|HC|  |TAMS 0x0000000083000000, 0x0000000082f00000| Complete 
|  48|0x0000000083000000, 0x0000000083100000, 0x0000000083100000|100%|HS|  |TAMS 0x0000000083100000, 0x0000000083000000| Complete 
|  49|0x0000000083100000, 0x0000000083200000, 0x0000000083200000|100%|HC|  |TAMS 0x0000000083200000, 0x0000000083100000| Complete 
|  50|0x0000000083200000, 0x0000000083300000, 0x0000000083300000|100%|HC|  |TAMS 0x0000000083300000, 0x0000000083200000| Complete 
|  51|0x0000000083300000, 0x0000000083400000, 0x0000000083400000|100%|HC|  |TAMS 0x0000000083400000, 0x0000000083300000| Complete 
|  52|0x0000000083400000, 0x0000000083500000, 0x0000000083500000|100%|HC|  |TAMS 0x0000000083500000, 0x0000000083400000| Complete 
|  53|0x0000000083500000, 0x0000000083600000, 0x0000000083600000|100%|HC|  |TAMS 0x0000000083600000, 0x0000000083500000| Complete 
|  54|0x0000000083600000, 0x0000000083700000, 0x0000000083700000|100%| O|  |TAMS 0x0000000083700000, 0x0000000083600000| Untracked 
|  55|0x0000000083700000, 0x0000000083800000, 0x0000000083800000|100%| O|  |TAMS 0x0000000083800000, 0x0000000083700000| Updating 
|  56|0x0000000083800000, 0x0000000083900000, 0x0000000083900000|100%| O|  |TAMS 0x0000000083900000, 0x0000000083800000| Untracked 
|  57|0x0000000083900000, 0x0000000083a00000, 0x0000000083a00000|100%| O|  |TAMS 0x0000000083a00000, 0x0000000083900000| Untracked 
|  58|0x0000000083a00000, 0x0000000083b00000, 0x0000000083b00000|100%|HS|  |TAMS 0x0000000083b00000, 0x0000000083a00000| Complete 
|  59|0x0000000083b00000, 0x0000000083c00000, 0x0000000083c00000|100%|HC|  |TAMS 0x0000000083c00000, 0x0000000083b00000| Complete 
|  60|0x0000000083c00000, 0x0000000083d00000, 0x0000000083d00000|100%| O|  |TAMS 0x0000000083d00000, 0x0000000083c00000| Untracked 
|  61|0x0000000083d00000, 0x0000000083e00000, 0x0000000083e00000|100%| O|  |TAMS 0x0000000083e00000, 0x0000000083d00000| Untracked 
|  62|0x0000000083e00000, 0x0000000083f00000, 0x0000000083f00000|100%| O|  |TAMS 0x0000000083f00000, 0x0000000083e00000| Updating 
|  63|0x0000000083f00000, 0x0000000084000000, 0x0000000084000000|100%|HS|  |TAMS 0x0000000084000000, 0x0000000083f00000| Complete 
|  64|0x0000000084000000, 0x0000000084100000, 0x0000000084100000|100%|HC|  |TAMS 0x0000000084100000, 0x0000000084000000| Complete 
|  65|0x0000000084100000, 0x0000000084200000, 0x0000000084200000|100%|HC|  |TAMS 0x0000000084200000, 0x0000000084100000| Complete 
|  66|0x0000000084200000, 0x0000000084300000, 0x0000000084300000|100%|HC|  |TAMS 0x0000000084300000, 0x0000000084200000| Complete 
|  67|0x0000000084300000, 0x0000000084400000, 0x0000000084400000|100%|HC|  |TAMS 0x0000000084400000, 0x0000000084300000| Complete 
|  68|0x0000000084400000, 0x0000000084500000, 0x0000000084500000|100%|HC|  |TAMS 0x0000000084500000, 0x0000000084400000| Complete 
|  69|0x0000000084500000, 0x0000000084600000, 0x0000000084600000|100%|HC|  |TAMS 0x0000000084600000, 0x0000000084500000| Complete 
|  70|0x0000000084600000, 0x0000000084700000, 0x0000000084700000|100%|HC|  |TAMS 0x0000000084700000, 0x0000000084600000| Complete 
|  71|0x0000000084700000, 0x0000000084800000, 0x0000000084800000|100%|HC|  |TAMS 0x0000000084800000, 0x0000000084700000| Complete 
|  72|0x0000000084800000, 0x0000000084900000, 0x0000000084900000|100%|HC|  |TAMS 0x0000000084900000, 0x0000000084800000| Complete 
|  73|0x0000000084900000, 0x0000000084a00000, 0x0000000084a00000|100%|HC|  |TAMS 0x0000000084a00000, 0x0000000084900000| Complete 
|  74|0x0000000084a00000, 0x0000000084b00000, 0x0000000084b00000|100%|HS|  |TAMS 0x0000000084b00000, 0x0000000084a00000| Complete 
|  75|0x0000000084b00000, 0x0000000084c00000, 0x0000000084c00000|100%|HC|  |TAMS 0x0000000084c00000, 0x0000000084b00000| Complete 
|  76|0x0000000084c00000, 0x0000000084d00000, 0x0000000084d00000|100%|HC|  |TAMS 0x0000000084d00000, 0x0000000084c00000| Complete 
|  77|0x0000000084d00000, 0x0000000084e00000, 0x0000000084e00000|100%| O|  |TAMS 0x0000000084e00000, 0x0000000084d00000| Updating 
|  78|0x0000000084e00000, 0x0000000084f00000, 0x0000000084f00000|100%|HS|  |TAMS 0x0000000084f00000, 0x0000000084e00000| Complete 
|  79|0x0000000084f00000, 0x0000000085000000, 0x0000000085000000|100%|HC|  |TAMS 0x0000000085000000, 0x0000000084f00000| Complete 
|  80|0x0000000085000000, 0x0000000085100000, 0x0000000085100000|100%|HS|  |TAMS 0x0000000085100000, 0x0000000085000000| Complete 
|  81|0x0000000085100000, 0x0000000085200000, 0x0000000085200000|100%|HC|  |TAMS 0x0000000085200000, 0x0000000085100000| Complete 
|  82|0x0000000085200000, 0x0000000085300000, 0x0000000085300000|100%|HC|  |TAMS 0x0000000085300000, 0x0000000085200000| Complete 
|  83|0x0000000085300000, 0x0000000085400000, 0x0000000085400000|100%| O|  |TAMS 0x0000000085400000, 0x0000000085300000| Untracked 
|  84|0x0000000085400000, 0x0000000085500000, 0x0000000085500000|100%| O|  |TAMS 0x0000000085500000, 0x0000000085400000| Untracked 
|  85|0x0000000085500000, 0x0000000085600000, 0x0000000085600000|100%| O|  |TAMS 0x0000000085600000, 0x0000000085500000| Untracked 
|  86|0x0000000085600000, 0x0000000085700000, 0x0000000085700000|100%| O|  |TAMS 0x0000000085700000, 0x0000000085600000| Untracked 
|  87|0x0000000085700000, 0x0000000085800000, 0x0000000085800000|100%| O|  |TAMS 0x0000000085800000, 0x0000000085700000| Untracked 
|  88|0x0000000085800000, 0x0000000085900000, 0x0000000085900000|100%| O|  |TAMS 0x0000000085900000, 0x0000000085800000| Untracked 
|  89|0x0000000085900000, 0x0000000085a00000, 0x0000000085a00000|100%| O|  |TAMS 0x0000000085a00000, 0x0000000085900000| Untracked 
|  90|0x0000000085a00000, 0x0000000085b00000, 0x0000000085b00000|100%|HS|  |TAMS 0x0000000085b00000, 0x0000000085a00000| Complete 
|  91|0x0000000085b00000, 0x0000000085c00000, 0x0000000085c00000|100%|HC|  |TAMS 0x0000000085c00000, 0x0000000085b00000| Complete 
|  92|0x0000000085c00000, 0x0000000085d00000, 0x0000000085d00000|100%|HC|  |TAMS 0x0000000085d00000, 0x0000000085c00000| Complete 
|  93|0x0000000085d00000, 0x0000000085e00000, 0x0000000085e00000|100%|HC|  |TAMS 0x0000000085e00000, 0x0000000085d00000| Complete 
|  94|0x0000000085e00000, 0x0000000085f00000, 0x0000000085f00000|100%|HC|  |TAMS 0x0000000085f00000, 0x0000000085e00000| Complete 
|  95|0x0000000085f00000, 0x0000000086000000, 0x0000000086000000|100%|HC|  |TAMS 0x0000000086000000, 0x0000000085f00000| Complete 
|  96|0x0000000086000000, 0x0000000086100000, 0x0000000086100000|100%|HS|  |TAMS 0x0000000086100000, 0x0000000086000000| Complete 
|  97|0x0000000086100000, 0x0000000086200000, 0x0000000086200000|100%|HS|  |TAMS 0x0000000086200000, 0x0000000086100000| Complete 
|  98|0x0000000086200000, 0x0000000086300000, 0x0000000086300000|100%|HS|  |TAMS 0x0000000086300000, 0x0000000086200000| Complete 
|  99|0x0000000086300000, 0x0000000086400000, 0x0000000086400000|100%| O|  |TAMS 0x0000000086400000, 0x0000000086300000| Untracked 
| 100|0x0000000086400000, 0x0000000086500000, 0x0000000086500000|100%| O|  |TAMS 0x0000000086500000, 0x0000000086400000| Untracked 
| 101|0x0000000086500000, 0x0000000086600000, 0x0000000086600000|100%| O|  |TAMS 0x0000000086600000, 0x0000000086500000| Untracked 
| 102|0x0000000086600000, 0x0000000086700000, 0x0000000086700000|100%| O|  |TAMS 0x0000000086700000, 0x0000000086600000| Untracked 
| 103|0x0000000086700000, 0x0000000086800000, 0x0000000086800000|100%| O|  |TAMS 0x0000000086800000, 0x0000000086700000| Untracked 
| 104|0x0000000086800000, 0x0000000086900000, 0x0000000086900000|100%| O|  |TAMS 0x0000000086900000, 0x0000000086800000| Untracked 
| 105|0x0000000086900000, 0x0000000086a00000, 0x0000000086a00000|100%| O|  |TAMS 0x0000000086a00000, 0x0000000086900000| Untracked 
| 106|0x0000000086a00000, 0x0000000086b00000, 0x0000000086b00000|100%| O|  |TAMS 0x0000000086b00000, 0x0000000086a00000| Untracked 
| 107|0x0000000086b00000, 0x0000000086c00000, 0x0000000086c00000|100%| O|  |TAMS 0x0000000086c00000, 0x0000000086b00000| Untracked 
| 108|0x0000000086c00000, 0x0000000086d00000, 0x0000000086d00000|100%| O|  |TAMS 0x0000000086d00000, 0x0000000086c00000| Updating 
| 109|0x0000000086d00000, 0x0000000086e00000, 0x0000000086e00000|100%| O|  |TAMS 0x0000000086e00000, 0x0000000086d00000| Untracked 
| 110|0x0000000086e00000, 0x0000000086f00000, 0x0000000086f00000|100%| O|  |TAMS 0x0000000086f00000, 0x0000000086e00000| Untracked 
| 111|0x0000000086f00000, 0x0000000087000000, 0x0000000087000000|100%| O|  |TAMS 0x0000000087000000, 0x0000000086f00000| Untracked 
| 112|0x0000000087000000, 0x0000000087100000, 0x0000000087100000|100%| O|  |TAMS 0x0000000087100000, 0x0000000087000000| Untracked 
| 113|0x0000000087100000, 0x0000000087200000, 0x0000000087200000|100%| O|  |TAMS 0x0000000087200000, 0x0000000087100000| Untracked 
| 114|0x0000000087200000, 0x0000000087300000, 0x0000000087300000|100%| O|  |TAMS 0x0000000087300000, 0x0000000087200000| Untracked 
| 115|0x0000000087300000, 0x0000000087400000, 0x0000000087400000|100%| O|  |TAMS 0x0000000087400000, 0x0000000087300000| Untracked 
| 116|0x0000000087400000, 0x0000000087500000, 0x0000000087500000|100%| O|  |TAMS 0x0000000087500000, 0x0000000087400000| Untracked 
| 117|0x0000000087500000, 0x0000000087600000, 0x0000000087600000|100%| O|  |TAMS 0x0000000087600000, 0x0000000087500000| Untracked 
| 118|0x0000000087600000, 0x0000000087700000, 0x0000000087700000|100%| O|  |TAMS 0x0000000087700000, 0x0000000087600000| Untracked 
| 119|0x0000000087700000, 0x0000000087800000, 0x0000000087800000|100%| O|  |TAMS 0x0000000087800000, 0x0000000087700000| Untracked 
| 120|0x0000000087800000, 0x0000000087900000, 0x0000000087900000|100%| O|  |TAMS 0x0000000087886000, 0x0000000087800000| Updating 
| 121|0x0000000087900000, 0x0000000087a00000, 0x0000000087a00000|100%|HS|  |TAMS 0x0000000087a00000, 0x0000000087900000| Complete 
| 122|0x0000000087a00000, 0x0000000087b00000, 0x0000000087b00000|100%|HC|  |TAMS 0x0000000087b00000, 0x0000000087a00000| Complete 
| 123|0x0000000087b00000, 0x0000000087c00000, 0x0000000087c00000|100%|HS|  |TAMS 0x0000000087c00000, 0x0000000087b00000| Complete 
| 124|0x0000000087c00000, 0x0000000087d00000, 0x0000000087d00000|100%|HC|  |TAMS 0x0000000087d00000, 0x0000000087c00000| Complete 
| 125|0x0000000087d00000, 0x0000000087e00000, 0x0000000087e00000|100%|HC|  |TAMS 0x0000000087e00000, 0x0000000087d00000| Complete 
| 126|0x0000000087e00000, 0x0000000087f00000, 0x0000000087f00000|100%|HS|  |TAMS 0x0000000087f00000, 0x0000000087e00000| Complete 
| 127|0x0000000087f00000, 0x0000000088000000, 0x0000000088000000|100%|HC|  |TAMS 0x0000000088000000, 0x0000000087f00000| Complete 
| 128|0x0000000088000000, 0x0000000088100000, 0x0000000088100000|100%|HC|  |TAMS 0x0000000088100000, 0x0000000088000000| Complete 
| 129|0x0000000088100000, 0x0000000088200000, 0x0000000088200000|100%|HS|  |TAMS 0x0000000088200000, 0x0000000088100000| Complete 
| 130|0x0000000088200000, 0x0000000088300000, 0x0000000088300000|100%|HC|  |TAMS 0x0000000088300000, 0x0000000088200000| Complete 
| 131|0x0000000088300000, 0x0000000088400000, 0x0000000088400000|100%|HS|  |TAMS 0x0000000088400000, 0x0000000088300000| Complete 
| 132|0x0000000088400000, 0x0000000088500000, 0x0000000088500000|100%|HC|  |TAMS 0x0000000088500000, 0x0000000088400000| Complete 
| 133|0x0000000088500000, 0x0000000088600000, 0x0000000088600000|100%|HC|  |TAMS 0x0000000088600000, 0x0000000088500000| Complete 
| 134|0x0000000088600000, 0x0000000088700000, 0x0000000088700000|100%|HC|  |TAMS 0x0000000088700000, 0x0000000088600000| Complete 
| 135|0x0000000088700000, 0x0000000088800000, 0x0000000088800000|100%|HC|  |TAMS 0x0000000088800000, 0x0000000088700000| Complete 
| 136|0x0000000088800000, 0x0000000088900000, 0x0000000088900000|100%|HC|  |TAMS 0x0000000088900000, 0x0000000088800000| Complete 
| 137|0x0000000088900000, 0x0000000088a00000, 0x0000000088a00000|100%|HC|  |TAMS 0x0000000088a00000, 0x0000000088900000| Complete 
| 138|0x0000000088a00000, 0x0000000088b00000, 0x0000000088b00000|100%|HC|  |TAMS 0x0000000088b00000, 0x0000000088a00000| Complete 
| 139|0x0000000088b00000, 0x0000000088c00000, 0x0000000088c00000|100%|HC|  |TAMS 0x0000000088c00000, 0x0000000088b00000| Complete 
| 140|0x0000000088c00000, 0x0000000088d00000, 0x0000000088d00000|100%|HC|  |TAMS 0x0000000088d00000, 0x0000000088c00000| Complete 
| 141|0x0000000088d00000, 0x0000000088e00000, 0x0000000088e00000|100%|HS|  |TAMS 0x0000000088e00000, 0x0000000088d00000| Complete 
| 142|0x0000000088e00000, 0x0000000088f00000, 0x0000000088f00000|100%|HC|  |TAMS 0x0000000088f00000, 0x0000000088e00000| Complete 
| 143|0x0000000088f00000, 0x0000000089000000, 0x0000000089000000|100%|HS|  |TAMS 0x0000000089000000, 0x0000000088f00000| Complete 
| 144|0x0000000089000000, 0x0000000089100000, 0x0000000089100000|100%|HC|  |TAMS 0x0000000089100000, 0x0000000089000000| Complete 
| 145|0x0000000089100000, 0x0000000089200000, 0x0000000089200000|100%|HC|  |TAMS 0x0000000089200000, 0x0000000089100000| Complete 
| 146|0x0000000089200000, 0x0000000089300000, 0x0000000089300000|100%|HC|  |TAMS 0x0000000089300000, 0x0000000089200000| Complete 
| 147|0x0000000089300000, 0x0000000089400000, 0x0000000089400000|100%|HC|  |TAMS 0x0000000089400000, 0x0000000089300000| Complete 
| 148|0x0000000089400000, 0x0000000089500000, 0x0000000089500000|100%|HC|  |TAMS 0x0000000089500000, 0x0000000089400000| Complete 
| 149|0x0000000089500000, 0x0000000089600000, 0x0000000089600000|100%|HS|  |TAMS 0x0000000089600000, 0x0000000089500000| Complete 
| 150|0x0000000089600000, 0x0000000089700000, 0x0000000089700000|100%| O|  |TAMS 0x0000000089600000, 0x0000000089600000| Untracked 
| 151|0x0000000089700000, 0x0000000089800000, 0x0000000089800000|100%| O|  |TAMS 0x0000000089700000, 0x0000000089700000| Untracked 
| 152|0x0000000089800000, 0x0000000089900000, 0x0000000089900000|100%| O|  |TAMS 0x0000000089800000, 0x0000000089800000| Untracked 
| 153|0x0000000089900000, 0x0000000089a00000, 0x0000000089a00000|100%| O|  |TAMS 0x0000000089900000, 0x0000000089900000| Untracked 
| 154|0x0000000089a00000, 0x0000000089b00000, 0x0000000089b00000|100%| O|  |TAMS 0x0000000089a00000, 0x0000000089a00000| Untracked 
| 155|0x0000000089b00000, 0x0000000089c00000, 0x0000000089c00000|100%| O|  |TAMS 0x0000000089b00000, 0x0000000089b00000| Untracked 
| 156|0x0000000089c00000, 0x0000000089cc2600, 0x0000000089d00000| 75%| O|  |TAMS 0x0000000089c00000, 0x0000000089c00000| Updating 
| 157|0x0000000089d00000, 0x0000000089e00000, 0x0000000089e00000|100%|HS|  |TAMS 0x0000000089d00000, 0x0000000089d00000| Complete 
| 158|0x0000000089e00000, 0x0000000089e00000, 0x0000000089f00000|  0%| F|  |TAMS 0x0000000089e00000, 0x0000000089e00000| Untracked 
| 159|0x0000000089f00000, 0x0000000089f00000, 0x000000008a000000|  0%| F|  |TAMS 0x0000000089f00000, 0x0000000089f00000| Untracked 
| 160|0x000000008a000000, 0x000000008a000000, 0x000000008a100000|  0%| F|  |TAMS 0x000000008a000000, 0x000000008a000000| Untracked 
| 161|0x000000008a100000, 0x000000008a100000, 0x000000008a200000|  0%| F|  |TAMS 0x000000008a100000, 0x000000008a100000| Untracked 
| 162|0x000000008a200000, 0x000000008a200000, 0x000000008a300000|  0%| F|  |TAMS 0x000000008a200000, 0x000000008a200000| Untracked 
| 163|0x000000008a300000, 0x000000008a300000, 0x000000008a400000|  0%| F|  |TAMS 0x000000008a300000, 0x000000008a300000| Untracked 
| 164|0x000000008a400000, 0x000000008a400000, 0x000000008a500000|  0%| F|  |TAMS 0x000000008a400000, 0x000000008a400000| Untracked 
| 165|0x000000008a500000, 0x000000008a500000, 0x000000008a600000|  0%| F|  |TAMS 0x000000008a500000, 0x000000008a500000| Untracked 
| 166|0x000000008a600000, 0x000000008a600000, 0x000000008a700000|  0%| F|  |TAMS 0x000000008a600000, 0x000000008a600000| Untracked 
| 167|0x000000008a700000, 0x000000008a700000, 0x000000008a800000|  0%| F|  |TAMS 0x000000008a700000, 0x000000008a700000| Untracked 
| 168|0x000000008a800000, 0x000000008a800000, 0x000000008a900000|  0%| F|  |TAMS 0x000000008a800000, 0x000000008a800000| Untracked 
| 169|0x000000008a900000, 0x000000008a900000, 0x000000008aa00000|  0%| F|  |TAMS 0x000000008a900000, 0x000000008a900000| Untracked 
| 170|0x000000008aa00000, 0x000000008aa00000, 0x000000008ab00000|  0%| F|  |TAMS 0x000000008aa00000, 0x000000008aa00000| Untracked 
| 171|0x000000008ab00000, 0x000000008ab00000, 0x000000008ac00000|  0%| F|  |TAMS 0x000000008ab00000, 0x000000008ab00000| Untracked 
| 172|0x000000008ac00000, 0x000000008ac00000, 0x000000008ad00000|  0%| F|  |TAMS 0x000000008ac00000, 0x000000008ac00000| Untracked 
| 173|0x000000008ad00000, 0x000000008ad00000, 0x000000008ae00000|  0%| F|  |TAMS 0x000000008ad00000, 0x000000008ad00000| Untracked 
| 174|0x000000008ae00000, 0x000000008ae00000, 0x000000008af00000|  0%| F|  |TAMS 0x000000008ae00000, 0x000000008ae00000| Untracked 
| 175|0x000000008af00000, 0x000000008af00000, 0x000000008b000000|  0%| F|  |TAMS 0x000000008af00000, 0x000000008af00000| Untracked 
| 176|0x000000008b000000, 0x000000008b000000, 0x000000008b100000|  0%| F|  |TAMS 0x000000008b000000, 0x000000008b000000| Untracked 
| 177|0x000000008b100000, 0x000000008b100000, 0x000000008b200000|  0%| F|  |TAMS 0x000000008b100000, 0x000000008b100000| Untracked 
| 178|0x000000008b200000, 0x000000008b200000, 0x000000008b300000|  0%| F|  |TAMS 0x000000008b200000, 0x000000008b200000| Untracked 
| 179|0x000000008b300000, 0x000000008b300000, 0x000000008b400000|  0%| F|  |TAMS 0x000000008b300000, 0x000000008b300000| Untracked 
| 180|0x000000008b400000, 0x000000008b400000, 0x000000008b500000|  0%| F|  |TAMS 0x000000008b400000, 0x000000008b400000| Untracked 
| 181|0x000000008b500000, 0x000000008b500000, 0x000000008b600000|  0%| F|  |TAMS 0x000000008b500000, 0x000000008b500000| Untracked 
| 182|0x000000008b600000, 0x000000008b600000, 0x000000008b700000|  0%| F|  |TAMS 0x000000008b600000, 0x000000008b600000| Untracked 
| 183|0x000000008b700000, 0x000000008b700000, 0x000000008b800000|  0%| F|  |TAMS 0x000000008b700000, 0x000000008b700000| Untracked 
| 184|0x000000008b800000, 0x000000008b800000, 0x000000008b900000|  0%| F|  |TAMS 0x000000008b800000, 0x000000008b800000| Untracked 
| 185|0x000000008b900000, 0x000000008b900000, 0x000000008ba00000|  0%| F|  |TAMS 0x000000008b900000, 0x000000008b900000| Untracked 
| 186|0x000000008ba00000, 0x000000008ba00000, 0x000000008bb00000|  0%| F|  |TAMS 0x000000008ba00000, 0x000000008ba00000| Untracked 
| 187|0x000000008bb00000, 0x000000008bb00000, 0x000000008bc00000|  0%| F|  |TAMS 0x000000008bb00000, 0x000000008bb00000| Untracked 
| 188|0x000000008bc00000, 0x000000008bc00000, 0x000000008bd00000|  0%| F|  |TAMS 0x000000008bc00000, 0x000000008bc00000| Untracked 
| 189|0x000000008bd00000, 0x000000008bd00000, 0x000000008be00000|  0%| F|  |TAMS 0x000000008bd00000, 0x000000008bd00000| Untracked 
| 190|0x000000008be00000, 0x000000008be00000, 0x000000008bf00000|  0%| F|  |TAMS 0x000000008be00000, 0x000000008be00000| Untracked 
| 191|0x000000008bf00000, 0x000000008bf00000, 0x000000008c000000|  0%| F|  |TAMS 0x000000008bf00000, 0x000000008bf00000| Untracked 
| 192|0x000000008c000000, 0x000000008c000000, 0x000000008c100000|  0%| F|  |TAMS 0x000000008c000000, 0x000000008c000000| Untracked 
| 193|0x000000008c100000, 0x000000008c100000, 0x000000008c200000|  0%| F|  |TAMS 0x000000008c100000, 0x000000008c100000| Untracked 
| 194|0x000000008c200000, 0x000000008c200000, 0x000000008c300000|  0%| F|  |TAMS 0x000000008c200000, 0x000000008c200000| Untracked 
| 195|0x000000008c300000, 0x000000008c300000, 0x000000008c400000|  0%| F|  |TAMS 0x000000008c300000, 0x000000008c300000| Untracked 
| 196|0x000000008c400000, 0x000000008c400000, 0x000000008c500000|  0%| F|  |TAMS 0x000000008c400000, 0x000000008c400000| Untracked 
| 197|0x000000008c500000, 0x000000008c500000, 0x000000008c600000|  0%| F|  |TAMS 0x000000008c500000, 0x000000008c500000| Untracked 
| 198|0x000000008c600000, 0x000000008c600000, 0x000000008c700000|  0%| F|  |TAMS 0x000000008c600000, 0x000000008c600000| Untracked 
| 199|0x000000008c700000, 0x000000008c700000, 0x000000008c800000|  0%| F|  |TAMS 0x000000008c700000, 0x000000008c700000| Untracked 
| 200|0x000000008c800000, 0x000000008c800000, 0x000000008c900000|  0%| F|  |TAMS 0x000000008c800000, 0x000000008c800000| Untracked 
| 201|0x000000008c900000, 0x000000008c900000, 0x000000008ca00000|  0%| F|  |TAMS 0x000000008c900000, 0x000000008c900000| Untracked 
| 202|0x000000008ca00000, 0x000000008ca00000, 0x000000008cb00000|  0%| F|  |TAMS 0x000000008ca00000, 0x000000008ca00000| Untracked 
| 203|0x000000008cb00000, 0x000000008cb00000, 0x000000008cc00000|  0%| F|  |TAMS 0x000000008cb00000, 0x000000008cb00000| Untracked 
| 204|0x000000008cc00000, 0x000000008cc00000, 0x000000008cd00000|  0%| F|  |TAMS 0x000000008cc00000, 0x000000008cc00000| Untracked 
| 205|0x000000008cd00000, 0x000000008cd00000, 0x000000008ce00000|  0%| F|  |TAMS 0x000000008cd00000, 0x000000008cd00000| Untracked 
| 206|0x000000008ce00000, 0x000000008ce00000, 0x000000008cf00000|  0%| F|  |TAMS 0x000000008ce00000, 0x000000008ce00000| Untracked 
| 207|0x000000008cf00000, 0x000000008cf00000, 0x000000008d000000|  0%| F|  |TAMS 0x000000008cf00000, 0x000000008cf00000| Untracked 
| 208|0x000000008d000000, 0x000000008d000000, 0x000000008d100000|  0%| F|  |TAMS 0x000000008d000000, 0x000000008d000000| Untracked 
| 209|0x000000008d100000, 0x000000008d100000, 0x000000008d200000|  0%| F|  |TAMS 0x000000008d100000, 0x000000008d100000| Untracked 
| 210|0x000000008d200000, 0x000000008d200000, 0x000000008d300000|  0%| F|  |TAMS 0x000000008d200000, 0x000000008d200000| Untracked 
| 211|0x000000008d300000, 0x000000008d300000, 0x000000008d400000|  0%| F|  |TAMS 0x000000008d300000, 0x000000008d300000| Untracked 
| 212|0x000000008d400000, 0x000000008d400000, 0x000000008d500000|  0%| F|  |TAMS 0x000000008d400000, 0x000000008d400000| Untracked 
| 213|0x000000008d500000, 0x000000008d500000, 0x000000008d600000|  0%| F|  |TAMS 0x000000008d500000, 0x000000008d500000| Untracked 
| 214|0x000000008d600000, 0x000000008d600000, 0x000000008d700000|  0%| F|  |TAMS 0x000000008d600000, 0x000000008d600000| Untracked 
| 215|0x000000008d700000, 0x000000008d700000, 0x000000008d800000|  0%| F|  |TAMS 0x000000008d700000, 0x000000008d700000| Untracked 
| 216|0x000000008d800000, 0x000000008d800000, 0x000000008d900000|  0%| F|  |TAMS 0x000000008d800000, 0x000000008d800000| Untracked 
| 217|0x000000008d900000, 0x000000008da00000, 0x000000008da00000|100%| S|CS|TAMS 0x000000008d900000, 0x000000008d900000| Complete 
| 218|0x000000008da00000, 0x000000008db00000, 0x000000008db00000|100%| S|CS|TAMS 0x000000008da00000, 0x000000008da00000| Complete 
| 219|0x000000008db00000, 0x000000008dc00000, 0x000000008dc00000|100%| S|CS|TAMS 0x000000008db00000, 0x000000008db00000| Complete 
| 220|0x000000008dc00000, 0x000000008dd00000, 0x000000008dd00000|100%| S|CS|TAMS 0x000000008dc00000, 0x000000008dc00000| Complete 
| 221|0x000000008dd00000, 0x000000008de00000, 0x000000008de00000|100%| S|CS|TAMS 0x000000008dd00000, 0x000000008dd00000| Complete 
| 222|0x000000008de00000, 0x000000008df00000, 0x000000008df00000|100%| S|CS|TAMS 0x000000008de00000, 0x000000008de00000| Complete 
| 223|0x000000008df00000, 0x000000008e000000, 0x000000008e000000|100%| S|CS|TAMS 0x000000008df00000, 0x000000008df00000| Complete 
| 224|0x000000008e000000, 0x000000008e000000, 0x000000008e100000|  0%| F|  |TAMS 0x000000008e000000, 0x000000008e000000| Untracked 
| 225|0x000000008e100000, 0x000000008e100000, 0x000000008e200000|  0%| F|  |TAMS 0x000000008e100000, 0x000000008e100000| Untracked 
| 226|0x000000008e200000, 0x000000008e200000, 0x000000008e300000|  0%| F|  |TAMS 0x000000008e200000, 0x000000008e200000| Untracked 
| 227|0x000000008e300000, 0x000000008e300000, 0x000000008e400000|  0%| F|  |TAMS 0x000000008e300000, 0x000000008e300000| Untracked 
| 228|0x000000008e400000, 0x000000008e400000, 0x000000008e500000|  0%| F|  |TAMS 0x000000008e400000, 0x000000008e400000| Untracked 
| 229|0x000000008e500000, 0x000000008e500000, 0x000000008e600000|  0%| F|  |TAMS 0x000000008e500000, 0x000000008e500000| Untracked 
| 230|0x000000008e600000, 0x000000008e700000, 0x000000008e700000|100%| S|CS|TAMS 0x000000008e600000, 0x000000008e600000| Complete 
| 231|0x000000008e700000, 0x000000008e700000, 0x000000008e800000|  0%| F|  |TAMS 0x000000008e700000, 0x000000008e700000| Untracked 
| 232|0x000000008e800000, 0x000000008e800000, 0x000000008e900000|  0%| F|  |TAMS 0x000000008e800000, 0x000000008e800000| Untracked 
| 233|0x000000008e900000, 0x000000008e900000, 0x000000008ea00000|  0%| F|  |TAMS 0x000000008e900000, 0x000000008e900000| Untracked 
| 234|0x000000008ea00000, 0x000000008ea00000, 0x000000008eb00000|  0%| F|  |TAMS 0x000000008ea00000, 0x000000008ea00000| Untracked 
| 235|0x000000008eb00000, 0x000000008eb00000, 0x000000008ec00000|  0%| F|  |TAMS 0x000000008eb00000, 0x000000008eb00000| Untracked 
| 236|0x000000008ec00000, 0x000000008ec00000, 0x000000008ed00000|  0%| F|  |TAMS 0x000000008ec00000, 0x000000008ec00000| Untracked 
| 237|0x000000008ed00000, 0x000000008ed00000, 0x000000008ee00000|  0%| F|  |TAMS 0x000000008ed00000, 0x000000008ed00000| Untracked 
| 238|0x000000008ee00000, 0x000000008ee00000, 0x000000008ef00000|  0%| F|  |TAMS 0x000000008ee00000, 0x000000008ee00000| Untracked 
| 239|0x000000008ef00000, 0x000000008ef00000, 0x000000008f000000|  0%| F|  |TAMS 0x000000008ef00000, 0x000000008ef00000| Untracked 
| 240|0x000000008f000000, 0x000000008f000000, 0x000000008f100000|  0%| F|  |TAMS 0x000000008f000000, 0x000000008f000000| Untracked 
| 241|0x000000008f100000, 0x000000008f100000, 0x000000008f200000|  0%| F|  |TAMS 0x000000008f100000, 0x000000008f100000| Untracked 
| 242|0x000000008f200000, 0x000000008f200000, 0x000000008f300000|  0%| F|  |TAMS 0x000000008f200000, 0x000000008f200000| Untracked 
| 243|0x000000008f300000, 0x000000008f300000, 0x000000008f400000|  0%| F|  |TAMS 0x000000008f300000, 0x000000008f300000| Untracked 
| 244|0x000000008f400000, 0x000000008f400000, 0x000000008f500000|  0%| F|  |TAMS 0x000000008f400000, 0x000000008f400000| Untracked 
| 245|0x000000008f500000, 0x000000008f500000, 0x000000008f600000|  0%| F|  |TAMS 0x000000008f500000, 0x000000008f500000| Untracked 
| 246|0x000000008f600000, 0x000000008f600000, 0x000000008f700000|  0%| F|  |TAMS 0x000000008f600000, 0x000000008f600000| Untracked 
| 247|0x000000008f700000, 0x000000008f700000, 0x000000008f800000|  0%| F|  |TAMS 0x000000008f700000, 0x000000008f700000| Untracked 
| 248|0x000000008f800000, 0x000000008f800000, 0x000000008f900000|  0%| F|  |TAMS 0x000000008f800000, 0x000000008f800000| Untracked 
| 249|0x000000008f900000, 0x000000008f900000, 0x000000008fa00000|  0%| F|  |TAMS 0x000000008f900000, 0x000000008f900000| Untracked 
| 250|0x000000008fa00000, 0x000000008fa00000, 0x000000008fb00000|  0%| F|  |TAMS 0x000000008fa00000, 0x000000008fa00000| Untracked 
| 251|0x000000008fb00000, 0x000000008fb00000, 0x000000008fc00000|  0%| F|  |TAMS 0x000000008fb00000, 0x000000008fb00000| Untracked 
| 252|0x000000008fc00000, 0x000000008fc00000, 0x000000008fd00000|  0%| F|  |TAMS 0x000000008fc00000, 0x000000008fc00000| Untracked 
| 253|0x000000008fd00000, 0x000000008fd00000, 0x000000008fe00000|  0%| F|  |TAMS 0x000000008fd00000, 0x000000008fd00000| Untracked 
| 254|0x000000008fe00000, 0x000000008fe00000, 0x000000008ff00000|  0%| F|  |TAMS 0x000000008fe00000, 0x000000008fe00000| Untracked 
| 255|0x000000008ff00000, 0x000000008ff00000, 0x0000000090000000|  0%| F|  |TAMS 0x000000008ff00000, 0x000000008ff00000| Untracked 
| 256|0x0000000090000000, 0x0000000090000000, 0x0000000090100000|  0%| F|  |TAMS 0x0000000090000000, 0x0000000090000000| Untracked 
| 257|0x0000000090100000, 0x0000000090100000, 0x0000000090200000|  0%| F|  |TAMS 0x0000000090100000, 0x0000000090100000| Untracked 
| 258|0x0000000090200000, 0x0000000090200000, 0x0000000090300000|  0%| F|  |TAMS 0x0000000090200000, 0x0000000090200000| Untracked 
| 259|0x0000000090300000, 0x0000000090300000, 0x0000000090400000|  0%| F|  |TAMS 0x0000000090300000, 0x0000000090300000| Untracked 
| 260|0x0000000090400000, 0x0000000090400000, 0x0000000090500000|  0%| F|  |TAMS 0x0000000090400000, 0x0000000090400000| Untracked 
| 261|0x0000000090500000, 0x0000000090500000, 0x0000000090600000|  0%| F|  |TAMS 0x0000000090500000, 0x0000000090500000| Untracked 
| 262|0x0000000090600000, 0x0000000090600000, 0x0000000090700000|  0%| F|  |TAMS 0x0000000090600000, 0x0000000090600000| Untracked 
| 263|0x0000000090700000, 0x0000000090700000, 0x0000000090800000|  0%| F|  |TAMS 0x0000000090700000, 0x0000000090700000| Untracked 
| 264|0x0000000090800000, 0x0000000090800000, 0x0000000090900000|  0%| F|  |TAMS 0x0000000090800000, 0x0000000090800000| Untracked 
| 265|0x0000000090900000, 0x0000000090900000, 0x0000000090a00000|  0%| F|  |TAMS 0x0000000090900000, 0x0000000090900000| Untracked 
| 266|0x0000000090a00000, 0x0000000090a00000, 0x0000000090b00000|  0%| F|  |TAMS 0x0000000090a00000, 0x0000000090a00000| Untracked 
| 267|0x0000000090b00000, 0x0000000090b00000, 0x0000000090c00000|  0%| F|  |TAMS 0x0000000090b00000, 0x0000000090b00000| Untracked 
| 268|0x0000000090c00000, 0x0000000090c00000, 0x0000000090d00000|  0%| F|  |TAMS 0x0000000090c00000, 0x0000000090c00000| Untracked 
| 269|0x0000000090d00000, 0x0000000090d80800, 0x0000000090e00000| 50%| E|  |TAMS 0x0000000090d00000, 0x0000000090d00000| Complete 
| 270|0x0000000090e00000, 0x0000000090f00000, 0x0000000090f00000|100%| E|CS|TAMS 0x0000000090e00000, 0x0000000090e00000| Complete 
| 271|0x0000000090f00000, 0x0000000091000000, 0x0000000091000000|100%| E|CS|TAMS 0x0000000090f00000, 0x0000000090f00000| Complete 

Card table byte_map: [0x000001cd290c0000,0x000001cd294c0000] _byte_map_base: 0x000001cd28cc0000

Marking Bits (Prev, Next): (CMBitMap*) 0x000001cd16852230, (CMBitMap*) 0x000001cd16852270
 Prev Bits: [0x000001cd298c0000, 0x000001cd2b8c0000)
 Next Bits: [0x000001cd2b8c0000, 0x000001cd2d8c0000)

Polling page: 0x000001cd147a0000

Metaspace:

Usage:
  Non-class:     69.92 MB used.
      Class:     10.95 MB used.
       Both:     80.87 MB used.

Virtual space:
  Non-class space:       72.00 MB reserved,      70.31 MB ( 98%) committed,  9 nodes.
      Class space:        1.00 GB reserved,      11.31 MB (  1%) committed,  1 nodes.
             Both:        1.07 GB reserved,      81.62 MB (  7%) committed. 

Chunk freelists:
   Non-Class:  1.73 MB
       Class:  688.00 KB
        Both:  2.41 MB

MaxMetaspaceSize: unlimited
CompressedClassSpaceSize: 1.00 GB
Initial GC threshold: 21.00 MB
Current GC threshold: 128.69 MB
CDS: off
MetaspaceReclaimPolicy: balanced
 - commit_granule_bytes: 65536.
 - commit_granule_words: 8192.
 - virtual_space_node_default_size: 1048576.
 - enlarge_chunks_in_place: 1.
 - new_chunks_are_fully_committed: 0.
 - uncommit_free_chunks: 1.
 - use_allocation_guard: 0.
 - handle_deallocations: 1.


Internal statistics:

num_allocs_failed_limit: 3.
num_arena_births: 858.
num_arena_deaths: 0.
num_vsnodes_births: 10.
num_vsnodes_deaths: 0.
num_space_committed: 1306.
num_space_uncommitted: 0.
num_chunks_returned_to_freelist: 3.
num_chunks_taken_from_freelist: 3918.
num_chunk_merges: 3.
num_chunk_splits: 2547.
num_chunks_enlarged: 1658.
num_purges: 0.
num_inconsistent_stats: 0.

CodeHeap 'non-profiled nmethods': size=120000Kb used=4563Kb max_used=4563Kb free=115437Kb
 bounds [0x000001cd21790000, 0x000001cd21c10000, 0x000001cd28cc0000]
CodeHeap 'profiled nmethods': size=120000Kb used=15493Kb max_used=15493Kb free=104506Kb
 bounds [0x000001cd19cc0000, 0x000001cd1abf0000, 0x000001cd211f0000]
CodeHeap 'non-nmethods': size=5760Kb used=2372Kb max_used=2422Kb free=3387Kb
 bounds [0x000001cd211f0000, 0x000001cd21460000, 0x000001cd21790000]
 total_blobs=8685 nmethods=7784 adapters=813
 compilation: enabled
              stopped_count=0, restarted_count=0
 full_count=0

Compilation events (20 events):
Event: 11.267 Thread 0x000001cd30825e10 8547       1       org.gradle.internal.logging.events.ProgressCompleteEvent::getTimestamp (5 bytes)
Event: 11.267 Thread 0x000001cd30825e10 nmethod 8547 0x000001cd21c04910 code [0x000001cd21c04aa0, 0x000001cd21c04b78]
Event: 11.336 Thread 0x000001cd30825e10 8549   !   3       org.gradle.internal.lazy.LockingLazy::get (62 bytes)
Event: 11.336 Thread 0x000001cd30825e10 nmethod 8549 0x000001cd1abd4210 code [0x000001cd1abd43e0, 0x000001cd1abd4848]
Event: 11.345 Thread 0x000001cd30825e10 8551   !   3       jdk.internal.loader.URLClassPath::check (125 bytes)
Event: 11.345 Thread 0x000001cd30825e10 nmethod 8551 0x000001cd1abd4990 code [0x000001cd1abd4c40, 0x000001cd1abd5bc8]
Event: 11.350 Thread 0x000001cd30825e10 8554       3       org.objectweb.asm.MethodWriter::visitCode (1 bytes)
Event: 11.350 Thread 0x000001cd30825e10 nmethod 8554 0x000001cd1abd6010 code [0x000001cd1abd61a0, 0x000001cd1abd62b8]
Event: 11.360 Thread 0x000001cd30825e10 8555       3       org.objectweb.asm.AnnotationVisitor::<init> (94 bytes)
Event: 11.361 Thread 0x000001cd30825e10 nmethod 8555 0x000001cd1abd6390 code [0x000001cd1abd65e0, 0x000001cd1abd6ee8]
Event: 11.361 Thread 0x000001cd30825e10 8556       3       org.objectweb.asm.ClassReader::readMethod (1066 bytes)
Event: 11.365 Thread 0x000001cd30825e10 nmethod 8556 0x000001cd1abd7190 code [0x000001cd1abd7900, 0x000001cd1abdc068]
Event: 11.380 Thread 0x000001cd30825e10 8557       3       org.gradle.initialization.MixInLegacyTypesClassLoader$TransformingAdapter::visitMethod (129 bytes)
Event: 11.381 Thread 0x000001cd30825e10 nmethod 8557 0x000001cd1abddc90 code [0x000001cd1abddfc0, 0x000001cd1abdf4d8]
Event: 11.382 Thread 0x000001cd30825e10 8558       3       org.objectweb.asm.AnnotationWriter::create (34 bytes)
Event: 11.382 Thread 0x000001cd30825e10 nmethod 8558 0x000001cd1abdfb90 code [0x000001cd1abdfd80, 0x000001cd1abe0218]
Event: 11.382 Thread 0x000001cd30825e10 8559       3       org.objectweb.asm.Attribute::computeAttributesSize (62 bytes)
Event: 11.383 Thread 0x000001cd30825e10 nmethod 8559 0x000001cd1abe0410 code [0x000001cd1abe05e0, 0x000001cd1abe0908]
Event: 11.383 Thread 0x000001cd30825e10 8560       3       org.objectweb.asm.Attribute::putAttributes (78 bytes)
Event: 11.383 Thread 0x000001cd30825e10 nmethod 8560 0x000001cd1abe0a90 code [0x000001cd1abe0ce0, 0x000001cd1abe11b8]

GC Heap History (20 events):
Event: 7.301 GC heap before
{Heap before GC invocations=26 (full 0):
 garbage-first heap   total 200704K, used 152493K [0x0000000080000000, 0x0000000100000000)
  region size 1024K, 54 young (55296K), 1 survivors (1024K)
 Metaspace       used 54199K, committed 54784K, reserved 1097728K
  class space    used 7224K, committed 7488K, reserved 1048576K
}
Event: 7.305 GC heap after
{Heap after GC invocations=27 (full 0):
 garbage-first heap   total 200704K, used 102393K [0x0000000080000000, 0x0000000100000000)
  region size 1024K, 4 young (4096K), 4 survivors (4096K)
 Metaspace       used 54199K, committed 54784K, reserved 1097728K
  class space    used 7224K, committed 7488K, reserved 1048576K
}
Event: 7.342 GC heap before
{Heap before GC invocations=27 (full 0):
 garbage-first heap   total 200704K, used 104441K [0x0000000080000000, 0x0000000100000000)
  region size 1024K, 7 young (7168K), 4 survivors (4096K)
 Metaspace       used 54411K, committed 54976K, reserved 1097728K
  class space    used 7263K, committed 7488K, reserved 1048576K
}
Event: 7.346 GC heap after
{Heap after GC invocations=28 (full 0):
 garbage-first heap   total 200704K, used 102692K [0x0000000080000000, 0x0000000100000000)
  region size 1024K, 4 young (4096K), 4 survivors (4096K)
 Metaspace       used 54411K, committed 54976K, reserved 1097728K
  class space    used 7263K, committed 7488K, reserved 1048576K
}
Event: 8.047 GC heap before
{Heap before GC invocations=29 (full 0):
 garbage-first heap   total 200704K, used 160036K [0x0000000080000000, 0x0000000100000000)
  region size 1024K, 57 young (58368K), 4 survivors (4096K)
 Metaspace       used 61108K, committed 61696K, reserved 1105920K
  class space    used 8135K, committed 8384K, reserved 1048576K
}
Event: 8.054 GC heap after
{Heap after GC invocations=30 (full 0):
 garbage-first heap   total 200704K, used 111731K [0x0000000080000000, 0x0000000100000000)
  region size 1024K, 8 young (8192K), 8 survivors (8192K)
 Metaspace       used 61108K, committed 61696K, reserved 1105920K
  class space    used 8135K, committed 8384K, reserved 1048576K
}
Event: 8.401 GC heap before
{Heap before GC invocations=30 (full 0):
 garbage-first heap   total 200704K, used 129139K [0x0000000080000000, 0x0000000100000000)
  region size 1024K, 26 young (26624K), 8 survivors (8192K)
 Metaspace       used 64938K, committed 65600K, reserved 1105920K
  class space    used 8637K, committed 8960K, reserved 1048576K
}
Event: 8.407 GC heap after
{Heap after GC invocations=31 (full 0):
 garbage-first heap   total 200704K, used 114293K [0x0000000080000000, 0x0000000100000000)
  region size 1024K, 3 young (3072K), 3 survivors (3072K)
 Metaspace       used 64938K, committed 65600K, reserved 1105920K
  class space    used 8637K, committed 8960K, reserved 1048576K
}
Event: 9.004 GC heap before
{Heap before GC invocations=32 (full 0):
 garbage-first heap   total 222208K, used 169589K [0x0000000080000000, 0x0000000100000000)
  region size 1024K, 51 young (52224K), 3 survivors (3072K)
 Metaspace       used 68439K, committed 69120K, reserved 1114112K
  class space    used 9083K, committed 9408K, reserved 1048576K
}
Event: 9.013 GC heap after
{Heap after GC invocations=33 (full 0):
 garbage-first heap   total 222208K, used 118016K [0x0000000080000000, 0x0000000100000000)
  region size 1024K, 7 young (7168K), 7 survivors (7168K)
 Metaspace       used 68439K, committed 69120K, reserved 1114112K
  class space    used 9083K, committed 9408K, reserved 1048576K
}
Event: 9.038 GC heap before
{Heap before GC invocations=33 (full 0):
 garbage-first heap   total 222208K, used 119040K [0x0000000080000000, 0x0000000100000000)
  region size 1024K, 9 young (9216K), 7 survivors (7168K)
 Metaspace       used 68564K, committed 69248K, reserved 1114112K
  class space    used 9093K, committed 9408K, reserved 1048576K
}
Event: 9.044 GC heap after
{Heap after GC invocations=34 (full 0):
 garbage-first heap   total 222208K, used 119191K [0x0000000080000000, 0x0000000100000000)
  region size 1024K, 2 young (2048K), 2 survivors (2048K)
 Metaspace       used 68564K, committed 69248K, reserved 1114112K
  class space    used 9093K, committed 9408K, reserved 1048576K
}
Event: 9.475 GC heap before
{Heap before GC invocations=35 (full 0):
 garbage-first heap   total 222208K, used 174487K [0x0000000080000000, 0x0000000100000000)
  region size 1024K, 55 young (56320K), 2 survivors (2048K)
 Metaspace       used 70085K, committed 70784K, reserved 1114112K
  class space    used 9320K, committed 9664K, reserved 1048576K
}
Event: 9.481 GC heap after
{Heap after GC invocations=36 (full 0):
 garbage-first heap   total 222208K, used 122411K [0x0000000080000000, 0x0000000100000000)
  region size 1024K, 5 young (5120K), 5 survivors (5120K)
 Metaspace       used 70085K, committed 70784K, reserved 1114112K
  class space    used 9320K, committed 9664K, reserved 1048576K
}
Event: 10.200 GC heap before
{Heap before GC invocations=36 (full 0):
 garbage-first heap   total 222208K, used 176683K [0x0000000080000000, 0x0000000100000000)
  region size 1024K, 58 young (59392K), 5 survivors (5120K)
 Metaspace       used 76012K, committed 76736K, reserved 1122304K
  class space    used 10349K, committed 10688K, reserved 1048576K
}
Event: 10.209 GC heap after
{Heap after GC invocations=37 (full 0):
 garbage-first heap   total 222208K, used 126205K [0x0000000080000000, 0x0000000100000000)
  region size 1024K, 4 young (4096K), 4 survivors (4096K)
 Metaspace       used 76012K, committed 76736K, reserved 1122304K
  class space    used 10349K, committed 10688K, reserved 1048576K
}
Event: 10.594 GC heap before
{Heap before GC invocations=38 (full 0):
 garbage-first heap   total 235520K, used 165117K [0x0000000080000000, 0x0000000100000000)
  region size 1024K, 43 young (44032K), 4 survivors (4096K)
 Metaspace       used 78027K, committed 78720K, reserved 1122304K
  class space    used 10638K, committed 10944K, reserved 1048576K
}
Event: 10.603 GC heap after
{Heap after GC invocations=39 (full 0):
 garbage-first heap   total 235520K, used 130584K [0x0000000080000000, 0x0000000100000000)
  region size 1024K, 7 young (7168K), 7 survivors (7168K)
 Metaspace       used 78027K, committed 78720K, reserved 1122304K
  class space    used 10638K, committed 10944K, reserved 1048576K
}
Event: 11.289 GC heap before
{Heap before GC invocations=40 (full 0):
 garbage-first heap   total 278528K, used 206360K [0x0000000080000000, 0x0000000100000000)
  region size 1024K, 54 young (55296K), 7 survivors (7168K)
 Metaspace       used 81891K, committed 82624K, reserved 1122304K
  class space    used 11185K, committed 11520K, reserved 1048576K
}
Event: 11.297 GC heap after
{Heap after GC invocations=41 (full 0):
 garbage-first heap   total 278528K, used 168713K [0x0000000080000000, 0x0000000100000000)
  region size 1024K, 8 young (8192K), 8 survivors (8192K)
 Metaspace       used 81891K, committed 82624K, reserved 1122304K
  class space    used 11185K, committed 11520K, reserved 1048576K
}

Dll operation events (2 events):
Event: 0.009 Loaded shared library C:\Program Files\Android\Android Studio\jbr\bin\java.dll
Event: 0.554 Loaded shared library C:\Program Files\Android\Android Studio\jbr\bin\verify.dll

Deoptimization events (20 events):
Event: 11.269 Thread 0x000001cd32f4ed10 Uncommon trap: trap_request=0xffffffde fr.pc=0x000001cd219eb844 relative=0x0000000000000364
Event: 11.269 Thread 0x000001cd32f4ed10 Uncommon trap: reason=class_check action=maybe_recompile pc=0x000001cd219eb844 method=java.util.stream.AbstractPipeline.copyIntoWithCancel(Ljava/util/stream/Sink;Ljava/util/Spliterator;)Z @ 32 c2
Event: 11.269 Thread 0x000001cd32f4ed10 DEOPT PACKING pc=0x000001cd219eb844 sp=0x0000009856afb5d0
Event: 11.269 Thread 0x000001cd32f4ed10 DEOPT UNPACKING pc=0x000001cd212469a3 sp=0x0000009856afb490 mode 2
Event: 11.269 Thread 0x000001cd32f4ed10 Uncommon trap: trap_request=0xffffffde fr.pc=0x000001cd219eb844 relative=0x0000000000000364
Event: 11.269 Thread 0x000001cd32f4ed10 Uncommon trap: reason=class_check action=maybe_recompile pc=0x000001cd219eb844 method=java.util.stream.AbstractPipeline.copyIntoWithCancel(Ljava/util/stream/Sink;Ljava/util/Spliterator;)Z @ 32 c2
Event: 11.269 Thread 0x000001cd32f4ed10 DEOPT PACKING pc=0x000001cd219eb844 sp=0x0000009856afb5d0
Event: 11.269 Thread 0x000001cd32f4ed10 DEOPT UNPACKING pc=0x000001cd212469a3 sp=0x0000009856afb490 mode 2
Event: 11.269 Thread 0x000001cd32f4ed10 Uncommon trap: trap_request=0xffffffde fr.pc=0x000001cd219eb844 relative=0x0000000000000364
Event: 11.269 Thread 0x000001cd32f4ed10 Uncommon trap: reason=class_check action=maybe_recompile pc=0x000001cd219eb844 method=java.util.stream.AbstractPipeline.copyIntoWithCancel(Ljava/util/stream/Sink;Ljava/util/Spliterator;)Z @ 32 c2
Event: 11.269 Thread 0x000001cd32f4ed10 DEOPT PACKING pc=0x000001cd219eb844 sp=0x0000009856afb5d0
Event: 11.269 Thread 0x000001cd32f4ed10 DEOPT UNPACKING pc=0x000001cd212469a3 sp=0x0000009856afb490 mode 2
Event: 11.382 Thread 0x000001cd32f4ed10 Uncommon trap: trap_request=0xffffff45 fr.pc=0x000001cd21ae3d30 relative=0x0000000000000090
Event: 11.382 Thread 0x000001cd32f4ed10 Uncommon trap: reason=unstable_if action=reinterpret pc=0x000001cd21ae3d30 method=org.objectweb.asm.Attribute.computeAttributesSize(Lorg/objectweb/asm/SymbolTable;II)I @ 47 c2
Event: 11.382 Thread 0x000001cd32f4ed10 DEOPT PACKING pc=0x000001cd21ae3d30 sp=0x0000009856af90d0
Event: 11.382 Thread 0x000001cd32f4ed10 DEOPT UNPACKING pc=0x000001cd212469a3 sp=0x0000009856af9050 mode 2
Event: 11.383 Thread 0x000001cd32f4ed10 Uncommon trap: trap_request=0xffffff45 fr.pc=0x000001cd21adda80 relative=0x0000000000000320
Event: 11.383 Thread 0x000001cd32f4ed10 Uncommon trap: reason=unstable_if action=reinterpret pc=0x000001cd21adda80 method=org.objectweb.asm.Attribute.putAttributes(Lorg/objectweb/asm/SymbolTable;IILorg/objectweb/asm/ByteVector;)V @ 59 c2
Event: 11.383 Thread 0x000001cd32f4ed10 DEOPT PACKING pc=0x000001cd21adda80 sp=0x0000009856af9080
Event: 11.383 Thread 0x000001cd32f4ed10 DEOPT UNPACKING pc=0x000001cd212469a3 sp=0x0000009856af9030 mode 2

Classes unloaded (0 events):
No events

Classes redefined (0 events):
No events

Internal exceptions (20 events):
Event: 11.165 Thread 0x000001cd32f4ed10 Exception <a 'java/lang/ClassNotFoundException'{0x000000008f60f950}: org/gradle/internal/extensibility/ExtensionsStorage$ExtensionHolderCustomizer> (0x000000008f60f950) 
thrown [s\src\hotspot\share\classfile\systemDictionary.cpp, line 256]
Event: 11.178 Thread 0x000001cd32f4ed10 Exception <a 'java/lang/ClassNotFoundException'{0x000000008f4991e8}: org/codehaus/groovy/runtime/NullObjectBeanInfo> (0x000000008f4991e8) 
thrown [s\src\hotspot\share\classfile\systemDictionary.cpp, line 256]
Event: 11.187 Thread 0x000001cd32f4ed10 Exception <a 'java/lang/ClassNotFoundException'{0x000000008f2a83f8}: org/codehaus/groovy/runtime/NullObjectCustomizer> (0x000000008f2a83f8) 
thrown [s\src\hotspot\share\classfile\systemDictionary.cpp, line 256]
Event: 11.190 Thread 0x000001cd32f4ed10 Exception <a 'java/lang/ClassNotFoundException'{0x000000008f2cb998}: org/gradle/internal/service/scopes/ProjectScopeServicesBeanInfo> (0x000000008f2cb998) 
thrown [s\src\hotspot\share\classfile\systemDictionary.cpp, line 256]
Event: 11.191 Thread 0x000001cd32f4ed10 Exception <a 'java/lang/ClassNotFoundException'{0x000000008f2d3d10}: org/gradle/internal/service/scopes/ProjectScopeServicesCustomizer> (0x000000008f2d3d10) 
thrown [s\src\hotspot\share\classfile\systemDictionary.cpp, line 256]
Event: 11.192 Thread 0x000001cd32f4ed10 Exception <a 'java/lang/ClassNotFoundException'{0x000000008f2eecd8}: org/gradle/api/internal/catalog/DefaultDependenciesAccessorsBeanInfo> (0x000000008f2eecd8) 
thrown [s\src\hotspot\share\classfile\systemDictionary.cpp, line 256]
Event: 11.193 Thread 0x000001cd32f4ed10 Exception <a 'java/lang/ClassNotFoundException'{0x000000008f2f8c98}: org/gradle/api/internal/catalog/DefaultDependenciesAccessorsCustomizer> (0x000000008f2f8c98) 
thrown [s\src\hotspot\share\classfile\systemDictionary.cpp, line 256]
Event: 11.195 Thread 0x000001cd32f4ed10 Exception <a 'java/lang/ClassNotFoundException'{0x000000008f14c358}: org/gradle/internal/classpath/DefaultClassPathBeanInfo> (0x000000008f14c358) 
thrown [s\src\hotspot\share\classfile\systemDictionary.cpp, line 256]
Event: 11.195 Thread 0x000001cd32f4ed10 Exception <a 'java/lang/ClassNotFoundException'{0x000000008f154458}: org/gradle/internal/classpath/DefaultClassPathCustomizer> (0x000000008f154458) 
thrown [s\src\hotspot\share\classfile\systemDictionary.cpp, line 256]
Event: 11.198 Thread 0x000001cd32f4ed10 Exception <a 'java/lang/ClassNotFoundException'{0x000000008f099808}: org/gradle/internal/classpath/DefaultClassPath$ImmutableUniqueListBeanInfo> (0x000000008f099808) 
thrown [s\src\hotspot\share\classfile\systemDictionary.cpp, line 256]
Event: 11.199 Thread 0x000001cd32f4ed10 Exception <a 'java/lang/ClassNotFoundException'{0x000000008f0a1af0}: org/gradle/internal/classpath/DefaultClassPath$ImmutableUniqueListCustomizer> (0x000000008f0a1af0) 
thrown [s\src\hotspot\share\classfile\systemDictionary.cpp, line 256]
Event: 11.203 Thread 0x000001cd32f4ed10 Exception <a 'java/lang/ClassNotFoundException'{0x000000008f0d3b08}: org/jetbrains/plugins/gradle/model/DefaultDependencyAccessorsModelBeanInfo> (0x000000008f0d3b08) 
thrown [s\src\hotspot\share\classfile\systemDictionary.cpp, line 256]
Event: 11.205 Thread 0x000001cd32f4ed10 Exception <a 'java/lang/ClassNotFoundException'{0x000000008f0dbf60}: org/jetbrains/plugins/gradle/model/DefaultDependencyAccessorsModelCustomizer> (0x000000008f0dbf60) 
thrown [s\src\hotspot\share\classfile\systemDictionary.cpp, line 256]
Event: 11.212 Thread 0x000001cd356ebef0 Exception <a 'java/lang/NoSuchMethodError'{0x000000008ee08db0}: static Lorg/jetbrains/kotlin/android/synthetic/idea/AndroidExtensionsGradleModelImpl;.<clinit>()V> (0x000000008ee08db0) 
thrown [s\src\hotspot\share\prims\jni.cpp, line 1108]
Event: 11.229 Thread 0x000001cd356ebef0 Exception <a 'java/lang/NoSuchMethodError'{0x000000008ee116c8}: static Lorg/jetbrains/kotlin/idea/gradleTooling/model/samWithReceiver/SamWithReceiverModelImpl;.<clinit>()V> (0x000000008ee116c8) 
thrown [s\src\hotspot\share\prims\jni.cpp, line 1108]
Event: 11.233 Thread 0x000001cd356ebef0 Exception <a 'java/lang/NoSuchMethodError'{0x000000008ee1a440}: static Lorg/jetbrains/kotlin/idea/gradleTooling/model/noarg/NoArgModelImpl;.<clinit>()V> (0x000000008ee1a440) 
thrown [s\src\hotspot\share\prims\jni.cpp, line 1108]
Event: 11.263 Thread 0x000001cd32f4ed10 Exception <a 'java/lang/ClassNotFoundException'{0x000000008ea47fb0}: org/gradle/api/internal/tasks/DefaultSourceSetContainer_DecoratedBeanInfo> (0x000000008ea47fb0) 
thrown [s\src\hotspot\share\classfile\systemDictionary.cpp, line 256]
Event: 11.263 Thread 0x000001cd32f4ed10 Exception <a 'java/lang/ClassNotFoundException'{0x000000008ea51f18}: org/gradle/api/internal/tasks/DefaultSourceSetContainerBeanInfo> (0x000000008ea51f18) 
thrown [s\src\hotspot\share\classfile\systemDictionary.cpp, line 256]
Event: 11.263 Thread 0x000001cd32f4ed10 Exception <a 'java/lang/ClassNotFoundException'{0x000000008ea5bea0}: org/gradle/api/internal/tasks/DefaultSourceSetContainerCustomizer> (0x000000008ea5bea0) 
thrown [s\src\hotspot\share\classfile\systemDictionary.cpp, line 256]
Event: 11.264 Thread 0x000001cd32f4ed10 Exception <a 'java/lang/ClassNotFoundException'{0x000000008ea71558}: org/gradle/api/internal/tasks/DefaultSourceSetContainer_DecoratedCustomizer> (0x000000008ea71558) 
thrown [s\src\hotspot\share\classfile\systemDictionary.cpp, line 256]

VM Operations (20 events):
Event: 10.708 Executing VM operation: G1Concurrent done
Event: 10.742 Executing VM operation: G1Concurrent
Event: 10.742 Executing VM operation: G1Concurrent done
Event: 10.822 Executing VM operation: HandshakeAllThreads
Event: 10.822 Executing VM operation: HandshakeAllThreads done
Event: 10.825 Executing VM operation: HandshakeAllThreads
Event: 10.825 Executing VM operation: HandshakeAllThreads done
Event: 10.835 Executing VM operation: HandshakeAllThreads
Event: 10.835 Executing VM operation: HandshakeAllThreads done
Event: 10.847 Executing VM operation: HandshakeAllThreads
Event: 10.847 Executing VM operation: HandshakeAllThreads done
Event: 10.931 Executing VM operation: HandshakeAllThreads
Event: 10.932 Executing VM operation: HandshakeAllThreads done
Event: 10.932 Executing VM operation: HandshakeAllThreads
Event: 10.933 Executing VM operation: HandshakeAllThreads done
Event: 10.960 Executing VM operation: ICBufferFull
Event: 10.960 Executing VM operation: ICBufferFull done
Event: 11.289 Executing VM operation: G1TryInitiateConcMark
Event: 11.298 Executing VM operation: G1TryInitiateConcMark done
Event: 11.391 Executing VM operation: G1Concurrent

Events (20 events):
Event: 11.155 loading class java/lang/IntegerBeanInfo
Event: 11.155 loading class java/lang/IntegerBeanInfo done
Event: 11.155 loading class java/lang/IntegerBeanInfo
Event: 11.155 loading class java/lang/IntegerBeanInfo done
Event: 11.155 loading class java/lang/NumberBeanInfo
Event: 11.155 loading class java/lang/NumberBeanInfo done
Event: 11.156 loading class java/lang/NumberBeanInfo
Event: 11.156 loading class java/lang/NumberBeanInfo done
Event: 11.156 loading class java/lang/NumberCustomizer
Event: 11.156 loading class java/lang/NumberCustomizer done
Event: 11.156 loading class java/lang/NumberCustomizer
Event: 11.156 loading class java/lang/NumberCustomizer done
Event: 11.156 loading class java/lang/IntegerCustomizer
Event: 11.156 loading class java/lang/IntegerCustomizer done
Event: 11.156 loading class java/lang/IntegerCustomizer
Event: 11.156 loading class java/lang/IntegerCustomizer done
Event: 11.156 loading class jdk/internal/ValueBased
Event: 11.156 loading class jdk/internal/ValueBased done
Event: 11.340 loading class java/util/function/LongUnaryOperator
Event: 11.340 loading class java/util/function/LongUnaryOperator done


Dynamic libraries:
0x00007ff60d6e0000 - 0x00007ff60d6ea000 	C:\Program Files\Android\Android Studio\jbr\bin\java.exe
0x00007ff864a50000 - 0x00007ff864c64000 	C:\Windows\SYSTEM32\ntdll.dll
0x00007ff863760000 - 0x00007ff863822000 	C:\Windows\System32\KERNEL32.DLL
0x00007ff8620d0000 - 0x00007ff86246c000 	C:\Windows\System32\KERNELBASE.dll
0x00007ff861fb0000 - 0x00007ff8620c1000 	C:\Windows\System32\ucrtbase.dll
0x00007ff853a30000 - 0x00007ff853a4b000 	C:\Program Files\Android\Android Studio\jbr\bin\VCRUNTIME140.dll
0x00007ff83e870000 - 0x00007ff83e887000 	C:\Program Files\Android\Android Studio\jbr\bin\jli.dll
0x00007ff864670000 - 0x00007ff86481b000 	C:\Windows\System32\USER32.dll
0x00007ff862790000 - 0x00007ff8627b6000 	C:\Windows\System32\win32u.dll
0x00007ff8649e0000 - 0x00007ff864a09000 	C:\Windows\System32\GDI32.dll
0x00007ff861e90000 - 0x00007ff861fa2000 	C:\Windows\System32\gdi32full.dll
0x00007ff8627c0000 - 0x00007ff86285a000 	C:\Windows\System32\msvcp_win.dll
0x00007ff853140000 - 0x00007ff8533ce000 	C:\Windows\WinSxS\amd64_microsoft.windows.common-controls_6595b64144ccf1df_6.0.22621.317_none_a9434687c10c9fa2\COMCTL32.dll
0x00007ff8638b0000 - 0x00007ff863957000 	C:\Windows\System32\msvcrt.dll
0x00007ff8649a0000 - 0x00007ff8649d1000 	C:\Windows\System32\IMM32.DLL
0x00007ff8488b0000 - 0x00007ff8488bc000 	C:\Program Files\Android\Android Studio\jbr\bin\vcruntime140_1.dll
0x00007ff815980000 - 0x00007ff815a0d000 	C:\Program Files\Android\Android Studio\jbr\bin\msvcp140.dll
0x00007ff80d390000 - 0x00007ff80dffd000 	C:\Program Files\Android\Android Studio\jbr\bin\server\jvm.dll
0x00007ff864400000 - 0x00007ff8644ae000 	C:\Windows\System32\ADVAPI32.dll
0x00007ff862dc0000 - 0x00007ff862e64000 	C:\Windows\System32\sechost.dll
0x00007ff862ca0000 - 0x00007ff862db5000 	C:\Windows\System32\RPCRT4.dll
0x00007ff85d2e0000 - 0x00007ff85d2e9000 	C:\Windows\SYSTEM32\WSOCK32.dll
0x00007ff863ac0000 - 0x00007ff863b31000 	C:\Windows\System32\WS2_32.dll
0x00007ff855680000 - 0x00007ff8556b4000 	C:\Windows\SYSTEM32\WINMM.dll
0x00007ff853b60000 - 0x00007ff853b6a000 	C:\Windows\SYSTEM32\VERSION.dll
0x00007ff860f10000 - 0x00007ff860f28000 	C:\Windows\SYSTEM32\kernel.appcore.dll
0x00007ff853990000 - 0x00007ff85399a000 	C:\Program Files\Android\Android Studio\jbr\bin\jimage.dll
0x00007ff850b60000 - 0x00007ff850d8e000 	C:\Windows\SYSTEM32\DBGHELP.DLL
0x00007ff862860000 - 0x00007ff862be9000 	C:\Windows\System32\combase.dll
0x00007ff864320000 - 0x00007ff8643f7000 	C:\Windows\System32\OLEAUT32.dll
0x00007ff850b20000 - 0x00007ff850b52000 	C:\Windows\SYSTEM32\dbgcore.DLL
0x00007ff862470000 - 0x00007ff8624eb000 	C:\Windows\System32\bcryptPrimitives.dll
0x00007ff8503e0000 - 0x00007ff850405000 	C:\Program Files\Android\Android Studio\jbr\bin\java.dll
0x00007ff8528c0000 - 0x00007ff8528d8000 	C:\Program Files\Android\Android Studio\jbr\bin\zip.dll
0x00007ff862f70000 - 0x00007ff86374b000 	C:\Windows\System32\SHELL32.dll
0x00007ff85fef0000 - 0x00007ff8607a5000 	C:\Windows\SYSTEM32\windows.storage.dll
0x00007ff85fdb0000 - 0x00007ff85feed000 	C:\Windows\SYSTEM32\wintypes.dll
0x00007ff862e70000 - 0x00007ff862f61000 	C:\Windows\System32\SHCORE.dll
0x00007ff862bf0000 - 0x00007ff862c4e000 	C:\Windows\System32\shlwapi.dll
0x00007ff861dc0000 - 0x00007ff861de1000 	C:\Windows\SYSTEM32\profapi.dll
0x00007ff850310000 - 0x00007ff850329000 	C:\Program Files\Android\Android Studio\jbr\bin\net.dll
0x00007ff85b530000 - 0x00007ff85b65f000 	C:\Windows\SYSTEM32\WINHTTP.dll
0x00007ff861370000 - 0x00007ff8613d9000 	C:\Windows\system32\mswsock.dll
0x00007ff8502f0000 - 0x00007ff850306000 	C:\Program Files\Android\Android Studio\jbr\bin\nio.dll
0x00007ff850360000 - 0x00007ff850370000 	C:\Program Files\Android\Android Studio\jbr\bin\verify.dll
0x00007ff8291c0000 - 0x00007ff8291e7000 	C:\Users\ahmed\.gradle\native\68d5fa5c4cc2d200863cafc0d521ce42e7d3e7ee720ec0a83991735586a16f82\windows-amd64\native-platform.dll
0x00007ff815830000 - 0x00007ff815974000 	C:\Users\ahmed\.gradle\native\e376f236ea51e6404a007f0833ffe2c6e607c4080706a723a18a27aeea778392\windows-amd64\native-platform-file-events.dll
0x00007ff852730000 - 0x00007ff852739000 	C:\Program Files\Android\Android Studio\jbr\bin\management.dll
0x00007ff8503d0000 - 0x00007ff8503db000 	C:\Program Files\Android\Android Studio\jbr\bin\management_ext.dll
0x00007ff863750000 - 0x00007ff863758000 	C:\Windows\System32\PSAPI.DLL
0x00007ff8615b0000 - 0x00007ff8615cb000 	C:\Windows\SYSTEM32\CRYPTSP.dll
0x00007ff860e80000 - 0x00007ff860eb5000 	C:\Windows\system32\rsaenh.dll
0x00007ff861460000 - 0x00007ff861488000 	C:\Windows\SYSTEM32\USERENV.dll
0x00007ff8617e0000 - 0x00007ff861808000 	C:\Windows\SYSTEM32\bcrypt.dll
0x00007ff8615d0000 - 0x00007ff8615dc000 	C:\Windows\SYSTEM32\CRYPTBASE.dll
0x00007ff8609f0000 - 0x00007ff860a1d000 	C:\Windows\SYSTEM32\IPHLPAPI.DLL
0x00007ff8639c0000 - 0x00007ff8639c9000 	C:\Windows\System32\NSI.dll
0x00007ff85b4d0000 - 0x00007ff85b4e9000 	C:\Windows\SYSTEM32\dhcpcsvc6.DLL
0x00007ff85b510000 - 0x00007ff85b52f000 	C:\Windows\SYSTEM32\dhcpcsvc.DLL
0x00007ff860a20000 - 0x00007ff860b12000 	C:\Windows\SYSTEM32\DNSAPI.dll
0x00007ff84ff50000 - 0x00007ff84ff58000 	C:\Windows\system32\wshunix.dll

dbghelp: loaded successfully - version: 4.0.5 - missing functions: none
symbol engine: initialized successfully - sym options: 0x614 - pdb path: .;C:\Program Files\Android\Android Studio\jbr\bin;C:\Windows\SYSTEM32;C:\Windows\WinSxS\amd64_microsoft.windows.common-controls_6595b64144ccf1df_6.0.22621.317_none_a9434687c10c9fa2;C:\Program Files\Android\Android Studio\jbr\bin\server;C:\Users\ahmed\.gradle\native\68d5fa5c4cc2d200863cafc0d521ce42e7d3e7ee720ec0a83991735586a16f82\windows-amd64;C:\Users\ahmed\.gradle\native\e376f236ea51e6404a007f0833ffe2c6e607c4080706a723a18a27aeea778392\windows-amd64

VM Arguments:
jvm_args: --add-opens=java.base/java.util=ALL-UNNAMED --add-opens=java.base/java.lang=ALL-UNNAMED --add-opens=java.base/java.lang.invoke=ALL-UNNAMED --add-opens=java.prefs/java.util.prefs=ALL-UNNAMED --add-opens=java.base/java.nio.charset=ALL-UNNAMED --add-opens=java.base/java.net=ALL-UNNAMED --add-opens=java.base/java.util.concurrent.atomic=ALL-UNNAMED -Xmx2048m -Dfile.encoding=UTF-8 -Duser.country=US -Duser.language=en -Duser.variant 
java_command: org.gradle.launcher.daemon.bootstrap.GradleDaemon 8.0
java_class_path (initial): C:\Users\ahmed\.gradle\wrapper\dists\gradle-8.0-bin\ca5e32bp14vu59qr306oxotwh\gradle-8.0\lib\gradle-launcher-8.0.jar
Launcher Type: SUN_STANDARD

[Global flags]
     intx CICompilerCount                          = 3                                         {product} {ergonomic}
     uint ConcGCThreads                            = 1                                         {product} {ergonomic}
     uint G1ConcRefinementThreads                  = 4                                         {product} {ergonomic}
   size_t G1HeapRegionSize                         = 1048576                                   {product} {ergonomic}
    uintx GCDrainStackTargetSize                   = 64                                        {product} {ergonomic}
   size_t InitialHeapSize                          = 134217728                                 {product} {ergonomic}
   size_t MarkStackSize                            = 4194304                                   {product} {ergonomic}
   size_t MaxHeapSize                              = 2147483648                                {product} {command line}
   size_t MaxNewSize                               = 1287651328                                {product} {ergonomic}
   size_t MinHeapDeltaBytes                        = 1048576                                   {product} {ergonomic}
   size_t MinHeapSize                              = 8388608                                   {product} {ergonomic}
    uintx NonNMethodCodeHeapSize                   = 5832780                                {pd product} {ergonomic}
    uintx NonProfiledCodeHeapSize                  = 122912730                              {pd product} {ergonomic}
    uintx ProfiledCodeHeapSize                     = 122912730                              {pd product} {ergonomic}
    uintx ReservedCodeCacheSize                    = 251658240                              {pd product} {ergonomic}
     bool SegmentedCodeCache                       = true                                      {product} {ergonomic}
   size_t SoftMaxHeapSize                          = 2147483648                             {manageable} {ergonomic}
     bool UseCompressedClassPointers               = true                           {product lp64_product} {ergonomic}
     bool UseCompressedOops                        = true                           {product lp64_product} {ergonomic}
     bool UseG1GC                                  = true                                      {product} {ergonomic}
     bool UseLargePagesIndividualAllocation        = false                                  {pd product} {ergonomic}

Logging:
Log output configuration:
 #0: stdout all=warning uptime,level,tags
 #1: stderr all=off uptime,level,tags

Environment Variables:
PATH=C:\Program Files\Eclipse Adoptium\jdk-17.0.7.7-hotspot\bin;C:\Program Files\Common Files\Oracle\Java\javapath;C:\Windows\system32;C:\Windows;C:\Windows\System32\Wbem;C:\Windows\System32\WindowsPowerShell\v1.0\;C:\Windows\System32\OpenSSH\;C:\Program Files\dotnet\;C:\Program Files\nodejs\;C:\ProgramData\chocolatey\bin;C:\xampp\php;C:\composer;C:\ProgramData\ComposerSetup\bin;C:\Program Files\Git\cmd;C:\Users\ahmed\AppData\Local\Microsoft\WindowsApps;C:\Users\ahmed\AppData\Roaming\npm;C:\Users\ahmed\AppData\Local\Programs\Microsoft VS Code\bin;C:\Users\ahmed\AppData\Roaming\Composer\vendor\bin;C:\Program Files\heroku\bin
USERNAME=ahmed
OS=Windows_NT
PROCESSOR_IDENTIFIER=Intel64 Family 6 Model 58 Stepping 9, GenuineIntel
TMP=C:\Users\ahmed\AppData\Local\Temp
TEMP=C:\Users\ahmed\AppData\Local\Temp



---------------  S Y S T E M  ---------------

OS:
 Windows 11 , 64 bit Build 22621 (10.0.22621.457)
OS uptime: 0 days 12:30 hours

CPU: total 4 (initial active 4) (4 cores per cpu, 1 threads per core) family 6 model 58 stepping 9 microcode 0x21, cx8, cmov, fxsr, mmx, sse, sse2, sse3, ssse3, sse4.1, sse4.2, popcnt, tsc, tscinvbit, avx, aes, erms, clmul, vzeroupper, clflush

Memory: 4k page, system-wide physical 8066M (559M free)
TotalPageFile size 10114M (AvailPageFile size 11M)
current process WorkingSet (physical memory assigned to process): 503M, peak: 506M
current process commit charge ("private bytes"): 534M, peak: 546M

vm_info: OpenJDK 64-Bit Server VM (17.0.6+0-b2043.56-9586694) for windows-amd64 JRE (17.0.6+0-b2043.56-9586694), built on Feb  9 2023 20:06:20 by "androidbuild" with MS VC++ 16.10 / 16.11 (VS2019)

END.
