#
# There is insufficient memory for the Java Runtime Environment to continue.
# Native memory allocation (mmap) failed to map 28311552 bytes for G1 virtual space
# Possible reasons:
#   The system is out of physical RAM or swap space
#   The process is running with CompressedOops enabled, and the Java Heap may be blocking the growth of the native heap
# Possible solutions:
#   Reduce memory load on the system
#   Increase physical memory or swap space
#   Check if swap backing store is full
#   Decrease Java heap size (-Xmx/-Xms)
#   Decrease number of Java threads
#   Decrease Java thread stack sizes (-Xss)
#   Set larger code cache with -XX:ReservedCodeCacheSize=
#   JVM is running with Unscaled Compressed Oops mode in which the Java heap is
#     placed in the first 4GB address space. The Java Heap base address is the
#     maximum limit for the native heap growth. Please use -XX:HeapBaseMinAddress
#     to set the Java Heap base and to place the Java Heap above 4GB virtual address.
# This output file may be truncated or incomplete.
#
#  Out of Memory Error (os_windows.cpp:3769), pid=9544, tid=11600
#
# JRE version: OpenJDK Runtime Environment (17.0.6) (build 17.0.6+0-b2043.56-9586694)
# Java VM: OpenJDK 64-Bit Server VM (17.0.6+0-b2043.56-9586694, mixed mode, tiered, compressed oops, compressed class ptrs, g1 gc, windows-amd64)
# No core dump will be written. Minidumps are not enabled by default on client versions of Windows
#

---------------  S U M M A R Y ------------

Command Line: --add-opens=java.base/java.util=ALL-UNNAMED --add-opens=java.base/java.lang=ALL-UNNAMED --add-opens=java.base/java.lang.invoke=ALL-UNNAMED --add-opens=java.prefs/java.util.prefs=ALL-UNNAMED --add-opens=java.base/java.nio.charset=ALL-UNNAMED --add-opens=java.base/java.net=ALL-UNNAMED --add-opens=java.base/java.util.concurrent.atomic=ALL-UNNAMED -Xmx2048m -Dfile.encoding=UTF-8 -Duser.country=US -Duser.language=en -Duser.variant org.gradle.launcher.daemon.bootstrap.GradleDaemon 8.0

Host: Intel(R) Core(TM) i5-3570 CPU @ 3.40GHz, 4 cores, 7G,  Windows 11 , 64 bit Build 22621 (10.0.22621.457)
Time: Sun May 21 20:55:16 2023 Egypt Standard Time elapsed time: 6.117373 seconds (0d 0h 0m 6s)

---------------  T H R E A D  ---------------

Current thread (0x000001bdeb7d6620):  VMThread "VM Thread" [stack: 0x000000a03ec00000,0x000000a03ed00000] [id=11600]

Stack: [0x000000a03ec00000,0x000000a03ed00000]
Native frames: (J=compiled Java code, j=interpreted, Vv=VM code, C=native code)
V  [jvm.dll+0x683b4a]
V  [jvm.dll+0x842654]
V  [jvm.dll+0x843dfe]
V  [jvm.dll+0x844463]
V  [jvm.dll+0x249b75]
V  [jvm.dll+0x680a19]
V  [jvm.dll+0x674f0a]
V  [jvm.dll+0x309acb]
V  [jvm.dll+0x310f86]
V  [jvm.dll+0x3608ee]
V  [jvm.dll+0x360b1f]
V  [jvm.dll+0x2dfbf8]
V  [jvm.dll+0x2ddec4]
V  [jvm.dll+0x2dd4cc]
V  [jvm.dll+0x322261]
V  [jvm.dll+0x84893b]
V  [jvm.dll+0x849674]
V  [jvm.dll+0x849b8d]
V  [jvm.dll+0x849f64]
V  [jvm.dll+0x84a030]
V  [jvm.dll+0x7f25fa]
V  [jvm.dll+0x682985]
C  [ucrtbase.dll+0x29363]
C  [KERNEL32.DLL+0x1244d]
C  [ntdll.dll+0x5df78]

VM_Operation (0x000000a0403f2e90): G1TryInitiateConcMark, mode: safepoint, requested by thread 0x000001bdeed74880


---------------  P R O C E S S  ---------------

Threads class SMR info:
_java_thread_list=0x000001bdf0a62840, length=38, elements={
0x000001bdd2217b10, 0x000001bdeb7fa260, 0x000001bdeb7fae10, 0x000001bdeb809a80,
0x000001bdeb80c440, 0x000001bdeb80cdf0, 0x000001bdeb80d7a0, 0x000001bdeb80e480,
0x000001bdec425b20, 0x000001bdec426420, 0x000001bdec5ab990, 0x000001bdec5abe60,
0x000001bded4fc140, 0x000001bded286350, 0x000001bdeef33c10, 0x000001bdef0dd780,
0x000001bdee8a7940, 0x000001bdee89e670, 0x000001bded7fb820, 0x000001bdeed74880,
0x000001bdeeac7ec0, 0x000001bdeeac7520, 0x000001bdeeac79f0, 0x000001bdeeac7050,
0x000001bdeeac8860, 0x000001bdeeac8390, 0x000001bdeeaca070, 0x000001bdeeac9200,
0x000001bdeeac9ba0, 0x000001bdeeac8d30, 0x000001bdeeaca540, 0x000001bdeeacaa10,
0x000001bdf1062630, 0x000001bdf1062fd0, 0x000001bdf1064cb0, 0x000001bdf1062b00,
0x000001bdf10634a0, 0x000001bdf1067330
}

Java Threads: ( => current thread )
  0x000001bdd2217b10 JavaThread "main" [_thread_blocked, id=9384, stack(0x000000a03e600000,0x000000a03e700000)]
  0x000001bdeb7fa260 JavaThread "Reference Handler" daemon [_thread_blocked, id=8912, stack(0x000000a03ed00000,0x000000a03ee00000)]
  0x000001bdeb7fae10 JavaThread "Finalizer" daemon [_thread_blocked, id=9816, stack(0x000000a03ee00000,0x000000a03ef00000)]
  0x000001bdeb809a80 JavaThread "Signal Dispatcher" daemon [_thread_blocked, id=13200, stack(0x000000a03ef00000,0x000000a03f000000)]
  0x000001bdeb80c440 JavaThread "Attach Listener" daemon [_thread_blocked, id=9904, stack(0x000000a03f000000,0x000000a03f100000)]
  0x000001bdeb80cdf0 JavaThread "Service Thread" daemon [_thread_blocked, id=12944, stack(0x000000a03f100000,0x000000a03f200000)]
  0x000001bdeb80d7a0 JavaThread "Monitor Deflation Thread" daemon [_thread_blocked, id=12792, stack(0x000000a03f200000,0x000000a03f300000)]
  0x000001bdeb80e480 JavaThread "C2 CompilerThread0" daemon [_thread_blocked, id=9332, stack(0x000000a03f300000,0x000000a03f400000)]
  0x000001bdec425b20 JavaThread "C1 CompilerThread0" daemon [_thread_blocked, id=7832, stack(0x000000a03f400000,0x000000a03f500000)]
  0x000001bdec426420 JavaThread "Sweeper thread" daemon [_thread_blocked, id=9944, stack(0x000000a03f500000,0x000000a03f600000)]
  0x000001bdec5ab990 JavaThread "Common-Cleaner" daemon [_thread_blocked, id=8156, stack(0x000000a03f600000,0x000000a03f700000)]
  0x000001bdec5abe60 JavaThread "Notification Thread" daemon [_thread_blocked, id=13968, stack(0x000000a03f700000,0x000000a03f800000)]
  0x000001bded4fc140 JavaThread "C2 CompilerThread1" daemon [_thread_in_native, id=14224, stack(0x000000a03f900000,0x000000a03fa00000)]
  0x000001bded286350 JavaThread "Daemon health stats" [_thread_blocked, id=9616, stack(0x000000a03fd00000,0x000000a03fe00000)]
  0x000001bdeef33c10 JavaThread "Incoming local TCP Connector on port 56578" [_thread_in_native, id=13748, stack(0x000000a03fe00000,0x000000a03ff00000)]
  0x000001bdef0dd780 JavaThread "Daemon periodic checks" [_thread_blocked, id=12580, stack(0x000000a03ff00000,0x000000a040000000)]
  0x000001bdee8a7940 JavaThread "Daemon" [_thread_blocked, id=9308, stack(0x000000a040000000,0x000000a040100000)]
  0x000001bdee89e670 JavaThread "Handler for socket connection from /127.0.0.1:56578 to /127.0.0.1:56579" [_thread_in_native, id=10468, stack(0x000000a040100000,0x000000a040200000)]
  0x000001bded7fb820 JavaThread "Cancel handler" [_thread_blocked, id=3560, stack(0x000000a040200000,0x000000a040300000)]
  0x000001bdeed74880 JavaThread "Daemon worker" [_thread_blocked, id=4264, stack(0x000000a040300000,0x000000a040400000)]
  0x000001bdeeac7ec0 JavaThread "Asynchronous log dispatcher for DefaultDaemonConnection: socket connection from /127.0.0.1:56578 to /127.0.0.1:56579" [_thread_blocked, id=7228, stack(0x000000a040400000,0x000000a040500000)]
  0x000001bdeeac7520 JavaThread "Stdin handler" [_thread_blocked, id=11460, stack(0x000000a040500000,0x000000a040600000)]
  0x000001bdeeac79f0 JavaThread "Daemon client event forwarder" [_thread_blocked, id=2692, stack(0x000000a040600000,0x000000a040700000)]
  0x000001bdeeac7050 JavaThread "Cache worker for journal cache (C:\Users\ahmed\.gradle\caches\journal-1)" [_thread_blocked, id=368, stack(0x000000a040700000,0x000000a040800000)]
  0x000001bdeeac8860 JavaThread "File lock request listener" [_thread_in_native, id=12376, stack(0x000000a040800000,0x000000a040900000)]
  0x000001bdeeac8390 JavaThread "Cache worker for file hash cache (C:\Users\ahmed\.gradle\caches\8.0\fileHashes)" [_thread_blocked, id=9960, stack(0x000000a040900000,0x000000a040a00000)]
  0x000001bdeeaca070 JavaThread "File watcher server" daemon [_thread_in_native, id=404, stack(0x000000a040a00000,0x000000a040b00000)]
  0x000001bdeeac9200 JavaThread "File watcher consumer" daemon [_thread_blocked, id=11208, stack(0x000000a040b00000,0x000000a040c00000)]
  0x000001bdeeac9ba0 JavaThread "jar transforms" [_thread_blocked, id=5812, stack(0x000000a040c00000,0x000000a040d00000)]
  0x000001bdeeac8d30 JavaThread "jar transforms Thread 2" [_thread_blocked, id=10764, stack(0x000000a040d00000,0x000000a040e00000)]
  0x000001bdeeaca540 JavaThread "jar transforms Thread 3" [_thread_blocked, id=10920, stack(0x000000a040e00000,0x000000a040f00000)]
  0x000001bdeeacaa10 JavaThread "jar transforms Thread 4" [_thread_blocked, id=7368, stack(0x000000a040f00000,0x000000a041000000)]
  0x000001bdf1062630 JavaThread "Cache worker for checksums cache (C:\Users\ahmed\StudioProjects\project-collage\.gradle\8.0\checksums)" [_thread_blocked, id=12884, stack(0x000000a041100000,0x000000a041200000)]
  0x000001bdf1062fd0 JavaThread "Cache worker for cache directory md-rule (C:\Users\ahmed\.gradle\caches\8.0\md-rule)" [_thread_blocked, id=8612, stack(0x000000a041200000,0x000000a041300000)]
  0x000001bdf1064cb0 JavaThread "Cache worker for file content cache (C:\Users\ahmed\.gradle\caches\8.0\fileContent)" [_thread_blocked, id=13800, stack(0x000000a041300000,0x000000a041400000)]
  0x000001bdf1062b00 JavaThread "Cache worker for file hash cache (C:\Users\ahmed\StudioProjects\project-collage\.gradle\8.0\fileHashes)" [_thread_blocked, id=13804, stack(0x000000a041400000,0x000000a041500000)]
  0x000001bdf10634a0 JavaThread "Cache worker for cache directory md-supplier (C:\Users\ahmed\.gradle\caches\8.0\md-supplier)" [_thread_blocked, id=8840, stack(0x000000a041500000,0x000000a041600000)]
  0x000001bdf1067330 JavaThread "Cache worker for execution history cache (C:\Users\ahmed\.gradle\caches\8.0\executionHistory)" [_thread_blocked, id=9984, stack(0x000000a041600000,0x000000a041700000)]

Other Threads:
=>0x000001bdeb7d6620 VMThread "VM Thread" [stack: 0x000000a03ec00000,0x000000a03ed00000] [id=11600]
  0x000001bdec5a9660 WatcherThread [stack: 0x000000a03f800000,0x000000a03f900000] [id=13236]
  0x000001bdd2271970 GCTaskThread "GC Thread#0" [stack: 0x000000a03e700000,0x000000a03e800000] [id=12016]
  0x000001bdecda1380 GCTaskThread "GC Thread#1" [stack: 0x000000a03fa00000,0x000000a03fb00000] [id=15072]
  0x000001bdec8dbb80 GCTaskThread "GC Thread#2" [stack: 0x000000a03fb00000,0x000000a03fc00000] [id=7724]
  0x000001bded288fa0 GCTaskThread "GC Thread#3" [stack: 0x000000a03fc00000,0x000000a03fd00000] [id=12644]
  0x000001bdd2283a20 ConcurrentGCThread "G1 Main Marker" [stack: 0x000000a03e800000,0x000000a03e900000] [id=9264]
  0x000001bdd2284bd0 ConcurrentGCThread "G1 Conc#0" [stack: 0x000000a03e900000,0x000000a03ea00000] [id=9396]
  0x000001bdeb6324b0 ConcurrentGCThread "G1 Refine#0" [stack: 0x000000a03ea00000,0x000000a03eb00000] [id=7388]
  0x000001bdef6bc840 ConcurrentGCThread "G1 Refine#1" [stack: 0x000000a041000000,0x000000a041100000] [id=7416]
  0x000001bdd22dcf40 ConcurrentGCThread "G1 Service" [stack: 0x000000a03eb00000,0x000000a03ec00000] [id=10184]

Threads with active compile tasks:
C2 CompilerThread1     6137 4218       4       groovy.lang.MetaClassImpl$1MOPIter::methodNameAction (325 bytes)

VM state: at safepoint (normal execution)

VM Mutex/Monitor currently owned by a thread:  ([mutex/lock_event])
[0x000001bdd2213760] Threads_lock - owner thread: 0x000001bdeb7d6620
[0x000001bdd2212a70] Heap_lock - owner thread: 0x000001bdeed74880

Heap address: 0x0000000080000000, size: 2048 MB, Compressed Oops mode: 32-bit

CDS archive(s) not mapped
Compressed class space mapped at: 0x0000000100000000-0x0000000140000000, reserved size: 1073741824
Narrow klass base: 0x0000000000000000, Narrow klass shift: 3, Narrow klass range: 0x140000000

GC Precious Log:
 CPUs: 4 total, 4 available
 Memory: 8066M
 Large Page Support: Disabled
 NUMA Support: Disabled
 Compressed Oops: Enabled (32-bit)
 Heap Region Size: 1M
 Heap Min Capacity: 8M
 Heap Initial Capacity: 128M
 Heap Max Capacity: 2G
 Pre-touch: Disabled
 Parallel Workers: 4
 Concurrent Workers: 1
 Concurrent Refinement Workers: 4
 Periodic GC: Disabled

Heap:
 garbage-first heap   total 138240K, used 90019K [0x0000000080000000, 0x0000000100000000)
  region size 1024K, 4 young (4096K), 4 survivors (4096K)
 Metaspace       used 47843K, committed 48320K, reserved 1097728K
  class space    used 6346K, committed 6528K, reserved 1048576K

Heap Regions: E=young(eden), S=young(survivor), O=old, HS=humongous(starts), HC=humongous(continues), CS=collection set, F=free, OA=open archive, CA=closed archive, TAMS=top-at-mark-start (previous, next)
|   0|0x0000000080000000, 0x0000000080100000, 0x0000000080100000|100%| O|  |TAMS 0x0000000080100000, 0x0000000080100000| Untracked 
|   1|0x0000000080100000, 0x0000000080200000, 0x0000000080200000|100%| O|  |TAMS 0x0000000080200000, 0x0000000080200000| Untracked 
|   2|0x0000000080200000, 0x0000000080300000, 0x0000000080300000|100%| O|  |TAMS 0x0000000080300000, 0x0000000080300000| Untracked 
|   3|0x0000000080300000, 0x0000000080400000, 0x0000000080400000|100%|HS|  |TAMS 0x0000000080400000, 0x0000000080400000| Complete 
|   4|0x0000000080400000, 0x0000000080500000, 0x0000000080500000|100%|HC|  |TAMS 0x0000000080500000, 0x0000000080500000| Complete 
|   5|0x0000000080500000, 0x0000000080600000, 0x0000000080600000|100%|HC|  |TAMS 0x0000000080600000, 0x0000000080600000| Complete 
|   6|0x0000000080600000, 0x0000000080700000, 0x0000000080700000|100%|HC|  |TAMS 0x0000000080700000, 0x0000000080700000| Complete 
|   7|0x0000000080700000, 0x0000000080800000, 0x0000000080800000|100%| O|  |TAMS 0x0000000080800000, 0x0000000080800000| Untracked 
|   8|0x0000000080800000, 0x0000000080900000, 0x0000000080900000|100%| O|  |TAMS 0x0000000080900000, 0x0000000080900000| Untracked 
|   9|0x0000000080900000, 0x0000000080a00000, 0x0000000080a00000|100%| O|  |TAMS 0x0000000080a00000, 0x0000000080a00000| Untracked 
|  10|0x0000000080a00000, 0x0000000080b00000, 0x0000000080b00000|100%| O|  |TAMS 0x0000000080b00000, 0x0000000080b00000| Untracked 
|  11|0x0000000080b00000, 0x0000000080b9b000, 0x0000000080c00000| 60%| O|  |TAMS 0x0000000080b9b000, 0x0000000080b9b000| Untracked 
|  12|0x0000000080c00000, 0x0000000080d00000, 0x0000000080d00000|100%| O|  |TAMS 0x0000000080d00000, 0x0000000080d00000| Untracked 
|  13|0x0000000080d00000, 0x0000000080e00000, 0x0000000080e00000|100%| O|  |TAMS 0x0000000080e00000, 0x0000000080e00000| Untracked 
|  14|0x0000000080e00000, 0x0000000080f00000, 0x0000000080f00000|100%| O|  |TAMS 0x0000000080f00000, 0x0000000080f00000| Untracked 
|  15|0x0000000080f00000, 0x0000000081000000, 0x0000000081000000|100%| O|  |TAMS 0x0000000081000000, 0x0000000081000000| Untracked 
|  16|0x0000000081000000, 0x0000000081100000, 0x0000000081100000|100%| O|  |TAMS 0x0000000081100000, 0x0000000081100000| Untracked 
|  17|0x0000000081100000, 0x0000000081200000, 0x0000000081200000|100%| O|  |TAMS 0x0000000081200000, 0x0000000081200000| Untracked 
|  18|0x0000000081200000, 0x0000000081300000, 0x0000000081300000|100%| O|  |TAMS 0x0000000081300000, 0x0000000081300000| Untracked 
|  19|0x0000000081300000, 0x0000000081400000, 0x0000000081400000|100%|HS|  |TAMS 0x0000000081400000, 0x0000000081400000| Complete 
|  20|0x0000000081400000, 0x0000000081500000, 0x0000000081500000|100%|HC|  |TAMS 0x0000000081500000, 0x0000000081500000| Complete 
|  21|0x0000000081500000, 0x0000000081600000, 0x0000000081600000|100%|HS|  |TAMS 0x0000000081600000, 0x0000000081600000| Complete 
|  22|0x0000000081600000, 0x0000000081700000, 0x0000000081700000|100%|HC|  |TAMS 0x0000000081700000, 0x0000000081700000| Complete 
|  23|0x0000000081700000, 0x0000000081800000, 0x0000000081800000|100%|HC|  |TAMS 0x0000000081800000, 0x0000000081800000| Complete 
|  24|0x0000000081800000, 0x0000000081900000, 0x0000000081900000|100%|HS|  |TAMS 0x0000000081900000, 0x0000000081900000| Complete 
|  25|0x0000000081900000, 0x0000000081a00000, 0x0000000081a00000|100%|HC|  |TAMS 0x0000000081a00000, 0x0000000081a00000| Complete 
|  26|0x0000000081a00000, 0x0000000081b00000, 0x0000000081b00000|100%| O|  |TAMS 0x0000000081b00000, 0x0000000081b00000| Untracked 
|  27|0x0000000081b00000, 0x0000000081c00000, 0x0000000081c00000|100%|HS|  |TAMS 0x0000000081c00000, 0x0000000081c00000| Complete 
|  28|0x0000000081c00000, 0x0000000081d00000, 0x0000000081d00000|100%|HC|  |TAMS 0x0000000081d00000, 0x0000000081d00000| Complete 
|  29|0x0000000081d00000, 0x0000000081e00000, 0x0000000081e00000|100%|HC|  |TAMS 0x0000000081e00000, 0x0000000081e00000| Complete 
|  30|0x0000000081e00000, 0x0000000081f00000, 0x0000000081f00000|100%|HS|  |TAMS 0x0000000081f00000, 0x0000000081f00000| Complete 
|  31|0x0000000081f00000, 0x0000000082000000, 0x0000000082000000|100%|HC|  |TAMS 0x0000000082000000, 0x0000000082000000| Complete 
|  32|0x0000000082000000, 0x0000000082100000, 0x0000000082100000|100%| O|  |TAMS 0x0000000082100000, 0x0000000082100000| Untracked 
|  33|0x0000000082100000, 0x0000000082200000, 0x0000000082200000|100%| O|  |TAMS 0x0000000082200000, 0x0000000082200000| Untracked 
|  34|0x0000000082200000, 0x0000000082300000, 0x0000000082300000|100%| O|  |TAMS 0x0000000082300000, 0x0000000082300000| Untracked 
|  35|0x0000000082300000, 0x0000000082400000, 0x0000000082400000|100%| O|  |TAMS 0x0000000082400000, 0x0000000082400000| Untracked 
|  36|0x0000000082400000, 0x0000000082500000, 0x0000000082500000|100%| O|  |TAMS 0x0000000082500000, 0x0000000082500000| Untracked 
|  37|0x0000000082500000, 0x0000000082600000, 0x0000000082600000|100%| O|  |TAMS 0x0000000082600000, 0x0000000082600000| Untracked 
|  38|0x0000000082600000, 0x0000000082700000, 0x0000000082700000|100%|HS|  |TAMS 0x0000000082700000, 0x0000000082700000| Complete 
|  39|0x0000000082700000, 0x0000000082800000, 0x0000000082800000|100%|HC|  |TAMS 0x0000000082800000, 0x0000000082800000| Complete 
|  40|0x0000000082800000, 0x0000000082900000, 0x0000000082900000|100%|HC|  |TAMS 0x0000000082900000, 0x0000000082900000| Complete 
|  41|0x0000000082900000, 0x0000000082a00000, 0x0000000082a00000|100%|HC|  |TAMS 0x0000000082a00000, 0x0000000082a00000| Complete 
|  42|0x0000000082a00000, 0x0000000082b00000, 0x0000000082b00000|100%|HC|  |TAMS 0x0000000082b00000, 0x0000000082b00000| Complete 
|  43|0x0000000082b00000, 0x0000000082c00000, 0x0000000082c00000|100%|HC|  |TAMS 0x0000000082c00000, 0x0000000082c00000| Complete 
|  44|0x0000000082c00000, 0x0000000082d00000, 0x0000000082d00000|100%|HS|  |TAMS 0x0000000082d00000, 0x0000000082d00000| Complete 
|  45|0x0000000082d00000, 0x0000000082e00000, 0x0000000082e00000|100%| O|  |TAMS 0x0000000082e00000, 0x0000000082e00000| Untracked 
|  46|0x0000000082e00000, 0x0000000082f00000, 0x0000000082f00000|100%|HS|  |TAMS 0x0000000082f00000, 0x0000000082f00000| Complete 
|  47|0x0000000082f00000, 0x0000000083000000, 0x0000000083000000|100%|HC|  |TAMS 0x0000000083000000, 0x0000000083000000| Complete 
|  48|0x0000000083000000, 0x0000000083100000, 0x0000000083100000|100%|HC|  |TAMS 0x0000000083100000, 0x0000000083100000| Complete 
|  49|0x0000000083100000, 0x0000000083200000, 0x0000000083200000|100%|HC|  |TAMS 0x0000000083200000, 0x0000000083200000| Complete 
|  50|0x0000000083200000, 0x0000000083300000, 0x0000000083300000|100%|HC|  |TAMS 0x0000000083300000, 0x0000000083300000| Complete 
|  51|0x0000000083300000, 0x0000000083400000, 0x0000000083400000|100%|HC|  |TAMS 0x0000000083400000, 0x0000000083400000| Complete 
|  52|0x0000000083400000, 0x0000000083500000, 0x0000000083500000|100%|HC|  |TAMS 0x0000000083500000, 0x0000000083500000| Complete 
|  53|0x0000000083500000, 0x0000000083600000, 0x0000000083600000|100%|HC|  |TAMS 0x0000000083600000, 0x0000000083600000| Complete 
|  54|0x0000000083600000, 0x0000000083700000, 0x0000000083700000|100%|HC|  |TAMS 0x0000000083700000, 0x0000000083700000| Complete 
|  55|0x0000000083700000, 0x0000000083800000, 0x0000000083800000|100%|HC|  |TAMS 0x0000000083800000, 0x0000000083800000| Complete 
|  56|0x0000000083800000, 0x0000000083900000, 0x0000000083900000|100%| O|  |TAMS 0x0000000083900000, 0x0000000083900000| Untracked 
|  57|0x0000000083900000, 0x0000000083a00000, 0x0000000083a00000|100%| O|  |TAMS 0x0000000083a00000, 0x0000000083a00000| Untracked 
|  58|0x0000000083a00000, 0x0000000083b00000, 0x0000000083b00000|100%| O|  |TAMS 0x0000000083b00000, 0x0000000083b00000| Untracked 
|  59|0x0000000083b00000, 0x0000000083c00000, 0x0000000083c00000|100%| O|  |TAMS 0x0000000083be9a00, 0x0000000083c00000| Untracked 
|  60|0x0000000083c00000, 0x0000000083d00000, 0x0000000083d00000|100%| O|  |TAMS 0x0000000083c00000, 0x0000000083cf6a00| Untracked 
|  61|0x0000000083d00000, 0x0000000083e00000, 0x0000000083e00000|100%|HS|  |TAMS 0x0000000083d00000, 0x0000000083e00000| Complete 
|  62|0x0000000083e00000, 0x0000000083f00000, 0x0000000083f00000|100%|HC|  |TAMS 0x0000000083e00000, 0x0000000083f00000| Complete 
|  63|0x0000000083f00000, 0x0000000084000000, 0x0000000084000000|100%|HC|  |TAMS 0x0000000083f00000, 0x0000000084000000| Complete 
|  64|0x0000000084000000, 0x0000000084100000, 0x0000000084100000|100%|HC|  |TAMS 0x0000000084000000, 0x0000000084100000| Complete 
|  65|0x0000000084100000, 0x0000000084200000, 0x0000000084200000|100%|HC|  |TAMS 0x0000000084100000, 0x0000000084200000| Complete 
|  66|0x0000000084200000, 0x0000000084300000, 0x0000000084300000|100%|HC|  |TAMS 0x0000000084200000, 0x0000000084300000| Complete 
|  67|0x0000000084300000, 0x0000000084400000, 0x0000000084400000|100%|HC|  |TAMS 0x0000000084300000, 0x0000000084400000| Complete 
|  68|0x0000000084400000, 0x0000000084500000, 0x0000000084500000|100%|HC|  |TAMS 0x0000000084400000, 0x0000000084500000| Complete 
|  69|0x0000000084500000, 0x0000000084600000, 0x0000000084600000|100%|HC|  |TAMS 0x0000000084500000, 0x0000000084600000| Complete 
|  70|0x0000000084600000, 0x0000000084700000, 0x0000000084700000|100%|HC|  |TAMS 0x0000000084600000, 0x0000000084700000| Complete 
|  71|0x0000000084700000, 0x0000000084800000, 0x0000000084800000|100%|HC|  |TAMS 0x0000000084700000, 0x0000000084800000| Complete 
|  72|0x0000000084800000, 0x0000000084900000, 0x0000000084900000|100%|HS|  |TAMS 0x0000000084800000, 0x0000000084900000| Complete 
|  73|0x0000000084900000, 0x0000000084a00000, 0x0000000084a00000|100%|HC|  |TAMS 0x0000000084900000, 0x0000000084a00000| Complete 
|  74|0x0000000084a00000, 0x0000000084b00000, 0x0000000084b00000|100%|HS|  |TAMS 0x0000000084a00000, 0x0000000084b00000| Complete 
|  75|0x0000000084b00000, 0x0000000084c00000, 0x0000000084c00000|100%|HC|  |TAMS 0x0000000084b00000, 0x0000000084c00000| Complete 
|  76|0x0000000084c00000, 0x0000000084d00000, 0x0000000084d00000|100%|HC|  |TAMS 0x0000000084c00000, 0x0000000084d00000| Complete 
|  77|0x0000000084d00000, 0x0000000084e00000, 0x0000000084e00000|100%|HS|  |TAMS 0x0000000084d00000, 0x0000000084e00000| Complete 
|  78|0x0000000084e00000, 0x0000000084f00000, 0x0000000084f00000|100%|HC|  |TAMS 0x0000000084e00000, 0x0000000084f00000| Complete 
|  79|0x0000000084f00000, 0x0000000085000000, 0x0000000085000000|100%|HS|  |TAMS 0x0000000084f00000, 0x0000000085000000| Complete 
|  80|0x0000000085000000, 0x0000000085100000, 0x0000000085100000|100%|HC|  |TAMS 0x0000000085000000, 0x0000000085100000| Complete 
|  81|0x0000000085100000, 0x0000000085200000, 0x0000000085200000|100%|HC|  |TAMS 0x0000000085100000, 0x0000000085200000| Complete 
|  82|0x0000000085200000, 0x0000000085300000, 0x0000000085300000|100%| O|  |TAMS 0x0000000085200000, 0x0000000085200000| Untracked 
|  83|0x0000000085300000, 0x0000000085400000, 0x0000000085400000|100%| O|  |TAMS 0x0000000085300000, 0x0000000085300000| Untracked 
|  84|0x0000000085400000, 0x000000008544dc00, 0x0000000085500000| 30%| O|  |TAMS 0x0000000085400000, 0x0000000085400000| Untracked 
|  85|0x0000000085500000, 0x0000000085500000, 0x0000000085600000|  0%| F|  |TAMS 0x0000000085500000, 0x0000000085500000| Untracked 
|  86|0x0000000085600000, 0x0000000085600000, 0x0000000085700000|  0%| F|  |TAMS 0x0000000085600000, 0x0000000085600000| Untracked 
|  87|0x0000000085700000, 0x0000000085700000, 0x0000000085800000|  0%| F|  |TAMS 0x0000000085700000, 0x0000000085700000| Untracked 
|  88|0x0000000085800000, 0x0000000085800000, 0x0000000085900000|  0%| F|  |TAMS 0x0000000085800000, 0x0000000085800000| Untracked 
|  89|0x0000000085900000, 0x0000000085900000, 0x0000000085a00000|  0%| F|  |TAMS 0x0000000085900000, 0x0000000085900000| Untracked 
|  90|0x0000000085a00000, 0x0000000085a00000, 0x0000000085b00000|  0%| F|  |TAMS 0x0000000085a00000, 0x0000000085a00000| Untracked 
|  91|0x0000000085b00000, 0x0000000085b00000, 0x0000000085c00000|  0%| F|  |TAMS 0x0000000085b00000, 0x0000000085b00000| Untracked 
|  92|0x0000000085c00000, 0x0000000085c00000, 0x0000000085d00000|  0%| F|  |TAMS 0x0000000085c00000, 0x0000000085c00000| Untracked 
|  93|0x0000000085d00000, 0x0000000085d00000, 0x0000000085e00000|  0%| F|  |TAMS 0x0000000085d00000, 0x0000000085d00000| Untracked 
|  94|0x0000000085e00000, 0x0000000085e00000, 0x0000000085f00000|  0%| F|  |TAMS 0x0000000085e00000, 0x0000000085e00000| Untracked 
|  95|0x0000000085f00000, 0x0000000085f00000, 0x0000000086000000|  0%| F|  |TAMS 0x0000000085f00000, 0x0000000085f00000| Untracked 
|  96|0x0000000086000000, 0x0000000086000000, 0x0000000086100000|  0%| F|  |TAMS 0x0000000086000000, 0x0000000086000000| Untracked 
|  97|0x0000000086100000, 0x0000000086100000, 0x0000000086200000|  0%| F|  |TAMS 0x0000000086100000, 0x0000000086100000| Untracked 
|  98|0x0000000086200000, 0x0000000086200000, 0x0000000086300000|  0%| F|  |TAMS 0x0000000086200000, 0x0000000086200000| Untracked 
|  99|0x0000000086300000, 0x0000000086300000, 0x0000000086400000|  0%| F|  |TAMS 0x0000000086300000, 0x0000000086300000| Untracked 
| 100|0x0000000086400000, 0x0000000086400000, 0x0000000086500000|  0%| F|  |TAMS 0x0000000086400000, 0x0000000086400000| Untracked 
| 101|0x0000000086500000, 0x0000000086500000, 0x0000000086600000|  0%| F|  |TAMS 0x0000000086500000, 0x0000000086500000| Untracked 
| 102|0x0000000086600000, 0x0000000086600000, 0x0000000086700000|  0%| F|  |TAMS 0x0000000086600000, 0x0000000086600000| Untracked 
| 103|0x0000000086700000, 0x0000000086700000, 0x0000000086800000|  0%| F|  |TAMS 0x0000000086700000, 0x0000000086700000| Untracked 
| 104|0x0000000086800000, 0x0000000086800000, 0x0000000086900000|  0%| F|  |TAMS 0x0000000086800000, 0x0000000086800000| Untracked 
| 105|0x0000000086900000, 0x0000000086900000, 0x0000000086a00000|  0%| F|  |TAMS 0x0000000086900000, 0x0000000086900000| Untracked 
| 106|0x0000000086a00000, 0x0000000086a00000, 0x0000000086b00000|  0%| F|  |TAMS 0x0000000086a00000, 0x0000000086a00000| Untracked 
| 107|0x0000000086b00000, 0x0000000086b00000, 0x0000000086c00000|  0%| F|  |TAMS 0x0000000086b00000, 0x0000000086b00000| Untracked 
| 108|0x0000000086c00000, 0x0000000086c00000, 0x0000000086d00000|  0%| F|  |TAMS 0x0000000086c00000, 0x0000000086c00000| Untracked 
| 109|0x0000000086d00000, 0x0000000086d00000, 0x0000000086e00000|  0%| F|  |TAMS 0x0000000086d00000, 0x0000000086d00000| Untracked 
| 110|0x0000000086e00000, 0x0000000086e00000, 0x0000000086f00000|  0%| F|  |TAMS 0x0000000086e00000, 0x0000000086e00000| Untracked 
| 111|0x0000000086f00000, 0x0000000086f00000, 0x0000000087000000|  0%| F|  |TAMS 0x0000000086f00000, 0x0000000086f00000| Untracked 
| 112|0x0000000087000000, 0x0000000087100000, 0x0000000087100000|100%| S|CS|TAMS 0x0000000087000000, 0x0000000087000000| Complete 
| 113|0x0000000087100000, 0x0000000087200000, 0x0000000087200000|100%| S|CS|TAMS 0x0000000087100000, 0x0000000087100000| Complete 
| 114|0x0000000087200000, 0x0000000087300000, 0x0000000087300000|100%| S|CS|TAMS 0x0000000087200000, 0x0000000087200000| Complete 
| 115|0x0000000087300000, 0x0000000087400000, 0x0000000087400000|100%| S|CS|TAMS 0x0000000087300000, 0x0000000087300000| Complete 
| 116|0x0000000087400000, 0x0000000087400000, 0x0000000087500000|  0%| F|  |TAMS 0x0000000087400000, 0x0000000087400000| Untracked 
| 117|0x0000000087500000, 0x0000000087500000, 0x0000000087600000|  0%| F|  |TAMS 0x0000000087500000, 0x0000000087500000| Untracked 
| 118|0x0000000087600000, 0x0000000087600000, 0x0000000087700000|  0%| F|  |TAMS 0x0000000087600000, 0x0000000087600000| Untracked 
| 119|0x0000000087700000, 0x0000000087700000, 0x0000000087800000|  0%| F|  |TAMS 0x0000000087700000, 0x0000000087700000| Untracked 
| 120|0x0000000087800000, 0x0000000087800000, 0x0000000087900000|  0%| F|  |TAMS 0x0000000087800000, 0x0000000087800000| Untracked 
| 121|0x0000000087900000, 0x0000000087900000, 0x0000000087a00000|  0%| F|  |TAMS 0x0000000087900000, 0x0000000087900000| Untracked 
| 122|0x0000000087a00000, 0x0000000087a00000, 0x0000000087b00000|  0%| F|  |TAMS 0x0000000087a00000, 0x0000000087a00000| Untracked 
| 123|0x0000000087b00000, 0x0000000087b00000, 0x0000000087c00000|  0%| F|  |TAMS 0x0000000087b00000, 0x0000000087b00000| Untracked 
| 124|0x0000000087c00000, 0x0000000087c00000, 0x0000000087d00000|  0%| F|  |TAMS 0x0000000087c00000, 0x0000000087c00000| Untracked 
| 125|0x0000000087d00000, 0x0000000087d00000, 0x0000000087e00000|  0%| F|  |TAMS 0x0000000087d00000, 0x0000000087d00000| Untracked 
| 126|0x0000000087e00000, 0x0000000087e00000, 0x0000000087f00000|  0%| F|  |TAMS 0x0000000087e00000, 0x0000000087e00000| Untracked 
| 127|0x0000000087f00000, 0x0000000087f00000, 0x0000000088000000|  0%| F|  |TAMS 0x0000000087f00000, 0x0000000087f00000| Untracked 
| 128|0x0000000088000000, 0x0000000088000000, 0x0000000088100000|  0%| F|  |TAMS 0x0000000088000000, 0x0000000088000000| Untracked 
| 129|0x0000000088100000, 0x0000000088100000, 0x0000000088200000|  0%| F|  |TAMS 0x0000000088100000, 0x0000000088100000| Untracked 
| 130|0x0000000088200000, 0x0000000088200000, 0x0000000088300000|  0%| F|  |TAMS 0x0000000088200000, 0x0000000088200000| Untracked 
| 131|0x0000000088300000, 0x0000000088300000, 0x0000000088400000|  0%| F|  |TAMS 0x0000000088300000, 0x0000000088300000| Untracked 
| 132|0x0000000088400000, 0x0000000088400000, 0x0000000088500000|  0%| F|  |TAMS 0x0000000088400000, 0x0000000088400000| Untracked 
| 133|0x0000000088500000, 0x0000000088500000, 0x0000000088600000|  0%| F|  |TAMS 0x0000000088500000, 0x0000000088500000| Untracked 
| 134|0x0000000088600000, 0x0000000088600000, 0x0000000088700000|  0%| F|  |TAMS 0x0000000088600000, 0x0000000088600000| Untracked 

Card table byte_map: [0x000001bde4ae0000,0x000001bde4ee0000] _byte_map_base: 0x000001bde46e0000

Marking Bits (Prev, Next): (CMBitMap*) 0x000001bdd2272fd0, (CMBitMap*) 0x000001bdd2272f90
 Prev Bits: [0x000001bde72e0000, 0x000001bde92e0000)
 Next Bits: [0x000001bde52e0000, 0x000001bde72e0000)

Polling page: 0x000001bdd01d0000

Metaspace:

Usage:
  Non-class:     40.52 MB used.
      Class:      6.20 MB used.
       Both:     46.72 MB used.

Virtual space:
  Non-class space:       48.00 MB reserved,      40.81 MB ( 85%) committed,  6 nodes.
      Class space:        1.00 GB reserved,       6.38 MB ( <1%) committed,  1 nodes.
             Both:        1.05 GB reserved,      47.19 MB (  4%) committed. 

Chunk freelists:
   Non-Class:  2.92 MB
       Class:  1.44 MB
        Both:  4.36 MB

MaxMetaspaceSize: unlimited
CompressedClassSpaceSize: 1.00 GB
Initial GC threshold: 21.00 MB
Current GC threshold: 76.50 MB
CDS: off
MetaspaceReclaimPolicy: balanced
 - commit_granule_bytes: 65536.
 - commit_granule_words: 8192.
 - virtual_space_node_default_size: 1048576.
 - enlarge_chunks_in_place: 1.
 - new_chunks_are_fully_committed: 0.
 - uncommit_free_chunks: 1.
 - use_allocation_guard: 0.
 - handle_deallocations: 1.


Internal statistics:

num_allocs_failed_limit: 3.
num_arena_births: 454.
num_arena_deaths: 0.
num_vsnodes_births: 7.
num_vsnodes_deaths: 0.
num_space_committed: 755.
num_space_uncommitted: 0.
num_chunks_returned_to_freelist: 3.
num_chunks_taken_from_freelist: 1948.
num_chunk_merges: 3.
num_chunk_splits: 1261.
num_chunks_enlarged: 844.
num_purges: 0.
num_inconsistent_stats: 0.

CodeHeap 'non-profiled nmethods': size=120000Kb used=2550Kb max_used=2550Kb free=117449Kb
 bounds [0x000001bddd1b0000, 0x000001bddd430000, 0x000001bde46e0000]
CodeHeap 'profiled nmethods': size=120000Kb used=9038Kb max_used=9038Kb free=110961Kb
 bounds [0x000001bdd56e0000, 0x000001bdd5fc0000, 0x000001bddcc10000]
CodeHeap 'non-nmethods': size=5760Kb used=2294Kb max_used=2338Kb free=3465Kb
 bounds [0x000001bddcc10000, 0x000001bddce80000, 0x000001bddd1b0000]
 total_blobs=5073 nmethods=4267 adapters=717
 compilation: enabled
              stopped_count=0, restarted_count=0
 full_count=0

Compilation events (20 events):
Event: 6.084 Thread 0x000001bdec425b20 nmethod 4263 0x000001bdd5fb0810 code [0x000001bdd5fb09e0, 0x000001bdd5fb0e78]
Event: 6.084 Thread 0x000001bdec425b20 4265       1       org.codehaus.groovy.runtime.metaclass.MetaClassRegistryImpl::getMetaClassCreationHandler (5 bytes)
Event: 6.084 Thread 0x000001bdec425b20 nmethod 4265 0x000001bddd42bd10 code [0x000001bddd42bea0, 0x000001bddd42bf78]
Event: 6.086 Thread 0x000001bdec425b20 4267       3       com.google.common.collect.MapMakerInternalMap$StrongKeyWeakValueSegment::maybeDrainReferenceQueues (9 bytes)
Event: 6.086 Thread 0x000001bdec425b20 nmethod 4267 0x000001bdd5fb1010 code [0x000001bdd5fb11a0, 0x000001bdd5fb1368]
Event: 6.086 Thread 0x000001bdec425b20 4268       3       com.google.common.collect.MapMakerInternalMap$Segment::drainValueReferenceQueue (42 bytes)
Event: 6.087 Thread 0x000001bdec425b20 nmethod 4268 0x000001bdd5fb1410 code [0x000001bdd5fb1600, 0x000001bdd5fb1bb8]
Event: 6.087 Thread 0x000001bdec425b20 4270       3       java.lang.Class::getConstructor0 (83 bytes)
Event: 6.087 Thread 0x000001bdec425b20 nmethod 4270 0x000001bdd5fb1e10 code [0x000001bdd5fb2080, 0x000001bdd5fb2ad8]
Event: 6.087 Thread 0x000001bdec425b20 4269       3       com.google.common.collect.MapMakerInternalMap$1::clear (1 bytes)
Event: 6.087 Thread 0x000001bdec425b20 nmethod 4269 0x000001bdd5fb2f90 code [0x000001bdd5fb3120, 0x000001bdd5fb3238]
Event: 6.088 Thread 0x000001bdeb80e480 nmethod 4255 0x000001bddd42c010 code [0x000001bddd42c1c0, 0x000001bddd42c808]
Event: 6.088 Thread 0x000001bdeb80e480 4266       4       org.codehaus.groovy.reflection.CachedMethod::isStatic (8 bytes)
Event: 6.089 Thread 0x000001bdeb80e480 nmethod 4266 0x000001bddd42ca90 code [0x000001bddd42cc00, 0x000001bddd42cc98]
Event: 6.089 Thread 0x000001bdeb80e480 4261       4       jdk.internal.loader.URLClassPath$JarLoader$2::getCodeSourceURL (8 bytes)
Event: 6.089 Thread 0x000001bdeb80e480 nmethod 4261 0x000001bddd42cd90 code [0x000001bddd42cf00, 0x000001bddd42cf98]
Event: 6.089 Thread 0x000001bdec425b20 4271       3       java.lang.reflect.AccessibleObject::checkAccess (40 bytes)
Event: 6.089 Thread 0x000001bdec425b20 nmethod 4271 0x000001bdd5fb3310 code [0x000001bdd5fb34e0, 0x000001bdd5fb3818]
Event: 6.092 Thread 0x000001bdeb80e480 4272       4       jdk.internal.loader.URLClassPath$JarLoader$2::getManifest (26 bytes)
Event: 6.095 Thread 0x000001bdeb80e480 nmethod 4272 0x000001bddd42d090 code [0x000001bddd42d240, 0x000001bddd42d698]

GC Heap History (20 events):
Event: 3.528 GC heap after
{Heap after GC invocations=6 (full 0):
 garbage-first heap   total 68608K, used 20879K [0x0000000080000000, 0x0000000100000000)
  region size 1024K, 3 young (3072K), 3 survivors (3072K)
 Metaspace       used 26319K, committed 26624K, reserved 1073152K
  class space    used 3451K, committed 3584K, reserved 1048576K
}
Event: 3.886 GC heap before
{Heap before GC invocations=6 (full 0):
 garbage-first heap   total 68608K, used 50575K [0x0000000080000000, 0x0000000100000000)
  region size 1024K, 24 young (24576K), 3 survivors (3072K)
 Metaspace       used 29344K, committed 29696K, reserved 1081344K
  class space    used 3981K, committed 4160K, reserved 1048576K
}
Event: 3.890 GC heap after
{Heap after GC invocations=7 (full 0):
 garbage-first heap   total 68608K, used 35390K [0x0000000080000000, 0x0000000100000000)
  region size 1024K, 4 young (4096K), 4 survivors (4096K)
 Metaspace       used 29344K, committed 29696K, reserved 1081344K
  class space    used 3981K, committed 4160K, reserved 1048576K
}
Event: 3.921 GC heap before
{Heap before GC invocations=8 (full 0):
 garbage-first heap   total 81920K, used 47678K [0x0000000080000000, 0x0000000100000000)
  region size 1024K, 5 young (5120K), 4 survivors (4096K)
 Metaspace       used 29347K, committed 29696K, reserved 1081344K
  class space    used 3981K, committed 4160K, reserved 1048576K
}
Event: 3.923 GC heap after
{Heap after GC invocations=9 (full 0):
 garbage-first heap   total 81920K, used 48402K [0x0000000080000000, 0x0000000100000000)
  region size 1024K, 1 young (1024K), 1 survivors (1024K)
 Metaspace       used 29347K, committed 29696K, reserved 1081344K
  class space    used 3981K, committed 4160K, reserved 1048576K
}
Event: 4.202 GC heap before
{Heap before GC invocations=10 (full 0):
 garbage-first heap   total 97280K, used 68882K [0x0000000080000000, 0x0000000100000000)
  region size 1024K, 15 young (15360K), 1 survivors (1024K)
 Metaspace       used 31298K, committed 31680K, reserved 1081344K
  class space    used 4302K, committed 4480K, reserved 1048576K
}
Event: 4.205 GC heap after
{Heap after GC invocations=11 (full 0):
 garbage-first heap   total 97280K, used 55972K [0x0000000080000000, 0x0000000100000000)
  region size 1024K, 1 young (1024K), 1 survivors (1024K)
 Metaspace       used 31298K, committed 31680K, reserved 1081344K
  class space    used 4302K, committed 4480K, reserved 1048576K
}
Event: 4.517 GC heap before
{Heap before GC invocations=11 (full 0):
 garbage-first heap   total 97280K, used 74404K [0x0000000080000000, 0x0000000100000000)
  region size 1024K, 20 young (20480K), 1 survivors (1024K)
 Metaspace       used 33961K, committed 34304K, reserved 1081344K
  class space    used 4730K, committed 4928K, reserved 1048576K
}
Event: 4.519 GC heap after
{Heap after GC invocations=12 (full 0):
 garbage-first heap   total 97280K, used 57038K [0x0000000080000000, 0x0000000100000000)
  region size 1024K, 2 young (2048K), 2 survivors (2048K)
 Metaspace       used 33961K, committed 34304K, reserved 1081344K
  class space    used 4730K, committed 4928K, reserved 1048576K
}
Event: 4.883 GC heap before
{Heap before GC invocations=13 (full 0):
 garbage-first heap   total 101376K, used 77518K [0x0000000080000000, 0x0000000100000000)
  region size 1024K, 22 young (22528K), 2 survivors (2048K)
 Metaspace       used 39782K, committed 40128K, reserved 1089536K
  class space    used 5377K, committed 5504K, reserved 1048576K
}
Event: 4.888 GC heap after
{Heap after GC invocations=14 (full 0):
 garbage-first heap   total 101376K, used 59090K [0x0000000080000000, 0x0000000100000000)
  region size 1024K, 3 young (3072K), 3 survivors (3072K)
 Metaspace       used 39782K, committed 40128K, reserved 1089536K
  class space    used 5377K, committed 5504K, reserved 1048576K
}
Event: 5.095 GC heap before
{Heap before GC invocations=14 (full 0):
 garbage-first heap   total 101376K, used 80594K [0x0000000080000000, 0x0000000100000000)
  region size 1024K, 25 young (25600K), 3 survivors (3072K)
 Metaspace       used 41610K, committed 41984K, reserved 1089536K
  class space    used 5566K, committed 5760K, reserved 1048576K
}
Event: 5.101 GC heap after
{Heap after GC invocations=15 (full 0):
 garbage-first heap   total 101376K, used 62611K [0x0000000080000000, 0x0000000100000000)
  region size 1024K, 4 young (4096K), 4 survivors (4096K)
 Metaspace       used 41610K, committed 41984K, reserved 1089536K
  class space    used 5566K, committed 5760K, reserved 1048576K
}
Event: 5.223 GC heap before
{Heap before GC invocations=16 (full 0):
 garbage-first heap   total 111616K, used 69779K [0x0000000080000000, 0x0000000100000000)
  region size 1024K, 13 young (13312K), 4 survivors (4096K)
 Metaspace       used 42052K, committed 42432K, reserved 1089536K
  class space    used 5612K, committed 5824K, reserved 1048576K
}
Event: 5.227 GC heap after
{Heap after GC invocations=17 (full 0):
 garbage-first heap   total 111616K, used 62789K [0x0000000080000000, 0x0000000100000000)
  region size 1024K, 2 young (2048K), 2 survivors (2048K)
 Metaspace       used 42052K, committed 42432K, reserved 1089536K
  class space    used 5612K, committed 5824K, reserved 1048576K
}
Event: 5.690 GC heap before
{Heap before GC invocations=18 (full 0):
 garbage-first heap   total 112640K, used 91461K [0x0000000080000000, 0x0000000100000000)
  region size 1024K, 27 young (27648K), 2 survivors (2048K)
 Metaspace       used 46199K, committed 46656K, reserved 1089536K
  class space    used 6131K, committed 6336K, reserved 1048576K
}
Event: 5.694 GC heap after
{Heap after GC invocations=19 (full 0):
 garbage-first heap   total 112640K, used 63676K [0x0000000080000000, 0x0000000100000000)
  region size 1024K, 3 young (3072K), 3 survivors (3072K)
 Metaspace       used 46199K, committed 46656K, reserved 1089536K
  class space    used 6131K, committed 6336K, reserved 1048576K
}
Event: 5.822 GC heap before
{Heap before GC invocations=19 (full 0):
 garbage-first heap   total 112640K, used 67772K [0x0000000080000000, 0x0000000100000000)
  region size 1024K, 9 young (9216K), 3 survivors (3072K)
 Metaspace       used 46518K, committed 46976K, reserved 1097728K
  class space    used 6181K, committed 6400K, reserved 1048576K
}
Event: 5.826 GC heap after
{Heap after GC invocations=20 (full 0):
 garbage-first heap   total 112640K, used 65094K [0x0000000080000000, 0x0000000100000000)
  region size 1024K, 3 young (3072K), 3 survivors (3072K)
 Metaspace       used 46518K, committed 46976K, reserved 1097728K
  class space    used 6181K, committed 6400K, reserved 1048576K
}
Event: 6.099 GC heap before
{Heap before GC invocations=21 (full 0):
 garbage-first heap   total 138240K, used 104006K [0x0000000080000000, 0x0000000100000000)
  region size 1024K, 22 young (22528K), 3 survivors (3072K)
 Metaspace       used 47843K, committed 48320K, reserved 1097728K
  class space    used 6346K, committed 6528K, reserved 1048576K
}

Dll operation events (2 events):
Event: 0.011 Loaded shared library C:\Program Files\Android\Android Studio\jbr\bin\java.dll
Event: 0.464 Loaded shared library C:\Program Files\Android\Android Studio\jbr\bin\verify.dll

Deoptimization events (20 events):
Event: 5.965 Thread 0x000001bdeed74880 Uncommon trap: trap_request=0xffffffbe fr.pc=0x000001bddd41ccd4 relative=0x0000000000000714
Event: 5.965 Thread 0x000001bdeed74880 Uncommon trap: reason=profile_predicate action=maybe_recompile pc=0x000001bddd41ccd4 method=java.lang.PublicMethods$MethodList.filter([Ljava/lang/reflect/Method;Ljava/lang/String;[Ljava/lang/Class;Z)Ljava/lang/PublicMethods$MethodList; @ 21 c2
Event: 5.965 Thread 0x000001bdeed74880 DEOPT PACKING pc=0x000001bddd41ccd4 sp=0x000000a0403f7b90
Event: 5.965 Thread 0x000001bdeed74880 DEOPT UNPACKING pc=0x000001bddcc669a3 sp=0x000000a0403f7b48 mode 2
Event: 5.965 Thread 0x000001bdeed74880 Uncommon trap: trap_request=0xffffffbe fr.pc=0x000001bddd41ccd4 relative=0x0000000000000714
Event: 5.965 Thread 0x000001bdeed74880 Uncommon trap: reason=profile_predicate action=maybe_recompile pc=0x000001bddd41ccd4 method=java.lang.PublicMethods$MethodList.filter([Ljava/lang/reflect/Method;Ljava/lang/String;[Ljava/lang/Class;Z)Ljava/lang/PublicMethods$MethodList; @ 21 c2
Event: 5.965 Thread 0x000001bdeed74880 DEOPT PACKING pc=0x000001bddd41ccd4 sp=0x000000a0403f7ae0
Event: 5.965 Thread 0x000001bdeed74880 DEOPT UNPACKING pc=0x000001bddcc669a3 sp=0x000000a0403f7a98 mode 2
Event: 5.965 Thread 0x000001bdeed74880 Uncommon trap: trap_request=0xffffffbe fr.pc=0x000001bddd41ccd4 relative=0x0000000000000714
Event: 5.965 Thread 0x000001bdeed74880 Uncommon trap: reason=profile_predicate action=maybe_recompile pc=0x000001bddd41ccd4 method=java.lang.PublicMethods$MethodList.filter([Ljava/lang/reflect/Method;Ljava/lang/String;[Ljava/lang/Class;Z)Ljava/lang/PublicMethods$MethodList; @ 21 c2
Event: 5.965 Thread 0x000001bdeed74880 DEOPT PACKING pc=0x000001bddd41ccd4 sp=0x000000a0403f7a30
Event: 5.965 Thread 0x000001bdeed74880 DEOPT UNPACKING pc=0x000001bddcc669a3 sp=0x000000a0403f79e8 mode 2
Event: 5.976 Thread 0x000001bdeed74880 Uncommon trap: trap_request=0xffffffde fr.pc=0x000001bddd3fd888 relative=0x0000000000001848
Event: 5.976 Thread 0x000001bdeed74880 Uncommon trap: reason=class_check action=maybe_recompile pc=0x000001bddd3fd888 method=org.codehaus.groovy.reflection.ParameterTypes.getParametersTypes0()V @ 16 c2
Event: 5.976 Thread 0x000001bdeed74880 DEOPT PACKING pc=0x000001bddd3fd888 sp=0x000000a0403f89a0
Event: 5.976 Thread 0x000001bdeed74880 DEOPT UNPACKING pc=0x000001bddcc669a3 sp=0x000000a0403f8988 mode 2
Event: 6.000 Thread 0x000001bdeed74880 Uncommon trap: trap_request=0xffffff76 fr.pc=0x000001bddd41390c relative=0x0000000000000dcc
Event: 6.000 Thread 0x000001bdeed74880 Uncommon trap: reason=predicate action=maybe_recompile pc=0x000001bddd41390c method=java.util.Arrays.binarySearch0([Ljava/lang/Object;IILjava/lang/Object;Ljava/util/Comparator;)I @ 25 c2
Event: 6.000 Thread 0x000001bdeed74880 DEOPT PACKING pc=0x000001bddd41390c sp=0x000000a0403f6f40
Event: 6.000 Thread 0x000001bdeed74880 DEOPT UNPACKING pc=0x000001bddcc669a3 sp=0x000000a0403f6e88 mode 2

Classes unloaded (0 events):
No events

Classes redefined (0 events):
No events

Internal exceptions (20 events):
Event: 6.015 Thread 0x000001bdeed74880 Exception <a 'java/lang/ClassNotFoundException'{0x0000000087cd0088}: org/jetbrains/plugins/gradle/tooling/builder/ScalaModelBuilderImplBeanInfo> (0x0000000087cd0088) 
thrown [s\src\hotspot\share\classfile\systemDictionary.cpp, line 256]
Event: 6.016 Thread 0x000001bdeed74880 Exception <a 'java/lang/ClassNotFoundException'{0x0000000087cdb550}: org/jetbrains/plugins/gradle/tooling/builder/ScalaModelBuilderImplCustomizer> (0x0000000087cdb550) 
thrown [s\src\hotspot\share\classfile\systemDictionary.cpp, line 256]
Event: 6.023 Thread 0x000001bdeed74880 Exception <a 'java/lang/ClassNotFoundException'{0x0000000087b434c0}: org/jetbrains/plugins/gradle/tooling/builder/ExternalProjectBuilderImpl$1BeanInfo> (0x0000000087b434c0) 
thrown [s\src\hotspot\share\classfile\systemDictionary.cpp, line 256]
Event: 6.023 Thread 0x000001bdeed74880 Exception <a 'java/lang/ClassNotFoundException'{0x0000000087b4ea08}: org/jetbrains/plugins/gradle/tooling/builder/ExternalProjectBuilderImpl$1Customizer> (0x0000000087b4ea08) 
thrown [s\src\hotspot\share\classfile\systemDictionary.cpp, line 256]
Event: 6.027 Thread 0x000001bdeed74880 Exception <a 'java/lang/ClassNotFoundException'{0x0000000087ba4698}: org/jetbrains/plugins/gradle/tooling/builder/ExternalProjectBuilderImplBeanInfo> (0x0000000087ba4698) 
thrown [s\src\hotspot\share\classfile\systemDictionary.cpp, line 256]
Event: 6.027 Thread 0x000001bdeed74880 Exception <a 'java/lang/ClassNotFoundException'{0x0000000087bafbc8}: org/jetbrains/plugins/gradle/tooling/builder/ExternalProjectBuilderImplCustomizer> (0x0000000087bafbc8) 
thrown [s\src\hotspot\share\classfile\systemDictionary.cpp, line 256]
Event: 6.037 Thread 0x000001bdeed74880 Exception <a 'java/lang/ClassNotFoundException'{0x0000000087a4bdd0}: org/jetbrains/plugins/gradle/tooling/tasks/DependenciesReport$ReportGeneratorBeanInfo> (0x0000000087a4bdd0) 
thrown [s\src\hotspot\share\classfile\systemDictionary.cpp, line 256]
Event: 6.037 Thread 0x000001bdeed74880 Exception <a 'java/lang/ClassNotFoundException'{0x0000000087a57330}: org/jetbrains/plugins/gradle/tooling/tasks/DependenciesReport$ReportGeneratorCustomizer> (0x0000000087a57330) 
thrown [s\src\hotspot\share\classfile\systemDictionary.cpp, line 256]
Event: 6.040 Thread 0x000001bdeed74880 Exception <a 'java/lang/ClassNotFoundException'{0x0000000087a87f30}: org/jetbrains/plugins/gradle/tooling/builder/DependencyGraphModelBuilderImplBeanInfo> (0x0000000087a87f30) 
thrown [s\src\hotspot\share\classfile\systemDictionary.cpp, line 256]
Event: 6.040 Thread 0x000001bdeed74880 Exception <a 'java/lang/ClassNotFoundException'{0x0000000087a93488}: org/jetbrains/plugins/gradle/tooling/builder/DependencyGraphModelBuilderImplCustomizer> (0x0000000087a93488) 
thrown [s\src\hotspot\share\classfile\systemDictionary.cpp, line 256]
Event: 6.049 Thread 0x000001bdeed74880 Exception <a 'java/lang/ClassNotFoundException'{0x0000000087923ef8}: org/jetbrains/plugins/gradle/tooling/builder/ExternalTestsModelBuilderImplBeanInfo> (0x0000000087923ef8) 
thrown [s\src\hotspot\share\classfile\systemDictionary.cpp, line 256]
Event: 6.050 Thread 0x000001bdeed74880 Exception <a 'java/lang/ClassNotFoundException'{0x000000008792f448}: org/jetbrains/plugins/gradle/tooling/builder/ExternalTestsModelBuilderImplCustomizer> (0x000000008792f448) 
thrown [s\src\hotspot\share\classfile\systemDictionary.cpp, line 256]
Event: 6.077 Thread 0x000001bdeed74880 Exception <a 'java/lang/ClassNotFoundException'{0x0000000087754bb8}: org/jetbrains/plugins/gradle/tooling/builder/ProjectExtensionsDataBuilderImplBeanInfo> (0x0000000087754bb8) 
thrown [s\src\hotspot\share\classfile\systemDictionary.cpp, line 256]
Event: 6.077 Thread 0x000001bdeed74880 Exception <a 'java/lang/ClassNotFoundException'{0x0000000087760110}: org/jetbrains/plugins/gradle/tooling/builder/ProjectExtensionsDataBuilderImplCustomizer> (0x0000000087760110) 
thrown [s\src\hotspot\share\classfile\systemDictionary.cpp, line 256]
Event: 6.080 Thread 0x000001bdeed74880 Exception <a 'java/lang/ClassNotFoundException'{0x000000008778bbf0}: org/jetbrains/plugins/gradle/tooling/builder/IntelliJSettingsBuilderBeanInfo> (0x000000008778bbf0) 
thrown [s\src\hotspot\share\classfile\systemDictionary.cpp, line 256]
Event: 6.080 Thread 0x000001bdeed74880 Exception <a 'java/lang/ClassNotFoundException'{0x00000000877970c0}: org/jetbrains/plugins/gradle/tooling/builder/IntelliJSettingsBuilderCustomizer> (0x00000000877970c0) 
thrown [s\src\hotspot\share\classfile\systemDictionary.cpp, line 256]
Event: 6.082 Thread 0x000001bdeed74880 Exception <a 'java/lang/ClassNotFoundException'{0x00000000877c2210}: org/jetbrains/plugins/gradle/tooling/builder/IntelliJProjectSettingsBuilderBeanInfo> (0x00000000877c2210) 
thrown [s\src\hotspot\share\classfile\systemDictionary.cpp, line 256]
Event: 6.083 Thread 0x000001bdeed74880 Exception <a 'java/lang/ClassNotFoundException'{0x00000000877cd760}: org/jetbrains/plugins/gradle/tooling/builder/IntelliJProjectSettingsBuilderCustomizer> (0x00000000877cd760) 
thrown [s\src\hotspot\share\classfile\systemDictionary.cpp, line 256]
Event: 6.085 Thread 0x000001bdeed74880 Exception <a 'java/lang/ClassNotFoundException'{0x00000000877fa278}: org/jetbrains/plugins/gradle/tooling/builder/DependencyAccessorsModelBuilderBeanInfo> (0x00000000877fa278) 
thrown [s\src\hotspot\share\classfile\systemDictionary.cpp, line 256]
Event: 6.085 Thread 0x000001bdeed74880 Exception <a 'java/lang/ClassNotFoundException'{0x0000000087605d08}: org/jetbrains/plugins/gradle/tooling/builder/DependencyAccessorsModelBuilderCustomizer> (0x0000000087605d08) 
thrown [s\src\hotspot\share\classfile\systemDictionary.cpp, line 256]

VM Operations (20 events):
Event: 5.271 Executing VM operation: G1Concurrent done
Event: 5.332 Executing VM operation: HandshakeAllThreads
Event: 5.332 Executing VM operation: HandshakeAllThreads done
Event: 5.335 Executing VM operation: HandshakeAllThreads
Event: 5.335 Executing VM operation: HandshakeAllThreads done
Event: 5.482 Executing VM operation: HandshakeAllThreads
Event: 5.482 Executing VM operation: HandshakeAllThreads done
Event: 5.499 Executing VM operation: HandshakeAllThreads
Event: 5.499 Executing VM operation: HandshakeAllThreads done
Event: 5.499 Executing VM operation: HandshakeAllThreads
Event: 5.499 Executing VM operation: HandshakeAllThreads done
Event: 5.690 Executing VM operation: G1CollectForAllocation
Event: 5.694 Executing VM operation: G1CollectForAllocation done
Event: 5.822 Executing VM operation: G1TryInitiateConcMark
Event: 5.826 Executing VM operation: G1TryInitiateConcMark done
Event: 5.859 Executing VM operation: G1Concurrent
Event: 5.861 Executing VM operation: G1Concurrent done
Event: 5.876 Executing VM operation: G1Concurrent
Event: 5.876 Executing VM operation: G1Concurrent done
Event: 6.099 Executing VM operation: G1TryInitiateConcMark

Events (20 events):
Event: 5.968 loading class java/security/SecureClassLoaderBeanInfo
Event: 5.968 loading class java/security/SecureClassLoaderBeanInfo done
Event: 5.968 loading class java/lang/ClassLoaderBeanInfo
Event: 5.968 loading class java/lang/ClassLoaderBeanInfo done
Event: 5.968 loading class java/lang/ClassLoaderBeanInfo
Event: 5.968 loading class java/lang/ClassLoaderBeanInfo done
Event: 5.968 loading class java/lang/ClassLoaderCustomizer
Event: 5.968 loading class java/lang/ClassLoaderCustomizer done
Event: 5.968 loading class java/lang/ClassLoaderCustomizer
Event: 5.968 loading class java/lang/ClassLoaderCustomizer done
Event: 5.969 loading class java/security/SecureClassLoaderCustomizer
Event: 5.969 loading class java/security/SecureClassLoaderCustomizer done
Event: 5.969 loading class java/security/SecureClassLoaderCustomizer
Event: 5.969 loading class java/security/SecureClassLoaderCustomizer done
Event: 5.969 loading class java/net/URLClassLoaderCustomizer
Event: 5.969 loading class java/net/URLClassLoaderCustomizer done
Event: 5.970 loading class java/net/URLClassLoaderCustomizer
Event: 5.970 loading class java/net/URLClassLoaderCustomizer done
Event: 6.084 loading class java/net/UnknownServiceException
Event: 6.084 loading class java/net/UnknownServiceException done


Dynamic libraries:
0x00007ff60d6e0000 - 0x00007ff60d6ea000 	C:\Program Files\Android\Android Studio\jbr\bin\java.exe
0x00007ff864a50000 - 0x00007ff864c64000 	C:\Windows\SYSTEM32\ntdll.dll
0x00007ff863760000 - 0x00007ff863822000 	C:\Windows\System32\KERNEL32.DLL
0x00007ff8620d0000 - 0x00007ff86246c000 	C:\Windows\System32\KERNELBASE.dll
0x00007ff861fb0000 - 0x00007ff8620c1000 	C:\Windows\System32\ucrtbase.dll
0x00007ff853a40000 - 0x00007ff853a57000 	C:\Program Files\Android\Android Studio\jbr\bin\jli.dll
0x00007ff864670000 - 0x00007ff86481b000 	C:\Windows\System32\USER32.dll
0x00007ff83e870000 - 0x00007ff83e88b000 	C:\Program Files\Android\Android Studio\jbr\bin\VCRUNTIME140.dll
0x00007ff862790000 - 0x00007ff8627b6000 	C:\Windows\System32\win32u.dll
0x00007ff853140000 - 0x00007ff8533ce000 	C:\Windows\WinSxS\amd64_microsoft.windows.common-controls_6595b64144ccf1df_6.0.22621.317_none_a9434687c10c9fa2\COMCTL32.dll
0x00007ff8638b0000 - 0x00007ff863957000 	C:\Windows\System32\msvcrt.dll
0x00007ff8649e0000 - 0x00007ff864a09000 	C:\Windows\System32\GDI32.dll
0x00007ff861e90000 - 0x00007ff861fa2000 	C:\Windows\System32\gdi32full.dll
0x00007ff8627c0000 - 0x00007ff86285a000 	C:\Windows\System32\msvcp_win.dll
0x00007ff8649a0000 - 0x00007ff8649d1000 	C:\Windows\System32\IMM32.DLL
0x00007ff853a30000 - 0x00007ff853a3c000 	C:\Program Files\Android\Android Studio\jbr\bin\vcruntime140_1.dll
0x00007ff815980000 - 0x00007ff815a0d000 	C:\Program Files\Android\Android Studio\jbr\bin\msvcp140.dll
0x00007ff80d390000 - 0x00007ff80dffd000 	C:\Program Files\Android\Android Studio\jbr\bin\server\jvm.dll
0x00007ff864400000 - 0x00007ff8644ae000 	C:\Windows\System32\ADVAPI32.dll
0x00007ff862dc0000 - 0x00007ff862e64000 	C:\Windows\System32\sechost.dll
0x00007ff862ca0000 - 0x00007ff862db5000 	C:\Windows\System32\RPCRT4.dll
0x00007ff85d2e0000 - 0x00007ff85d2e9000 	C:\Windows\SYSTEM32\WSOCK32.dll
0x00007ff855680000 - 0x00007ff8556b4000 	C:\Windows\SYSTEM32\WINMM.dll
0x00007ff863ac0000 - 0x00007ff863b31000 	C:\Windows\System32\WS2_32.dll
0x00007ff853b60000 - 0x00007ff853b6a000 	C:\Windows\SYSTEM32\VERSION.dll
0x00007ff860f10000 - 0x00007ff860f28000 	C:\Windows\SYSTEM32\kernel.appcore.dll
0x00007ff853990000 - 0x00007ff85399a000 	C:\Program Files\Android\Android Studio\jbr\bin\jimage.dll
0x00007ff850b60000 - 0x00007ff850d8e000 	C:\Windows\SYSTEM32\DBGHELP.DLL
0x00007ff862860000 - 0x00007ff862be9000 	C:\Windows\System32\combase.dll
0x00007ff864320000 - 0x00007ff8643f7000 	C:\Windows\System32\OLEAUT32.dll
0x00007ff850b20000 - 0x00007ff850b52000 	C:\Windows\SYSTEM32\dbgcore.DLL
0x00007ff862470000 - 0x00007ff8624eb000 	C:\Windows\System32\bcryptPrimitives.dll
0x00007ff8503e0000 - 0x00007ff850405000 	C:\Program Files\Android\Android Studio\jbr\bin\java.dll
0x00007ff8528c0000 - 0x00007ff8528d8000 	C:\Program Files\Android\Android Studio\jbr\bin\zip.dll
0x00007ff862f70000 - 0x00007ff86374b000 	C:\Windows\System32\SHELL32.dll
0x00007ff85fef0000 - 0x00007ff8607a5000 	C:\Windows\SYSTEM32\windows.storage.dll
0x00007ff85fdb0000 - 0x00007ff85feed000 	C:\Windows\SYSTEM32\wintypes.dll
0x00007ff862e70000 - 0x00007ff862f61000 	C:\Windows\System32\SHCORE.dll
0x00007ff862bf0000 - 0x00007ff862c4e000 	C:\Windows\System32\shlwapi.dll
0x00007ff861dc0000 - 0x00007ff861de1000 	C:\Windows\SYSTEM32\profapi.dll
0x00007ff850310000 - 0x00007ff850329000 	C:\Program Files\Android\Android Studio\jbr\bin\net.dll
0x00007ff85b530000 - 0x00007ff85b65f000 	C:\Windows\SYSTEM32\WINHTTP.dll
0x00007ff861370000 - 0x00007ff8613d9000 	C:\Windows\system32\mswsock.dll
0x00007ff8502f0000 - 0x00007ff850306000 	C:\Program Files\Android\Android Studio\jbr\bin\nio.dll
0x00007ff850360000 - 0x00007ff850370000 	C:\Program Files\Android\Android Studio\jbr\bin\verify.dll
0x00007ff8291c0000 - 0x00007ff8291e7000 	C:\Users\ahmed\.gradle\native\68d5fa5c4cc2d200863cafc0d521ce42e7d3e7ee720ec0a83991735586a16f82\windows-amd64\native-platform.dll
0x00007ff815830000 - 0x00007ff815974000 	C:\Users\ahmed\.gradle\native\e376f236ea51e6404a007f0833ffe2c6e607c4080706a723a18a27aeea778392\windows-amd64\native-platform-file-events.dll
0x00007ff852730000 - 0x00007ff852739000 	C:\Program Files\Android\Android Studio\jbr\bin\management.dll
0x00007ff8503d0000 - 0x00007ff8503db000 	C:\Program Files\Android\Android Studio\jbr\bin\management_ext.dll
0x00007ff863750000 - 0x00007ff863758000 	C:\Windows\System32\PSAPI.DLL
0x00007ff8615b0000 - 0x00007ff8615cb000 	C:\Windows\SYSTEM32\CRYPTSP.dll
0x00007ff860e80000 - 0x00007ff860eb5000 	C:\Windows\system32\rsaenh.dll
0x00007ff861460000 - 0x00007ff861488000 	C:\Windows\SYSTEM32\USERENV.dll
0x00007ff8617e0000 - 0x00007ff861808000 	C:\Windows\SYSTEM32\bcrypt.dll
0x00007ff8615d0000 - 0x00007ff8615dc000 	C:\Windows\SYSTEM32\CRYPTBASE.dll
0x00007ff8609f0000 - 0x00007ff860a1d000 	C:\Windows\SYSTEM32\IPHLPAPI.DLL
0x00007ff8639c0000 - 0x00007ff8639c9000 	C:\Windows\System32\NSI.dll
0x00007ff85b4d0000 - 0x00007ff85b4e9000 	C:\Windows\SYSTEM32\dhcpcsvc6.DLL
0x00007ff85b510000 - 0x00007ff85b52f000 	C:\Windows\SYSTEM32\dhcpcsvc.DLL
0x00007ff860a20000 - 0x00007ff860b12000 	C:\Windows\SYSTEM32\DNSAPI.dll
0x00007ff84ff50000 - 0x00007ff84ff58000 	C:\Windows\system32\wshunix.dll

dbghelp: loaded successfully - version: 4.0.5 - missing functions: none
symbol engine: initialized successfully - sym options: 0x614 - pdb path: .;C:\Program Files\Android\Android Studio\jbr\bin;C:\Windows\SYSTEM32;C:\Windows\WinSxS\amd64_microsoft.windows.common-controls_6595b64144ccf1df_6.0.22621.317_none_a9434687c10c9fa2;C:\Program Files\Android\Android Studio\jbr\bin\server;C:\Users\ahmed\.gradle\native\68d5fa5c4cc2d200863cafc0d521ce42e7d3e7ee720ec0a83991735586a16f82\windows-amd64;C:\Users\ahmed\.gradle\native\e376f236ea51e6404a007f0833ffe2c6e607c4080706a723a18a27aeea778392\windows-amd64

VM Arguments:
jvm_args: --add-opens=java.base/java.util=ALL-UNNAMED --add-opens=java.base/java.lang=ALL-UNNAMED --add-opens=java.base/java.lang.invoke=ALL-UNNAMED --add-opens=java.prefs/java.util.prefs=ALL-UNNAMED --add-opens=java.base/java.nio.charset=ALL-UNNAMED --add-opens=java.base/java.net=ALL-UNNAMED --add-opens=java.base/java.util.concurrent.atomic=ALL-UNNAMED -Xmx2048m -Dfile.encoding=UTF-8 -Duser.country=US -Duser.language=en -Duser.variant 
java_command: org.gradle.launcher.daemon.bootstrap.GradleDaemon 8.0
java_class_path (initial): C:\Users\ahmed\.gradle\wrapper\dists\gradle-8.0-bin\ca5e32bp14vu59qr306oxotwh\gradle-8.0\lib\gradle-launcher-8.0.jar
Launcher Type: SUN_STANDARD

[Global flags]
     intx CICompilerCount                          = 3                                         {product} {ergonomic}
     uint ConcGCThreads                            = 1                                         {product} {ergonomic}
     uint G1ConcRefinementThreads                  = 4                                         {product} {ergonomic}
   size_t G1HeapRegionSize                         = 1048576                                   {product} {ergonomic}
    uintx GCDrainStackTargetSize                   = 64                                        {product} {ergonomic}
   size_t InitialHeapSize                          = 134217728                                 {product} {ergonomic}
   size_t MarkStackSize                            = 4194304                                   {product} {ergonomic}
   size_t MaxHeapSize                              = 2147483648                                {product} {command line}
   size_t MaxNewSize                               = 1287651328                                {product} {ergonomic}
   size_t MinHeapDeltaBytes                        = 1048576                                   {product} {ergonomic}
   size_t MinHeapSize                              = 8388608                                   {product} {ergonomic}
    uintx NonNMethodCodeHeapSize                   = 5832780                                {pd product} {ergonomic}
    uintx NonProfiledCodeHeapSize                  = 122912730                              {pd product} {ergonomic}
    uintx ProfiledCodeHeapSize                     = 122912730                              {pd product} {ergonomic}
    uintx ReservedCodeCacheSize                    = 251658240                              {pd product} {ergonomic}
     bool SegmentedCodeCache                       = true                                      {product} {ergonomic}
   size_t SoftMaxHeapSize                          = 2147483648                             {manageable} {ergonomic}
     bool UseCompressedClassPointers               = true                           {product lp64_product} {ergonomic}
     bool UseCompressedOops                        = true                           {product lp64_product} {ergonomic}
     bool UseG1GC                                  = true                                      {product} {ergonomic}
     bool UseLargePagesIndividualAllocation        = false                                  {pd product} {ergonomic}

Logging:
Log output configuration:
 #0: stdout all=warning uptime,level,tags
 #1: stderr all=off uptime,level,tags

Environment Variables:
PATH=C:\Program Files\Eclipse Adoptium\jdk-17.0.7.7-hotspot\bin;C:\Program Files\Common Files\Oracle\Java\javapath;C:\Windows\system32;C:\Windows;C:\Windows\System32\Wbem;C:\Windows\System32\WindowsPowerShell\v1.0\;C:\Windows\System32\OpenSSH\;C:\Program Files\dotnet\;C:\Program Files\nodejs\;C:\ProgramData\chocolatey\bin;C:\xampp\php;C:\composer;C:\ProgramData\ComposerSetup\bin;C:\Program Files\Git\cmd;C:\Users\ahmed\AppData\Local\Microsoft\WindowsApps;C:\Users\ahmed\AppData\Roaming\npm;C:\Users\ahmed\AppData\Local\Programs\Microsoft VS Code\bin;C:\Users\ahmed\AppData\Roaming\Composer\vendor\bin;C:\Program Files\heroku\bin
USERNAME=ahmed
OS=Windows_NT
PROCESSOR_IDENTIFIER=Intel64 Family 6 Model 58 Stepping 9, GenuineIntel
TMP=C:\Users\ahmed\AppData\Local\Temp
TEMP=C:\Users\ahmed\AppData\Local\Temp



---------------  S Y S T E M  ---------------

OS:
 Windows 11 , 64 bit Build 22621 (10.0.22621.457)
OS uptime: 0 days 12:32 hours

CPU: total 4 (initial active 4) (4 cores per cpu, 1 threads per core) family 6 model 58 stepping 9 microcode 0x21, cx8, cmov, fxsr, mmx, sse, sse2, sse3, ssse3, sse4.1, sse4.2, popcnt, tsc, tscinvbit, avx, aes, erms, clmul, vzeroupper, clflush

Memory: 4k page, system-wide physical 8066M (573M free)
TotalPageFile size 10114M (AvailPageFile size 11M)
current process WorkingSet (physical memory assigned to process): 290M, peak: 290M
current process commit charge ("private bytes"): 324M, peak: 351M

vm_info: OpenJDK 64-Bit Server VM (17.0.6+0-b2043.56-9586694) for windows-amd64 JRE (17.0.6+0-b2043.56-9586694), built on Feb  9 2023 20:06:20 by "androidbuild" with MS VC++ 16.10 / 16.11 (VS2019)

END.
