#
# There is insufficient memory for the Java Runtime Environment to continue.
# Native memory allocation (malloc) failed to allocate 1650192 bytes for Chunk::new
# Possible reasons:
#   The system is out of physical RAM or swap space
#   The process is running with CompressedOops enabled, and the Java Heap may be blocking the growth of the native heap
# Possible solutions:
#   Reduce memory load on the system
#   Increase physical memory or swap space
#   Check if swap backing store is full
#   Decrease Java heap size (-Xmx/-Xms)
#   Decrease number of Java threads
#   Decrease Java thread stack sizes (-Xss)
#   Set larger code cache with -XX:ReservedCodeCacheSize=
#   JVM is running with Unscaled Compressed Oops mode in which the Java heap is
#     placed in the first 4GB address space. The Java Heap base address is the
#     maximum limit for the native heap growth. Please use -XX:HeapBaseMinAddress
#     to set the Java Heap base and to place the Java Heap above 4GB virtual address.
# This output file may be truncated or incomplete.
#
#  Out of Memory Error (arena.cpp:189), pid=3800, tid=8396
#
# JRE version: OpenJDK Runtime Environment (17.0.6) (build 17.0.6+0-b2043.56-9586694)
# Java VM: OpenJDK 64-Bit Server VM (17.0.6+0-b2043.56-9586694, mixed mode, tiered, compressed oops, compressed class ptrs, g1 gc, windows-amd64)
# No core dump will be written. Minidumps are not enabled by default on client versions of Windows
#

---------------  S U M M A R Y ------------

Command Line: --add-opens=java.base/java.util=ALL-UNNAMED --add-opens=java.base/java.lang=ALL-UNNAMED --add-opens=java.base/java.lang.invoke=ALL-UNNAMED --add-opens=java.prefs/java.util.prefs=ALL-UNNAMED --add-opens=java.base/java.nio.charset=ALL-UNNAMED --add-opens=java.base/java.net=ALL-UNNAMED --add-opens=java.base/java.util.concurrent.atomic=ALL-UNNAMED -Xmx2048m -Dfile.encoding=UTF-8 -Duser.country=US -Duser.language=en -Duser.variant org.gradle.launcher.daemon.bootstrap.GradleDaemon 8.0

Host: Intel(R) Core(TM) i5-3570 CPU @ 3.40GHz, 4 cores, 7G,  Windows 11 , 64 bit Build 22621 (10.0.22621.457)
Time: Sun May 21 20:54:16 2023 Egypt Standard Time elapsed time: 6.061547 seconds (0d 0h 0m 6s)

---------------  T H R E A D  ---------------

Current thread (0x0000024baf419350):  JavaThread "C2 CompilerThread0" daemon [_thread_in_native, id=8396, stack(0x000000be85f00000,0x000000be86000000)]


Current CompileTask:
C2:   6061 4245       4       java.net.URLClassLoader$1::run (5 bytes)

Stack: [0x000000be85f00000,0x000000be86000000]
Native frames: (J=compiled Java code, j=interpreted, Vv=VM code, C=native code)
V  [jvm.dll+0x683b4a]
V  [jvm.dll+0x842654]
V  [jvm.dll+0x843dfe]
V  [jvm.dll+0x844463]
V  [jvm.dll+0x249b75]
V  [jvm.dll+0xabcac]
V  [jvm.dll+0xac27c]
V  [jvm.dll+0x368857]
V  [jvm.dll+0x1bced2]
V  [jvm.dll+0x21c359]
V  [jvm.dll+0x21b621]
V  [jvm.dll+0x1a4fdd]
V  [jvm.dll+0x22b098]
V  [jvm.dll+0x229159]
V  [jvm.dll+0x7f809c]
V  [jvm.dll+0x7f25fa]
V  [jvm.dll+0x682985]
C  [ucrtbase.dll+0x29363]
C  [KERNEL32.DLL+0x1244d]
C  [ntdll.dll+0x5df78]


---------------  P R O C E S S  ---------------

Threads class SMR info:
_java_thread_list=0x0000024bb34ecca0, length=38, elements={
0x0000024b93287350, 0x0000024bae7e86c0, 0x0000024bae7e9a10, 0x0000024bae81e840,
0x0000024baf4164c0, 0x0000024baf416d80, 0x0000024baf417ed0, 0x0000024baf419350,
0x0000024baf428b00, 0x0000024baf47e300, 0x0000024baf5baf10, 0x0000024baf5bf3f0,
0x0000024baf684f10, 0x0000024bb181faf0, 0x0000024bb0c851d0, 0x0000024bb243b410,
0x0000024bb1ed9540, 0x0000024bb1eda1b0, 0x0000024bb1e04050, 0x0000024bb1e05d30,
0x0000024bb1e06ba0, 0x0000024bb1e04ec0, 0x0000024bb1e049f0, 0x0000024bb1e04520,
0x0000024bb1e05390, 0x0000024bb1e05860, 0x0000024bb1e06200, 0x0000024bb1e07070,
0x0000024bb1e066d0, 0x0000024bb1e07540, 0x0000024bb1e07a10, 0x0000024bb20dd790,
0x0000024bb20d7c20, 0x0000024bb20db5e0, 0x0000024bb20dbab0, 0x0000024bb20dbf80,
0x0000024bb20d9900, 0x0000024bb20db110
}

Java Threads: ( => current thread )
  0x0000024b93287350 JavaThread "main" [_thread_blocked, id=11376, stack(0x000000be85200000,0x000000be85300000)]
  0x0000024bae7e86c0 JavaThread "Reference Handler" daemon [_thread_blocked, id=12884, stack(0x000000be85900000,0x000000be85a00000)]
  0x0000024bae7e9a10 JavaThread "Finalizer" daemon [_thread_blocked, id=8612, stack(0x000000be85a00000,0x000000be85b00000)]
  0x0000024bae81e840 JavaThread "Signal Dispatcher" daemon [_thread_blocked, id=13800, stack(0x000000be85b00000,0x000000be85c00000)]
  0x0000024baf4164c0 JavaThread "Attach Listener" daemon [_thread_blocked, id=13804, stack(0x000000be85c00000,0x000000be85d00000)]
  0x0000024baf416d80 JavaThread "Service Thread" daemon [_thread_blocked, id=8840, stack(0x000000be85d00000,0x000000be85e00000)]
  0x0000024baf417ed0 JavaThread "Monitor Deflation Thread" daemon [_thread_blocked, id=9984, stack(0x000000be85e00000,0x000000be85f00000)]
=>0x0000024baf419350 JavaThread "C2 CompilerThread0" daemon [_thread_in_native, id=8396, stack(0x000000be85f00000,0x000000be86000000)]
  0x0000024baf428b00 JavaThread "C1 CompilerThread0" daemon [_thread_in_vm, id=4532, stack(0x000000be86000000,0x000000be86100000)]
  0x0000024baf47e300 JavaThread "Sweeper thread" daemon [_thread_blocked, id=13716, stack(0x000000be86100000,0x000000be86200000)]
  0x0000024baf5baf10 JavaThread "Common-Cleaner" daemon [_thread_blocked, id=15056, stack(0x000000be86200000,0x000000be86300000)]
  0x0000024baf5bf3f0 JavaThread "Notification Thread" daemon [_thread_blocked, id=15104, stack(0x000000be86300000,0x000000be86400000)]
  0x0000024baf684f10 JavaThread "C2 CompilerThread1" daemon [_thread_in_native, id=10528, stack(0x000000be86500000,0x000000be86600000)]
  0x0000024bb181faf0 JavaThread "Daemon health stats" [_thread_blocked, id=1932, stack(0x000000be86900000,0x000000be86a00000)]
  0x0000024bb0c851d0 JavaThread "Incoming local TCP Connector on port 56545" [_thread_in_native, id=5148, stack(0x000000be86a00000,0x000000be86b00000)]
  0x0000024bb243b410 JavaThread "Daemon periodic checks" [_thread_blocked, id=10632, stack(0x000000be86b00000,0x000000be86c00000)]
  0x0000024bb1ed9540 JavaThread "Daemon" [_thread_blocked, id=2080, stack(0x000000be86c00000,0x000000be86d00000)]
  0x0000024bb1eda1b0 JavaThread "Handler for socket connection from /127.0.0.1:56545 to /127.0.0.1:56546" [_thread_in_native, id=10572, stack(0x000000be86d00000,0x000000be86e00000)]
  0x0000024bb1e04050 JavaThread "Cancel handler" [_thread_blocked, id=9632, stack(0x000000be86e00000,0x000000be86f00000)]
  0x0000024bb1e05d30 JavaThread "Daemon worker" [_thread_in_vm, id=13584, stack(0x000000be86f00000,0x000000be87000000)]
  0x0000024bb1e06ba0 JavaThread "Asynchronous log dispatcher for DefaultDaemonConnection: socket connection from /127.0.0.1:56545 to /127.0.0.1:56546" [_thread_blocked, id=11280, stack(0x000000be87000000,0x000000be87100000)]
  0x0000024bb1e04ec0 JavaThread "Stdin handler" [_thread_blocked, id=4372, stack(0x000000be87100000,0x000000be87200000)]
  0x0000024bb1e049f0 JavaThread "Daemon client event forwarder" [_thread_blocked, id=13308, stack(0x000000be87200000,0x000000be87300000)]
  0x0000024bb1e04520 JavaThread "Cache worker for journal cache (C:\Users\ahmed\.gradle\caches\journal-1)" [_thread_blocked, id=9804, stack(0x000000be87300000,0x000000be87400000)]
  0x0000024bb1e05390 JavaThread "File lock request listener" [_thread_in_native, id=14604, stack(0x000000be87400000,0x000000be87500000)]
  0x0000024bb1e05860 JavaThread "Cache worker for file hash cache (C:\Users\ahmed\.gradle\caches\8.0\fileHashes)" [_thread_blocked, id=10180, stack(0x000000be87500000,0x000000be87600000)]
  0x0000024bb1e06200 JavaThread "File watcher server" daemon [_thread_in_native, id=12472, stack(0x000000be87600000,0x000000be87700000)]
  0x0000024bb1e07070 JavaThread "File watcher consumer" daemon [_thread_blocked, id=660, stack(0x000000be87700000,0x000000be87800000)]
  0x0000024bb1e066d0 JavaThread "jar transforms" [_thread_blocked, id=14584, stack(0x000000be87800000,0x000000be87900000)]
  0x0000024bb1e07540 JavaThread "jar transforms Thread 2" [_thread_blocked, id=10400, stack(0x000000be87900000,0x000000be87a00000)]
  0x0000024bb1e07a10 JavaThread "jar transforms Thread 3" [_thread_blocked, id=13908, stack(0x000000be87a00000,0x000000be87b00000)]
  0x0000024bb20dd790 JavaThread "jar transforms Thread 4" [_thread_blocked, id=13760, stack(0x000000be87b00000,0x000000be87c00000)]
  0x0000024bb20d7c20 JavaThread "Cache worker for checksums cache (C:\Users\ahmed\StudioProjects\project-collage\.gradle\8.0\checksums)" [_thread_blocked, id=13360, stack(0x000000be87c00000,0x000000be87d00000)]
  0x0000024bb20db5e0 JavaThread "Cache worker for cache directory md-rule (C:\Users\ahmed\.gradle\caches\8.0\md-rule)" [_thread_blocked, id=9504, stack(0x000000be87d00000,0x000000be87e00000)]
  0x0000024bb20dbab0 JavaThread "Cache worker for file content cache (C:\Users\ahmed\.gradle\caches\8.0\fileContent)" [_thread_blocked, id=9084, stack(0x000000be87e00000,0x000000be87f00000)]
  0x0000024bb20dbf80 JavaThread "Cache worker for file hash cache (C:\Users\ahmed\StudioProjects\project-collage\.gradle\8.0\fileHashes)" [_thread_blocked, id=2008, stack(0x000000be87f00000,0x000000be88000000)]
  0x0000024bb20d9900 JavaThread "Cache worker for cache directory md-supplier (C:\Users\ahmed\.gradle\caches\8.0\md-supplier)" [_thread_blocked, id=14444, stack(0x000000be88000000,0x000000be88100000)]
  0x0000024bb20db110 JavaThread "Cache worker for execution history cache (C:\Users\ahmed\.gradle\caches\8.0\executionHistory)" [_thread_blocked, id=3080, stack(0x000000be88100000,0x000000be88200000)]

Other Threads:
  0x0000024bae7e5370 VMThread "VM Thread" [stack: 0x000000be85800000,0x000000be85900000] [id=7416]
  0x0000024baf5bf8c0 WatcherThread [stack: 0x000000be86400000,0x000000be86500000] [id=2640]
  0x0000024b932e0920 GCTaskThread "GC Thread#0" [stack: 0x000000be85300000,0x000000be85400000] [id=11208]
  0x0000024bafaa32a0 GCTaskThread "GC Thread#1" [stack: 0x000000be86600000,0x000000be86700000] [id=13132]
  0x0000024baf74df30 GCTaskThread "GC Thread#2" [stack: 0x000000be86700000,0x000000be86800000] [id=4932]
  0x0000024bafae1290 GCTaskThread "GC Thread#3" [stack: 0x000000be86800000,0x000000be86900000] [id=14116]
  0x0000024b932f2870 ConcurrentGCThread "G1 Main Marker" [stack: 0x000000be85400000,0x000000be85500000] [id=5812]
  0x0000024b932f3280 ConcurrentGCThread "G1 Conc#0" [stack: 0x000000be85500000,0x000000be85600000] [id=10764]
  0x0000024bae6404a0 ConcurrentGCThread "G1 Refine#0" [stack: 0x000000be85600000,0x000000be85700000] [id=10920]
  0x0000024b933486f0 ConcurrentGCThread "G1 Service" [stack: 0x000000be85700000,0x000000be85800000] [id=7368]

Threads with active compile tasks:
C2 CompilerThread0     6079 4245       4       java.net.URLClassLoader$1::run (5 bytes)
C2 CompilerThread1     6079 4243   !   4       java.net.URLClassLoader::findClass (47 bytes)

VM state: not at safepoint (normal execution)

VM Mutex/Monitor currently owned by a thread: None

Heap address: 0x0000000080000000, size: 2048 MB, Compressed Oops mode: 32-bit

CDS archive(s) not mapped
Compressed class space mapped at: 0x0000000100000000-0x0000000140000000, reserved size: 1073741824
Narrow klass base: 0x0000000000000000, Narrow klass shift: 3, Narrow klass range: 0x140000000

GC Precious Log:
 CPUs: 4 total, 4 available
 Memory: 8066M
 Large Page Support: Disabled
 NUMA Support: Disabled
 Compressed Oops: Enabled (32-bit)
 Heap Region Size: 1M
 Heap Min Capacity: 8M
 Heap Initial Capacity: 128M
 Heap Max Capacity: 2G
 Pre-touch: Disabled
 Parallel Workers: 4
 Concurrent Workers: 1
 Concurrent Refinement Workers: 4
 Periodic GC: Disabled

Heap:
 garbage-first heap   total 157696K, used 96505K [0x0000000080000000, 0x0000000100000000)
  region size 1024K, 10 young (10240K), 4 survivors (4096K)
 Metaspace       used 49015K, committed 49536K, reserved 1097728K
  class space    used 6408K, committed 6656K, reserved 1048576K

Heap Regions: E=young(eden), S=young(survivor), O=old, HS=humongous(starts), HC=humongous(continues), CS=collection set, F=free, OA=open archive, CA=closed archive, TAMS=top-at-mark-start (previous, next)
|   0|0x0000000080000000, 0x0000000080100000, 0x0000000080100000|100%| O|  |TAMS 0x0000000080100000, 0x0000000080000000| Untracked 
|   1|0x0000000080100000, 0x0000000080200000, 0x0000000080200000|100%| O|  |TAMS 0x0000000080200000, 0x0000000080100000| Untracked 
|   2|0x0000000080200000, 0x0000000080300000, 0x0000000080300000|100%|HS|  |TAMS 0x0000000080300000, 0x0000000080200000| Complete 
|   3|0x0000000080300000, 0x0000000080400000, 0x0000000080400000|100%|HC|  |TAMS 0x0000000080400000, 0x0000000080300000| Complete 
|   4|0x0000000080400000, 0x0000000080500000, 0x0000000080500000|100%|HC|  |TAMS 0x0000000080500000, 0x0000000080400000| Complete 
|   5|0x0000000080500000, 0x0000000080600000, 0x0000000080600000|100%|HC|  |TAMS 0x0000000080600000, 0x0000000080500000| Complete 
|   6|0x0000000080600000, 0x0000000080700000, 0x0000000080700000|100%| O|  |TAMS 0x0000000080700000, 0x0000000080600000| Untracked 
|   7|0x0000000080700000, 0x0000000080800000, 0x0000000080800000|100%| O|  |TAMS 0x0000000080800000, 0x0000000080700000| Untracked 
|   8|0x0000000080800000, 0x0000000080900000, 0x0000000080900000|100%| O|  |TAMS 0x0000000080900000, 0x0000000080800000| Untracked 
|   9|0x0000000080900000, 0x0000000080a00000, 0x0000000080a00000|100%| O|  |TAMS 0x0000000080a00000, 0x0000000080900000| Untracked 
|  10|0x0000000080a00000, 0x0000000080b00000, 0x0000000080b00000|100%| O|  |TAMS 0x0000000080b00000, 0x0000000080a00000| Untracked 
|  11|0x0000000080b00000, 0x0000000080b6a800, 0x0000000080c00000| 41%| O|  |TAMS 0x0000000080b6a800, 0x0000000080b00000| Untracked 
|  12|0x0000000080c00000, 0x0000000080d00000, 0x0000000080d00000|100%| O|  |TAMS 0x0000000080d00000, 0x0000000080c00000| Untracked 
|  13|0x0000000080d00000, 0x0000000080e00000, 0x0000000080e00000|100%| O|  |TAMS 0x0000000080e00000, 0x0000000080d00000| Untracked 
|  14|0x0000000080e00000, 0x0000000080f00000, 0x0000000080f00000|100%| O|  |TAMS 0x0000000080f00000, 0x0000000080e00000| Untracked 
|  15|0x0000000080f00000, 0x0000000081000000, 0x0000000081000000|100%| O|  |TAMS 0x0000000081000000, 0x0000000080f00000| Untracked 
|  16|0x0000000081000000, 0x0000000081100000, 0x0000000081100000|100%| O|  |TAMS 0x0000000081100000, 0x0000000081000000| Untracked 
|  17|0x0000000081100000, 0x0000000081200000, 0x0000000081200000|100%| O|  |TAMS 0x0000000081200000, 0x0000000081100000| Untracked 
|  18|0x0000000081200000, 0x0000000081300000, 0x0000000081300000|100%| O|  |TAMS 0x0000000081300000, 0x0000000081200000| Untracked 
|  19|0x0000000081300000, 0x0000000081400000, 0x0000000081400000|100%|HS|  |TAMS 0x0000000081400000, 0x0000000081300000| Complete 
|  20|0x0000000081400000, 0x0000000081500000, 0x0000000081500000|100%|HC|  |TAMS 0x0000000081500000, 0x0000000081400000| Complete 
|  21|0x0000000081500000, 0x0000000081600000, 0x0000000081600000|100%|HS|  |TAMS 0x0000000081600000, 0x0000000081500000| Complete 
|  22|0x0000000081600000, 0x0000000081700000, 0x0000000081700000|100%|HC|  |TAMS 0x0000000081700000, 0x0000000081600000| Complete 
|  23|0x0000000081700000, 0x0000000081800000, 0x0000000081800000|100%|HC|  |TAMS 0x0000000081800000, 0x0000000081700000| Complete 
|  24|0x0000000081800000, 0x0000000081900000, 0x0000000081900000|100%| O|  |TAMS 0x0000000081900000, 0x0000000081800000| Untracked 
|  25|0x0000000081900000, 0x0000000081a00000, 0x0000000081a00000|100%| O|  |TAMS 0x0000000081a00000, 0x0000000081900000| Untracked 
|  26|0x0000000081a00000, 0x0000000081b00000, 0x0000000081b00000|100%| O|  |TAMS 0x0000000081b00000, 0x0000000081a00000| Untracked 
|  27|0x0000000081b00000, 0x0000000081c00000, 0x0000000081c00000|100%| O|  |TAMS 0x0000000081c00000, 0x0000000081b00000| Untracked 
|  28|0x0000000081c00000, 0x0000000081d00000, 0x0000000081d00000|100%|HS|  |TAMS 0x0000000081d00000, 0x0000000081c00000| Complete 
|  29|0x0000000081d00000, 0x0000000081e00000, 0x0000000081e00000|100%|HC|  |TAMS 0x0000000081e00000, 0x0000000081d00000| Complete 
|  30|0x0000000081e00000, 0x0000000081f00000, 0x0000000081f00000|100%|HC|  |TAMS 0x0000000081f00000, 0x0000000081e00000| Complete 
|  31|0x0000000081f00000, 0x0000000082000000, 0x0000000082000000|100%| O|  |TAMS 0x0000000082000000, 0x0000000081f00000| Untracked 
|  32|0x0000000082000000, 0x0000000082100000, 0x0000000082100000|100%|HS|  |TAMS 0x0000000082100000, 0x0000000082000000| Complete 
|  33|0x0000000082100000, 0x0000000082200000, 0x0000000082200000|100%|HC|  |TAMS 0x0000000082200000, 0x0000000082100000| Complete 
|  34|0x0000000082200000, 0x0000000082300000, 0x0000000082300000|100%|HC|  |TAMS 0x0000000082300000, 0x0000000082200000| Complete 
|  35|0x0000000082300000, 0x0000000082400000, 0x0000000082400000|100%|HC|  |TAMS 0x0000000082400000, 0x0000000082300000| Complete 
|  36|0x0000000082400000, 0x0000000082500000, 0x0000000082500000|100%|HC|  |TAMS 0x0000000082500000, 0x0000000082400000| Complete 
|  37|0x0000000082500000, 0x0000000082600000, 0x0000000082600000|100%|HC|  |TAMS 0x0000000082600000, 0x0000000082500000| Complete 
|  38|0x0000000082600000, 0x0000000082700000, 0x0000000082700000|100%|HS|  |TAMS 0x0000000082700000, 0x0000000082600000| Complete 
|  39|0x0000000082700000, 0x0000000082800000, 0x0000000082800000|100%|HS|  |TAMS 0x0000000082800000, 0x0000000082700000| Complete 
|  40|0x0000000082800000, 0x0000000082900000, 0x0000000082900000|100%|HC|  |TAMS 0x0000000082900000, 0x0000000082800000| Complete 
|  41|0x0000000082900000, 0x0000000082a00000, 0x0000000082a00000|100%|HS|  |TAMS 0x0000000082a00000, 0x0000000082900000| Complete 
|  42|0x0000000082a00000, 0x0000000082b00000, 0x0000000082b00000|100%|HC|  |TAMS 0x0000000082b00000, 0x0000000082a00000| Complete 
|  43|0x0000000082b00000, 0x0000000082c00000, 0x0000000082c00000|100%|HC|  |TAMS 0x0000000082c00000, 0x0000000082b00000| Complete 
|  44|0x0000000082c00000, 0x0000000082d00000, 0x0000000082d00000|100%|HC|  |TAMS 0x0000000082d00000, 0x0000000082c00000| Complete 
|  45|0x0000000082d00000, 0x0000000082e00000, 0x0000000082e00000|100%|HC|  |TAMS 0x0000000082e00000, 0x0000000082d00000| Complete 
|  46|0x0000000082e00000, 0x0000000082f00000, 0x0000000082f00000|100%|HC|  |TAMS 0x0000000082f00000, 0x0000000082e00000| Complete 
|  47|0x0000000082f00000, 0x0000000083000000, 0x0000000083000000|100%|HC|  |TAMS 0x0000000083000000, 0x0000000082f00000| Complete 
|  48|0x0000000083000000, 0x0000000083100000, 0x0000000083100000|100%|HC|  |TAMS 0x0000000083100000, 0x0000000083000000| Complete 
|  49|0x0000000083100000, 0x0000000083200000, 0x0000000083200000|100%|HC|  |TAMS 0x0000000083200000, 0x0000000083100000| Complete 
|  50|0x0000000083200000, 0x0000000083300000, 0x0000000083300000|100%|HC|  |TAMS 0x0000000083300000, 0x0000000083200000| Complete 
|  51|0x0000000083300000, 0x0000000083400000, 0x0000000083400000|100%|HS|  |TAMS 0x0000000083400000, 0x0000000083300000| Complete 
|  52|0x0000000083400000, 0x0000000083500000, 0x0000000083500000|100%|HC|  |TAMS 0x0000000083500000, 0x0000000083400000| Complete 
|  53|0x0000000083500000, 0x0000000083600000, 0x0000000083600000|100%| O|  |TAMS 0x0000000083600000, 0x0000000083500000| Untracked 
|  54|0x0000000083600000, 0x0000000083700000, 0x0000000083700000|100%| O|  |TAMS 0x0000000083700000, 0x0000000083600000| Untracked 
|  55|0x0000000083700000, 0x0000000083800000, 0x0000000083800000|100%| O|  |TAMS 0x0000000083800000, 0x0000000083700000| Untracked 
|  56|0x0000000083800000, 0x0000000083900000, 0x0000000083900000|100%| O|  |TAMS 0x0000000083900000, 0x0000000083800000| Untracked 
|  57|0x0000000083900000, 0x0000000083a00000, 0x0000000083a00000|100%| O|  |TAMS 0x0000000083a00000, 0x0000000083900000| Untracked 
|  58|0x0000000083a00000, 0x0000000083b00000, 0x0000000083b00000|100%| O|  |TAMS 0x0000000083b00000, 0x0000000083a00000| Untracked 
|  59|0x0000000083b00000, 0x0000000083c00000, 0x0000000083c00000|100%| O|  |TAMS 0x0000000083c00000, 0x0000000083b00000| Untracked 
|  60|0x0000000083c00000, 0x0000000083d00000, 0x0000000083d00000|100%| O|  |TAMS 0x0000000083d00000, 0x0000000083c00000| Untracked 
|  61|0x0000000083d00000, 0x0000000083e00000, 0x0000000083e00000|100%| O|  |TAMS 0x0000000083d85000, 0x0000000083d00000| Untracked 
|  62|0x0000000083e00000, 0x0000000083f00000, 0x0000000083f00000|100%|HS|  |TAMS 0x0000000083f00000, 0x0000000083e00000| Complete 
|  63|0x0000000083f00000, 0x0000000084000000, 0x0000000084000000|100%|HC|  |TAMS 0x0000000084000000, 0x0000000083f00000| Complete 
|  64|0x0000000084000000, 0x0000000084100000, 0x0000000084100000|100%|HC|  |TAMS 0x0000000084100000, 0x0000000084000000| Complete 
|  65|0x0000000084100000, 0x0000000084200000, 0x0000000084200000|100%|HC|  |TAMS 0x0000000084200000, 0x0000000084100000| Complete 
|  66|0x0000000084200000, 0x0000000084300000, 0x0000000084300000|100%|HC|  |TAMS 0x0000000084300000, 0x0000000084200000| Complete 
|  67|0x0000000084300000, 0x0000000084400000, 0x0000000084400000|100%|HC|  |TAMS 0x0000000084400000, 0x0000000084300000| Complete 
|  68|0x0000000084400000, 0x0000000084500000, 0x0000000084500000|100%|HC|  |TAMS 0x0000000084500000, 0x0000000084400000| Complete 
|  69|0x0000000084500000, 0x0000000084600000, 0x0000000084600000|100%|HC|  |TAMS 0x0000000084600000, 0x0000000084500000| Complete 
|  70|0x0000000084600000, 0x0000000084700000, 0x0000000084700000|100%|HC|  |TAMS 0x0000000084700000, 0x0000000084600000| Complete 
|  71|0x0000000084700000, 0x0000000084800000, 0x0000000084800000|100%|HC|  |TAMS 0x0000000084800000, 0x0000000084700000| Complete 
|  72|0x0000000084800000, 0x0000000084900000, 0x0000000084900000|100%|HC|  |TAMS 0x0000000084900000, 0x0000000084800000| Complete 
|  73|0x0000000084900000, 0x0000000084a00000, 0x0000000084a00000|100%|HS|  |TAMS 0x0000000084a00000, 0x0000000084900000| Complete 
|  74|0x0000000084a00000, 0x0000000084b00000, 0x0000000084b00000|100%|HC|  |TAMS 0x0000000084b00000, 0x0000000084a00000| Complete 
|  75|0x0000000084b00000, 0x0000000084c00000, 0x0000000084c00000|100%|HS|  |TAMS 0x0000000084c00000, 0x0000000084b00000| Complete 
|  76|0x0000000084c00000, 0x0000000084d00000, 0x0000000084d00000|100%|HC|  |TAMS 0x0000000084d00000, 0x0000000084c00000| Complete 
|  77|0x0000000084d00000, 0x0000000084e00000, 0x0000000084e00000|100%|HC|  |TAMS 0x0000000084e00000, 0x0000000084d00000| Complete 
|  78|0x0000000084e00000, 0x0000000084f00000, 0x0000000084f00000|100%|HS|  |TAMS 0x0000000084f00000, 0x0000000084e00000| Complete 
|  79|0x0000000084f00000, 0x0000000085000000, 0x0000000085000000|100%|HC|  |TAMS 0x0000000085000000, 0x0000000084f00000| Complete 
|  80|0x0000000085000000, 0x0000000085100000, 0x0000000085100000|100%|HS|  |TAMS 0x0000000085100000, 0x0000000085000000| Complete 
|  81|0x0000000085100000, 0x0000000085200000, 0x0000000085200000|100%|HC|  |TAMS 0x0000000085200000, 0x0000000085100000| Complete 
|  82|0x0000000085200000, 0x0000000085300000, 0x0000000085300000|100%|HC|  |TAMS 0x0000000085300000, 0x0000000085200000| Complete 
|  83|0x0000000085300000, 0x0000000085400000, 0x0000000085400000|100%| O|  |TAMS 0x0000000085300000, 0x0000000085300000| Untracked 
|  84|0x0000000085400000, 0x00000000854d3e00, 0x0000000085500000| 82%| O|  |TAMS 0x0000000085400000, 0x0000000085400000| Untracked 
|  85|0x0000000085500000, 0x0000000085600000, 0x0000000085600000|100%|HS|  |TAMS 0x0000000085500000, 0x0000000085500000| Complete 
|  86|0x0000000085600000, 0x0000000085600000, 0x0000000085700000|  0%| F|  |TAMS 0x0000000085600000, 0x0000000085600000| Untracked 
|  87|0x0000000085700000, 0x0000000085700000, 0x0000000085800000|  0%| F|  |TAMS 0x0000000085700000, 0x0000000085700000| Untracked 
|  88|0x0000000085800000, 0x0000000085800000, 0x0000000085900000|  0%| F|  |TAMS 0x0000000085800000, 0x0000000085800000| Untracked 
|  89|0x0000000085900000, 0x0000000085900000, 0x0000000085a00000|  0%| F|  |TAMS 0x0000000085900000, 0x0000000085900000| Untracked 
|  90|0x0000000085a00000, 0x0000000085a00000, 0x0000000085b00000|  0%| F|  |TAMS 0x0000000085a00000, 0x0000000085a00000| Untracked 
|  91|0x0000000085b00000, 0x0000000085b00000, 0x0000000085c00000|  0%| F|  |TAMS 0x0000000085b00000, 0x0000000085b00000| Untracked 
|  92|0x0000000085c00000, 0x0000000085c00000, 0x0000000085d00000|  0%| F|  |TAMS 0x0000000085c00000, 0x0000000085c00000| Untracked 
|  93|0x0000000085d00000, 0x0000000085d00000, 0x0000000085e00000|  0%| F|  |TAMS 0x0000000085d00000, 0x0000000085d00000| Untracked 
|  94|0x0000000085e00000, 0x0000000085e00000, 0x0000000085f00000|  0%| F|  |TAMS 0x0000000085e00000, 0x0000000085e00000| Untracked 
|  95|0x0000000085f00000, 0x0000000085f00000, 0x0000000086000000|  0%| F|  |TAMS 0x0000000085f00000, 0x0000000085f00000| Untracked 
|  96|0x0000000086000000, 0x0000000086000000, 0x0000000086100000|  0%| F|  |TAMS 0x0000000086000000, 0x0000000086000000| Untracked 
|  97|0x0000000086100000, 0x0000000086100000, 0x0000000086200000|  0%| F|  |TAMS 0x0000000086100000, 0x0000000086100000| Untracked 
|  98|0x0000000086200000, 0x0000000086200000, 0x0000000086300000|  0%| F|  |TAMS 0x0000000086200000, 0x0000000086200000| Untracked 
|  99|0x0000000086300000, 0x0000000086300000, 0x0000000086400000|  0%| F|  |TAMS 0x0000000086300000, 0x0000000086300000| Untracked 
| 100|0x0000000086400000, 0x0000000086400000, 0x0000000086500000|  0%| F|  |TAMS 0x0000000086400000, 0x0000000086400000| Untracked 
| 101|0x0000000086500000, 0x0000000086500000, 0x0000000086600000|  0%| F|  |TAMS 0x0000000086500000, 0x0000000086500000| Untracked 
| 102|0x0000000086600000, 0x0000000086600000, 0x0000000086700000|  0%| F|  |TAMS 0x0000000086600000, 0x0000000086600000| Untracked 
| 103|0x0000000086700000, 0x0000000086700000, 0x0000000086800000|  0%| F|  |TAMS 0x0000000086700000, 0x0000000086700000| Untracked 
| 104|0x0000000086800000, 0x0000000086800000, 0x0000000086900000|  0%| F|  |TAMS 0x0000000086800000, 0x0000000086800000| Untracked 
| 105|0x0000000086900000, 0x0000000086900000, 0x0000000086a00000|  0%| F|  |TAMS 0x0000000086900000, 0x0000000086900000| Untracked 
| 106|0x0000000086a00000, 0x0000000086a00000, 0x0000000086b00000|  0%| F|  |TAMS 0x0000000086a00000, 0x0000000086a00000| Untracked 
| 107|0x0000000086b00000, 0x0000000086b00000, 0x0000000086c00000|  0%| F|  |TAMS 0x0000000086b00000, 0x0000000086b00000| Untracked 
| 108|0x0000000086c00000, 0x0000000086c00000, 0x0000000086d00000|  0%| F|  |TAMS 0x0000000086c00000, 0x0000000086c00000| Untracked 
| 109|0x0000000086d00000, 0x0000000086d00000, 0x0000000086e00000|  0%| F|  |TAMS 0x0000000086d00000, 0x0000000086d00000| Untracked 
| 110|0x0000000086e00000, 0x0000000086e00000, 0x0000000086f00000|  0%| F|  |TAMS 0x0000000086e00000, 0x0000000086e00000| Untracked 
| 111|0x0000000086f00000, 0x0000000086f00000, 0x0000000087000000|  0%| F|  |TAMS 0x0000000086f00000, 0x0000000086f00000| Untracked 
| 112|0x0000000087000000, 0x0000000087000000, 0x0000000087100000|  0%| F|  |TAMS 0x0000000087000000, 0x0000000087000000| Untracked 
| 113|0x0000000087100000, 0x0000000087100000, 0x0000000087200000|  0%| F|  |TAMS 0x0000000087100000, 0x0000000087100000| Untracked 
| 114|0x0000000087200000, 0x0000000087200000, 0x0000000087300000|  0%| F|  |TAMS 0x0000000087200000, 0x0000000087200000| Untracked 
| 115|0x0000000087300000, 0x0000000087300000, 0x0000000087400000|  0%| F|  |TAMS 0x0000000087300000, 0x0000000087300000| Untracked 
| 116|0x0000000087400000, 0x0000000087500000, 0x0000000087500000|100%| S|CS|TAMS 0x0000000087400000, 0x0000000087400000| Complete 
| 117|0x0000000087500000, 0x0000000087600000, 0x0000000087600000|100%| S|CS|TAMS 0x0000000087500000, 0x0000000087500000| Complete 
| 118|0x0000000087600000, 0x0000000087700000, 0x0000000087700000|100%| S|CS|TAMS 0x0000000087600000, 0x0000000087600000| Complete 
| 119|0x0000000087700000, 0x0000000087800000, 0x0000000087800000|100%| S|CS|TAMS 0x0000000087700000, 0x0000000087700000| Complete 
| 120|0x0000000087800000, 0x0000000087800000, 0x0000000087900000|  0%| F|  |TAMS 0x0000000087800000, 0x0000000087800000| Untracked 
| 121|0x0000000087900000, 0x0000000087900000, 0x0000000087a00000|  0%| F|  |TAMS 0x0000000087900000, 0x0000000087900000| Untracked 
| 122|0x0000000087a00000, 0x0000000087a00000, 0x0000000087b00000|  0%| F|  |TAMS 0x0000000087a00000, 0x0000000087a00000| Untracked 
| 123|0x0000000087b00000, 0x0000000087b00000, 0x0000000087c00000|  0%| F|  |TAMS 0x0000000087b00000, 0x0000000087b00000| Untracked 
| 124|0x0000000087c00000, 0x0000000087c00000, 0x0000000087d00000|  0%| F|  |TAMS 0x0000000087c00000, 0x0000000087c00000| Untracked 
| 125|0x0000000087d00000, 0x0000000087d00000, 0x0000000087e00000|  0%| F|  |TAMS 0x0000000087d00000, 0x0000000087d00000| Untracked 
| 126|0x0000000087e00000, 0x0000000087e00000, 0x0000000087f00000|  0%| F|  |TAMS 0x0000000087e00000, 0x0000000087e00000| Untracked 
| 127|0x0000000087f00000, 0x0000000087f00000, 0x0000000088000000|  0%| F|  |TAMS 0x0000000087f00000, 0x0000000087f00000| Untracked 
| 128|0x0000000088000000, 0x0000000088000000, 0x0000000088100000|  0%| F|  |TAMS 0x0000000088000000, 0x0000000088000000| Untracked 
| 129|0x0000000088100000, 0x0000000088100000, 0x0000000088200000|  0%| F|  |TAMS 0x0000000088100000, 0x0000000088100000| Untracked 
| 130|0x0000000088200000, 0x0000000088200000, 0x0000000088300000|  0%| F|  |TAMS 0x0000000088200000, 0x0000000088200000| Untracked 
| 131|0x0000000088300000, 0x0000000088300000, 0x0000000088400000|  0%| F|  |TAMS 0x0000000088300000, 0x0000000088300000| Untracked 
| 132|0x0000000088400000, 0x0000000088400000, 0x0000000088500000|  0%| F|  |TAMS 0x0000000088400000, 0x0000000088400000| Untracked 
| 133|0x0000000088500000, 0x0000000088500000, 0x0000000088600000|  0%| F|  |TAMS 0x0000000088500000, 0x0000000088500000| Untracked 
| 134|0x0000000088600000, 0x0000000088600000, 0x0000000088700000|  0%| F|  |TAMS 0x0000000088600000, 0x0000000088600000| Untracked 
| 135|0x0000000088700000, 0x0000000088700000, 0x0000000088800000|  0%| F|  |TAMS 0x0000000088700000, 0x0000000088700000| Untracked 
| 136|0x0000000088800000, 0x0000000088800000, 0x0000000088900000|  0%| F|  |TAMS 0x0000000088800000, 0x0000000088800000| Untracked 
| 137|0x0000000088900000, 0x0000000088a00000, 0x0000000088a00000|100%| E|CS|TAMS 0x0000000088900000, 0x0000000088900000| Complete 
| 138|0x0000000088a00000, 0x0000000088b00000, 0x0000000088b00000|100%| E|CS|TAMS 0x0000000088a00000, 0x0000000088a00000| Complete 
| 139|0x0000000088b00000, 0x0000000088b00000, 0x0000000088c00000|  0%| F|  |TAMS 0x0000000088b00000, 0x0000000088b00000| Untracked 
| 140|0x0000000088c00000, 0x0000000088c00000, 0x0000000088d00000|  0%| F|  |TAMS 0x0000000088c00000, 0x0000000088c00000| Untracked 
| 141|0x0000000088d00000, 0x0000000088d00000, 0x0000000088e00000|  0%| F|  |TAMS 0x0000000088d00000, 0x0000000088d00000| Untracked 
| 142|0x0000000088e00000, 0x0000000088e00000, 0x0000000088f00000|  0%| F|  |TAMS 0x0000000088e00000, 0x0000000088e00000| Untracked 
| 143|0x0000000088f00000, 0x0000000088f00000, 0x0000000089000000|  0%| F|  |TAMS 0x0000000088f00000, 0x0000000088f00000| Untracked 
| 144|0x0000000089000000, 0x0000000089000000, 0x0000000089100000|  0%| F|  |TAMS 0x0000000089000000, 0x0000000089000000| Untracked 
| 145|0x0000000089100000, 0x0000000089100000, 0x0000000089200000|  0%| F|  |TAMS 0x0000000089100000, 0x0000000089100000| Untracked 
| 146|0x0000000089200000, 0x0000000089200000, 0x0000000089300000|  0%| F|  |TAMS 0x0000000089200000, 0x0000000089200000| Untracked 
| 147|0x0000000089300000, 0x0000000089300000, 0x0000000089400000|  0%| F|  |TAMS 0x0000000089300000, 0x0000000089300000| Untracked 
| 148|0x0000000089400000, 0x0000000089400000, 0x0000000089500000|  0%| F|  |TAMS 0x0000000089400000, 0x0000000089400000| Untracked 
| 149|0x0000000089500000, 0x000000008956de50, 0x0000000089600000| 42%| E|  |TAMS 0x0000000089500000, 0x0000000089500000| Complete 
| 150|0x0000000089600000, 0x0000000089700000, 0x0000000089700000|100%| E|CS|TAMS 0x0000000089600000, 0x0000000089600000| Complete 
| 151|0x0000000089700000, 0x0000000089800000, 0x0000000089800000|100%| E|CS|TAMS 0x0000000089700000, 0x0000000089700000| Complete 
| 152|0x0000000089800000, 0x0000000089900000, 0x0000000089900000|100%| E|CS|TAMS 0x0000000089800000, 0x0000000089800000| Complete 
| 153|0x0000000089900000, 0x0000000089a00000, 0x0000000089a00000|100%| E|CS|TAMS 0x0000000089900000, 0x0000000089900000| Complete 

Card table byte_map: [0x0000024ba7990000,0x0000024ba7d90000] _byte_map_base: 0x0000024ba7590000

Marking Bits (Prev, Next): (CMBitMap*) 0x0000024b932e1f40, (CMBitMap*) 0x0000024b932e1f80
 Prev Bits: [0x0000024ba8190000, 0x0000024baa190000)
 Next Bits: [0x0000024baa190000, 0x0000024bac190000)

Polling page: 0x0000024b93350000

Metaspace:

Usage:
  Non-class:     41.61 MB used.
      Class:      6.26 MB used.
       Both:     47.87 MB used.

Virtual space:
  Non-class space:       48.00 MB reserved,      41.88 MB ( 87%) committed,  6 nodes.
      Class space:        1.00 GB reserved,       6.50 MB ( <1%) committed,  1 nodes.
             Both:        1.05 GB reserved,      48.38 MB (  5%) committed. 

Chunk freelists:
   Non-Class:  2.07 MB
       Class:  1.37 MB
        Both:  3.44 MB

MaxMetaspaceSize: unlimited
CompressedClassSpaceSize: 1.00 GB
Initial GC threshold: 21.00 MB
Current GC threshold: 80.12 MB
CDS: off
MetaspaceReclaimPolicy: balanced
 - commit_granule_bytes: 65536.
 - commit_granule_words: 8192.
 - virtual_space_node_default_size: 1048576.
 - enlarge_chunks_in_place: 1.
 - new_chunks_are_fully_committed: 0.
 - uncommit_free_chunks: 1.
 - use_allocation_guard: 0.
 - handle_deallocations: 1.


Internal statistics:

num_allocs_failed_limit: 3.
num_arena_births: 476.
num_arena_deaths: 0.
num_vsnodes_births: 7.
num_vsnodes_deaths: 0.
num_space_committed: 774.
num_space_uncommitted: 0.
num_chunks_returned_to_freelist: 3.
num_chunks_taken_from_freelist: 2003.
num_chunk_merges: 3.
num_chunk_splits: 1304.
num_chunks_enlarged: 889.
num_purges: 0.
num_inconsistent_stats: 0.

CodeHeap 'non-profiled nmethods': size=120000Kb used=2533Kb max_used=2533Kb free=117466Kb
 bounds [0x0000024b9fa20000, 0x0000024b9fca0000, 0x0000024ba6f50000]
CodeHeap 'profiled nmethods': size=120000Kb used=9265Kb max_used=9265Kb free=110735Kb
 bounds [0x0000024b97f50000, 0x0000024b98860000, 0x0000024b9f480000]
CodeHeap 'non-nmethods': size=5760Kb used=2300Kb max_used=2350Kb free=3459Kb
 bounds [0x0000024b9f480000, 0x0000024b9f6f0000, 0x0000024b9fa20000]
 total_blobs=5183 nmethods=4370 adapters=725
 compilation: enabled
              stopped_count=0, restarted_count=0
 full_count=0

Compilation events (20 events):
Event: 6.039 Thread 0x0000024baf428b00 nmethod 4329 0x0000024b9883e910 code [0x0000024b9883eac0, 0x0000024b9883ec88]
Event: 6.039 Thread 0x0000024baf428b00 4330       3       java.util.Collections$1::next (25 bytes)
Event: 6.039 Thread 0x0000024baf428b00 nmethod 4330 0x0000024b9883ed90 code [0x0000024b9883ef40, 0x0000024b9883f168]
Event: 6.039 Thread 0x0000024baf428b00 4331       3       org.gradle.internal.instantiation.generator.AbstractClassGenerator$ClassGenerationHandler::<init> (5 bytes)
Event: 6.039 Thread 0x0000024baf428b00 nmethod 4331 0x0000024b9883f290 code [0x0000024b9883f440, 0x0000024b9883f5f8]
Event: 6.039 Thread 0x0000024baf428b00 4332       3       org.gradle.internal.instantiation.generator.AbstractClassGenerator$ClassGenerationHandler::<init> (5 bytes)
Event: 6.039 Thread 0x0000024baf428b00 nmethod 4332 0x0000024b9883f710 code [0x0000024b9883f8a0, 0x0000024b9883f9f8]
Event: 6.041 Thread 0x0000024baf428b00 4333       3       org.gradle.internal.instantiation.generator.AbstractClassGenerator$PropertyMetadata::addGetter (129 bytes)
Event: 6.042 Thread 0x0000024baf428b00 nmethod 4333 0x0000024b9883fa90 code [0x0000024b9883fd60, 0x0000024b98840ee8]
Event: 6.042 Thread 0x0000024baf428b00 4335       3       java.lang.reflect.Proxy::newProxyInstance (35 bytes)
Event: 6.042 Thread 0x0000024baf428b00 nmethod 4335 0x0000024b98841310 code [0x0000024b98841500, 0x0000024b98841958]
Event: 6.042 Thread 0x0000024baf428b00 4336       3       org.gradle.internal.instantiation.generator.AbstractClassGenerator$NamePropertyHandler::visitProperty (13 bytes)
Event: 6.042 Thread 0x0000024baf428b00 nmethod 4336 0x0000024b98841b10 code [0x0000024b98841cc0, 0x0000024b98841ee8]
Event: 6.043 Thread 0x0000024baf428b00 4337       3       org.gradle.internal.instantiation.generator.AbstractClassGenerator$ManagedPropertiesHandler::visitProperty (37 bytes)
Event: 6.043 Thread 0x0000024baf428b00 nmethod 4337 0x0000024b98842010 code [0x0000024b98842220, 0x0000024b98842708]
Event: 6.043 Thread 0x0000024baf428b00 4338       3       org.gradle.internal.instantiation.generator.AbstractClassGenerator::access$1800 (5 bytes)
Event: 6.043 Thread 0x0000024baf428b00 nmethod 4338 0x0000024b98842910 code [0x0000024b98842b20, 0x0000024b988430e8]
Event: 6.043 Thread 0x0000024baf428b00 4334       1       sun.reflect.generics.tree.Wildcard::getUpperBounds (5 bytes)
Event: 6.043 Thread 0x0000024baf428b00 nmethod 4334 0x0000024b9fc96d90 code [0x0000024b9fc96f20, 0x0000024b9fc96ff8]
Event: 6.044 Thread 0x0000024baf428b00 4340       3       com.google.common.collect.AbstractMapBasedMultimap$WrappedCollection$WrappedIterator::validateIterator (30 bytes)

GC Heap History (20 events):
Event: 3.324 GC heap before
{Heap before GC invocations=7 (full 0):
 garbage-first heap   total 71680K, used 37912K [0x0000000080000000, 0x0000000100000000)
  region size 1024K, 4 young (4096K), 3 survivors (3072K)
 Metaspace       used 29252K, committed 29632K, reserved 1081344K
  class space    used 3964K, committed 4160K, reserved 1048576K
}
Event: 3.328 GC heap after
{Heap after GC invocations=8 (full 0):
 garbage-first heap   total 86016K, used 37967K [0x0000000080000000, 0x0000000100000000)
  region size 1024K, 1 young (1024K), 1 survivors (1024K)
 Metaspace       used 29252K, committed 29632K, reserved 1081344K
  class space    used 3964K, committed 4160K, reserved 1048576K
}
Event: 3.392 GC heap before
{Heap before GC invocations=9 (full 0):
 garbage-first heap   total 86016K, used 41039K [0x0000000080000000, 0x0000000100000000)
  region size 1024K, 4 young (4096K), 1 survivors (1024K)
 Metaspace       used 29399K, committed 29760K, reserved 1081344K
  class space    used 3990K, committed 4160K, reserved 1048576K
}
Event: 3.393 GC heap after
{Heap after GC invocations=10 (full 0):
 garbage-first heap   total 86016K, used 39488K [0x0000000080000000, 0x0000000100000000)
  region size 1024K, 1 young (1024K), 1 survivors (1024K)
 Metaspace       used 29399K, committed 29760K, reserved 1081344K
  class space    used 3990K, committed 4160K, reserved 1048576K
}
Event: 3.712 GC heap before
{Heap before GC invocations=11 (full 0):
 garbage-first heap   total 94208K, used 74304K [0x0000000080000000, 0x0000000100000000)
  region size 1024K, 21 young (21504K), 1 survivors (1024K)
 Metaspace       used 32098K, committed 32448K, reserved 1081344K
  class space    used 4422K, committed 4608K, reserved 1048576K
}
Event: 3.714 GC heap after
{Heap after GC invocations=12 (full 0):
 garbage-first heap   total 94208K, used 56496K [0x0000000080000000, 0x0000000100000000)
  region size 1024K, 3 young (3072K), 3 survivors (3072K)
 Metaspace       used 32098K, committed 32448K, reserved 1081344K
  class space    used 4422K, committed 4608K, reserved 1048576K
}
Event: 4.026 GC heap before
{Heap before GC invocations=12 (full 0):
 garbage-first heap   total 94208K, used 72880K [0x0000000080000000, 0x0000000100000000)
  region size 1024K, 19 young (19456K), 3 survivors (3072K)
 Metaspace       used 34437K, committed 34880K, reserved 1081344K
  class space    used 4789K, committed 4992K, reserved 1048576K
}
Event: 4.029 GC heap after
{Heap after GC invocations=13 (full 0):
 garbage-first heap   total 94208K, used 57340K [0x0000000080000000, 0x0000000100000000)
  region size 1024K, 1 young (1024K), 1 survivors (1024K)
 Metaspace       used 34437K, committed 34880K, reserved 1081344K
  class space    used 4789K, committed 4992K, reserved 1048576K
}
Event: 4.543 GC heap before
{Heap before GC invocations=14 (full 0):
 garbage-first heap   total 99328K, used 72700K [0x0000000080000000, 0x0000000100000000)
  region size 1024K, 17 young (17408K), 1 survivors (1024K)
 Metaspace       used 39477K, committed 39872K, reserved 1089536K
  class space    used 5335K, committed 5504K, reserved 1048576K
}
Event: 4.547 GC heap after
{Heap after GC invocations=15 (full 0):
 garbage-first heap   total 99328K, used 59468K [0x0000000080000000, 0x0000000100000000)
  region size 1024K, 3 young (3072K), 3 survivors (3072K)
 Metaspace       used 39477K, committed 39872K, reserved 1089536K
  class space    used 5335K, committed 5504K, reserved 1048576K
}
Event: 4.772 GC heap before
{Heap before GC invocations=15 (full 0):
 garbage-first heap   total 99328K, used 76876K [0x0000000080000000, 0x0000000100000000)
  region size 1024K, 21 young (21504K), 3 survivors (3072K)
 Metaspace       used 41636K, committed 42112K, reserved 1089536K
  class space    used 5563K, committed 5760K, reserved 1048576K
}
Event: 4.776 GC heap after
{Heap after GC invocations=16 (full 0):
 garbage-first heap   total 99328K, used 62003K [0x0000000080000000, 0x0000000100000000)
  region size 1024K, 3 young (3072K), 3 survivors (3072K)
 Metaspace       used 41636K, committed 42112K, reserved 1089536K
  class space    used 5563K, committed 5760K, reserved 1048576K
}
Event: 4.938 GC heap before
{Heap before GC invocations=17 (full 0):
 garbage-first heap   total 114688K, used 75315K [0x0000000080000000, 0x0000000100000000)
  region size 1024K, 18 young (18432K), 3 survivors (3072K)
 Metaspace       used 42084K, committed 42496K, reserved 1089536K
  class space    used 5609K, committed 5824K, reserved 1048576K
}
Event: 4.942 GC heap after
{Heap after GC invocations=18 (full 0):
 garbage-first heap   total 114688K, used 63094K [0x0000000080000000, 0x0000000100000000)
  region size 1024K, 3 young (3072K), 3 survivors (3072K)
 Metaspace       used 42084K, committed 42496K, reserved 1089536K
  class space    used 5609K, committed 5824K, reserved 1048576K
}
Event: 5.501 GC heap before
{Heap before GC invocations=19 (full 0):
 garbage-first heap   total 116736K, used 89718K [0x0000000080000000, 0x0000000100000000)
  region size 1024K, 27 young (27648K), 3 survivors (3072K)
 Metaspace       used 46095K, committed 46464K, reserved 1089536K
  class space    used 6106K, committed 6272K, reserved 1048576K
}
Event: 5.504 GC heap after
{Heap after GC invocations=20 (full 0):
 garbage-first heap   total 116736K, used 64095K [0x0000000080000000, 0x0000000100000000)
  region size 1024K, 4 young (4096K), 4 survivors (4096K)
 Metaspace       used 46095K, committed 46464K, reserved 1089536K
  class space    used 6106K, committed 6272K, reserved 1048576K
}
Event: 5.653 GC heap before
{Heap before GC invocations=20 (full 0):
 garbage-first heap   total 116736K, used 69215K [0x0000000080000000, 0x0000000100000000)
  region size 1024K, 11 young (11264K), 4 survivors (4096K)
 Metaspace       used 46536K, committed 46976K, reserved 1089536K
  class space    used 6177K, committed 6400K, reserved 1048576K
}
Event: 5.657 GC heap after
{Heap after GC invocations=21 (full 0):
 garbage-first heap   total 116736K, used 65594K [0x0000000080000000, 0x0000000100000000)
  region size 1024K, 4 young (4096K), 4 survivors (4096K)
 Metaspace       used 46536K, committed 46976K, reserved 1089536K
  class space    used 6177K, committed 6400K, reserved 1048576K
}
Event: 5.940 GC heap before
{Heap before GC invocations=22 (full 0):
 garbage-first heap   total 142336K, used 104506K [0x0000000080000000, 0x0000000100000000)
  region size 1024K, 23 young (23552K), 4 survivors (4096K)
 Metaspace       used 47855K, committed 48320K, reserved 1097728K
  class space    used 6341K, committed 6528K, reserved 1048576K
}
Event: 5.946 GC heap after
{Heap after GC invocations=23 (full 0):
 garbage-first heap   total 142336K, used 90361K [0x0000000080000000, 0x0000000100000000)
  region size 1024K, 4 young (4096K), 4 survivors (4096K)
 Metaspace       used 47855K, committed 48320K, reserved 1097728K
  class space    used 6341K, committed 6528K, reserved 1048576K
}

Dll operation events (2 events):
Event: 0.010 Loaded shared library C:\Program Files\Android\Android Studio\jbr\bin\java.dll
Event: 0.547 Loaded shared library C:\Program Files\Android\Android Studio\jbr\bin\verify.dll

Deoptimization events (20 events):
Event: 5.807 Thread 0x0000024bb1e05d30 Uncommon trap: trap_request=0xffffffbe fr.pc=0x0000024b9fc8dc50 relative=0x0000000000000790
Event: 5.807 Thread 0x0000024bb1e05d30 Uncommon trap: reason=profile_predicate action=maybe_recompile pc=0x0000024b9fc8dc50 method=java.lang.PublicMethods$MethodList.filter([Ljava/lang/reflect/Method;Ljava/lang/String;[Ljava/lang/Class;Z)Ljava/lang/PublicMethods$MethodList; @ 21 c2
Event: 5.807 Thread 0x0000024bb1e05d30 DEOPT PACKING pc=0x0000024b9fc8dc50 sp=0x000000be86ff79a0
Event: 5.807 Thread 0x0000024bb1e05d30 DEOPT UNPACKING pc=0x0000024b9f4d69a3 sp=0x000000be86ff7958 mode 2
Event: 5.807 Thread 0x0000024bb1e05d30 Uncommon trap: trap_request=0xffffffbe fr.pc=0x0000024b9fc8dc50 relative=0x0000000000000790
Event: 5.807 Thread 0x0000024bb1e05d30 Uncommon trap: reason=profile_predicate action=maybe_recompile pc=0x0000024b9fc8dc50 method=java.lang.PublicMethods$MethodList.filter([Ljava/lang/reflect/Method;Ljava/lang/String;[Ljava/lang/Class;Z)Ljava/lang/PublicMethods$MethodList; @ 21 c2
Event: 5.807 Thread 0x0000024bb1e05d30 DEOPT PACKING pc=0x0000024b9fc8dc50 sp=0x000000be86ff78f0
Event: 5.807 Thread 0x0000024bb1e05d30 DEOPT UNPACKING pc=0x0000024b9f4d69a3 sp=0x000000be86ff78a8 mode 2
Event: 5.807 Thread 0x0000024bb1e05d30 Uncommon trap: trap_request=0xffffffbe fr.pc=0x0000024b9fc8dc50 relative=0x0000000000000790
Event: 5.807 Thread 0x0000024bb1e05d30 Uncommon trap: reason=profile_predicate action=maybe_recompile pc=0x0000024b9fc8dc50 method=java.lang.PublicMethods$MethodList.filter([Ljava/lang/reflect/Method;Ljava/lang/String;[Ljava/lang/Class;Z)Ljava/lang/PublicMethods$MethodList; @ 21 c2
Event: 5.807 Thread 0x0000024bb1e05d30 DEOPT PACKING pc=0x0000024b9fc8dc50 sp=0x000000be86ff7840
Event: 5.807 Thread 0x0000024bb1e05d30 DEOPT UNPACKING pc=0x0000024b9f4d69a3 sp=0x000000be86ff77f8 mode 2
Event: 5.819 Thread 0x0000024bb1e05d30 Uncommon trap: trap_request=0xffffffde fr.pc=0x0000024b9fc89404 relative=0x0000000000000c04
Event: 5.819 Thread 0x0000024bb1e05d30 Uncommon trap: reason=class_check action=maybe_recompile pc=0x0000024b9fc89404 method=org.codehaus.groovy.reflection.ParameterTypes.getParametersTypes0()V @ 16 c2
Event: 5.819 Thread 0x0000024bb1e05d30 DEOPT PACKING pc=0x0000024b9fc89404 sp=0x000000be86ff8550
Event: 5.819 Thread 0x0000024bb1e05d30 DEOPT UNPACKING pc=0x0000024b9f4d69a3 sp=0x000000be86ff84d8 mode 2
Event: 6.017 Thread 0x0000024bb1e05d30 Uncommon trap: trap_request=0xffffff45 fr.pc=0x0000024b9fb20bb4 relative=0x00000000000064d4
Event: 6.017 Thread 0x0000024bb1e05d30 Uncommon trap: reason=unstable_if action=reinterpret pc=0x0000024b9fb20bb4 method=jdk.internal.org.objectweb.asm.SymbolTable.addType(Ljava/lang/String;)I @ 33 c2
Event: 6.017 Thread 0x0000024bb1e05d30 DEOPT PACKING pc=0x0000024b9fb20bb4 sp=0x000000be86ff7560
Event: 6.017 Thread 0x0000024bb1e05d30 DEOPT UNPACKING pc=0x0000024b9f4d69a3 sp=0x000000be86ff7488 mode 2

Classes unloaded (0 events):
No events

Classes redefined (0 events):
No events

Internal exceptions (20 events):
Event: 5.878 Thread 0x0000024bb1e05d30 Exception <a 'java/lang/ClassNotFoundException'{0x0000000087e4c430}: org/jetbrains/plugins/gradle/tooling/tasks/DependenciesReport$ReportGeneratorBeanInfo> (0x0000000087e4c430) 
thrown [s\src\hotspot\share\classfile\systemDictionary.cpp, line 256]
Event: 5.878 Thread 0x0000024bb1e05d30 Exception <a 'java/lang/ClassNotFoundException'{0x0000000087e57990}: org/jetbrains/plugins/gradle/tooling/tasks/DependenciesReport$ReportGeneratorCustomizer> (0x0000000087e57990) 
thrown [s\src\hotspot\share\classfile\systemDictionary.cpp, line 256]
Event: 5.881 Thread 0x0000024bb1e05d30 Exception <a 'java/lang/ClassNotFoundException'{0x0000000087e88540}: org/jetbrains/plugins/gradle/tooling/builder/DependencyGraphModelBuilderImplBeanInfo> (0x0000000087e88540) 
thrown [s\src\hotspot\share\classfile\systemDictionary.cpp, line 256]
Event: 5.881 Thread 0x0000024bb1e05d30 Exception <a 'java/lang/ClassNotFoundException'{0x0000000087e93a98}: org/jetbrains/plugins/gradle/tooling/builder/DependencyGraphModelBuilderImplCustomizer> (0x0000000087e93a98) 
thrown [s\src\hotspot\share\classfile\systemDictionary.cpp, line 256]
Event: 5.890 Thread 0x0000024bb1e05d30 Exception <a 'java/lang/ClassNotFoundException'{0x0000000087d25f70}: org/jetbrains/plugins/gradle/tooling/builder/ExternalTestsModelBuilderImplBeanInfo> (0x0000000087d25f70) 
thrown [s\src\hotspot\share\classfile\systemDictionary.cpp, line 256]
Event: 5.890 Thread 0x0000024bb1e05d30 Exception <a 'java/lang/ClassNotFoundException'{0x0000000087d314c0}: org/jetbrains/plugins/gradle/tooling/builder/ExternalTestsModelBuilderImplCustomizer> (0x0000000087d314c0) 
thrown [s\src\hotspot\share\classfile\systemDictionary.cpp, line 256]
Event: 5.916 Thread 0x0000024bb1e05d30 Exception <a 'java/lang/ClassNotFoundException'{0x0000000087b56f90}: org/jetbrains/plugins/gradle/tooling/builder/ProjectExtensionsDataBuilderImplBeanInfo> (0x0000000087b56f90) 
thrown [s\src\hotspot\share\classfile\systemDictionary.cpp, line 256]
Event: 5.916 Thread 0x0000024bb1e05d30 Exception <a 'java/lang/ClassNotFoundException'{0x0000000087b624e8}: org/jetbrains/plugins/gradle/tooling/builder/ProjectExtensionsDataBuilderImplCustomizer> (0x0000000087b624e8) 
thrown [s\src\hotspot\share\classfile\systemDictionary.cpp, line 256]
Event: 5.919 Thread 0x0000024bb1e05d30 Exception <a 'java/lang/ClassNotFoundException'{0x0000000087b8dfd8}: org/jetbrains/plugins/gradle/tooling/builder/IntelliJSettingsBuilderBeanInfo> (0x0000000087b8dfd8) 
thrown [s\src\hotspot\share\classfile\systemDictionary.cpp, line 256]
Event: 5.920 Thread 0x0000024bb1e05d30 Exception <a 'java/lang/ClassNotFoundException'{0x0000000087b994a8}: org/jetbrains/plugins/gradle/tooling/builder/IntelliJSettingsBuilderCustomizer> (0x0000000087b994a8) 
thrown [s\src\hotspot\share\classfile\systemDictionary.cpp, line 256]
Event: 5.922 Thread 0x0000024bb1e05d30 Exception <a 'java/lang/ClassNotFoundException'{0x0000000087bc45f8}: org/jetbrains/plugins/gradle/tooling/builder/IntelliJProjectSettingsBuilderBeanInfo> (0x0000000087bc45f8) 
thrown [s\src\hotspot\share\classfile\systemDictionary.cpp, line 256]
Event: 5.922 Thread 0x0000024bb1e05d30 Exception <a 'java/lang/ClassNotFoundException'{0x0000000087bcfb48}: org/jetbrains/plugins/gradle/tooling/builder/IntelliJProjectSettingsBuilderCustomizer> (0x0000000087bcfb48) 
thrown [s\src\hotspot\share\classfile\systemDictionary.cpp, line 256]
Event: 5.925 Thread 0x0000024bb1e05d30 Exception <a 'java/lang/ClassNotFoundException'{0x0000000087bfc660}: org/jetbrains/plugins/gradle/tooling/builder/DependencyAccessorsModelBuilderBeanInfo> (0x0000000087bfc660) 
thrown [s\src\hotspot\share\classfile\systemDictionary.cpp, line 256]
Event: 5.926 Thread 0x0000024bb1e05d30 Exception <a 'java/lang/ClassNotFoundException'{0x0000000087a083e8}: org/jetbrains/plugins/gradle/tooling/builder/DependencyAccessorsModelBuilderCustomizer> (0x0000000087a083e8) 
thrown [s\src\hotspot\share\classfile\systemDictionary.cpp, line 256]
Event: 6.011 Thread 0x0000024bb1e05d30 Exception <a 'java/lang/ClassNotFoundException'{0x0000000089902608}: ijtestinit_4azdbqo2zhl3trtlcrk0yxp2lBeanInfo> (0x0000000089902608) 
thrown [s\src\hotspot\share\classfile\systemDictionary.cpp, line 256]
Event: 6.011 Thread 0x0000024bb1e05d30 Exception <a 'java/lang/ClassNotFoundException'{0x0000000089908ea0}: ijtestinit_4azdbqo2zhl3trtlcrk0yxp2lCustomizer> (0x0000000089908ea0) 
thrown [s\src\hotspot\share\classfile\systemDictionary.cpp, line 256]
Event: 6.025 Thread 0x0000024bb1e05d30 Exception <a 'java/lang/ClassNotFoundException'{0x0000000089991d90}: org/gradle/execution/taskgraph/DefaultTaskExecutionGraphBeanInfo> (0x0000000089991d90) 
thrown [s\src\hotspot\share\classfile\systemDictionary.cpp, line 256]
Event: 6.026 Thread 0x0000024bb1e05d30 Exception <a 'java/lang/ClassNotFoundException'{0x00000000899a1630}: org/gradle/execution/taskgraph/DefaultTaskExecutionGraphCustomizer> (0x00000000899a1630) 
thrown [s\src\hotspot\share\classfile\systemDictionary.cpp, line 256]
Event: 6.033 Thread 0x0000024bb1e05d30 Exception <a 'java/lang/ClassNotFoundException'{0x00000000899eeac8}: org/gradle/configuration/internal/DefaultListenerBuildOperationDecorator$BuildOperationEmittingClosureBeanInfo> (0x00000000899eeac8) 
thrown [s\src\hotspot\share\classfile\systemDictionary.cpp, line 256]
Event: 6.033 Thread 0x0000024bb1e05d30 Exception <a 'java/lang/ClassNotFoundException'{0x00000000899ff708}: org/gradle/configuration/internal/DefaultListenerBuildOperationDecorator$BuildOperationEmittingClosureCustomizer> (0x00000000899ff708) 
thrown [s\src\hotspot\share\classfile\systemDictionary.cpp, line 256]

VM Operations (20 events):
Event: 5.299 Executing VM operation: HandshakeAllThreads
Event: 5.299 Executing VM operation: HandshakeAllThreads done
Event: 5.315 Executing VM operation: HandshakeAllThreads
Event: 5.315 Executing VM operation: HandshakeAllThreads done
Event: 5.315 Executing VM operation: HandshakeAllThreads
Event: 5.315 Executing VM operation: HandshakeAllThreads done
Event: 5.501 Executing VM operation: G1CollectForAllocation
Event: 5.504 Executing VM operation: G1CollectForAllocation done
Event: 5.652 Executing VM operation: G1TryInitiateConcMark
Event: 5.658 Executing VM operation: G1TryInitiateConcMark done
Event: 5.691 Executing VM operation: G1Concurrent
Event: 5.699 Executing VM operation: G1Concurrent done
Event: 5.714 Executing VM operation: G1Concurrent
Event: 5.714 Executing VM operation: G1Concurrent done
Event: 5.940 Executing VM operation: G1TryInitiateConcMark
Event: 5.946 Executing VM operation: G1TryInitiateConcMark done
Event: 5.982 Executing VM operation: G1Concurrent
Event: 5.984 Executing VM operation: G1Concurrent done
Event: 6.001 Executing VM operation: G1Concurrent
Event: 6.001 Executing VM operation: G1Concurrent done

Events (20 events):
Event: 5.809 loading class java/security/SecureClassLoaderBeanInfo
Event: 5.809 loading class java/security/SecureClassLoaderBeanInfo done
Event: 5.809 loading class java/lang/ClassLoaderBeanInfo
Event: 5.809 loading class java/lang/ClassLoaderBeanInfo done
Event: 5.810 loading class java/lang/ClassLoaderBeanInfo
Event: 5.810 loading class java/lang/ClassLoaderBeanInfo done
Event: 5.810 loading class java/lang/ClassLoaderCustomizer
Event: 5.810 loading class java/lang/ClassLoaderCustomizer done
Event: 5.810 loading class java/lang/ClassLoaderCustomizer
Event: 5.810 loading class java/lang/ClassLoaderCustomizer done
Event: 5.811 loading class java/security/SecureClassLoaderCustomizer
Event: 5.811 loading class java/security/SecureClassLoaderCustomizer done
Event: 5.811 loading class java/security/SecureClassLoaderCustomizer
Event: 5.811 loading class java/security/SecureClassLoaderCustomizer done
Event: 5.811 loading class java/net/URLClassLoaderCustomizer
Event: 5.811 loading class java/net/URLClassLoaderCustomizer done
Event: 5.812 loading class java/net/URLClassLoaderCustomizer
Event: 5.812 loading class java/net/URLClassLoaderCustomizer done
Event: 5.924 loading class java/net/UnknownServiceException
Event: 5.924 loading class java/net/UnknownServiceException done


Dynamic libraries:
0x00007ff60d6e0000 - 0x00007ff60d6ea000 	C:\Program Files\Android\Android Studio\jbr\bin\java.exe
0x00007ff864a50000 - 0x00007ff864c64000 	C:\Windows\SYSTEM32\ntdll.dll
0x00007ff863760000 - 0x00007ff863822000 	C:\Windows\System32\KERNEL32.DLL
0x00007ff8620d0000 - 0x00007ff86246c000 	C:\Windows\System32\KERNELBASE.dll
0x00007ff861fb0000 - 0x00007ff8620c1000 	C:\Windows\System32\ucrtbase.dll
0x00007ff853a40000 - 0x00007ff853a5b000 	C:\Program Files\Android\Android Studio\jbr\bin\VCRUNTIME140.dll
0x00007ff83e870000 - 0x00007ff83e887000 	C:\Program Files\Android\Android Studio\jbr\bin\jli.dll
0x00007ff864670000 - 0x00007ff86481b000 	C:\Windows\System32\USER32.dll
0x00007ff862790000 - 0x00007ff8627b6000 	C:\Windows\System32\win32u.dll
0x00007ff853140000 - 0x00007ff8533ce000 	C:\Windows\WinSxS\amd64_microsoft.windows.common-controls_6595b64144ccf1df_6.0.22621.317_none_a9434687c10c9fa2\COMCTL32.dll
0x00007ff8638b0000 - 0x00007ff863957000 	C:\Windows\System32\msvcrt.dll
0x00007ff8649e0000 - 0x00007ff864a09000 	C:\Windows\System32\GDI32.dll
0x00007ff861e90000 - 0x00007ff861fa2000 	C:\Windows\System32\gdi32full.dll
0x00007ff8627c0000 - 0x00007ff86285a000 	C:\Windows\System32\msvcp_win.dll
0x00007ff8649a0000 - 0x00007ff8649d1000 	C:\Windows\System32\IMM32.DLL
0x00007ff853a30000 - 0x00007ff853a3c000 	C:\Program Files\Android\Android Studio\jbr\bin\vcruntime140_1.dll
0x00007ff815980000 - 0x00007ff815a0d000 	C:\Program Files\Android\Android Studio\jbr\bin\msvcp140.dll
0x00007ff80d390000 - 0x00007ff80dffd000 	C:\Program Files\Android\Android Studio\jbr\bin\server\jvm.dll
0x00007ff864400000 - 0x00007ff8644ae000 	C:\Windows\System32\ADVAPI32.dll
0x00007ff862dc0000 - 0x00007ff862e64000 	C:\Windows\System32\sechost.dll
0x00007ff862ca0000 - 0x00007ff862db5000 	C:\Windows\System32\RPCRT4.dll
0x00007ff85d2e0000 - 0x00007ff85d2e9000 	C:\Windows\SYSTEM32\WSOCK32.dll
0x00007ff863ac0000 - 0x00007ff863b31000 	C:\Windows\System32\WS2_32.dll
0x00007ff855680000 - 0x00007ff8556b4000 	C:\Windows\SYSTEM32\WINMM.dll
0x00007ff853b60000 - 0x00007ff853b6a000 	C:\Windows\SYSTEM32\VERSION.dll
0x00007ff860f10000 - 0x00007ff860f28000 	C:\Windows\SYSTEM32\kernel.appcore.dll
0x00007ff853990000 - 0x00007ff85399a000 	C:\Program Files\Android\Android Studio\jbr\bin\jimage.dll
0x00007ff850b60000 - 0x00007ff850d8e000 	C:\Windows\SYSTEM32\DBGHELP.DLL
0x00007ff862860000 - 0x00007ff862be9000 	C:\Windows\System32\combase.dll
0x00007ff864320000 - 0x00007ff8643f7000 	C:\Windows\System32\OLEAUT32.dll
0x00007ff850b20000 - 0x00007ff850b52000 	C:\Windows\SYSTEM32\dbgcore.DLL
0x00007ff862470000 - 0x00007ff8624eb000 	C:\Windows\System32\bcryptPrimitives.dll
0x00007ff8503e0000 - 0x00007ff850405000 	C:\Program Files\Android\Android Studio\jbr\bin\java.dll
0x00007ff8528c0000 - 0x00007ff8528d8000 	C:\Program Files\Android\Android Studio\jbr\bin\zip.dll
0x00007ff862f70000 - 0x00007ff86374b000 	C:\Windows\System32\SHELL32.dll
0x00007ff85fef0000 - 0x00007ff8607a5000 	C:\Windows\SYSTEM32\windows.storage.dll
0x00007ff85fdb0000 - 0x00007ff85feed000 	C:\Windows\SYSTEM32\wintypes.dll
0x00007ff862e70000 - 0x00007ff862f61000 	C:\Windows\System32\SHCORE.dll
0x00007ff862bf0000 - 0x00007ff862c4e000 	C:\Windows\System32\shlwapi.dll
0x00007ff861dc0000 - 0x00007ff861de1000 	C:\Windows\SYSTEM32\profapi.dll
0x00007ff850310000 - 0x00007ff850329000 	C:\Program Files\Android\Android Studio\jbr\bin\net.dll
0x00007ff85b530000 - 0x00007ff85b65f000 	C:\Windows\SYSTEM32\WINHTTP.dll
0x00007ff861370000 - 0x00007ff8613d9000 	C:\Windows\system32\mswsock.dll
0x00007ff8502f0000 - 0x00007ff850306000 	C:\Program Files\Android\Android Studio\jbr\bin\nio.dll
0x00007ff850360000 - 0x00007ff850370000 	C:\Program Files\Android\Android Studio\jbr\bin\verify.dll
0x00007ff8291c0000 - 0x00007ff8291e7000 	C:\Users\ahmed\.gradle\native\68d5fa5c4cc2d200863cafc0d521ce42e7d3e7ee720ec0a83991735586a16f82\windows-amd64\native-platform.dll
0x00007ff815830000 - 0x00007ff815974000 	C:\Users\ahmed\.gradle\native\e376f236ea51e6404a007f0833ffe2c6e607c4080706a723a18a27aeea778392\windows-amd64\native-platform-file-events.dll
0x00007ff852730000 - 0x00007ff852739000 	C:\Program Files\Android\Android Studio\jbr\bin\management.dll
0x00007ff8503d0000 - 0x00007ff8503db000 	C:\Program Files\Android\Android Studio\jbr\bin\management_ext.dll
0x00007ff863750000 - 0x00007ff863758000 	C:\Windows\System32\PSAPI.DLL
0x00007ff8615b0000 - 0x00007ff8615cb000 	C:\Windows\SYSTEM32\CRYPTSP.dll
0x00007ff860e80000 - 0x00007ff860eb5000 	C:\Windows\system32\rsaenh.dll
0x00007ff861460000 - 0x00007ff861488000 	C:\Windows\SYSTEM32\USERENV.dll
0x00007ff8617e0000 - 0x00007ff861808000 	C:\Windows\SYSTEM32\bcrypt.dll
0x00007ff8615d0000 - 0x00007ff8615dc000 	C:\Windows\SYSTEM32\CRYPTBASE.dll
0x00007ff8609f0000 - 0x00007ff860a1d000 	C:\Windows\SYSTEM32\IPHLPAPI.DLL
0x00007ff8639c0000 - 0x00007ff8639c9000 	C:\Windows\System32\NSI.dll
0x00007ff85b4d0000 - 0x00007ff85b4e9000 	C:\Windows\SYSTEM32\dhcpcsvc6.DLL
0x00007ff85b510000 - 0x00007ff85b52f000 	C:\Windows\SYSTEM32\dhcpcsvc.DLL
0x00007ff860a20000 - 0x00007ff860b12000 	C:\Windows\SYSTEM32\DNSAPI.dll
0x00007ff84ff50000 - 0x00007ff84ff58000 	C:\Windows\system32\wshunix.dll

dbghelp: loaded successfully - version: 4.0.5 - missing functions: none
symbol engine: initialized successfully - sym options: 0x614 - pdb path: .;C:\Program Files\Android\Android Studio\jbr\bin;C:\Windows\SYSTEM32;C:\Windows\WinSxS\amd64_microsoft.windows.common-controls_6595b64144ccf1df_6.0.22621.317_none_a9434687c10c9fa2;C:\Program Files\Android\Android Studio\jbr\bin\server;C:\Users\ahmed\.gradle\native\68d5fa5c4cc2d200863cafc0d521ce42e7d3e7ee720ec0a83991735586a16f82\windows-amd64;C:\Users\ahmed\.gradle\native\e376f236ea51e6404a007f0833ffe2c6e607c4080706a723a18a27aeea778392\windows-amd64

VM Arguments:
jvm_args: --add-opens=java.base/java.util=ALL-UNNAMED --add-opens=java.base/java.lang=ALL-UNNAMED --add-opens=java.base/java.lang.invoke=ALL-UNNAMED --add-opens=java.prefs/java.util.prefs=ALL-UNNAMED --add-opens=java.base/java.nio.charset=ALL-UNNAMED --add-opens=java.base/java.net=ALL-UNNAMED --add-opens=java.base/java.util.concurrent.atomic=ALL-UNNAMED -Xmx2048m -Dfile.encoding=UTF-8 -Duser.country=US -Duser.language=en -Duser.variant 
java_command: org.gradle.launcher.daemon.bootstrap.GradleDaemon 8.0
java_class_path (initial): C:\Users\ahmed\.gradle\wrapper\dists\gradle-8.0-bin\ca5e32bp14vu59qr306oxotwh\gradle-8.0\lib\gradle-launcher-8.0.jar
Launcher Type: SUN_STANDARD

[Global flags]
     intx CICompilerCount                          = 3                                         {product} {ergonomic}
     uint ConcGCThreads                            = 1                                         {product} {ergonomic}
     uint G1ConcRefinementThreads                  = 4                                         {product} {ergonomic}
   size_t G1HeapRegionSize                         = 1048576                                   {product} {ergonomic}
    uintx GCDrainStackTargetSize                   = 64                                        {product} {ergonomic}
   size_t InitialHeapSize                          = 134217728                                 {product} {ergonomic}
   size_t MarkStackSize                            = 4194304                                   {product} {ergonomic}
   size_t MaxHeapSize                              = 2147483648                                {product} {command line}
   size_t MaxNewSize                               = 1287651328                                {product} {ergonomic}
   size_t MinHeapDeltaBytes                        = 1048576                                   {product} {ergonomic}
   size_t MinHeapSize                              = 8388608                                   {product} {ergonomic}
    uintx NonNMethodCodeHeapSize                   = 5832780                                {pd product} {ergonomic}
    uintx NonProfiledCodeHeapSize                  = 122912730                              {pd product} {ergonomic}
    uintx ProfiledCodeHeapSize                     = 122912730                              {pd product} {ergonomic}
    uintx ReservedCodeCacheSize                    = 251658240                              {pd product} {ergonomic}
     bool SegmentedCodeCache                       = true                                      {product} {ergonomic}
   size_t SoftMaxHeapSize                          = 2147483648                             {manageable} {ergonomic}
     bool UseCompressedClassPointers               = true                           {product lp64_product} {ergonomic}
     bool UseCompressedOops                        = true                           {product lp64_product} {ergonomic}
     bool UseG1GC                                  = true                                      {product} {ergonomic}
     bool UseLargePagesIndividualAllocation        = false                                  {pd product} {ergonomic}

Logging:
Log output configuration:
 #0: stdout all=warning uptime,level,tags
 #1: stderr all=off uptime,level,tags

Environment Variables:
PATH=C:\Program Files\Eclipse Adoptium\jdk-17.0.7.7-hotspot\bin;C:\Program Files\Common Files\Oracle\Java\javapath;C:\Windows\system32;C:\Windows;C:\Windows\System32\Wbem;C:\Windows\System32\WindowsPowerShell\v1.0\;C:\Windows\System32\OpenSSH\;C:\Program Files\dotnet\;C:\Program Files\nodejs\;C:\ProgramData\chocolatey\bin;C:\xampp\php;C:\composer;C:\ProgramData\ComposerSetup\bin;C:\Program Files\Git\cmd;C:\Users\ahmed\AppData\Local\Microsoft\WindowsApps;C:\Users\ahmed\AppData\Roaming\npm;C:\Users\ahmed\AppData\Local\Programs\Microsoft VS Code\bin;C:\Users\ahmed\AppData\Roaming\Composer\vendor\bin;C:\Program Files\heroku\bin
USERNAME=ahmed
OS=Windows_NT
PROCESSOR_IDENTIFIER=Intel64 Family 6 Model 58 Stepping 9, GenuineIntel
TMP=C:\Users\ahmed\AppData\Local\Temp
TEMP=C:\Users\ahmed\AppData\Local\Temp



---------------  S Y S T E M  ---------------

OS:
 Windows 11 , 64 bit Build 22621 (10.0.22621.457)
OS uptime: 0 days 12:31 hours

CPU: total 4 (initial active 4) (4 cores per cpu, 1 threads per core) family 6 model 58 stepping 9 microcode 0x21, cx8, cmov, fxsr, mmx, sse, sse2, sse3, ssse3, sse4.1, sse4.2, popcnt, tsc, tscinvbit, avx, aes, erms, clmul, vzeroupper, clflush

Memory: 4k page, system-wide physical 8066M (588M free)
TotalPageFile size 10114M (AvailPageFile size 5M)
current process WorkingSet (physical memory assigned to process): 305M, peak: 305M
current process commit charge ("private bytes"): 350M, peak: 352M

vm_info: OpenJDK 64-Bit Server VM (17.0.6+0-b2043.56-9586694) for windows-amd64 JRE (17.0.6+0-b2043.56-9586694), built on Feb  9 2023 20:06:20 by "androidbuild" with MS VC++ 16.10 / 16.11 (VS2019)

END.
