#
# There is insufficient memory for the Java Runtime Environment to continue.
# Native memory allocation (malloc) failed to allocate 1086736 bytes for Chunk::new
# Possible reasons:
#   The system is out of physical RAM or swap space
#   The process is running with CompressedOops enabled, and the Java Heap may be blocking the growth of the native heap
# Possible solutions:
#   Reduce memory load on the system
#   Increase physical memory or swap space
#   Check if swap backing store is full
#   Decrease Java heap size (-Xmx/-Xms)
#   Decrease number of Java threads
#   Decrease Java thread stack sizes (-Xss)
#   Set larger code cache with -XX:ReservedCodeCacheSize=
#   JVM is running with Unscaled Compressed Oops mode in which the Java heap is
#     placed in the first 4GB address space. The Java Heap base address is the
#     maximum limit for the native heap growth. Please use -XX:HeapBaseMinAddress
#     to set the Java Heap base and to place the Java Heap above 4GB virtual address.
# This output file may be truncated or incomplete.
#
#  Out of Memory Error (arena.cpp:189), pid=10652, tid=9720
#
# JRE version: OpenJDK Runtime Environment (17.0.6) (build 17.0.6+0-b2043.56-9586694)
# Java VM: OpenJDK 64-Bit Server VM (17.0.6+0-b2043.56-9586694, mixed mode, tiered, compressed oops, compressed class ptrs, g1 gc, windows-amd64)
# No core dump will be written. Minidumps are not enabled by default on client versions of Windows
#

---------------  S U M M A R Y ------------

Command Line: --add-opens=java.base/java.util=ALL-UNNAMED --add-opens=java.base/java.lang=ALL-UNNAMED --add-opens=java.base/java.lang.invoke=ALL-UNNAMED --add-opens=java.prefs/java.util.prefs=ALL-UNNAMED --add-opens=java.base/java.nio.charset=ALL-UNNAMED --add-opens=java.base/java.net=ALL-UNNAMED --add-opens=java.base/java.util.concurrent.atomic=ALL-UNNAMED -Xmx2048m -Dfile.encoding=UTF-8 -Duser.country=US -Duser.language=en -Duser.variant org.gradle.launcher.daemon.bootstrap.GradleDaemon 8.0

Host: Intel(R) Core(TM) i5-3570 CPU @ 3.40GHz, 4 cores, 7G,  Windows 11 , 64 bit Build 22621 (10.0.22621.457)
Time: Sun May 21 20:54:57 2023 Egypt Standard Time elapsed time: 5.263141 seconds (0d 0h 0m 5s)

---------------  T H R E A D  ---------------

Current thread (0x0000014cf282df60):  JavaThread "C2 CompilerThread1" daemon [_thread_in_native, id=9720, stack(0x0000000306f00000,0x0000000307000000)]


Current CompileTask:
C2:   5263 4069       4       groovy.lang.MetaClassImpl$1MOPIter::methodNameAction (325 bytes)

Stack: [0x0000000306f00000,0x0000000307000000]
Native frames: (J=compiled Java code, j=interpreted, Vv=VM code, C=native code)
V  [jvm.dll+0x683b4a]
V  [jvm.dll+0x842654]
V  [jvm.dll+0x843dfe]
V  [jvm.dll+0x844463]
V  [jvm.dll+0x249b75]
V  [jvm.dll+0xabcac]
V  [jvm.dll+0xac27c]
V  [jvm.dll+0x368802]
V  [jvm.dll+0x1bced2]
V  [jvm.dll+0x21c359]
V  [jvm.dll+0x21b621]
V  [jvm.dll+0x1a4fdd]
V  [jvm.dll+0x22b098]
V  [jvm.dll+0x229159]
V  [jvm.dll+0x7f809c]
V  [jvm.dll+0x7f25fa]
V  [jvm.dll+0x682985]
C  [ucrtbase.dll+0x29363]
C  [KERNEL32.DLL+0x1244d]
C  [ntdll.dll+0x5df78]


---------------  P R O C E S S  ---------------

Threads class SMR info:
_java_thread_list=0x0000014cf62db170, length=38, elements={
0x0000014cd6937810, 0x0000014cf1e99e40, 0x0000014cf1e9a9f0, 0x0000014cf1ecd690,
0x0000014cf1ece440, 0x0000014cf2816030, 0x0000014cf28168f0, 0x0000014cf2819ca0,
0x0000014cf282c100, 0x0000014cf2840420, 0x0000014cf29c9020, 0x0000014cf29cbaa0,
0x0000014cf282df60, 0x0000014cf4e8e010, 0x0000014cf58ed400, 0x0000014cf3d8c5f0,
0x0000014cf56f1700, 0x0000014cf3e25300, 0x0000014cf41057e0, 0x0000014cf43ad5e0,
0x0000014cf43ad110, 0x0000014cf43ac770, 0x0000014cf43aaf60, 0x0000014cf43adab0,
0x0000014cf43adf80, 0x0000014cf43ac2a0, 0x0000014cf43aaa90, 0x0000014cf43ab900,
0x0000014cf43abdd0, 0x0000014cf64817a0, 0x0000014cf647b760, 0x0000014cf647bc30,
0x0000014cf647f5f0, 0x0000014cf647d440, 0x0000014cf647cf70, 0x0000014cf6482140,
0x0000014cf647c100, 0x0000014cf6480e00
}

Java Threads: ( => current thread )
  0x0000014cd6937810 JavaThread "main" [_thread_blocked, id=2224, stack(0x0000000305c00000,0x0000000305d00000)]
  0x0000014cf1e99e40 JavaThread "Reference Handler" daemon [_thread_blocked, id=13676, stack(0x0000000306300000,0x0000000306400000)]
  0x0000014cf1e9a9f0 JavaThread "Finalizer" daemon [_thread_blocked, id=9700, stack(0x0000000306400000,0x0000000306500000)]
  0x0000014cf1ecd690 JavaThread "Signal Dispatcher" daemon [_thread_blocked, id=656, stack(0x0000000306500000,0x0000000306600000)]
  0x0000014cf1ece440 JavaThread "Attach Listener" daemon [_thread_blocked, id=14672, stack(0x0000000306600000,0x0000000306700000)]
  0x0000014cf2816030 JavaThread "Service Thread" daemon [_thread_blocked, id=12684, stack(0x0000000306700000,0x0000000306800000)]
  0x0000014cf28168f0 JavaThread "Monitor Deflation Thread" daemon [_thread_blocked, id=15064, stack(0x0000000306800000,0x0000000306900000)]
  0x0000014cf2819ca0 JavaThread "C2 CompilerThread0" daemon [_thread_in_native, id=15048, stack(0x0000000306900000,0x0000000306a00000)]
  0x0000014cf282c100 JavaThread "C1 CompilerThread0" daemon [_thread_blocked, id=7728, stack(0x0000000306a00000,0x0000000306b00000)]
  0x0000014cf2840420 JavaThread "Sweeper thread" daemon [_thread_blocked, id=14832, stack(0x0000000306b00000,0x0000000306c00000)]
  0x0000014cf29c9020 JavaThread "Common-Cleaner" daemon [_thread_blocked, id=14764, stack(0x0000000306c00000,0x0000000306d00000)]
  0x0000014cf29cbaa0 JavaThread "Notification Thread" daemon [_thread_blocked, id=10080, stack(0x0000000306d00000,0x0000000306e00000)]
=>0x0000014cf282df60 JavaThread "C2 CompilerThread1" daemon [_thread_in_native, id=9720, stack(0x0000000306f00000,0x0000000307000000)]
  0x0000014cf4e8e010 JavaThread "Daemon health stats" [_thread_blocked, id=7344, stack(0x0000000307300000,0x0000000307400000)]
  0x0000014cf58ed400 JavaThread "Incoming local TCP Connector on port 56564" [_thread_in_native, id=13352, stack(0x0000000307400000,0x0000000307500000)]
  0x0000014cf3d8c5f0 JavaThread "Daemon periodic checks" [_thread_blocked, id=12304, stack(0x0000000307500000,0x0000000307600000)]
  0x0000014cf56f1700 JavaThread "Daemon" [_thread_blocked, id=15052, stack(0x0000000307600000,0x0000000307700000)]
  0x0000014cf3e25300 JavaThread "Handler for socket connection from /127.0.0.1:56564 to /127.0.0.1:56565" [_thread_in_native, id=15288, stack(0x0000000307700000,0x0000000307800000)]
  0x0000014cf41057e0 JavaThread "Cancel handler" [_thread_blocked, id=4240, stack(0x0000000307800000,0x0000000307900000)]
  0x0000014cf43ad5e0 JavaThread "Daemon worker" [_thread_in_Java, id=12848, stack(0x0000000307900000,0x0000000307a00000)]
  0x0000014cf43ad110 JavaThread "Asynchronous log dispatcher for DefaultDaemonConnection: socket connection from /127.0.0.1:56564 to /127.0.0.1:56565" [_thread_blocked, id=6940, stack(0x0000000307a00000,0x0000000307b00000)]
  0x0000014cf43ac770 JavaThread "Stdin handler" [_thread_blocked, id=10140, stack(0x0000000307b00000,0x0000000307c00000)]
  0x0000014cf43aaf60 JavaThread "Daemon client event forwarder" [_thread_blocked, id=4908, stack(0x0000000307c00000,0x0000000307d00000)]
  0x0000014cf43adab0 JavaThread "Cache worker for journal cache (C:\Users\ahmed\.gradle\caches\journal-1)" [_thread_blocked, id=13840, stack(0x0000000307d00000,0x0000000307e00000)]
  0x0000014cf43adf80 JavaThread "File lock request listener" [_thread_in_native, id=14488, stack(0x0000000307e00000,0x0000000307f00000)]
  0x0000014cf43ac2a0 JavaThread "Cache worker for file hash cache (C:\Users\ahmed\.gradle\caches\8.0\fileHashes)" [_thread_blocked, id=7396, stack(0x0000000307f00000,0x0000000308000000)]
  0x0000014cf43aaa90 JavaThread "File watcher server" daemon [_thread_in_native, id=6696, stack(0x0000000308000000,0x0000000308100000)]
  0x0000014cf43ab900 JavaThread "File watcher consumer" daemon [_thread_blocked, id=9520, stack(0x0000000308100000,0x0000000308200000)]
  0x0000014cf43abdd0 JavaThread "jar transforms" [_thread_blocked, id=15100, stack(0x0000000308200000,0x0000000308300000)]
  0x0000014cf64817a0 JavaThread "jar transforms Thread 2" [_thread_blocked, id=10932, stack(0x0000000308300000,0x0000000308400000)]
  0x0000014cf647b760 JavaThread "jar transforms Thread 3" [_thread_blocked, id=14024, stack(0x0000000308400000,0x0000000308500000)]
  0x0000014cf647bc30 JavaThread "jar transforms Thread 4" [_thread_blocked, id=14972, stack(0x0000000308500000,0x0000000308600000)]
  0x0000014cf647f5f0 JavaThread "Cache worker for checksums cache (C:\Users\ahmed\StudioProjects\project-collage\.gradle\8.0\checksums)" [_thread_blocked, id=7804, stack(0x0000000308600000,0x0000000308700000)]
  0x0000014cf647d440 JavaThread "Cache worker for cache directory md-rule (C:\Users\ahmed\.gradle\caches\8.0\md-rule)" [_thread_blocked, id=6768, stack(0x0000000308700000,0x0000000308800000)]
  0x0000014cf647cf70 JavaThread "Cache worker for file content cache (C:\Users\ahmed\.gradle\caches\8.0\fileContent)" [_thread_blocked, id=14408, stack(0x0000000308800000,0x0000000308900000)]
  0x0000014cf6482140 JavaThread "Cache worker for file hash cache (C:\Users\ahmed\StudioProjects\project-collage\.gradle\8.0\fileHashes)" [_thread_blocked, id=13040, stack(0x0000000308900000,0x0000000308a00000)]
  0x0000014cf647c100 JavaThread "Cache worker for cache directory md-supplier (C:\Users\ahmed\.gradle\caches\8.0\md-supplier)" [_thread_blocked, id=8184, stack(0x0000000308a00000,0x0000000308b00000)]
  0x0000014cf6480e00 JavaThread "Cache worker for execution history cache (C:\Users\ahmed\.gradle\caches\8.0\executionHistory)" [_thread_blocked, id=2364, stack(0x0000000308b00000,0x0000000308c00000)]

Other Threads:
  0x0000014cf1e42ab0 VMThread "VM Thread" [stack: 0x0000000306200000,0x0000000306300000] [id=9380]
  0x0000014cf29ce590 WatcherThread [stack: 0x0000000306e00000,0x0000000306f00000] [id=520]
  0x0000014cd6991670 GCTaskThread "GC Thread#0" [stack: 0x0000000305d00000,0x0000000305e00000] [id=9272]
  0x0000014cf2be4af0 GCTaskThread "GC Thread#1" [stack: 0x0000000307000000,0x0000000307100000] [id=8088]
  0x0000014cf2c1a0d0 GCTaskThread "GC Thread#2" [stack: 0x0000000307100000,0x0000000307200000] [id=11984]
  0x0000014cf37349d0 GCTaskThread "GC Thread#3" [stack: 0x0000000307200000,0x0000000307300000] [id=11048]
  0x0000014cd69a3720 ConcurrentGCThread "G1 Main Marker" [stack: 0x0000000305e00000,0x0000000305f00000] [id=10192]
  0x0000014cd69a48d0 ConcurrentGCThread "G1 Conc#0" [stack: 0x0000000305f00000,0x0000000306000000] [id=10588]
  0x0000014cf1cf24b0 ConcurrentGCThread "G1 Refine#0" [stack: 0x0000000306000000,0x0000000306100000] [id=9200]
  0x0000014cd69fcab0 ConcurrentGCThread "G1 Service" [stack: 0x0000000306100000,0x0000000306200000] [id=9800]

Threads with active compile tasks:
C2 CompilerThread0     5282 4043       4       org.codehaus.groovy.util.LazyReference::get (44 bytes)
C2 CompilerThread1     5282 4069       4       groovy.lang.MetaClassImpl$1MOPIter::methodNameAction (325 bytes)

VM state: not at safepoint (normal execution)

VM Mutex/Monitor currently owned by a thread: None

Heap address: 0x0000000080000000, size: 2048 MB, Compressed Oops mode: 32-bit

CDS archive(s) not mapped
Compressed class space mapped at: 0x0000000100000000-0x0000000140000000, reserved size: 1073741824
Narrow klass base: 0x0000000000000000, Narrow klass shift: 3, Narrow klass range: 0x140000000

GC Precious Log:
 CPUs: 4 total, 4 available
 Memory: 8066M
 Large Page Support: Disabled
 NUMA Support: Disabled
 Compressed Oops: Enabled (32-bit)
 Heap Region Size: 1M
 Heap Min Capacity: 8M
 Heap Initial Capacity: 128M
 Heap Max Capacity: 2G
 Pre-touch: Disabled
 Parallel Workers: 4
 Concurrent Workers: 1
 Concurrent Refinement Workers: 4
 Periodic GC: Disabled

Heap:
 garbage-first heap   total 152576K, used 89943K [0x0000000080000000, 0x0000000100000000)
  region size 1024K, 5 young (5120K), 2 survivors (2048K)
 Metaspace       used 46716K, committed 47168K, reserved 1097728K
  class space    used 6211K, committed 6400K, reserved 1048576K

Heap Regions: E=young(eden), S=young(survivor), O=old, HS=humongous(starts), HC=humongous(continues), CS=collection set, F=free, OA=open archive, CA=closed archive, TAMS=top-at-mark-start (previous, next)
|   0|0x0000000080000000, 0x0000000080100000, 0x0000000080100000|100%| O|  |TAMS 0x0000000080100000, 0x0000000080000000| Untracked 
|   1|0x0000000080100000, 0x0000000080200000, 0x0000000080200000|100%| O|  |TAMS 0x0000000080200000, 0x0000000080100000| Untracked 
|   2|0x0000000080200000, 0x0000000080300000, 0x0000000080300000|100%|HS|  |TAMS 0x0000000080300000, 0x0000000080200000| Complete 
|   3|0x0000000080300000, 0x0000000080400000, 0x0000000080400000|100%|HC|  |TAMS 0x0000000080400000, 0x0000000080300000| Complete 
|   4|0x0000000080400000, 0x0000000080500000, 0x0000000080500000|100%|HC|  |TAMS 0x0000000080500000, 0x0000000080400000| Complete 
|   5|0x0000000080500000, 0x0000000080600000, 0x0000000080600000|100%|HC|  |TAMS 0x0000000080600000, 0x0000000080500000| Complete 
|   6|0x0000000080600000, 0x0000000080700000, 0x0000000080700000|100%| O|  |TAMS 0x0000000080700000, 0x0000000080600000| Untracked 
|   7|0x0000000080700000, 0x0000000080800000, 0x0000000080800000|100%| O|  |TAMS 0x0000000080800000, 0x0000000080700000| Untracked 
|   8|0x0000000080800000, 0x0000000080900000, 0x0000000080900000|100%| O|  |TAMS 0x0000000080900000, 0x0000000080800000| Untracked 
|   9|0x0000000080900000, 0x0000000080a00000, 0x0000000080a00000|100%| O|  |TAMS 0x0000000080a00000, 0x0000000080900000| Untracked 
|  10|0x0000000080a00000, 0x0000000080b00000, 0x0000000080b00000|100%| O|  |TAMS 0x0000000080b00000, 0x0000000080a00000| Untracked 
|  11|0x0000000080b00000, 0x0000000080b30400, 0x0000000080c00000| 18%| O|  |TAMS 0x0000000080b30400, 0x0000000080b00000| Untracked 
|  12|0x0000000080c00000, 0x0000000080d00000, 0x0000000080d00000|100%| O|  |TAMS 0x0000000080d00000, 0x0000000080c00000| Untracked 
|  13|0x0000000080d00000, 0x0000000080e00000, 0x0000000080e00000|100%| O|  |TAMS 0x0000000080e00000, 0x0000000080d00000| Untracked 
|  14|0x0000000080e00000, 0x0000000080f00000, 0x0000000080f00000|100%| O|  |TAMS 0x0000000080f00000, 0x0000000080e00000| Untracked 
|  15|0x0000000080f00000, 0x0000000081000000, 0x0000000081000000|100%| O|  |TAMS 0x0000000081000000, 0x0000000080f00000| Untracked 
|  16|0x0000000081000000, 0x0000000081100000, 0x0000000081100000|100%| O|  |TAMS 0x0000000081100000, 0x0000000081000000| Untracked 
|  17|0x0000000081100000, 0x0000000081200000, 0x0000000081200000|100%| O|  |TAMS 0x0000000081200000, 0x0000000081100000| Untracked 
|  18|0x0000000081200000, 0x0000000081300000, 0x0000000081300000|100%| O|  |TAMS 0x0000000081300000, 0x0000000081200000| Untracked 
|  19|0x0000000081300000, 0x0000000081400000, 0x0000000081400000|100%|HS|  |TAMS 0x0000000081400000, 0x0000000081300000| Complete 
|  20|0x0000000081400000, 0x0000000081500000, 0x0000000081500000|100%|HC|  |TAMS 0x0000000081500000, 0x0000000081400000| Complete 
|  21|0x0000000081500000, 0x0000000081600000, 0x0000000081600000|100%|HS|  |TAMS 0x0000000081600000, 0x0000000081500000| Complete 
|  22|0x0000000081600000, 0x0000000081700000, 0x0000000081700000|100%|HC|  |TAMS 0x0000000081700000, 0x0000000081600000| Complete 
|  23|0x0000000081700000, 0x0000000081800000, 0x0000000081800000|100%|HC|  |TAMS 0x0000000081800000, 0x0000000081700000| Complete 
|  24|0x0000000081800000, 0x0000000081900000, 0x0000000081900000|100%| O|  |TAMS 0x0000000081900000, 0x0000000081800000| Untracked 
|  25|0x0000000081900000, 0x0000000081a00000, 0x0000000081a00000|100%| O|  |TAMS 0x0000000081a00000, 0x0000000081900000| Untracked 
|  26|0x0000000081a00000, 0x0000000081b00000, 0x0000000081b00000|100%| O|  |TAMS 0x0000000081b00000, 0x0000000081a00000| Untracked 
|  27|0x0000000081b00000, 0x0000000081c00000, 0x0000000081c00000|100%| O|  |TAMS 0x0000000081c00000, 0x0000000081b00000| Untracked 
|  28|0x0000000081c00000, 0x0000000081d00000, 0x0000000081d00000|100%|HS|  |TAMS 0x0000000081d00000, 0x0000000081c00000| Complete 
|  29|0x0000000081d00000, 0x0000000081e00000, 0x0000000081e00000|100%|HC|  |TAMS 0x0000000081e00000, 0x0000000081d00000| Complete 
|  30|0x0000000081e00000, 0x0000000081f00000, 0x0000000081f00000|100%|HC|  |TAMS 0x0000000081f00000, 0x0000000081e00000| Complete 
|  31|0x0000000081f00000, 0x0000000082000000, 0x0000000082000000|100%|HS|  |TAMS 0x0000000082000000, 0x0000000081f00000| Complete 
|  32|0x0000000082000000, 0x0000000082100000, 0x0000000082100000|100%|HC|  |TAMS 0x0000000082100000, 0x0000000082000000| Complete 
|  33|0x0000000082100000, 0x0000000082200000, 0x0000000082200000|100%| O|  |TAMS 0x0000000082200000, 0x0000000082100000| Untracked 
|  34|0x0000000082200000, 0x0000000082300000, 0x0000000082300000|100%|HS|  |TAMS 0x0000000082300000, 0x0000000082200000| Complete 
|  35|0x0000000082300000, 0x0000000082400000, 0x0000000082400000|100%|HC|  |TAMS 0x0000000082400000, 0x0000000082300000| Complete 
|  36|0x0000000082400000, 0x0000000082500000, 0x0000000082500000|100%|HC|  |TAMS 0x0000000082500000, 0x0000000082400000| Complete 
|  37|0x0000000082500000, 0x0000000082600000, 0x0000000082600000|100%|HC|  |TAMS 0x0000000082600000, 0x0000000082500000| Complete 
|  38|0x0000000082600000, 0x0000000082700000, 0x0000000082700000|100%|HC|  |TAMS 0x0000000082700000, 0x0000000082600000| Complete 
|  39|0x0000000082700000, 0x0000000082800000, 0x0000000082800000|100%|HC|  |TAMS 0x0000000082800000, 0x0000000082700000| Complete 
|  40|0x0000000082800000, 0x0000000082900000, 0x0000000082900000|100%|HC|  |TAMS 0x0000000082900000, 0x0000000082800000| Complete 
|  41|0x0000000082900000, 0x0000000082a00000, 0x0000000082a00000|100%|HC|  |TAMS 0x0000000082a00000, 0x0000000082900000| Complete 
|  42|0x0000000082a00000, 0x0000000082b00000, 0x0000000082b00000|100%|HC|  |TAMS 0x0000000082b00000, 0x0000000082a00000| Complete 
|  43|0x0000000082b00000, 0x0000000082c00000, 0x0000000082c00000|100%|HC|  |TAMS 0x0000000082c00000, 0x0000000082b00000| Complete 
|  44|0x0000000082c00000, 0x0000000082d00000, 0x0000000082d00000|100%| O|  |TAMS 0x0000000082d00000, 0x0000000082c00000| Untracked 
|  45|0x0000000082d00000, 0x0000000082e00000, 0x0000000082e00000|100%|HS|  |TAMS 0x0000000082e00000, 0x0000000082d00000| Complete 
|  46|0x0000000082e00000, 0x0000000082f00000, 0x0000000082f00000|100%|HC|  |TAMS 0x0000000082f00000, 0x0000000082e00000| Complete 
|  47|0x0000000082f00000, 0x0000000083000000, 0x0000000083000000|100%|HS|  |TAMS 0x0000000083000000, 0x0000000082f00000| Complete 
|  48|0x0000000083000000, 0x0000000083100000, 0x0000000083100000|100%|HC|  |TAMS 0x0000000083100000, 0x0000000083000000| Complete 
|  49|0x0000000083100000, 0x0000000083200000, 0x0000000083200000|100%|HC|  |TAMS 0x0000000083200000, 0x0000000083100000| Complete 
|  50|0x0000000083200000, 0x0000000083300000, 0x0000000083300000|100%|HC|  |TAMS 0x0000000083300000, 0x0000000083200000| Complete 
|  51|0x0000000083300000, 0x0000000083400000, 0x0000000083400000|100%|HC|  |TAMS 0x0000000083400000, 0x0000000083300000| Complete 
|  52|0x0000000083400000, 0x0000000083500000, 0x0000000083500000|100%|HC|  |TAMS 0x0000000083500000, 0x0000000083400000| Complete 
|  53|0x0000000083500000, 0x0000000083600000, 0x0000000083600000|100%|HS|  |TAMS 0x0000000083600000, 0x0000000083500000| Complete 
|  54|0x0000000083600000, 0x0000000083700000, 0x0000000083700000|100%| O|  |TAMS 0x0000000083700000, 0x0000000083600000| Untracked 
|  55|0x0000000083700000, 0x0000000083800000, 0x0000000083800000|100%| O|  |TAMS 0x0000000083800000, 0x0000000083700000| Untracked 
|  56|0x0000000083800000, 0x0000000083900000, 0x0000000083900000|100%| O|  |TAMS 0x0000000083900000, 0x0000000083800000| Untracked 
|  57|0x0000000083900000, 0x0000000083a00000, 0x0000000083a00000|100%| O|  |TAMS 0x0000000083a00000, 0x0000000083900000| Untracked 
|  58|0x0000000083a00000, 0x0000000083b00000, 0x0000000083b00000|100%| O|  |TAMS 0x0000000083b00000, 0x0000000083a00000| Untracked 
|  59|0x0000000083b00000, 0x0000000083c00000, 0x0000000083c00000|100%| O|  |TAMS 0x0000000083c00000, 0x0000000083b00000| Untracked 
|  60|0x0000000083c00000, 0x0000000083d00000, 0x0000000083d00000|100%|HS|  |TAMS 0x0000000083d00000, 0x0000000083c00000| Complete 
|  61|0x0000000083d00000, 0x0000000083e00000, 0x0000000083e00000|100%|HC|  |TAMS 0x0000000083e00000, 0x0000000083d00000| Complete 
|  62|0x0000000083e00000, 0x0000000083f00000, 0x0000000083f00000|100%| O|  |TAMS 0x0000000083e00000, 0x0000000083e00000| Untracked 
|  63|0x0000000083f00000, 0x0000000084000000, 0x0000000084000000|100%| O|  |TAMS 0x0000000084000000, 0x0000000083f00000| Untracked 
|  64|0x0000000084000000, 0x0000000084100000, 0x0000000084100000|100%| O|  |TAMS 0x00000000840dc800, 0x0000000084000000| Untracked 
|  65|0x0000000084100000, 0x0000000084200000, 0x0000000084200000|100%|HS|  |TAMS 0x0000000084200000, 0x0000000084100000| Complete 
|  66|0x0000000084200000, 0x0000000084300000, 0x0000000084300000|100%|HC|  |TAMS 0x0000000084300000, 0x0000000084200000| Complete 
|  67|0x0000000084300000, 0x0000000084400000, 0x0000000084400000|100%|HC|  |TAMS 0x0000000084400000, 0x0000000084300000| Complete 
|  68|0x0000000084400000, 0x0000000084500000, 0x0000000084500000|100%|HC|  |TAMS 0x0000000084500000, 0x0000000084400000| Complete 
|  69|0x0000000084500000, 0x0000000084600000, 0x0000000084600000|100%|HC|  |TAMS 0x0000000084600000, 0x0000000084500000| Complete 
|  70|0x0000000084600000, 0x0000000084700000, 0x0000000084700000|100%|HC|  |TAMS 0x0000000084700000, 0x0000000084600000| Complete 
|  71|0x0000000084700000, 0x0000000084800000, 0x0000000084800000|100%|HC|  |TAMS 0x0000000084800000, 0x0000000084700000| Complete 
|  72|0x0000000084800000, 0x0000000084900000, 0x0000000084900000|100%|HC|  |TAMS 0x0000000084900000, 0x0000000084800000| Complete 
|  73|0x0000000084900000, 0x0000000084a00000, 0x0000000084a00000|100%|HC|  |TAMS 0x0000000084a00000, 0x0000000084900000| Complete 
|  74|0x0000000084a00000, 0x0000000084b00000, 0x0000000084b00000|100%|HC|  |TAMS 0x0000000084b00000, 0x0000000084a00000| Complete 
|  75|0x0000000084b00000, 0x0000000084c00000, 0x0000000084c00000|100%|HC|  |TAMS 0x0000000084c00000, 0x0000000084b00000| Complete 
|  76|0x0000000084c00000, 0x0000000084d00000, 0x0000000084d00000|100%|HS|  |TAMS 0x0000000084d00000, 0x0000000084c00000| Complete 
|  77|0x0000000084d00000, 0x0000000084e00000, 0x0000000084e00000|100%|HC|  |TAMS 0x0000000084e00000, 0x0000000084d00000| Complete 
|  78|0x0000000084e00000, 0x0000000084f00000, 0x0000000084f00000|100%|HC|  |TAMS 0x0000000084f00000, 0x0000000084e00000| Complete 
|  79|0x0000000084f00000, 0x0000000084fa5800, 0x0000000085000000| 64%| O|  |TAMS 0x0000000084f00000, 0x0000000084f00000| Untracked 
|  80|0x0000000085000000, 0x0000000085100000, 0x0000000085100000|100%|HS|  |TAMS 0x0000000085000000, 0x0000000085000000| Complete 
|  81|0x0000000085100000, 0x0000000085200000, 0x0000000085200000|100%|HC|  |TAMS 0x0000000085100000, 0x0000000085100000| Complete 
|  82|0x0000000085200000, 0x0000000085300000, 0x0000000085300000|100%|HS|  |TAMS 0x0000000085200000, 0x0000000085200000| Complete 
|  83|0x0000000085300000, 0x0000000085400000, 0x0000000085400000|100%|HC|  |TAMS 0x0000000085300000, 0x0000000085300000| Complete 
|  84|0x0000000085400000, 0x0000000085500000, 0x0000000085500000|100%|HC|  |TAMS 0x0000000085400000, 0x0000000085400000| Complete 
|  85|0x0000000085500000, 0x0000000085500000, 0x0000000085600000|  0%| F|  |TAMS 0x0000000085500000, 0x0000000085500000| Untracked 
|  86|0x0000000085600000, 0x0000000085600000, 0x0000000085700000|  0%| F|  |TAMS 0x0000000085600000, 0x0000000085600000| Untracked 
|  87|0x0000000085700000, 0x0000000085700000, 0x0000000085800000|  0%| F|  |TAMS 0x0000000085700000, 0x0000000085700000| Untracked 
|  88|0x0000000085800000, 0x0000000085800000, 0x0000000085900000|  0%| F|  |TAMS 0x0000000085800000, 0x0000000085800000| Untracked 
|  89|0x0000000085900000, 0x0000000085900000, 0x0000000085a00000|  0%| F|  |TAMS 0x0000000085900000, 0x0000000085900000| Untracked 
|  90|0x0000000085a00000, 0x0000000085a00000, 0x0000000085b00000|  0%| F|  |TAMS 0x0000000085a00000, 0x0000000085a00000| Untracked 
|  91|0x0000000085b00000, 0x0000000085b00000, 0x0000000085c00000|  0%| F|  |TAMS 0x0000000085b00000, 0x0000000085b00000| Untracked 
|  92|0x0000000085c00000, 0x0000000085c00000, 0x0000000085d00000|  0%| F|  |TAMS 0x0000000085c00000, 0x0000000085c00000| Untracked 
|  93|0x0000000085d00000, 0x0000000085d00000, 0x0000000085e00000|  0%| F|  |TAMS 0x0000000085d00000, 0x0000000085d00000| Untracked 
|  94|0x0000000085e00000, 0x0000000085e00000, 0x0000000085f00000|  0%| F|  |TAMS 0x0000000085e00000, 0x0000000085e00000| Untracked 
|  95|0x0000000085f00000, 0x0000000085f00000, 0x0000000086000000|  0%| F|  |TAMS 0x0000000085f00000, 0x0000000085f00000| Untracked 
|  96|0x0000000086000000, 0x0000000086000000, 0x0000000086100000|  0%| F|  |TAMS 0x0000000086000000, 0x0000000086000000| Untracked 
|  97|0x0000000086100000, 0x0000000086100000, 0x0000000086200000|  0%| F|  |TAMS 0x0000000086100000, 0x0000000086100000| Untracked 
|  98|0x0000000086200000, 0x0000000086200000, 0x0000000086300000|  0%| F|  |TAMS 0x0000000086200000, 0x0000000086200000| Untracked 
|  99|0x0000000086300000, 0x0000000086300000, 0x0000000086400000|  0%| F|  |TAMS 0x0000000086300000, 0x0000000086300000| Untracked 
| 100|0x0000000086400000, 0x0000000086400000, 0x0000000086500000|  0%| F|  |TAMS 0x0000000086400000, 0x0000000086400000| Untracked 
| 101|0x0000000086500000, 0x0000000086500000, 0x0000000086600000|  0%| F|  |TAMS 0x0000000086500000, 0x0000000086500000| Untracked 
| 102|0x0000000086600000, 0x0000000086600000, 0x0000000086700000|  0%| F|  |TAMS 0x0000000086600000, 0x0000000086600000| Untracked 
| 103|0x0000000086700000, 0x0000000086700000, 0x0000000086800000|  0%| F|  |TAMS 0x0000000086700000, 0x0000000086700000| Untracked 
| 104|0x0000000086800000, 0x0000000086800000, 0x0000000086900000|  0%| F|  |TAMS 0x0000000086800000, 0x0000000086800000| Untracked 
| 105|0x0000000086900000, 0x0000000086900000, 0x0000000086a00000|  0%| F|  |TAMS 0x0000000086900000, 0x0000000086900000| Untracked 
| 106|0x0000000086a00000, 0x0000000086a00000, 0x0000000086b00000|  0%| F|  |TAMS 0x0000000086a00000, 0x0000000086a00000| Untracked 
| 107|0x0000000086b00000, 0x0000000086b00000, 0x0000000086c00000|  0%| F|  |TAMS 0x0000000086b00000, 0x0000000086b00000| Untracked 
| 108|0x0000000086c00000, 0x0000000086c00000, 0x0000000086d00000|  0%| F|  |TAMS 0x0000000086c00000, 0x0000000086c00000| Untracked 
| 109|0x0000000086d00000, 0x0000000086d00000, 0x0000000086e00000|  0%| F|  |TAMS 0x0000000086d00000, 0x0000000086d00000| Untracked 
| 110|0x0000000086e00000, 0x0000000086e00000, 0x0000000086f00000|  0%| F|  |TAMS 0x0000000086e00000, 0x0000000086e00000| Untracked 
| 111|0x0000000086f00000, 0x0000000086f00000, 0x0000000087000000|  0%| F|  |TAMS 0x0000000086f00000, 0x0000000086f00000| Untracked 
| 112|0x0000000087000000, 0x0000000087000000, 0x0000000087100000|  0%| F|  |TAMS 0x0000000087000000, 0x0000000087000000| Untracked 
| 113|0x0000000087100000, 0x0000000087100000, 0x0000000087200000|  0%| F|  |TAMS 0x0000000087100000, 0x0000000087100000| Untracked 
| 114|0x0000000087200000, 0x0000000087200000, 0x0000000087300000|  0%| F|  |TAMS 0x0000000087200000, 0x0000000087200000| Untracked 
| 115|0x0000000087300000, 0x0000000087300000, 0x0000000087400000|  0%| F|  |TAMS 0x0000000087300000, 0x0000000087300000| Untracked 
| 116|0x0000000087400000, 0x0000000087400000, 0x0000000087500000|  0%| F|  |TAMS 0x0000000087400000, 0x0000000087400000| Untracked 
| 117|0x0000000087500000, 0x0000000087500000, 0x0000000087600000|  0%| F|  |TAMS 0x0000000087500000, 0x0000000087500000| Untracked 
| 118|0x0000000087600000, 0x0000000087600000, 0x0000000087700000|  0%| F|  |TAMS 0x0000000087600000, 0x0000000087600000| Untracked 
| 119|0x0000000087700000, 0x0000000087700000, 0x0000000087800000|  0%| F|  |TAMS 0x0000000087700000, 0x0000000087700000| Untracked 
| 120|0x0000000087800000, 0x0000000087800000, 0x0000000087900000|  0%| F|  |TAMS 0x0000000087800000, 0x0000000087800000| Untracked 
| 121|0x0000000087900000, 0x0000000087900000, 0x0000000087a00000|  0%| F|  |TAMS 0x0000000087900000, 0x0000000087900000| Untracked 
| 122|0x0000000087a00000, 0x0000000087a00000, 0x0000000087b00000|  0%| F|  |TAMS 0x0000000087a00000, 0x0000000087a00000| Untracked 
| 123|0x0000000087b00000, 0x0000000087b00000, 0x0000000087c00000|  0%| F|  |TAMS 0x0000000087b00000, 0x0000000087b00000| Untracked 
| 124|0x0000000087c00000, 0x0000000087c00000, 0x0000000087d00000|  0%| F|  |TAMS 0x0000000087c00000, 0x0000000087c00000| Untracked 
| 125|0x0000000087d00000, 0x0000000087d00000, 0x0000000087e00000|  0%| F|  |TAMS 0x0000000087d00000, 0x0000000087d00000| Untracked 
| 126|0x0000000087e00000, 0x0000000087e00000, 0x0000000087f00000|  0%| F|  |TAMS 0x0000000087e00000, 0x0000000087e00000| Untracked 
| 127|0x0000000087f00000, 0x0000000087f00000, 0x0000000088000000|  0%| F|  |TAMS 0x0000000087f00000, 0x0000000087f00000| Untracked 
| 128|0x0000000088000000, 0x0000000088000000, 0x0000000088100000|  0%| F|  |TAMS 0x0000000088000000, 0x0000000088000000| Untracked 
| 129|0x0000000088100000, 0x0000000088100000, 0x0000000088200000|  0%| F|  |TAMS 0x0000000088100000, 0x0000000088100000| Untracked 
| 130|0x0000000088200000, 0x0000000088300000, 0x0000000088300000|100%| E|CS|TAMS 0x0000000088200000, 0x0000000088200000| Complete 
| 131|0x0000000088300000, 0x0000000088400000, 0x0000000088400000|100%| E|CS|TAMS 0x0000000088300000, 0x0000000088300000| Complete 
| 132|0x0000000088400000, 0x0000000088500000, 0x0000000088500000|100%| S|CS|TAMS 0x0000000088400000, 0x0000000088400000| Complete 
| 133|0x0000000088500000, 0x0000000088600000, 0x0000000088600000|100%| S|CS|TAMS 0x0000000088500000, 0x0000000088500000| Complete 
| 134|0x0000000088600000, 0x0000000088600000, 0x0000000088700000|  0%| F|  |TAMS 0x0000000088600000, 0x0000000088600000| Untracked 
| 135|0x0000000088700000, 0x0000000088700000, 0x0000000088800000|  0%| F|  |TAMS 0x0000000088700000, 0x0000000088700000| Untracked 
| 136|0x0000000088800000, 0x0000000088800000, 0x0000000088900000|  0%| F|  |TAMS 0x0000000088800000, 0x0000000088800000| Untracked 
| 137|0x0000000088900000, 0x0000000088900000, 0x0000000088a00000|  0%| F|  |TAMS 0x0000000088900000, 0x0000000088900000| Untracked 
| 138|0x0000000088a00000, 0x0000000088a00000, 0x0000000088b00000|  0%| F|  |TAMS 0x0000000088a00000, 0x0000000088a00000| Untracked 
| 139|0x0000000088b00000, 0x0000000088b00000, 0x0000000088c00000|  0%| F|  |TAMS 0x0000000088b00000, 0x0000000088b00000| Untracked 
| 140|0x0000000088c00000, 0x0000000088c00000, 0x0000000088d00000|  0%| F|  |TAMS 0x0000000088c00000, 0x0000000088c00000| Untracked 
| 141|0x0000000088d00000, 0x0000000088d00000, 0x0000000088e00000|  0%| F|  |TAMS 0x0000000088d00000, 0x0000000088d00000| Untracked 
| 142|0x0000000088e00000, 0x0000000088e00000, 0x0000000088f00000|  0%| F|  |TAMS 0x0000000088e00000, 0x0000000088e00000| Untracked 
| 143|0x0000000088f00000, 0x0000000088f00000, 0x0000000089000000|  0%| F|  |TAMS 0x0000000088f00000, 0x0000000088f00000| Untracked 
| 144|0x0000000089000000, 0x0000000089000000, 0x0000000089100000|  0%| F|  |TAMS 0x0000000089000000, 0x0000000089000000| Untracked 
| 145|0x0000000089100000, 0x0000000089100000, 0x0000000089200000|  0%| F|  |TAMS 0x0000000089100000, 0x0000000089100000| Untracked 
| 146|0x0000000089200000, 0x0000000089200000, 0x0000000089300000|  0%| F|  |TAMS 0x0000000089200000, 0x0000000089200000| Untracked 
| 147|0x0000000089300000, 0x0000000089300000, 0x0000000089400000|  0%| F|  |TAMS 0x0000000089300000, 0x0000000089300000| Untracked 
| 148|0x0000000089400000, 0x0000000089500000, 0x0000000089500000|100%| E|  |TAMS 0x0000000089400000, 0x0000000089400000| Complete 

Card table byte_map: [0x0000014ceb040000,0x0000014ceb440000] _byte_map_base: 0x0000014ceac40000

Marking Bits (Prev, Next): (CMBitMap*) 0x0000014cd6992c90, (CMBitMap*) 0x0000014cd6992cd0
 Prev Bits: [0x0000014ceb840000, 0x0000014ced840000)
 Next Bits: [0x0000014ced840000, 0x0000014cef840000)

Polling page: 0x0000014cd6a00000

Metaspace:

Usage:
  Non-class:     39.57 MB used.
      Class:      6.07 MB used.
       Both:     45.64 MB used.

Virtual space:
  Non-class space:       48.00 MB reserved,      39.81 MB ( 83%) committed,  6 nodes.
      Class space:        1.00 GB reserved,       6.25 MB ( <1%) committed,  1 nodes.
             Both:        1.05 GB reserved,      46.06 MB (  4%) committed. 

Chunk freelists:
   Non-Class:  3.84 MB
       Class:  1.60 MB
        Both:  5.44 MB

MaxMetaspaceSize: unlimited
CompressedClassSpaceSize: 1.00 GB
Initial GC threshold: 21.00 MB
Current GC threshold: 76.56 MB
CDS: off
MetaspaceReclaimPolicy: balanced
 - commit_granule_bytes: 65536.
 - commit_granule_words: 8192.
 - virtual_space_node_default_size: 1048576.
 - enlarge_chunks_in_place: 1.
 - new_chunks_are_fully_committed: 0.
 - uncommit_free_chunks: 1.
 - use_allocation_guard: 0.
 - handle_deallocations: 1.


Internal statistics:

num_allocs_failed_limit: 3.
num_arena_births: 444.
num_arena_deaths: 0.
num_vsnodes_births: 7.
num_vsnodes_deaths: 0.
num_space_committed: 737.
num_space_uncommitted: 0.
num_chunks_returned_to_freelist: 3.
num_chunks_taken_from_freelist: 1872.
num_chunk_merges: 3.
num_chunk_splits: 1222.
num_chunks_enlarged: 823.
num_purges: 0.
num_inconsistent_stats: 0.

CodeHeap 'non-profiled nmethods': size=120000Kb used=2331Kb max_used=2331Kb free=117668Kb
 bounds [0x0000014ce30f0000, 0x0000014ce3360000, 0x0000014cea620000]
CodeHeap 'profiled nmethods': size=120000Kb used=8686Kb max_used=8686Kb free=111313Kb
 bounds [0x0000014cdb620000, 0x0000014cdbea0000, 0x0000014ce2b50000]
CodeHeap 'non-nmethods': size=5760Kb used=2293Kb max_used=2347Kb free=3466Kb
 bounds [0x0000014ce2b50000, 0x0000014ce2dc0000, 0x0000014ce30f0000]
 total_blobs=4966 nmethods=4161 adapters=717
 compilation: enabled
              stopped_count=0, restarted_count=0
 full_count=0

Compilation events (20 events):
Event: 5.143 Thread 0x0000014cf282c100 4129       3       org.codehaus.groovy.util.ComplexKeyHashMap::getEntrySetIterator (9 bytes)
Event: 5.143 Thread 0x0000014cf282c100 nmethod 4129 0x0000014cdbe80410 code [0x0000014cdbe805c0, 0x0000014cdbe80768]
Event: 5.161 Thread 0x0000014cf2819ca0 nmethod 4040 0x0000014ce3329790 code [0x0000014ce3329b80, 0x0000014ce332e0f8]
Event: 5.161 Thread 0x0000014cf2819ca0 4132       4       java.util.zip.ZipFile$Source::initCEN (591 bytes)
Event: 5.229 Thread 0x0000014cf282c100 4133       3       groovyjarjarasm.asm.SymbolTable::hash (10 bytes)
Event: 5.230 Thread 0x0000014cf282c100 nmethod 4133 0x0000014cdbe80810 code [0x0000014cdbe809a0, 0x0000014cdbe80ac8]
Event: 5.231 Thread 0x0000014cf282c100 4134       3       groovyjarjarasm.asm.ByteVector::putByte (39 bytes)
Event: 5.231 Thread 0x0000014cf282c100 nmethod 4134 0x0000014cdbe80b90 code [0x0000014cdbe80d40, 0x0000014cdbe80f28]
Event: 5.231 Thread 0x0000014cf282c100 4135       3       groovyjarjarasm.asm.Frame::merge (322 bytes)
Event: 5.232 Thread 0x0000014cf282c100 nmethod 4135 0x0000014cdbe81090 code [0x0000014cdbe812c0, 0x0000014cdbe81c48]
Event: 5.232 Thread 0x0000014cf282c100 4136       3       groovyjarjarasm.asm.ByteVector::putUTF8 (144 bytes)
Event: 5.233 Thread 0x0000014cf282c100 nmethod 4136 0x0000014cdbe81e90 code [0x0000014cdbe82100, 0x0000014cdbe82c08]
Event: 5.233 Thread 0x0000014cf282c100 4137       3       groovyjarjarasm.asm.Frame::execute (2318 bytes)
Event: 5.237 Thread 0x0000014cf282c100 nmethod 4137 0x0000014cdbe83110 code [0x0000014cdbe84040, 0x0000014cdbe8aa78]
Event: 5.237 Thread 0x0000014cf282c100 4138       3       groovyjarjarasm.asm.ByteVector::putShort (52 bytes)
Event: 5.237 Thread 0x0000014cf282c100 nmethod 4138 0x0000014cdbe8c690 code [0x0000014cdbe8c840, 0x0000014cdbe8ca48]
Event: 5.241 Thread 0x0000014cf282c100 4139       3       java.lang.reflect.Type::getTypeName (5 bytes)
Event: 5.241 Thread 0x0000014cf282c100 nmethod 4139 0x0000014cdbe8cb90 code [0x0000014cdbe8cd40, 0x0000014cdbe8cf08]
Event: 5.241 Thread 0x0000014cf282c100 4140       3       com.sun.beans.util.Cache::index (7 bytes)
Event: 5.241 Thread 0x0000014cf282c100 nmethod 4140 0x0000014cdbe8cf90 code [0x0000014cdbe8d120, 0x0000014cdbe8d218]

GC Heap History (20 events):
Event: 2.703 GC heap before
{Heap before GC invocations=5 (full 0):
 garbage-first heap   total 71680K, used 51806K [0x0000000080000000, 0x0000000100000000)
  region size 1024K, 42 young (43008K), 9 survivors (9216K)
 Metaspace       used 26454K, committed 26752K, reserved 1073152K
  class space    used 3486K, committed 3648K, reserved 1048576K
}
Event: 2.710 GC heap after
{Heap after GC invocations=6 (full 0):
 garbage-first heap   total 71680K, used 20975K [0x0000000080000000, 0x0000000100000000)
  region size 1024K, 3 young (3072K), 3 survivors (3072K)
 Metaspace       used 26454K, committed 26752K, reserved 1073152K
  class space    used 3486K, committed 3648K, reserved 1048576K
}
Event: 3.096 GC heap before
{Heap before GC invocations=6 (full 0):
 garbage-first heap   total 71680K, used 48623K [0x0000000080000000, 0x0000000100000000)
  region size 1024K, 22 young (22528K), 3 survivors (3072K)
 Metaspace       used 29282K, committed 29696K, reserved 1081344K
  class space    used 3967K, committed 4160K, reserved 1048576K
}
Event: 3.100 GC heap after
{Heap after GC invocations=7 (full 0):
 garbage-first heap   total 71680K, used 34912K [0x0000000080000000, 0x0000000100000000)
  region size 1024K, 4 young (4096K), 4 survivors (4096K)
 Metaspace       used 29282K, committed 29696K, reserved 1081344K
  class space    used 3967K, committed 4160K, reserved 1048576K
}
Event: 3.111 GC heap before
{Heap before GC invocations=7 (full 0):
 garbage-first heap   total 71680K, used 45152K [0x0000000080000000, 0x0000000100000000)
  region size 1024K, 5 young (5120K), 4 survivors (4096K)
 Metaspace       used 29284K, committed 29696K, reserved 1081344K
  class space    used 3967K, committed 4160K, reserved 1048576K
}
Event: 3.114 GC heap after
{Heap after GC invocations=8 (full 0):
 garbage-first heap   total 71680K, used 45082K [0x0000000080000000, 0x0000000100000000)
  region size 1024K, 1 young (1024K), 1 survivors (1024K)
 Metaspace       used 29284K, committed 29696K, reserved 1081344K
  class space    used 3967K, committed 4160K, reserved 1048576K
}
Event: 3.301 GC heap before
{Heap before GC invocations=9 (full 0):
 garbage-first heap   total 94208K, used 64538K [0x0000000080000000, 0x0000000100000000)
  region size 1024K, 12 young (12288K), 1 survivors (1024K)
 Metaspace       used 30657K, committed 31040K, reserved 1081344K
  class space    used 4178K, committed 4352K, reserved 1048576K
}
Event: 3.303 GC heap after
{Heap after GC invocations=10 (full 0):
 garbage-first heap   total 94208K, used 56083K [0x0000000080000000, 0x0000000100000000)
  region size 1024K, 2 young (2048K), 2 survivors (2048K)
 Metaspace       used 30657K, committed 31040K, reserved 1081344K
  class space    used 4178K, committed 4352K, reserved 1048576K
}
Event: 3.594 GC heap before
{Heap before GC invocations=10 (full 0):
 garbage-first heap   total 94208K, used 72467K [0x0000000080000000, 0x0000000100000000)
  region size 1024K, 18 young (18432K), 2 survivors (2048K)
 Metaspace       used 32856K, committed 33280K, reserved 1081344K
  class space    used 4548K, committed 4736K, reserved 1048576K
}
Event: 3.596 GC heap after
{Heap after GC invocations=11 (full 0):
 garbage-first heap   total 113664K, used 57111K [0x0000000080000000, 0x0000000100000000)
  region size 1024K, 1 young (1024K), 1 survivors (1024K)
 Metaspace       used 32856K, committed 33280K, reserved 1081344K
  class space    used 4548K, committed 4736K, reserved 1048576K
}
Event: 4.159 GC heap before
{Heap before GC invocations=12 (full 0):
 garbage-first heap   total 113664K, used 86807K [0x0000000080000000, 0x0000000100000000)
  region size 1024K, 30 young (30720K), 1 survivors (1024K)
 Metaspace       used 40072K, committed 40384K, reserved 1089536K
  class space    used 5414K, committed 5568K, reserved 1048576K
}
Event: 4.165 GC heap after
{Heap after GC invocations=13 (full 0):
 garbage-first heap   total 113664K, used 59915K [0x0000000080000000, 0x0000000100000000)
  region size 1024K, 4 young (4096K), 4 survivors (4096K)
 Metaspace       used 40072K, committed 40384K, reserved 1089536K
  class space    used 5414K, committed 5568K, reserved 1048576K
}
Event: 4.473 GC heap before
{Heap before GC invocations=13 (full 0):
 garbage-first heap   total 113664K, used 88587K [0x0000000080000000, 0x0000000100000000)
  region size 1024K, 32 young (32768K), 4 survivors (4096K)
 Metaspace       used 41983K, committed 42432K, reserved 1089536K
  class space    used 5605K, committed 5824K, reserved 1048576K
}
Event: 4.480 GC heap after
{Heap after GC invocations=14 (full 0):
 garbage-first heap   total 113664K, used 62867K [0x0000000080000000, 0x0000000100000000)
  region size 1024K, 3 young (3072K), 3 survivors (3072K)
 Metaspace       used 41983K, committed 42432K, reserved 1089536K
  class space    used 5605K, committed 5824K, reserved 1048576K
}
Event: 4.972 GC heap before
{Heap before GC invocations=15 (full 0):
 garbage-first heap   total 113664K, used 91539K [0x0000000080000000, 0x0000000100000000)
  region size 1024K, 29 young (29696K), 3 survivors (3072K)
 Metaspace       used 46098K, committed 46464K, reserved 1089536K
  class space    used 6110K, committed 6272K, reserved 1048576K
}
Event: 4.976 GC heap after
{Heap after GC invocations=16 (full 0):
 garbage-first heap   total 113664K, used 64392K [0x0000000080000000, 0x0000000100000000)
  region size 1024K, 2 young (2048K), 2 survivors (2048K)
 Metaspace       used 46098K, committed 46464K, reserved 1089536K
  class space    used 6110K, committed 6272K, reserved 1048576K
}
Event: 5.146 GC heap before
{Heap before GC invocations=16 (full 0):
 garbage-first heap   total 113664K, used 69512K [0x0000000080000000, 0x0000000100000000)
  region size 1024K, 9 young (9216K), 2 survivors (2048K)
 Metaspace       used 46533K, committed 47040K, reserved 1097728K
  class space    used 6180K, committed 6400K, reserved 1048576K
}
Event: 5.151 GC heap after
{Heap after GC invocations=17 (full 0):
 garbage-first heap   total 113664K, used 65878K [0x0000000080000000, 0x0000000100000000)
  region size 1024K, 4 young (4096K), 4 survivors (4096K)
 Metaspace       used 46533K, committed 47040K, reserved 1097728K
  class space    used 6180K, committed 6400K, reserved 1048576K
}
Event: 5.208 GC heap before
{Heap before GC invocations=18 (full 0):
 garbage-first heap   total 137216K, used 82262K [0x0000000080000000, 0x0000000100000000)
  region size 1024K, 5 young (5120K), 4 survivors (4096K)
 Metaspace       used 46533K, committed 47040K, reserved 1097728K
  class space    used 6180K, committed 6400K, reserved 1048576K
}
Event: 5.211 GC heap after
{Heap after GC invocations=19 (full 0):
 garbage-first heap   total 137216K, used 82775K [0x0000000080000000, 0x0000000100000000)
  region size 1024K, 2 young (2048K), 2 survivors (2048K)
 Metaspace       used 46533K, committed 47040K, reserved 1097728K
  class space    used 6180K, committed 6400K, reserved 1048576K
}

Dll operation events (2 events):
Event: 0.011 Loaded shared library C:\Program Files\Android\Android Studio\jbr\bin\java.dll
Event: 0.615 Loaded shared library C:\Program Files\Android\Android Studio\jbr\bin\verify.dll

Deoptimization events (20 events):
Event: 5.145 Thread 0x0000014cf43ad5e0 DEOPT PACKING pc=0x0000014cdbb4eee9 sp=0x00000003079f87b0
Event: 5.145 Thread 0x0000014cf43ad5e0 DEOPT UNPACKING pc=0x0000014ce2ba7143 sp=0x00000003079f7d30 mode 0
Event: 5.171 Thread 0x0000014cf43ad5e0 DEOPT PACKING pc=0x0000014cdbb4eee9 sp=0x00000003079f87b0
Event: 5.171 Thread 0x0000014cf43ad5e0 DEOPT UNPACKING pc=0x0000014ce2ba7143 sp=0x00000003079f7d30 mode 0
Event: 5.203 Thread 0x0000014cf43ad5e0 DEOPT PACKING pc=0x0000014cdbb4eee9 sp=0x00000003079f87b0
Event: 5.203 Thread 0x0000014cf43ad5e0 DEOPT UNPACKING pc=0x0000014ce2ba7143 sp=0x00000003079f7d30 mode 0
Event: 5.217 Thread 0x0000014cf43ad5e0 DEOPT PACKING pc=0x0000014cdbb4eee9 sp=0x00000003079f87b0
Event: 5.217 Thread 0x0000014cf43ad5e0 DEOPT UNPACKING pc=0x0000014ce2ba7143 sp=0x00000003079f7d30 mode 0
Event: 5.224 Thread 0x0000014cf43ad5e0 DEOPT PACKING pc=0x0000014cdbb4eee9 sp=0x00000003079f87b0
Event: 5.224 Thread 0x0000014cf43ad5e0 DEOPT UNPACKING pc=0x0000014ce2ba7143 sp=0x00000003079f7d30 mode 0
Event: 5.226 Thread 0x0000014cf43ad5e0 DEOPT PACKING pc=0x0000014cdb6dfdc3 sp=0x00000003079f8aa0
Event: 5.226 Thread 0x0000014cf43ad5e0 DEOPT UNPACKING pc=0x0000014ce2ba7143 sp=0x00000003079f7fc0 mode 0
Event: 5.226 Thread 0x0000014cf43ad5e0 Uncommon trap: trap_request=0xffffff45 fr.pc=0x0000014ce3247b10 relative=0x0000000000003e70
Event: 5.227 Thread 0x0000014cf43ad5e0 Uncommon trap: reason=unstable_if action=reinterpret pc=0x0000014ce3247b10 method=java.lang.StringLatin1.regionMatchesCI([BI[BII)Z @ 72 c2
Event: 5.227 Thread 0x0000014cf43ad5e0 DEOPT PACKING pc=0x0000014ce3247b10 sp=0x00000003079f90b0
Event: 5.227 Thread 0x0000014cf43ad5e0 DEOPT UNPACKING pc=0x0000014ce2ba69a3 sp=0x00000003079f8e68 mode 2
Event: 5.227 Thread 0x0000014cf43ad5e0 Uncommon trap: trap_request=0xffffff45 fr.pc=0x0000014ce31c7d8c relative=0x000000000000064c
Event: 5.227 Thread 0x0000014cf43ad5e0 Uncommon trap: reason=unstable_if action=reinterpret pc=0x0000014ce31c7d8c method=java.lang.StringLatin1.regionMatchesCI([BI[BII)Z @ 72 c2
Event: 5.227 Thread 0x0000014cf43ad5e0 DEOPT PACKING pc=0x0000014ce31c7d8c sp=0x00000003079f8f30
Event: 5.227 Thread 0x0000014cf43ad5e0 DEOPT UNPACKING pc=0x0000014ce2ba69a3 sp=0x00000003079f8df8 mode 2

Classes unloaded (0 events):
No events

Classes redefined (0 events):
No events

Internal exceptions (20 events):
Event: 4.814 Thread 0x0000014cf43ad5e0 Exception <a 'java/lang/ClassNotFoundException'{0x000000008602b120}: org/gradle/api/internal/artifacts/dsl/dependencies/DefaultDependencyHandler_DecoratedBeanInfo> (0x000000008602b120) 
thrown [s\src\hotspot\share\classfile\systemDictionary.cpp, line 256]
Event: 4.815 Thread 0x0000014cf43ad5e0 Exception <a 'java/lang/ClassNotFoundException'{0x0000000086040c48}: org/gradle/api/internal/artifacts/dsl/dependencies/DefaultDependencyHandlerBeanInfo> (0x0000000086040c48) 
thrown [s\src\hotspot\share\classfile\systemDictionary.cpp, line 256]
Event: 4.815 Thread 0x0000014cf43ad5e0 Exception <a 'java/lang/ClassNotFoundException'{0x0000000086055c90}: org/gradle/api/internal/artifacts/dsl/dependencies/DefaultDependencyHandlerCustomizer> (0x0000000086055c90) 
thrown [s\src\hotspot\share\classfile\systemDictionary.cpp, line 256]
Event: 4.819 Thread 0x0000014cf43ad5e0 Exception <a 'java/lang/ClassNotFoundException'{0x0000000086094cb0}: org/gradle/api/internal/artifacts/dsl/dependencies/DefaultDependencyHandler_DecoratedCustomizer> (0x0000000086094cb0) 
thrown [s\src\hotspot\share\classfile\systemDictionary.cpp, line 256]
Event: 4.863 Thread 0x0000014cf43ad5e0 Exception <a 'java/lang/NoSuchMethodError'{0x0000000085d9fbb8}: 'java.lang.Object java.lang.invoke.DirectMethodHandle$Holder.newInvokeSpecial(java.lang.Object, int, java.lang.Object)'> (0x0000000085d9fbb8) 
thrown [s\src\hotspot\share\interpreter\linkResolver.cpp, line 771]
Event: 4.999 Thread 0x0000014cf43ad5e0 Exception <a 'java/lang/NoSuchMethodError'{0x0000000086d93600}: 'int java.lang.invoke.DirectMethodHandle$Holder.invokeStatic(java.lang.Object)'> (0x0000000086d93600) 
thrown [s\src\hotspot\share\interpreter\linkResolver.cpp, line 771]
Event: 4.999 Thread 0x0000014cf43ad5e0 Exception <a 'java/lang/NoSuchMethodError'{0x0000000086d979f0}: 'int java.lang.invoke.DirectMethodHandle$Holder.invokeStaticInit(java.lang.Object)'> (0x0000000086d979f0) 
thrown [s\src\hotspot\share\interpreter\linkResolver.cpp, line 771]
Event: 5.027 Thread 0x0000014cf64817a0 Exception <a 'sun/nio/fs/WindowsException'{0x0000000086cce720}> (0x0000000086cce720) 
thrown [s\src\hotspot\share\prims\jni.cpp, line 517]
Event: 5.031 Thread 0x0000014cf64817a0 Exception <a 'sun/nio/fs/WindowsException'{0x0000000086cf9ee8}> (0x0000000086cf9ee8) 
thrown [s\src\hotspot\share\prims\jni.cpp, line 517]
Event: 5.032 Thread 0x0000014cf64817a0 Exception <a 'sun/nio/fs/WindowsException'{0x0000000086cfa050}> (0x0000000086cfa050) 
thrown [s\src\hotspot\share\prims\jni.cpp, line 517]
Event: 5.065 Thread 0x0000014cf43ad5e0 Exception <a 'java/lang/ClassNotFoundException'{0x0000000086b34298}: sync_studio_tooling10_d5fstdnmmxm6pcfnp1v4ovf5lBeanInfo> (0x0000000086b34298) 
thrown [s\src\hotspot\share\classfile\systemDictionary.cpp, line 256]
Event: 5.065 Thread 0x0000014cf43ad5e0 Exception <a 'java/lang/ClassNotFoundException'{0x0000000086b3ab68}: sync_studio_tooling10_d5fstdnmmxm6pcfnp1v4ovf5lCustomizer> (0x0000000086b3ab68) 
thrown [s\src\hotspot\share\classfile\systemDictionary.cpp, line 256]
Event: 5.083 Thread 0x0000014cf43ad5e0 Exception <a 'java/lang/ClassNotFoundException'{0x0000000086a19500}: ijinit_1dmvgyzq28gywbrefk14wcvckBeanInfo> (0x0000000086a19500) 
thrown [s\src\hotspot\share\classfile\systemDictionary.cpp, line 256]
Event: 5.083 Thread 0x0000014cf43ad5e0 Exception <a 'java/lang/ClassNotFoundException'{0x0000000086a1fd80}: ijinit_1dmvgyzq28gywbrefk14wcvckCustomizer> (0x0000000086a1fd80) 
thrown [s\src\hotspot\share\classfile\systemDictionary.cpp, line 256]
Event: 5.089 Thread 0x0000014cf43ad5e0 Exception <a 'java/lang/ClassNotFoundException'{0x0000000086a62db8}: ijinit_1dmvgyzq28gywbrefk14wcvck$_run_closure1BeanInfo> (0x0000000086a62db8) 
thrown [s\src\hotspot\share\classfile\systemDictionary.cpp, line 256]
Event: 5.089 Thread 0x0000014cf43ad5e0 Exception <a 'java/lang/ClassNotFoundException'{0x0000000086a69d18}: ijinit_1dmvgyzq28gywbrefk14wcvck$_run_closure1Customizer> (0x0000000086a69d18) 
thrown [s\src\hotspot\share\classfile\systemDictionary.cpp, line 256]
Event: 5.142 Thread 0x0000014cf43ad5e0 Exception <a 'java/lang/ClassNotFoundException'{0x00000000869a9ed8}: ijinit_1dmvgyzq28gywbrefk14wcvckBeanInfo> (0x00000000869a9ed8) 
thrown [s\src\hotspot\share\classfile\systemDictionary.cpp, line 256]
Event: 5.142 Thread 0x0000014cf43ad5e0 Exception <a 'java/lang/ClassNotFoundException'{0x00000000869b06f8}: ijinit_1dmvgyzq28gywbrefk14wcvckCustomizer> (0x00000000869b06f8) 
thrown [s\src\hotspot\share\classfile\systemDictionary.cpp, line 256]
Event: 5.240 Thread 0x0000014cf43ad5e0 Exception <a 'java/lang/ClassNotFoundException'{0x00000000883b2b50}: org/gradle/api/internal/plugins/DefaultObjectConfigurationActionBeanInfo> (0x00000000883b2b50) 
thrown [s\src\hotspot\share\classfile\systemDictionary.cpp, line 256]
Event: 5.240 Thread 0x0000014cf43ad5e0 Exception <a 'java/lang/ClassNotFoundException'{0x00000000883c43c0}: org/gradle/api/internal/plugins/DefaultObjectConfigurationActionCustomizer> (0x00000000883c43c0) 
thrown [s\src\hotspot\share\classfile\systemDictionary.cpp, line 256]

VM Operations (20 events):
Event: 4.659 Executing VM operation: HandshakeAllThreads
Event: 4.659 Executing VM operation: HandshakeAllThreads done
Event: 4.777 Executing VM operation: HandshakeAllThreads
Event: 4.777 Executing VM operation: HandshakeAllThreads done
Event: 4.795 Executing VM operation: HandshakeAllThreads
Event: 4.795 Executing VM operation: HandshakeAllThreads done
Event: 4.795 Executing VM operation: HandshakeAllThreads
Event: 4.795 Executing VM operation: HandshakeAllThreads done
Event: 4.972 Executing VM operation: G1CollectForAllocation
Event: 4.976 Executing VM operation: G1CollectForAllocation done
Event: 5.146 Executing VM operation: G1TryInitiateConcMark
Event: 5.151 Executing VM operation: G1TryInitiateConcMark done
Event: 5.185 Executing VM operation: G1Concurrent
Event: 5.189 Executing VM operation: G1Concurrent done
Event: 5.207 Executing VM operation: G1Concurrent
Event: 5.207 Executing VM operation: G1Concurrent done
Event: 5.208 Executing VM operation: G1TryInitiateConcMark
Event: 5.211 Executing VM operation: G1TryInitiateConcMark done
Event: 5.250 Executing VM operation: G1Concurrent
Event: 5.252 Executing VM operation: G1Concurrent done

Events (20 events):
Event: 4.625 loading class java/nio/charset/UnsupportedCharsetException
Event: 4.625 loading class java/nio/charset/UnsupportedCharsetException done
Event: 4.626 loading class java/util/zip/Deflater
Event: 4.626 loading class java/util/zip/Deflater done
Event: 4.627 loading class java/util/zip/Deflater$DeflaterZStreamRef
Event: 4.627 loading class java/util/zip/Deflater$DeflaterZStreamRef done
Event: 4.630 loading class java/nio/channels/Channels
Event: 4.631 loading class java/nio/channels/Channels done
Event: 4.631 loading class sun/nio/ch/ChannelInputStream
Event: 4.631 loading class sun/nio/ch/ChannelInputStream done
Event: 4.658 loading class java/nio/StringCharBuffer
Event: 4.658 loading class java/nio/StringCharBuffer done
Event: 4.683 loading class java/nio/file/StandardCopyOption
Event: 4.683 loading class java/nio/file/StandardCopyOption done
Event: 4.683 loading class sun/nio/fs/WindowsFileCopy
Event: 4.683 loading class sun/nio/fs/WindowsFileCopy done
Event: 4.960 loading class java/io/DeleteOnExitHook
Event: 4.961 loading class java/io/DeleteOnExitHook done
Event: 4.961 loading class java/io/DeleteOnExitHook$1
Event: 4.961 loading class java/io/DeleteOnExitHook$1 done


Dynamic libraries:
0x00007ff60d6e0000 - 0x00007ff60d6ea000 	C:\Program Files\Android\Android Studio\jbr\bin\java.exe
0x00007ff864a50000 - 0x00007ff864c64000 	C:\Windows\SYSTEM32\ntdll.dll
0x00007ff863760000 - 0x00007ff863822000 	C:\Windows\System32\KERNEL32.DLL
0x00007ff8620d0000 - 0x00007ff86246c000 	C:\Windows\System32\KERNELBASE.dll
0x00007ff861fb0000 - 0x00007ff8620c1000 	C:\Windows\System32\ucrtbase.dll
0x00007ff853a40000 - 0x00007ff853a57000 	C:\Program Files\Android\Android Studio\jbr\bin\jli.dll
0x00007ff83e870000 - 0x00007ff83e88b000 	C:\Program Files\Android\Android Studio\jbr\bin\VCRUNTIME140.dll
0x00007ff864670000 - 0x00007ff86481b000 	C:\Windows\System32\USER32.dll
0x00007ff862790000 - 0x00007ff8627b6000 	C:\Windows\System32\win32u.dll
0x00007ff853140000 - 0x00007ff8533ce000 	C:\Windows\WinSxS\amd64_microsoft.windows.common-controls_6595b64144ccf1df_6.0.22621.317_none_a9434687c10c9fa2\COMCTL32.dll
0x00007ff8649e0000 - 0x00007ff864a09000 	C:\Windows\System32\GDI32.dll
0x00007ff8638b0000 - 0x00007ff863957000 	C:\Windows\System32\msvcrt.dll
0x00007ff861e90000 - 0x00007ff861fa2000 	C:\Windows\System32\gdi32full.dll
0x00007ff8627c0000 - 0x00007ff86285a000 	C:\Windows\System32\msvcp_win.dll
0x00007ff8649a0000 - 0x00007ff8649d1000 	C:\Windows\System32\IMM32.DLL
0x00007ff853a30000 - 0x00007ff853a3c000 	C:\Program Files\Android\Android Studio\jbr\bin\vcruntime140_1.dll
0x00007ff815980000 - 0x00007ff815a0d000 	C:\Program Files\Android\Android Studio\jbr\bin\msvcp140.dll
0x00007ff80d390000 - 0x00007ff80dffd000 	C:\Program Files\Android\Android Studio\jbr\bin\server\jvm.dll
0x00007ff864400000 - 0x00007ff8644ae000 	C:\Windows\System32\ADVAPI32.dll
0x00007ff862dc0000 - 0x00007ff862e64000 	C:\Windows\System32\sechost.dll
0x00007ff862ca0000 - 0x00007ff862db5000 	C:\Windows\System32\RPCRT4.dll
0x00007ff855680000 - 0x00007ff8556b4000 	C:\Windows\SYSTEM32\WINMM.dll
0x00007ff85d2e0000 - 0x00007ff85d2e9000 	C:\Windows\SYSTEM32\WSOCK32.dll
0x00007ff863ac0000 - 0x00007ff863b31000 	C:\Windows\System32\WS2_32.dll
0x00007ff853b60000 - 0x00007ff853b6a000 	C:\Windows\SYSTEM32\VERSION.dll
0x00007ff860f10000 - 0x00007ff860f28000 	C:\Windows\SYSTEM32\kernel.appcore.dll
0x00007ff853990000 - 0x00007ff85399a000 	C:\Program Files\Android\Android Studio\jbr\bin\jimage.dll
0x00007ff850b60000 - 0x00007ff850d8e000 	C:\Windows\SYSTEM32\DBGHELP.DLL
0x00007ff862860000 - 0x00007ff862be9000 	C:\Windows\System32\combase.dll
0x00007ff864320000 - 0x00007ff8643f7000 	C:\Windows\System32\OLEAUT32.dll
0x00007ff850b20000 - 0x00007ff850b52000 	C:\Windows\SYSTEM32\dbgcore.DLL
0x00007ff862470000 - 0x00007ff8624eb000 	C:\Windows\System32\bcryptPrimitives.dll
0x00007ff8503e0000 - 0x00007ff850405000 	C:\Program Files\Android\Android Studio\jbr\bin\java.dll
0x00007ff8528c0000 - 0x00007ff8528d8000 	C:\Program Files\Android\Android Studio\jbr\bin\zip.dll
0x00007ff862f70000 - 0x00007ff86374b000 	C:\Windows\System32\SHELL32.dll
0x00007ff85fef0000 - 0x00007ff8607a5000 	C:\Windows\SYSTEM32\windows.storage.dll
0x00007ff85fdb0000 - 0x00007ff85feed000 	C:\Windows\SYSTEM32\wintypes.dll
0x00007ff862e70000 - 0x00007ff862f61000 	C:\Windows\System32\SHCORE.dll
0x00007ff862bf0000 - 0x00007ff862c4e000 	C:\Windows\System32\shlwapi.dll
0x00007ff861dc0000 - 0x00007ff861de1000 	C:\Windows\SYSTEM32\profapi.dll
0x00007ff850310000 - 0x00007ff850329000 	C:\Program Files\Android\Android Studio\jbr\bin\net.dll
0x00007ff85b530000 - 0x00007ff85b65f000 	C:\Windows\SYSTEM32\WINHTTP.dll
0x00007ff861370000 - 0x00007ff8613d9000 	C:\Windows\system32\mswsock.dll
0x00007ff8502f0000 - 0x00007ff850306000 	C:\Program Files\Android\Android Studio\jbr\bin\nio.dll
0x00007ff850360000 - 0x00007ff850370000 	C:\Program Files\Android\Android Studio\jbr\bin\verify.dll
0x00007ff8291c0000 - 0x00007ff8291e7000 	C:\Users\ahmed\.gradle\native\68d5fa5c4cc2d200863cafc0d521ce42e7d3e7ee720ec0a83991735586a16f82\windows-amd64\native-platform.dll
0x00007ff815830000 - 0x00007ff815974000 	C:\Users\ahmed\.gradle\native\e376f236ea51e6404a007f0833ffe2c6e607c4080706a723a18a27aeea778392\windows-amd64\native-platform-file-events.dll
0x00007ff852730000 - 0x00007ff852739000 	C:\Program Files\Android\Android Studio\jbr\bin\management.dll
0x00007ff8503d0000 - 0x00007ff8503db000 	C:\Program Files\Android\Android Studio\jbr\bin\management_ext.dll
0x00007ff863750000 - 0x00007ff863758000 	C:\Windows\System32\PSAPI.DLL
0x00007ff8615b0000 - 0x00007ff8615cb000 	C:\Windows\SYSTEM32\CRYPTSP.dll
0x00007ff860e80000 - 0x00007ff860eb5000 	C:\Windows\system32\rsaenh.dll
0x00007ff861460000 - 0x00007ff861488000 	C:\Windows\SYSTEM32\USERENV.dll
0x00007ff8617e0000 - 0x00007ff861808000 	C:\Windows\SYSTEM32\bcrypt.dll
0x00007ff8615d0000 - 0x00007ff8615dc000 	C:\Windows\SYSTEM32\CRYPTBASE.dll
0x00007ff8609f0000 - 0x00007ff860a1d000 	C:\Windows\SYSTEM32\IPHLPAPI.DLL
0x00007ff8639c0000 - 0x00007ff8639c9000 	C:\Windows\System32\NSI.dll
0x00007ff85b4d0000 - 0x00007ff85b4e9000 	C:\Windows\SYSTEM32\dhcpcsvc6.DLL
0x00007ff85b510000 - 0x00007ff85b52f000 	C:\Windows\SYSTEM32\dhcpcsvc.DLL
0x00007ff860a20000 - 0x00007ff860b12000 	C:\Windows\SYSTEM32\DNSAPI.dll
0x00007ff84ff50000 - 0x00007ff84ff58000 	C:\Windows\system32\wshunix.dll

dbghelp: loaded successfully - version: 4.0.5 - missing functions: none
symbol engine: initialized successfully - sym options: 0x614 - pdb path: .;C:\Program Files\Android\Android Studio\jbr\bin;C:\Windows\SYSTEM32;C:\Windows\WinSxS\amd64_microsoft.windows.common-controls_6595b64144ccf1df_6.0.22621.317_none_a9434687c10c9fa2;C:\Program Files\Android\Android Studio\jbr\bin\server;C:\Users\ahmed\.gradle\native\68d5fa5c4cc2d200863cafc0d521ce42e7d3e7ee720ec0a83991735586a16f82\windows-amd64;C:\Users\ahmed\.gradle\native\e376f236ea51e6404a007f0833ffe2c6e607c4080706a723a18a27aeea778392\windows-amd64

VM Arguments:
jvm_args: --add-opens=java.base/java.util=ALL-UNNAMED --add-opens=java.base/java.lang=ALL-UNNAMED --add-opens=java.base/java.lang.invoke=ALL-UNNAMED --add-opens=java.prefs/java.util.prefs=ALL-UNNAMED --add-opens=java.base/java.nio.charset=ALL-UNNAMED --add-opens=java.base/java.net=ALL-UNNAMED --add-opens=java.base/java.util.concurrent.atomic=ALL-UNNAMED -Xmx2048m -Dfile.encoding=UTF-8 -Duser.country=US -Duser.language=en -Duser.variant 
java_command: org.gradle.launcher.daemon.bootstrap.GradleDaemon 8.0
java_class_path (initial): C:\Users\ahmed\.gradle\wrapper\dists\gradle-8.0-bin\ca5e32bp14vu59qr306oxotwh\gradle-8.0\lib\gradle-launcher-8.0.jar
Launcher Type: SUN_STANDARD

[Global flags]
     intx CICompilerCount                          = 3                                         {product} {ergonomic}
     uint ConcGCThreads                            = 1                                         {product} {ergonomic}
     uint G1ConcRefinementThreads                  = 4                                         {product} {ergonomic}
   size_t G1HeapRegionSize                         = 1048576                                   {product} {ergonomic}
    uintx GCDrainStackTargetSize                   = 64                                        {product} {ergonomic}
   size_t InitialHeapSize                          = 134217728                                 {product} {ergonomic}
   size_t MarkStackSize                            = 4194304                                   {product} {ergonomic}
   size_t MaxHeapSize                              = 2147483648                                {product} {command line}
   size_t MaxNewSize                               = 1287651328                                {product} {ergonomic}
   size_t MinHeapDeltaBytes                        = 1048576                                   {product} {ergonomic}
   size_t MinHeapSize                              = 8388608                                   {product} {ergonomic}
    uintx NonNMethodCodeHeapSize                   = 5832780                                {pd product} {ergonomic}
    uintx NonProfiledCodeHeapSize                  = 122912730                              {pd product} {ergonomic}
    uintx ProfiledCodeHeapSize                     = 122912730                              {pd product} {ergonomic}
    uintx ReservedCodeCacheSize                    = 251658240                              {pd product} {ergonomic}
     bool SegmentedCodeCache                       = true                                      {product} {ergonomic}
   size_t SoftMaxHeapSize                          = 2147483648                             {manageable} {ergonomic}
     bool UseCompressedClassPointers               = true                           {product lp64_product} {ergonomic}
     bool UseCompressedOops                        = true                           {product lp64_product} {ergonomic}
     bool UseG1GC                                  = true                                      {product} {ergonomic}
     bool UseLargePagesIndividualAllocation        = false                                  {pd product} {ergonomic}

Logging:
Log output configuration:
 #0: stdout all=warning uptime,level,tags
 #1: stderr all=off uptime,level,tags

Environment Variables:
PATH=C:\Program Files\Eclipse Adoptium\jdk-17.0.7.7-hotspot\bin;C:\Program Files\Common Files\Oracle\Java\javapath;C:\Windows\system32;C:\Windows;C:\Windows\System32\Wbem;C:\Windows\System32\WindowsPowerShell\v1.0\;C:\Windows\System32\OpenSSH\;C:\Program Files\dotnet\;C:\Program Files\nodejs\;C:\ProgramData\chocolatey\bin;C:\xampp\php;C:\composer;C:\ProgramData\ComposerSetup\bin;C:\Program Files\Git\cmd;C:\Users\ahmed\AppData\Local\Microsoft\WindowsApps;C:\Users\ahmed\AppData\Roaming\npm;C:\Users\ahmed\AppData\Local\Programs\Microsoft VS Code\bin;C:\Users\ahmed\AppData\Roaming\Composer\vendor\bin;C:\Program Files\heroku\bin
USERNAME=ahmed
OS=Windows_NT
PROCESSOR_IDENTIFIER=Intel64 Family 6 Model 58 Stepping 9, GenuineIntel
TMP=C:\Users\ahmed\AppData\Local\Temp
TEMP=C:\Users\ahmed\AppData\Local\Temp



---------------  S Y S T E M  ---------------

OS:
 Windows 11 , 64 bit Build 22621 (10.0.22621.457)
OS uptime: 0 days 12:31 hours

CPU: total 4 (initial active 4) (4 cores per cpu, 1 threads per core) family 6 model 58 stepping 9 microcode 0x21, cx8, cmov, fxsr, mmx, sse, sse2, sse3, ssse3, sse4.1, sse4.2, popcnt, tsc, tscinvbit, avx, aes, erms, clmul, vzeroupper, clflush

Memory: 4k page, system-wide physical 8066M (576M free)
TotalPageFile size 10114M (AvailPageFile size 11M)
current process WorkingSet (physical memory assigned to process): 260M, peak: 271M
current process commit charge ("private bytes"): 321M, peak: 328M

vm_info: OpenJDK 64-Bit Server VM (17.0.6+0-b2043.56-9586694) for windows-amd64 JRE (17.0.6+0-b2043.56-9586694), built on Feb  9 2023 20:06:20 by "androidbuild" with MS VC++ 16.10 / 16.11 (VS2019)

END.
