#
# There is insufficient memory for the Java Runtime Environment to continue.
# Native memory allocation (malloc) failed to allocate 32744 bytes for ChunkPool::allocate
# Possible reasons:
#   The system is out of physical RAM or swap space
#   The process is running with CompressedOops enabled, and the Java Heap may be blocking the growth of the native heap
# Possible solutions:
#   Reduce memory load on the system
#   Increase physical memory or swap space
#   Check if swap backing store is full
#   Decrease Java heap size (-Xmx/-Xms)
#   Decrease number of Java threads
#   Decrease Java thread stack sizes (-Xss)
#   Set larger code cache with -XX:ReservedCodeCacheSize=
#   JVM is running with Unscaled Compressed Oops mode in which the Java heap is
#     placed in the first 4GB address space. The Java Heap base address is the
#     maximum limit for the native heap growth. Please use -XX:HeapBaseMinAddress
#     to set the Java Heap base and to place the Java Heap above 4GB virtual address.
# This output file may be truncated or incomplete.
#
#  Out of Memory Error (arena.cpp:78), pid=13356, tid=5184
#
# JRE version: OpenJDK Runtime Environment (17.0.6) (build 17.0.6+0-b2043.56-9586694)
# Java VM: OpenJDK 64-Bit Server VM (17.0.6+0-b2043.56-9586694, mixed mode, tiered, compressed oops, compressed class ptrs, g1 gc, windows-amd64)
# No core dump will be written. Minidumps are not enabled by default on client versions of Windows
#

---------------  S U M M A R Y ------------

Command Line: --add-opens=java.base/java.util=ALL-UNNAMED --add-opens=java.base/java.lang=ALL-UNNAMED --add-opens=java.base/java.lang.invoke=ALL-UNNAMED --add-opens=java.prefs/java.util.prefs=ALL-UNNAMED --add-opens=java.base/java.nio.charset=ALL-UNNAMED --add-opens=java.base/java.net=ALL-UNNAMED --add-opens=java.base/java.util.concurrent.atomic=ALL-UNNAMED -Xmx2048m -Dfile.encoding=UTF-8 -Duser.country=US -Duser.language=en -Duser.variant org.gradle.launcher.daemon.bootstrap.GradleDaemon 8.0

Host: Intel(R) Core(TM) i5-3570 CPU @ 3.40GHz, 4 cores, 7G,  Windows 11 , 64 bit Build 22621 (10.0.22621.457)
Time: Sun May 21 20:52:02 2023 Egypt Standard Time elapsed time: 120.074611 seconds (0d 0h 2m 0s)

---------------  T H R E A D  ---------------

Current thread (0x000001e6b1057790):  JavaThread "C2 CompilerThread0" daemon [_thread_in_native, id=5184, stack(0x000000424ae00000,0x000000424af00000)]


Current CompileTask:
C2: 120074 10952       4       java.net.URLClassLoader$1::run (5 bytes)

Stack: [0x000000424ae00000,0x000000424af00000]
Native frames: (J=compiled Java code, j=interpreted, Vv=VM code, C=native code)
V  [jvm.dll+0x683b4a]
V  [jvm.dll+0x842654]
V  [jvm.dll+0x843dfe]
V  [jvm.dll+0x844463]
V  [jvm.dll+0x249b75]
V  [jvm.dll+0xabecc]
V  [jvm.dll+0xac27c]
V  [jvm.dll+0x11f188]
V  [jvm.dll+0x6ad081]
V  [jvm.dll+0x1bd184]
V  [jvm.dll+0x21c359]
V  [jvm.dll+0x21b621]
V  [jvm.dll+0x1a4fdd]
V  [jvm.dll+0x22b098]
V  [jvm.dll+0x229159]
V  [jvm.dll+0x7f809c]
V  [jvm.dll+0x7f25fa]
V  [jvm.dll+0x682985]
C  [ucrtbase.dll+0x29363]
C  [KERNEL32.DLL+0x1244d]
C  [ntdll.dll+0x5df78]


---------------  P R O C E S S  ---------------

Threads class SMR info:
_java_thread_list=0x000001e6ba55e000, length=86, elements={
0x000001e695237980, 0x000001e6b1036260, 0x000001e6b1036e10, 0x000001e6b1023630,
0x000001e6b1055750, 0x000001e6b1056100, 0x000001e6b1056ab0, 0x000001e6b1057790,
0x000001e6b105b730, 0x000001e6b105e1c0, 0x000001e6b11d81b0, 0x000001e6b11dc6a0,
0x000001e6b26c7cd0, 0x000001e6b1662d70, 0x000001e6b2503d50, 0x000001e6b2501170,
0x000001e6b2ac3d70, 0x000001e6b2c4aae0, 0x000001e6b2c3f7f0, 0x000001e6b2ba6710,
0x000001e6b2ba6240, 0x000001e6b2ba6be0, 0x000001e6b2ba9730, 0x000001e6b2ba7580,
0x000001e6b2ba7a50, 0x000001e6b2ba9c00, 0x000001e6b2ba70b0, 0x000001e6b2ba83f0,
0x000001e6b2ba8d90, 0x000001e6b2ba9260, 0x000001e6b3fef5c0, 0x000001e6b3feddb0,
0x000001e6b3ff0430, 0x000001e6b3fead90, 0x000001e6b3fe9a50, 0x000001e6b3fefa90,
0x000001e6b3fef0f0, 0x000001e6b3fec5a0, 0x000001e6b3fea3f0, 0x000001e6b3fee280,
0x000001e6b3fee750, 0x000001e6b3fe90b0, 0x000001e6b3febc00, 0x000001e6b3fe9580,
0x000001e6b3feca70, 0x000001e6b3fea8c0, 0x000001e6b3feb730, 0x000001e6b3fed8e0,
0x000001e6b3fec0d0, 0x000001e6b3fecf40, 0x000001e6b13cf5e0, 0x000001e6b13d1790,
0x000001e6b13d2600, 0x000001e6b13d1c60, 0x000001e6b13d2ad0, 0x000001e6b13cfab0,
0x000001e6b13d3940, 0x000001e6b13ccf60, 0x000001e6b13cd430, 0x000001e6b13d12c0,
0x000001e6b13cec40, 0x000001e6b13d2fa0, 0x000001e6b13d3470, 0x000001e6b13cff80,
0x000001e6b13cf110, 0x000001e6b13d3e10, 0x000001e6b13d2130, 0x000001e6b13d42e0,
0x000001e6b13cca90, 0x000001e6b13d0450, 0x000001e6b13cd900, 0x000001e6b13d0920,
0x000001e6b13cddd0, 0x000001e6b13d0df0, 0x000001e6b13ce2a0, 0x000001e6b13ce770,
0x000001e6b5d9d6d0, 0x000001e6b5da4580, 0x000001e6b5da23d0, 0x000001e6b5da28a0,
0x000001e6b5d9eee0, 0x000001e6b5d9fd50, 0x000001e6b5da0220, 0x000001e6b5da06f0,
0x000001e6b5da0bc0, 0x000001e6b858b180
}

Java Threads: ( => current thread )
  0x000001e695237980 JavaThread "main" [_thread_blocked, id=6080, stack(0x000000424a100000,0x000000424a200000)]
  0x000001e6b1036260 JavaThread "Reference Handler" daemon [_thread_blocked, id=11796, stack(0x000000424a800000,0x000000424a900000)]
  0x000001e6b1036e10 JavaThread "Finalizer" daemon [_thread_blocked, id=904, stack(0x000000424a900000,0x000000424aa00000)]
  0x000001e6b1023630 JavaThread "Signal Dispatcher" daemon [_thread_blocked, id=13540, stack(0x000000424aa00000,0x000000424ab00000)]
  0x000001e6b1055750 JavaThread "Attach Listener" daemon [_thread_blocked, id=14728, stack(0x000000424ab00000,0x000000424ac00000)]
  0x000001e6b1056100 JavaThread "Service Thread" daemon [_thread_blocked, id=10448, stack(0x000000424ac00000,0x000000424ad00000)]
  0x000001e6b1056ab0 JavaThread "Monitor Deflation Thread" daemon [_thread_blocked, id=10412, stack(0x000000424ad00000,0x000000424ae00000)]
=>0x000001e6b1057790 JavaThread "C2 CompilerThread0" daemon [_thread_in_native, id=5184, stack(0x000000424ae00000,0x000000424af00000)]
  0x000001e6b105b730 JavaThread "C1 CompilerThread0" daemon [_thread_blocked, id=8380, stack(0x000000424af00000,0x000000424b000000)]
  0x000001e6b105e1c0 JavaThread "Sweeper thread" daemon [_thread_blocked, id=15044, stack(0x000000424b000000,0x000000424b100000)]
  0x000001e6b11d81b0 JavaThread "Common-Cleaner" daemon [_thread_blocked, id=14468, stack(0x000000424b100000,0x000000424b200000)]
  0x000001e6b11dc6a0 JavaThread "Notification Thread" daemon [_thread_blocked, id=9892, stack(0x000000424b200000,0x000000424b300000)]
  0x000001e6b26c7cd0 JavaThread "Daemon health stats" [_thread_blocked, id=13448, stack(0x000000424b700000,0x000000424b800000)]
  0x000001e6b1662d70 JavaThread "Incoming local TCP Connector on port 56482" [_thread_in_native, id=14812, stack(0x000000424b800000,0x000000424b900000)]
  0x000001e6b2503d50 JavaThread "Daemon periodic checks" [_thread_blocked, id=14164, stack(0x000000424b900000,0x000000424ba00000)]
  0x000001e6b2501170 JavaThread "Daemon" [_thread_blocked, id=6156, stack(0x000000424ba00000,0x000000424bb00000)]
  0x000001e6b2ac3d70 JavaThread "Handler for socket connection from /127.0.0.1:56482 to /127.0.0.1:56483" [_thread_in_native, id=14328, stack(0x000000424bb00000,0x000000424bc00000)]
  0x000001e6b2c4aae0 JavaThread "Cancel handler" [_thread_blocked, id=12760, stack(0x000000424bc00000,0x000000424bd00000)]
  0x000001e6b2c3f7f0 JavaThread "Daemon worker" [_thread_in_vm, id=5204, stack(0x000000424bd00000,0x000000424be00000)]
  0x000001e6b2ba6710 JavaThread "Asynchronous log dispatcher for DefaultDaemonConnection: socket connection from /127.0.0.1:56482 to /127.0.0.1:56483" [_thread_blocked, id=12188, stack(0x000000424be00000,0x000000424bf00000)]
  0x000001e6b2ba6240 JavaThread "Daemon client event forwarder" [_thread_blocked, id=11724, stack(0x000000424c000000,0x000000424c100000)]
  0x000001e6b2ba6be0 JavaThread "Cache worker for journal cache (C:\Users\ahmed\.gradle\caches\journal-1)" [_thread_blocked, id=10956, stack(0x000000424c100000,0x000000424c200000)]
  0x000001e6b2ba9730 JavaThread "File lock request listener" [_thread_in_native, id=124, stack(0x000000424c200000,0x000000424c300000)]
  0x000001e6b2ba7580 JavaThread "Cache worker for file hash cache (C:\Users\ahmed\.gradle\caches\8.0\fileHashes)" [_thread_blocked, id=10076, stack(0x000000424c300000,0x000000424c400000)]
  0x000001e6b2ba7a50 JavaThread "File watcher server" daemon [_thread_in_native, id=6960, stack(0x000000424c400000,0x000000424c500000)]
  0x000001e6b2ba9c00 JavaThread "File watcher consumer" daemon [_thread_blocked, id=8756, stack(0x000000424c500000,0x000000424c600000)]
  0x000001e6b2ba70b0 JavaThread "jar transforms" [_thread_blocked, id=13964, stack(0x000000424c600000,0x000000424c700000)]
  0x000001e6b2ba83f0 JavaThread "jar transforms Thread 2" [_thread_blocked, id=9316, stack(0x000000424c700000,0x000000424c800000)]
  0x000001e6b2ba8d90 JavaThread "jar transforms Thread 3" [_thread_blocked, id=14316, stack(0x000000424c800000,0x000000424c900000)]
  0x000001e6b2ba9260 JavaThread "jar transforms Thread 4" [_thread_blocked, id=10684, stack(0x000000424c900000,0x000000424ca00000)]
  0x000001e6b3fef5c0 JavaThread "Cache worker for checksums cache (C:\Users\ahmed\StudioProjects\project-collage\.gradle\8.0\checksums)" [_thread_blocked, id=14596, stack(0x000000424ca00000,0x000000424cb00000)]
  0x000001e6b3feddb0 JavaThread "Cache worker for cache directory md-rule (C:\Users\ahmed\.gradle\caches\8.0\md-rule)" [_thread_blocked, id=11956, stack(0x000000424cb00000,0x000000424cc00000)]
  0x000001e6b3ff0430 JavaThread "Cache worker for file content cache (C:\Users\ahmed\.gradle\caches\8.0\fileContent)" [_thread_blocked, id=9324, stack(0x000000424cc00000,0x000000424cd00000)]
  0x000001e6b3fead90 JavaThread "Cache worker for file hash cache (C:\Users\ahmed\StudioProjects\project-collage\.gradle\8.0\fileHashes)" [_thread_blocked, id=11632, stack(0x000000424cd00000,0x000000424ce00000)]
  0x000001e6b3fe9a50 JavaThread "Cache worker for cache directory md-supplier (C:\Users\ahmed\.gradle\caches\8.0\md-supplier)" [_thread_blocked, id=5720, stack(0x000000424ce00000,0x000000424cf00000)]
  0x000001e6b3fefa90 JavaThread "Cache worker for execution history cache (C:\Users\ahmed\.gradle\caches\8.0\executionHistory)" [_thread_blocked, id=9064, stack(0x000000424cf00000,0x000000424d000000)]
  0x000001e6b3fef0f0 JavaThread "Cache worker for dependencies-accessors (C:\Users\ahmed\StudioProjects\project-collage\.gradle\8.0\dependencies-accessors)" [_thread_blocked, id=2412, stack(0x000000424d000000,0x000000424d100000)]
  0x000001e6b3fec5a0 JavaThread "Cache worker for Build Output Cleanup Cache (C:\Users\ahmed\StudioProjects\project-collage\.gradle\buildOutputCleanup)" [_thread_blocked, id=12156, stack(0x000000424d100000,0x000000424d200000)]
  0x000001e6b3fea3f0 JavaThread "Unconstrained build operations" [_thread_blocked, id=13992, stack(0x000000424d500000,0x000000424d600000)]
  0x000001e6b3fee280 JavaThread "Unconstrained build operations Thread 2" [_thread_blocked, id=13048, stack(0x000000424d600000,0x000000424d700000)]
  0x000001e6b3fee750 JavaThread "Unconstrained build operations Thread 3" [_thread_blocked, id=14536, stack(0x000000424d700000,0x000000424d800000)]
  0x000001e6b3fe90b0 JavaThread "Unconstrained build operations Thread 4" [_thread_blocked, id=9752, stack(0x000000424d800000,0x000000424d900000)]
  0x000001e6b3febc00 JavaThread "Unconstrained build operations Thread 5" [_thread_blocked, id=15276, stack(0x000000424d900000,0x000000424da00000)]
  0x000001e6b3fe9580 JavaThread "Unconstrained build operations Thread 6" [_thread_blocked, id=12668, stack(0x000000424da00000,0x000000424db00000)]
  0x000001e6b3feca70 JavaThread "Unconstrained build operations Thread 7" [_thread_blocked, id=10068, stack(0x000000424db00000,0x000000424dc00000)]
  0x000001e6b3fea8c0 JavaThread "Unconstrained build operations Thread 8" [_thread_blocked, id=14104, stack(0x000000424dc00000,0x000000424dd00000)]
  0x000001e6b3feb730 JavaThread "Unconstrained build operations Thread 9" [_thread_blocked, id=10304, stack(0x000000424dd00000,0x000000424de00000)]
  0x000001e6b3fed8e0 JavaThread "Unconstrained build operations Thread 10" [_thread_blocked, id=14436, stack(0x000000424de00000,0x000000424df00000)]
  0x000001e6b3fec0d0 JavaThread "Unconstrained build operations Thread 11" [_thread_blocked, id=9768, stack(0x000000424df00000,0x000000424e000000)]
  0x000001e6b3fecf40 JavaThread "Unconstrained build operations Thread 12" [_thread_blocked, id=13064, stack(0x000000424e000000,0x000000424e100000)]
  0x000001e6b13cf5e0 JavaThread "Unconstrained build operations Thread 13" [_thread_blocked, id=10996, stack(0x000000424e100000,0x000000424e200000)]
  0x000001e6b13d1790 JavaThread "Unconstrained build operations Thread 14" [_thread_blocked, id=2128, stack(0x000000424e200000,0x000000424e300000)]
  0x000001e6b13d2600 JavaThread "Unconstrained build operations Thread 15" [_thread_blocked, id=10756, stack(0x000000424e300000,0x000000424e400000)]
  0x000001e6b13d1c60 JavaThread "Unconstrained build operations Thread 16" [_thread_blocked, id=12764, stack(0x000000424e400000,0x000000424e500000)]
  0x000001e6b13d2ad0 JavaThread "Unconstrained build operations Thread 17" [_thread_blocked, id=9204, stack(0x000000424e500000,0x000000424e600000)]
  0x000001e6b13cfab0 JavaThread "Unconstrained build operations Thread 18" [_thread_blocked, id=9880, stack(0x000000424e600000,0x000000424e700000)]
  0x000001e6b13d3940 JavaThread "Unconstrained build operations Thread 19" [_thread_blocked, id=8940, stack(0x000000424e700000,0x000000424e800000)]
  0x000001e6b13ccf60 JavaThread "Unconstrained build operations Thread 20" [_thread_blocked, id=14304, stack(0x000000424e800000,0x000000424e900000)]
  0x000001e6b13cd430 JavaThread "Unconstrained build operations Thread 21" [_thread_blocked, id=10372, stack(0x000000424e900000,0x000000424ea00000)]
  0x000001e6b13d12c0 JavaThread "Unconstrained build operations Thread 22" [_thread_blocked, id=5992, stack(0x000000424ea00000,0x000000424eb00000)]
  0x000001e6b13cec40 JavaThread "Unconstrained build operations Thread 23" [_thread_blocked, id=9544, stack(0x000000424eb00000,0x000000424ec00000)]
  0x000001e6b13d2fa0 JavaThread "Unconstrained build operations Thread 24" [_thread_blocked, id=15020, stack(0x000000424ec00000,0x000000424ed00000)]
  0x000001e6b13d3470 JavaThread "Unconstrained build operations Thread 25" [_thread_blocked, id=13856, stack(0x000000424ed00000,0x000000424ee00000)]
  0x000001e6b13cff80 JavaThread "Unconstrained build operations Thread 26" [_thread_blocked, id=10532, stack(0x000000424ee00000,0x000000424ef00000)]
  0x000001e6b13cf110 JavaThread "Unconstrained build operations Thread 27" [_thread_blocked, id=14952, stack(0x000000424ef00000,0x000000424f000000)]
  0x000001e6b13d3e10 JavaThread "Unconstrained build operations Thread 28" [_thread_blocked, id=7780, stack(0x000000424f000000,0x000000424f100000)]
  0x000001e6b13d2130 JavaThread "Unconstrained build operations Thread 29" [_thread_blocked, id=14472, stack(0x000000424f100000,0x000000424f200000)]
  0x000001e6b13d42e0 JavaThread "Unconstrained build operations Thread 30" [_thread_blocked, id=15040, stack(0x000000424f200000,0x000000424f300000)]
  0x000001e6b13cca90 JavaThread "Unconstrained build operations Thread 31" [_thread_blocked, id=14176, stack(0x000000424f300000,0x000000424f400000)]
  0x000001e6b13d0450 JavaThread "Unconstrained build operations Thread 32" [_thread_blocked, id=8300, stack(0x000000424f400000,0x000000424f500000)]
  0x000001e6b13cd900 JavaThread "Unconstrained build operations Thread 33" [_thread_blocked, id=12272, stack(0x000000424f500000,0x000000424f600000)]
  0x000001e6b13d0920 JavaThread "Unconstrained build operations Thread 34" [_thread_blocked, id=3476, stack(0x000000424f600000,0x000000424f700000)]
  0x000001e6b13cddd0 JavaThread "Unconstrained build operations Thread 35" [_thread_blocked, id=8184, stack(0x000000424f700000,0x000000424f800000)]
  0x000001e6b13d0df0 JavaThread "Unconstrained build operations Thread 36" [_thread_blocked, id=11116, stack(0x000000424f800000,0x000000424f900000)]
  0x000001e6b13ce2a0 JavaThread "Unconstrained build operations Thread 37" [_thread_blocked, id=13040, stack(0x000000424f900000,0x000000424fa00000)]
  0x000001e6b13ce770 JavaThread "Unconstrained build operations Thread 38" [_thread_blocked, id=13872, stack(0x000000424fa00000,0x000000424fb00000)]
  0x000001e6b5d9d6d0 JavaThread "Unconstrained build operations Thread 39" [_thread_blocked, id=12376, stack(0x000000424fb00000,0x000000424fc00000)]
  0x000001e6b5da4580 JavaThread "Unconstrained build operations Thread 40" [_thread_blocked, id=4108, stack(0x000000424fc00000,0x000000424fd00000)]
  0x000001e6b5da23d0 JavaThread "Memory manager" [_thread_blocked, id=12980, stack(0x0000004249e00000,0x0000004249f00000)]
  0x000001e6b5da28a0 JavaThread "included builds" [_thread_blocked, id=9264, stack(0x0000004249f00000,0x000000424a000000)]
  0x000001e6b5d9eee0 JavaThread "Execution worker" [_thread_blocked, id=2692, stack(0x000000424a000000,0x000000424a100000)]
  0x000001e6b5d9fd50 JavaThread "Execution worker Thread 2" [_thread_blocked, id=4264, stack(0x000000424bf00000,0x000000424c000000)]
  0x000001e6b5da0220 JavaThread "Execution worker Thread 3" [_thread_blocked, id=10696, stack(0x000000424fd00000,0x000000424fe00000)]
  0x000001e6b5da06f0 JavaThread "Cache worker for execution history cache (C:\Users\ahmed\StudioProjects\project-collage\.gradle\8.0\executionHistory)" [_thread_blocked, id=6608, stack(0x000000424fe00000,0x000000424ff00000)]
  0x000001e6b5da0bc0 JavaThread "idea-tooling-model-converter" [_thread_blocked, id=13900, stack(0x000000424ff00000,0x0000004250000000)]
  0x000001e6b858b180 JavaThread "C2 CompilerThread1" daemon [_thread_in_native, id=14532, stack(0x0000004250000000,0x0000004250100000)]

Other Threads:
  0x000001e6b0750ab0 VMThread "VM Thread" [stack: 0x000000424a700000,0x000000424a800000] [id=11756]
  0x000001e6b11deb80 WatcherThread [stack: 0x000000424b300000,0x000000424b400000] [id=12016]
  0x000001e695290f50 GCTaskThread "GC Thread#0" [stack: 0x000000424a200000,0x000000424a300000] [id=2488]
  0x000001e6b18cba00 GCTaskThread "GC Thread#1" [stack: 0x000000424b400000,0x000000424b500000] [id=7216]
  0x000001e6b18cbcb0 GCTaskThread "GC Thread#2" [stack: 0x000000424b500000,0x000000424b600000] [id=2956]
  0x000001e6b18399d0 GCTaskThread "GC Thread#3" [stack: 0x000000424b600000,0x000000424b700000] [id=10320]
  0x000001e6952a3000 ConcurrentGCThread "G1 Main Marker" [stack: 0x000000424a300000,0x000000424a400000] [id=14564]
  0x000001e6952a41b0 ConcurrentGCThread "G1 Conc#0" [stack: 0x000000424a400000,0x000000424a500000] [id=12584]
  0x000001e6b05f9570 ConcurrentGCThread "G1 Refine#0" [stack: 0x000000424a500000,0x000000424a600000] [id=7792]
  0x000001e6b05fce50 ConcurrentGCThread "G1 Service" [stack: 0x000000424a600000,0x000000424a700000] [id=10904]

Threads with active compile tasks:
C2 CompilerThread0   120441 10952       4       java.net.URLClassLoader$1::run (5 bytes)
C2 CompilerThread1   120441 10953   !   4       java.net.URLClassLoader$1::run (81 bytes)

VM state: not at safepoint (normal execution)

VM Mutex/Monitor currently owned by a thread: None

Heap address: 0x0000000080000000, size: 2048 MB, Compressed Oops mode: 32-bit

CDS archive(s) not mapped
Compressed class space mapped at: 0x0000000100000000-0x0000000140000000, reserved size: 1073741824
Narrow klass base: 0x0000000000000000, Narrow klass shift: 3, Narrow klass range: 0x140000000

GC Precious Log:
 CPUs: 4 total, 4 available
 Memory: 8066M
 Large Page Support: Disabled
 NUMA Support: Disabled
 Compressed Oops: Enabled (32-bit)
 Heap Region Size: 1M
 Heap Min Capacity: 8M
 Heap Initial Capacity: 128M
 Heap Max Capacity: 2G
 Pre-touch: Disabled
 Parallel Workers: 4
 Concurrent Workers: 1
 Concurrent Refinement Workers: 4
 Periodic GC: Disabled

Heap:
 garbage-first heap   total 302080K, used 201119K [0x0000000080000000, 0x0000000100000000)
  region size 1024K, 25 young (25600K), 2 survivors (2048K)
 Metaspace       used 101859K, committed 102720K, reserved 1138688K
  class space    used 13873K, committed 14272K, reserved 1048576K

Heap Regions: E=young(eden), S=young(survivor), O=old, HS=humongous(starts), HC=humongous(continues), CS=collection set, F=free, OA=open archive, CA=closed archive, TAMS=top-at-mark-start (previous, next)
|   0|0x0000000080000000, 0x0000000080100000, 0x0000000080100000|100%| O|  |TAMS 0x0000000080100000, 0x0000000080000000| Untracked 
|   1|0x0000000080100000, 0x0000000080200000, 0x0000000080200000|100%| O|  |TAMS 0x0000000080200000, 0x0000000080100000| Untracked 
|   2|0x0000000080200000, 0x0000000080300000, 0x0000000080300000|100%|HS|  |TAMS 0x0000000080300000, 0x0000000080200000| Complete 
|   3|0x0000000080300000, 0x0000000080400000, 0x0000000080400000|100%|HC|  |TAMS 0x0000000080400000, 0x0000000080300000| Complete 
|   4|0x0000000080400000, 0x0000000080500000, 0x0000000080500000|100%|HC|  |TAMS 0x0000000080500000, 0x0000000080400000| Complete 
|   5|0x0000000080500000, 0x0000000080600000, 0x0000000080600000|100%|HC|  |TAMS 0x0000000080600000, 0x0000000080500000| Complete 
|   6|0x0000000080600000, 0x0000000080700000, 0x0000000080700000|100%| O|  |TAMS 0x0000000080700000, 0x0000000080600000| Untracked 
|   7|0x0000000080700000, 0x0000000080800000, 0x0000000080800000|100%| O|  |TAMS 0x0000000080800000, 0x0000000080700000| Untracked 
|   8|0x0000000080800000, 0x0000000080900000, 0x0000000080900000|100%| O|  |TAMS 0x0000000080900000, 0x0000000080800000| Untracked 
|   9|0x0000000080900000, 0x0000000080a00000, 0x0000000080a00000|100%| O|  |TAMS 0x0000000080a00000, 0x0000000080900000| Untracked 
|  10|0x0000000080a00000, 0x0000000080b00000, 0x0000000080b00000|100%| O|  |TAMS 0x0000000080b00000, 0x0000000080a00000| Untracked 
|  11|0x0000000080b00000, 0x0000000080c00000, 0x0000000080c00000|100%| O|  |TAMS 0x0000000080c00000, 0x0000000080b00000| Untracked 
|  12|0x0000000080c00000, 0x0000000080d00000, 0x0000000080d00000|100%| O|  |TAMS 0x0000000080d00000, 0x0000000080c00000| Untracked 
|  13|0x0000000080d00000, 0x0000000080e00000, 0x0000000080e00000|100%| O|  |TAMS 0x0000000080e00000, 0x0000000080d00000| Untracked 
|  14|0x0000000080e00000, 0x0000000080f00000, 0x0000000080f00000|100%| O|  |TAMS 0x0000000080f00000, 0x0000000080e00000| Untracked 
|  15|0x0000000080f00000, 0x0000000081000000, 0x0000000081000000|100%| O|  |TAMS 0x0000000081000000, 0x0000000080f00000| Untracked 
|  16|0x0000000081000000, 0x0000000081100000, 0x0000000081100000|100%| O|  |TAMS 0x0000000081100000, 0x0000000081000000| Untracked 
|  17|0x0000000081100000, 0x0000000081200000, 0x0000000081200000|100%| O|  |TAMS 0x0000000081200000, 0x0000000081100000| Untracked 
|  18|0x0000000081200000, 0x0000000081300000, 0x0000000081300000|100%| O|  |TAMS 0x0000000081300000, 0x0000000081200000| Untracked 
|  19|0x0000000081300000, 0x0000000081400000, 0x0000000081400000|100%| O|  |TAMS 0x0000000081400000, 0x0000000081300000| Untracked 
|  20|0x0000000081400000, 0x0000000081500000, 0x0000000081500000|100%| O|  |TAMS 0x0000000081500000, 0x0000000081400000| Untracked 
|  21|0x0000000081500000, 0x0000000081600000, 0x0000000081600000|100%| O|  |TAMS 0x0000000081600000, 0x0000000081500000| Untracked 
|  22|0x0000000081600000, 0x0000000081700000, 0x0000000081700000|100%|HS|  |TAMS 0x0000000081700000, 0x0000000081600000| Complete 
|  23|0x0000000081700000, 0x0000000081800000, 0x0000000081800000|100%|HC|  |TAMS 0x0000000081800000, 0x0000000081700000| Complete 
|  24|0x0000000081800000, 0x0000000081900000, 0x0000000081900000|100%|HS|  |TAMS 0x0000000081900000, 0x0000000081800000| Complete 
|  25|0x0000000081900000, 0x0000000081a00000, 0x0000000081a00000|100%|HC|  |TAMS 0x0000000081a00000, 0x0000000081900000| Complete 
|  26|0x0000000081a00000, 0x0000000081b00000, 0x0000000081b00000|100%|HC|  |TAMS 0x0000000081b00000, 0x0000000081a00000| Complete 
|  27|0x0000000081b00000, 0x0000000081c00000, 0x0000000081c00000|100%|HS|  |TAMS 0x0000000081c00000, 0x0000000081b00000| Complete 
|  28|0x0000000081c00000, 0x0000000081d00000, 0x0000000081d00000|100%|HC|  |TAMS 0x0000000081d00000, 0x0000000081c00000| Complete 
|  29|0x0000000081d00000, 0x0000000081e00000, 0x0000000081e00000|100%|HC|  |TAMS 0x0000000081e00000, 0x0000000081d00000| Complete 
|  30|0x0000000081e00000, 0x0000000081f00000, 0x0000000081f00000|100%|HS|  |TAMS 0x0000000081f00000, 0x0000000081e00000| Complete 
|  31|0x0000000081f00000, 0x0000000082000000, 0x0000000082000000|100%|HC|  |TAMS 0x0000000082000000, 0x0000000081f00000| Complete 
|  32|0x0000000082000000, 0x0000000082100000, 0x0000000082100000|100%| O|  |TAMS 0x0000000082100000, 0x0000000082000000| Untracked 
|  33|0x0000000082100000, 0x0000000082200000, 0x0000000082200000|100%| O|  |TAMS 0x0000000082200000, 0x0000000082100000| Untracked 
|  34|0x0000000082200000, 0x0000000082300000, 0x0000000082300000|100%|HS|  |TAMS 0x0000000082300000, 0x0000000082200000| Complete 
|  35|0x0000000082300000, 0x0000000082400000, 0x0000000082400000|100%|HC|  |TAMS 0x0000000082400000, 0x0000000082300000| Complete 
|  36|0x0000000082400000, 0x0000000082500000, 0x0000000082500000|100%|HC|  |TAMS 0x0000000082500000, 0x0000000082400000| Complete 
|  37|0x0000000082500000, 0x0000000082600000, 0x0000000082600000|100%|HC|  |TAMS 0x0000000082600000, 0x0000000082500000| Complete 
|  38|0x0000000082600000, 0x0000000082700000, 0x0000000082700000|100%|HC|  |TAMS 0x0000000082700000, 0x0000000082600000| Complete 
|  39|0x0000000082700000, 0x0000000082800000, 0x0000000082800000|100%|HC|  |TAMS 0x0000000082800000, 0x0000000082700000| Complete 
|  40|0x0000000082800000, 0x0000000082900000, 0x0000000082900000|100%|HC|  |TAMS 0x0000000082900000, 0x0000000082800000| Complete 
|  41|0x0000000082900000, 0x0000000082a00000, 0x0000000082a00000|100%|HC|  |TAMS 0x0000000082a00000, 0x0000000082900000| Complete 
|  42|0x0000000082a00000, 0x0000000082b00000, 0x0000000082b00000|100%|HC|  |TAMS 0x0000000082b00000, 0x0000000082a00000| Complete 
|  43|0x0000000082b00000, 0x0000000082c00000, 0x0000000082c00000|100%|HC|  |TAMS 0x0000000082c00000, 0x0000000082b00000| Complete 
|  44|0x0000000082c00000, 0x0000000082d00000, 0x0000000082d00000|100%|HS|  |TAMS 0x0000000082d00000, 0x0000000082c00000| Complete 
|  45|0x0000000082d00000, 0x0000000082e00000, 0x0000000082e00000|100%|HC|  |TAMS 0x0000000082e00000, 0x0000000082d00000| Complete 
|  46|0x0000000082e00000, 0x0000000082f00000, 0x0000000082f00000|100%|HS|  |TAMS 0x0000000082f00000, 0x0000000082e00000| Complete 
|  47|0x0000000082f00000, 0x0000000083000000, 0x0000000083000000|100%|HC|  |TAMS 0x0000000083000000, 0x0000000082f00000| Complete 
|  48|0x0000000083000000, 0x0000000083100000, 0x0000000083100000|100%|HC|  |TAMS 0x0000000083100000, 0x0000000083000000| Complete 
|  49|0x0000000083100000, 0x0000000083200000, 0x0000000083200000|100%|HC|  |TAMS 0x0000000083200000, 0x0000000083100000| Complete 
|  50|0x0000000083200000, 0x0000000083300000, 0x0000000083300000|100%|HC|  |TAMS 0x0000000083300000, 0x0000000083200000| Complete 
|  51|0x0000000083300000, 0x0000000083400000, 0x0000000083400000|100%|HC|  |TAMS 0x0000000083400000, 0x0000000083300000| Complete 
|  52|0x0000000083400000, 0x0000000083500000, 0x0000000083500000|100%|HS|  |TAMS 0x0000000083500000, 0x0000000083400000| Complete 
|  53|0x0000000083500000, 0x0000000083600000, 0x0000000083600000|100%| O|  |TAMS 0x0000000083600000, 0x0000000083500000| Untracked 
|  54|0x0000000083600000, 0x0000000083700000, 0x0000000083700000|100%| O|  |TAMS 0x0000000083700000, 0x0000000083600000| Untracked 
|  55|0x0000000083700000, 0x0000000083800000, 0x0000000083800000|100%| O|  |TAMS 0x0000000083800000, 0x0000000083700000| Untracked 
|  56|0x0000000083800000, 0x0000000083900000, 0x0000000083900000|100%| O|  |TAMS 0x0000000083900000, 0x0000000083800000| Untracked 
|  57|0x0000000083900000, 0x0000000083a00000, 0x0000000083a00000|100%| O|  |TAMS 0x0000000083a00000, 0x0000000083900000| Untracked 
|  58|0x0000000083a00000, 0x0000000083b00000, 0x0000000083b00000|100%| O|  |TAMS 0x0000000083b00000, 0x0000000083a00000| Untracked 
|  59|0x0000000083b00000, 0x0000000083c00000, 0x0000000083c00000|100%| O|  |TAMS 0x0000000083c00000, 0x0000000083b00000| Untracked 
|  60|0x0000000083c00000, 0x0000000083d00000, 0x0000000083d00000|100%| O|  |TAMS 0x0000000083d00000, 0x0000000083c00000| Untracked 
|  61|0x0000000083d00000, 0x0000000083e00000, 0x0000000083e00000|100%| O|  |TAMS 0x0000000083e00000, 0x0000000083d00000| Untracked 
|  62|0x0000000083e00000, 0x0000000083f00000, 0x0000000083f00000|100%| O|  |TAMS 0x0000000083f00000, 0x0000000083e00000| Untracked 
|  63|0x0000000083f00000, 0x0000000084000000, 0x0000000084000000|100%| O|  |TAMS 0x0000000084000000, 0x0000000083f00000| Untracked 
|  64|0x0000000084000000, 0x0000000084100000, 0x0000000084100000|100%|HS|  |TAMS 0x0000000084100000, 0x0000000084000000| Complete 
|  65|0x0000000084100000, 0x0000000084200000, 0x0000000084200000|100%|HC|  |TAMS 0x0000000084200000, 0x0000000084100000| Complete 
|  66|0x0000000084200000, 0x0000000084300000, 0x0000000084300000|100%|HC|  |TAMS 0x0000000084300000, 0x0000000084200000| Complete 
|  67|0x0000000084300000, 0x0000000084400000, 0x0000000084400000|100%|HC|  |TAMS 0x0000000084400000, 0x0000000084300000| Complete 
|  68|0x0000000084400000, 0x0000000084500000, 0x0000000084500000|100%|HC|  |TAMS 0x0000000084500000, 0x0000000084400000| Complete 
|  69|0x0000000084500000, 0x0000000084600000, 0x0000000084600000|100%|HC|  |TAMS 0x0000000084600000, 0x0000000084500000| Complete 
|  70|0x0000000084600000, 0x0000000084700000, 0x0000000084700000|100%|HC|  |TAMS 0x0000000084700000, 0x0000000084600000| Complete 
|  71|0x0000000084700000, 0x0000000084800000, 0x0000000084800000|100%|HC|  |TAMS 0x0000000084800000, 0x0000000084700000| Complete 
|  72|0x0000000084800000, 0x0000000084900000, 0x0000000084900000|100%|HC|  |TAMS 0x0000000084900000, 0x0000000084800000| Complete 
|  73|0x0000000084900000, 0x0000000084a00000, 0x0000000084a00000|100%|HC|  |TAMS 0x0000000084a00000, 0x0000000084900000| Complete 
|  74|0x0000000084a00000, 0x0000000084b00000, 0x0000000084b00000|100%|HC|  |TAMS 0x0000000084b00000, 0x0000000084a00000| Complete 
|  75|0x0000000084b00000, 0x0000000084c00000, 0x0000000084c00000|100%| O|  |TAMS 0x0000000084c00000, 0x0000000084b00000| Untracked 
|  76|0x0000000084c00000, 0x0000000084d00000, 0x0000000084d00000|100%| O|  |TAMS 0x0000000084d00000, 0x0000000084c00000| Untracked 
|  77|0x0000000084d00000, 0x0000000084e00000, 0x0000000084e00000|100%|HS|  |TAMS 0x0000000084e00000, 0x0000000084d00000| Complete 
|  78|0x0000000084e00000, 0x0000000084f00000, 0x0000000084f00000|100%|HC|  |TAMS 0x0000000084f00000, 0x0000000084e00000| Complete 
|  79|0x0000000084f00000, 0x0000000085000000, 0x0000000085000000|100%|HS|  |TAMS 0x0000000085000000, 0x0000000084f00000| Complete 
|  80|0x0000000085000000, 0x0000000085100000, 0x0000000085100000|100%|HC|  |TAMS 0x0000000085100000, 0x0000000085000000| Complete 
|  81|0x0000000085100000, 0x0000000085200000, 0x0000000085200000|100%|HC|  |TAMS 0x0000000085200000, 0x0000000085100000| Complete 
|  82|0x0000000085200000, 0x0000000085300000, 0x0000000085300000|100%|HS|  |TAMS 0x0000000085300000, 0x0000000085200000| Complete 
|  83|0x0000000085300000, 0x0000000085400000, 0x0000000085400000|100%|HC|  |TAMS 0x0000000085400000, 0x0000000085300000| Complete 
|  84|0x0000000085400000, 0x0000000085500000, 0x0000000085500000|100%| O|  |TAMS 0x0000000085500000, 0x0000000085400000| Untracked 
|  85|0x0000000085500000, 0x0000000085600000, 0x0000000085600000|100%| O|  |TAMS 0x0000000085600000, 0x0000000085500000| Untracked 
|  86|0x0000000085600000, 0x0000000085700000, 0x0000000085700000|100%|HS|  |TAMS 0x0000000085700000, 0x0000000085600000| Complete 
|  87|0x0000000085700000, 0x0000000085800000, 0x0000000085800000|100%|HC|  |TAMS 0x0000000085800000, 0x0000000085700000| Complete 
|  88|0x0000000085800000, 0x0000000085900000, 0x0000000085900000|100%|HC|  |TAMS 0x0000000085900000, 0x0000000085800000| Complete 
|  89|0x0000000085900000, 0x0000000085a00000, 0x0000000085a00000|100%|HS|  |TAMS 0x0000000085a00000, 0x0000000085900000| Complete 
|  90|0x0000000085a00000, 0x0000000085b00000, 0x0000000085b00000|100%|HC|  |TAMS 0x0000000085b00000, 0x0000000085a00000| Complete 
|  91|0x0000000085b00000, 0x0000000085c00000, 0x0000000085c00000|100%|HC|  |TAMS 0x0000000085c00000, 0x0000000085b00000| Complete 
|  92|0x0000000085c00000, 0x0000000085d00000, 0x0000000085d00000|100%|HC|  |TAMS 0x0000000085d00000, 0x0000000085c00000| Complete 
|  93|0x0000000085d00000, 0x0000000085e00000, 0x0000000085e00000|100%|HC|  |TAMS 0x0000000085e00000, 0x0000000085d00000| Complete 
|  94|0x0000000085e00000, 0x0000000085f00000, 0x0000000085f00000|100%|HC|  |TAMS 0x0000000085f00000, 0x0000000085e00000| Complete 
|  95|0x0000000085f00000, 0x0000000086000000, 0x0000000086000000|100%|HS|  |TAMS 0x0000000086000000, 0x0000000085f00000| Complete 
|  96|0x0000000086000000, 0x0000000086100000, 0x0000000086100000|100%| O|  |TAMS 0x0000000086100000, 0x0000000086000000| Untracked 
|  97|0x0000000086100000, 0x0000000086200000, 0x0000000086200000|100%| O|  |TAMS 0x0000000086200000, 0x0000000086100000| Untracked 
|  98|0x0000000086200000, 0x0000000086300000, 0x0000000086300000|100%| O|  |TAMS 0x0000000086300000, 0x0000000086200000| Untracked 
|  99|0x0000000086300000, 0x0000000086400000, 0x0000000086400000|100%| O|  |TAMS 0x0000000086400000, 0x0000000086300000| Untracked 
| 100|0x0000000086400000, 0x0000000086500000, 0x0000000086500000|100%| O|  |TAMS 0x0000000086500000, 0x0000000086400000| Untracked 
| 101|0x0000000086500000, 0x0000000086600000, 0x0000000086600000|100%| O|  |TAMS 0x0000000086600000, 0x0000000086500000| Untracked 
| 102|0x0000000086600000, 0x0000000086700000, 0x0000000086700000|100%| O|  |TAMS 0x0000000086700000, 0x0000000086600000| Untracked 
| 103|0x0000000086700000, 0x0000000086800000, 0x0000000086800000|100%| O|  |TAMS 0x0000000086800000, 0x0000000086700000| Untracked 
| 104|0x0000000086800000, 0x0000000086900000, 0x0000000086900000|100%| O|  |TAMS 0x0000000086900000, 0x0000000086800000| Untracked 
| 105|0x0000000086900000, 0x0000000086a00000, 0x0000000086a00000|100%| O|  |TAMS 0x0000000086a00000, 0x0000000086900000| Untracked 
| 106|0x0000000086a00000, 0x0000000086b00000, 0x0000000086b00000|100%| O|  |TAMS 0x0000000086b00000, 0x0000000086a00000| Untracked 
| 107|0x0000000086b00000, 0x0000000086c00000, 0x0000000086c00000|100%| O|  |TAMS 0x0000000086c00000, 0x0000000086b00000| Untracked 
| 108|0x0000000086c00000, 0x0000000086d00000, 0x0000000086d00000|100%|HS|  |TAMS 0x0000000086d00000, 0x0000000086c00000| Complete 
| 109|0x0000000086d00000, 0x0000000086e00000, 0x0000000086e00000|100%|HS|  |TAMS 0x0000000086e00000, 0x0000000086d00000| Complete 
| 110|0x0000000086e00000, 0x0000000086e87c00, 0x0000000086f00000| 53%| O|  |TAMS 0x0000000086e00000, 0x0000000086e00000| Untracked 
| 111|0x0000000086f00000, 0x0000000087000000, 0x0000000087000000|100%| O|  |TAMS 0x0000000087000000, 0x0000000086f00000| Untracked 
| 112|0x0000000087000000, 0x0000000087100000, 0x0000000087100000|100%| O|  |TAMS 0x0000000087100000, 0x0000000087000000| Untracked 
| 113|0x0000000087100000, 0x0000000087200000, 0x0000000087200000|100%| O|  |TAMS 0x0000000087200000, 0x0000000087100000| Untracked 
| 114|0x0000000087200000, 0x0000000087300000, 0x0000000087300000|100%| O|  |TAMS 0x0000000087300000, 0x0000000087200000| Untracked 
| 115|0x0000000087300000, 0x0000000087400000, 0x0000000087400000|100%| O|  |TAMS 0x0000000087400000, 0x0000000087300000| Untracked 
| 116|0x0000000087400000, 0x0000000087500000, 0x0000000087500000|100%| O|  |TAMS 0x0000000087500000, 0x0000000087400000| Untracked 
| 117|0x0000000087500000, 0x0000000087600000, 0x0000000087600000|100%| O|  |TAMS 0x0000000087600000, 0x0000000087500000| Untracked 
| 118|0x0000000087600000, 0x0000000087600000, 0x0000000087700000|  0%| F|  |TAMS 0x0000000087600000, 0x0000000087600000| Untracked 
| 119|0x0000000087700000, 0x0000000087800000, 0x0000000087800000|100%| O|  |TAMS 0x0000000087800000, 0x0000000087700000| Untracked 
| 120|0x0000000087800000, 0x0000000087900000, 0x0000000087900000|100%| O|  |TAMS 0x0000000087900000, 0x0000000087800000| Untracked 
| 121|0x0000000087900000, 0x0000000087a00000, 0x0000000087a00000|100%| O|  |TAMS 0x0000000087a00000, 0x0000000087900000| Untracked 
| 122|0x0000000087a00000, 0x0000000087b00000, 0x0000000087b00000|100%|HS|  |TAMS 0x0000000087b00000, 0x0000000087a00000| Complete 
| 123|0x0000000087b00000, 0x0000000087c00000, 0x0000000087c00000|100%| O|  |TAMS 0x0000000087c00000, 0x0000000087b00000| Untracked 
| 124|0x0000000087c00000, 0x0000000087d00000, 0x0000000087d00000|100%| O|  |TAMS 0x0000000087d00000, 0x0000000087c00000| Untracked 
| 125|0x0000000087d00000, 0x0000000087e00000, 0x0000000087e00000|100%| O|  |TAMS 0x0000000087e00000, 0x0000000087d00000| Untracked 
| 126|0x0000000087e00000, 0x0000000087f00000, 0x0000000087f00000|100%| O|  |TAMS 0x0000000087f00000, 0x0000000087e00000| Untracked 
| 127|0x0000000087f00000, 0x0000000088000000, 0x0000000088000000|100%| O|  |TAMS 0x0000000088000000, 0x0000000087f00000| Untracked 
| 128|0x0000000088000000, 0x0000000088100000, 0x0000000088100000|100%| O|  |TAMS 0x0000000088100000, 0x0000000088000000| Untracked 
| 129|0x0000000088100000, 0x0000000088200000, 0x0000000088200000|100%| O|  |TAMS 0x0000000088200000, 0x0000000088100000| Untracked 
| 130|0x0000000088200000, 0x0000000088300000, 0x0000000088300000|100%| O|  |TAMS 0x0000000088300000, 0x0000000088200000| Untracked 
| 131|0x0000000088300000, 0x0000000088400000, 0x0000000088400000|100%| O|  |TAMS 0x0000000088400000, 0x0000000088300000| Untracked 
| 132|0x0000000088400000, 0x0000000088500000, 0x0000000088500000|100%| O|  |TAMS 0x0000000088500000, 0x0000000088400000| Untracked 
| 133|0x0000000088500000, 0x0000000088600000, 0x0000000088600000|100%| O|  |TAMS 0x0000000088600000, 0x0000000088500000| Untracked 
| 134|0x0000000088600000, 0x0000000088700000, 0x0000000088700000|100%|HS|  |TAMS 0x0000000088700000, 0x0000000088600000| Complete 
| 135|0x0000000088700000, 0x0000000088800000, 0x0000000088800000|100%|HC|  |TAMS 0x0000000088800000, 0x0000000088700000| Complete 
| 136|0x0000000088800000, 0x0000000088900000, 0x0000000088900000|100%|HS|  |TAMS 0x0000000088900000, 0x0000000088800000| Complete 
| 137|0x0000000088900000, 0x0000000088a00000, 0x0000000088a00000|100%|HC|  |TAMS 0x0000000088a00000, 0x0000000088900000| Complete 
| 138|0x0000000088a00000, 0x0000000088b00000, 0x0000000088b00000|100%|HC|  |TAMS 0x0000000088b00000, 0x0000000088a00000| Complete 
| 139|0x0000000088b00000, 0x0000000088c00000, 0x0000000088c00000|100%|HS|  |TAMS 0x0000000088c00000, 0x0000000088b00000| Complete 
| 140|0x0000000088c00000, 0x0000000088d00000, 0x0000000088d00000|100%|HC|  |TAMS 0x0000000088d00000, 0x0000000088c00000| Complete 
| 141|0x0000000088d00000, 0x0000000088e00000, 0x0000000088e00000|100%|HC|  |TAMS 0x0000000088e00000, 0x0000000088d00000| Complete 
| 142|0x0000000088e00000, 0x0000000088f00000, 0x0000000088f00000|100%|HS|  |TAMS 0x0000000088f00000, 0x0000000088e00000| Complete 
| 143|0x0000000088f00000, 0x0000000089000000, 0x0000000089000000|100%|HC|  |TAMS 0x0000000089000000, 0x0000000088f00000| Complete 
| 144|0x0000000089000000, 0x0000000089100000, 0x0000000089100000|100%|HS|  |TAMS 0x0000000089100000, 0x0000000089000000| Complete 
| 145|0x0000000089100000, 0x0000000089200000, 0x0000000089200000|100%|HC|  |TAMS 0x0000000089200000, 0x0000000089100000| Complete 
| 146|0x0000000089200000, 0x0000000089300000, 0x0000000089300000|100%|HC|  |TAMS 0x0000000089300000, 0x0000000089200000| Complete 
| 147|0x0000000089300000, 0x0000000089400000, 0x0000000089400000|100%|HC|  |TAMS 0x0000000089400000, 0x0000000089300000| Complete 
| 148|0x0000000089400000, 0x0000000089500000, 0x0000000089500000|100%|HC|  |TAMS 0x0000000089500000, 0x0000000089400000| Complete 
| 149|0x0000000089500000, 0x0000000089600000, 0x0000000089600000|100%|HC|  |TAMS 0x0000000089600000, 0x0000000089500000| Complete 
| 150|0x0000000089600000, 0x0000000089700000, 0x0000000089700000|100%|HC|  |TAMS 0x0000000089700000, 0x0000000089600000| Complete 
| 151|0x0000000089700000, 0x0000000089800000, 0x0000000089800000|100%|HC|  |TAMS 0x0000000089800000, 0x0000000089700000| Complete 
| 152|0x0000000089800000, 0x0000000089900000, 0x0000000089900000|100%|HC|  |TAMS 0x0000000089900000, 0x0000000089800000| Complete 
| 153|0x0000000089900000, 0x0000000089a00000, 0x0000000089a00000|100%|HC|  |TAMS 0x0000000089a00000, 0x0000000089900000| Complete 
| 154|0x0000000089a00000, 0x0000000089b00000, 0x0000000089b00000|100%|HS|  |TAMS 0x0000000089b00000, 0x0000000089a00000| Complete 
| 155|0x0000000089b00000, 0x0000000089c00000, 0x0000000089c00000|100%|HC|  |TAMS 0x0000000089c00000, 0x0000000089b00000| Complete 
| 156|0x0000000089c00000, 0x0000000089d00000, 0x0000000089d00000|100%|HS|  |TAMS 0x0000000089d00000, 0x0000000089c00000| Complete 
| 157|0x0000000089d00000, 0x0000000089e00000, 0x0000000089e00000|100%|HC|  |TAMS 0x0000000089e00000, 0x0000000089d00000| Complete 
| 158|0x0000000089e00000, 0x0000000089f00000, 0x0000000089f00000|100%|HC|  |TAMS 0x0000000089f00000, 0x0000000089e00000| Complete 
| 159|0x0000000089f00000, 0x000000008a000000, 0x000000008a000000|100%|HC|  |TAMS 0x000000008a000000, 0x0000000089f00000| Complete 
| 160|0x000000008a000000, 0x000000008a100000, 0x000000008a100000|100%|HC|  |TAMS 0x000000008a100000, 0x000000008a000000| Complete 
| 161|0x000000008a100000, 0x000000008a200000, 0x000000008a200000|100%|HC|  |TAMS 0x000000008a200000, 0x000000008a100000| Complete 
| 162|0x000000008a200000, 0x000000008a300000, 0x000000008a300000|100%| O|  |TAMS 0x000000008a300000, 0x000000008a200000| Untracked 
| 163|0x000000008a300000, 0x000000008a400000, 0x000000008a400000|100%| O|  |TAMS 0x000000008a400000, 0x000000008a300000| Untracked 
| 164|0x000000008a400000, 0x000000008a500000, 0x000000008a500000|100%| O|  |TAMS 0x000000008a500000, 0x000000008a400000| Untracked 
| 165|0x000000008a500000, 0x000000008a600000, 0x000000008a600000|100%| O|  |TAMS 0x000000008a600000, 0x000000008a500000| Untracked 
| 166|0x000000008a600000, 0x000000008a700000, 0x000000008a700000|100%| O|  |TAMS 0x000000008a700000, 0x000000008a600000| Untracked 
| 167|0x000000008a700000, 0x000000008a800000, 0x000000008a800000|100%| O|  |TAMS 0x000000008a800000, 0x000000008a700000| Untracked 
| 168|0x000000008a800000, 0x000000008a900000, 0x000000008a900000|100%| O|  |TAMS 0x000000008a900000, 0x000000008a800000| Untracked 
| 169|0x000000008a900000, 0x000000008a900000, 0x000000008aa00000|  0%| F|  |TAMS 0x000000008a900000, 0x000000008a900000| Untracked 
| 170|0x000000008aa00000, 0x000000008ab00000, 0x000000008ab00000|100%| O|  |TAMS 0x000000008ab00000, 0x000000008aa00000| Untracked 
| 171|0x000000008ab00000, 0x000000008ac00000, 0x000000008ac00000|100%| O|  |TAMS 0x000000008ac00000, 0x000000008ab00000| Untracked 
| 172|0x000000008ac00000, 0x000000008ad00000, 0x000000008ad00000|100%| O|  |TAMS 0x000000008ad00000, 0x000000008ac00000| Untracked 
| 173|0x000000008ad00000, 0x000000008ae00000, 0x000000008ae00000|100%| O|  |TAMS 0x000000008ae00000, 0x000000008ad00000| Untracked 
| 174|0x000000008ae00000, 0x000000008af00000, 0x000000008af00000|100%| O|  |TAMS 0x000000008ae25c00, 0x000000008ae00000| Untracked 
| 175|0x000000008af00000, 0x000000008af00000, 0x000000008b000000|  0%| F|  |TAMS 0x000000008af00000, 0x000000008af00000| Untracked 
| 176|0x000000008b000000, 0x000000008b000000, 0x000000008b100000|  0%| F|  |TAMS 0x000000008b000000, 0x000000008b000000| Untracked 
| 177|0x000000008b100000, 0x000000008b100000, 0x000000008b200000|  0%| F|  |TAMS 0x000000008b100000, 0x000000008b100000| Untracked 
| 178|0x000000008b200000, 0x000000008b200000, 0x000000008b300000|  0%| F|  |TAMS 0x000000008b200000, 0x000000008b200000| Untracked 
| 179|0x000000008b300000, 0x000000008b300000, 0x000000008b400000|  0%| F|  |TAMS 0x000000008b300000, 0x000000008b300000| Untracked 
| 180|0x000000008b400000, 0x000000008b400000, 0x000000008b500000|  0%| F|  |TAMS 0x000000008b400000, 0x000000008b400000| Untracked 
| 181|0x000000008b500000, 0x000000008b500000, 0x000000008b600000|  0%| F|  |TAMS 0x000000008b500000, 0x000000008b500000| Untracked 
| 182|0x000000008b600000, 0x000000008b600000, 0x000000008b700000|  0%| F|  |TAMS 0x000000008b600000, 0x000000008b600000| Untracked 
| 183|0x000000008b700000, 0x000000008b700000, 0x000000008b800000|  0%| F|  |TAMS 0x000000008b700000, 0x000000008b700000| Untracked 
| 184|0x000000008b800000, 0x000000008b800000, 0x000000008b900000|  0%| F|  |TAMS 0x000000008b800000, 0x000000008b800000| Untracked 
| 185|0x000000008b900000, 0x000000008b900000, 0x000000008ba00000|  0%| F|  |TAMS 0x000000008b900000, 0x000000008b900000| Untracked 
| 186|0x000000008ba00000, 0x000000008ba00000, 0x000000008bb00000|  0%| F|  |TAMS 0x000000008ba00000, 0x000000008ba00000| Untracked 
| 187|0x000000008bb00000, 0x000000008bb00000, 0x000000008bc00000|  0%| F|  |TAMS 0x000000008bb00000, 0x000000008bb00000| Untracked 
| 188|0x000000008bc00000, 0x000000008bc00000, 0x000000008bd00000|  0%| F|  |TAMS 0x000000008bc00000, 0x000000008bc00000| Untracked 
| 189|0x000000008bd00000, 0x000000008bd00000, 0x000000008be00000|  0%| F|  |TAMS 0x000000008bd00000, 0x000000008bd00000| Untracked 
| 190|0x000000008be00000, 0x000000008be00000, 0x000000008bf00000|  0%| F|  |TAMS 0x000000008be00000, 0x000000008be00000| Untracked 
| 191|0x000000008bf00000, 0x000000008bf00000, 0x000000008c000000|  0%| F|  |TAMS 0x000000008bf00000, 0x000000008bf00000| Untracked 
| 192|0x000000008c000000, 0x000000008c000000, 0x000000008c100000|  0%| F|  |TAMS 0x000000008c000000, 0x000000008c000000| Untracked 
| 193|0x000000008c100000, 0x000000008c100000, 0x000000008c200000|  0%| F|  |TAMS 0x000000008c100000, 0x000000008c100000| Untracked 
| 194|0x000000008c200000, 0x000000008c200000, 0x000000008c300000|  0%| F|  |TAMS 0x000000008c200000, 0x000000008c200000| Untracked 
| 195|0x000000008c300000, 0x000000008c300000, 0x000000008c400000|  0%| F|  |TAMS 0x000000008c300000, 0x000000008c300000| Untracked 
| 196|0x000000008c400000, 0x000000008c400000, 0x000000008c500000|  0%| F|  |TAMS 0x000000008c400000, 0x000000008c400000| Untracked 
| 197|0x000000008c500000, 0x000000008c500000, 0x000000008c600000|  0%| F|  |TAMS 0x000000008c500000, 0x000000008c500000| Untracked 
| 198|0x000000008c600000, 0x000000008c600000, 0x000000008c700000|  0%| F|  |TAMS 0x000000008c600000, 0x000000008c600000| Untracked 
| 199|0x000000008c700000, 0x000000008c700000, 0x000000008c800000|  0%| F|  |TAMS 0x000000008c700000, 0x000000008c700000| Untracked 
| 200|0x000000008c800000, 0x000000008c800000, 0x000000008c900000|  0%| F|  |TAMS 0x000000008c800000, 0x000000008c800000| Untracked 
| 201|0x000000008c900000, 0x000000008c900000, 0x000000008ca00000|  0%| F|  |TAMS 0x000000008c900000, 0x000000008c900000| Untracked 
| 202|0x000000008ca00000, 0x000000008ca00000, 0x000000008cb00000|  0%| F|  |TAMS 0x000000008ca00000, 0x000000008ca00000| Untracked 
| 203|0x000000008cb00000, 0x000000008cb00000, 0x000000008cc00000|  0%| F|  |TAMS 0x000000008cb00000, 0x000000008cb00000| Untracked 
| 204|0x000000008cc00000, 0x000000008cc00000, 0x000000008cd00000|  0%| F|  |TAMS 0x000000008cc00000, 0x000000008cc00000| Untracked 
| 205|0x000000008cd00000, 0x000000008cd00000, 0x000000008ce00000|  0%| F|  |TAMS 0x000000008cd00000, 0x000000008cd00000| Untracked 
| 206|0x000000008ce00000, 0x000000008ce00000, 0x000000008cf00000|  0%| F|  |TAMS 0x000000008ce00000, 0x000000008ce00000| Untracked 
| 207|0x000000008cf00000, 0x000000008cf00000, 0x000000008d000000|  0%| F|  |TAMS 0x000000008cf00000, 0x000000008cf00000| Untracked 
| 208|0x000000008d000000, 0x000000008d000000, 0x000000008d100000|  0%| F|  |TAMS 0x000000008d000000, 0x000000008d000000| Untracked 
| 209|0x000000008d100000, 0x000000008d100000, 0x000000008d200000|  0%| F|  |TAMS 0x000000008d100000, 0x000000008d100000| Untracked 
| 210|0x000000008d200000, 0x000000008d200000, 0x000000008d300000|  0%| F|  |TAMS 0x000000008d200000, 0x000000008d200000| Untracked 
| 211|0x000000008d300000, 0x000000008d300000, 0x000000008d400000|  0%| F|  |TAMS 0x000000008d300000, 0x000000008d300000| Untracked 
| 212|0x000000008d400000, 0x000000008d400000, 0x000000008d500000|  0%| F|  |TAMS 0x000000008d400000, 0x000000008d400000| Untracked 
| 213|0x000000008d500000, 0x000000008d500000, 0x000000008d600000|  0%| F|  |TAMS 0x000000008d500000, 0x000000008d500000| Untracked 
| 214|0x000000008d600000, 0x000000008d600000, 0x000000008d700000|  0%| F|  |TAMS 0x000000008d600000, 0x000000008d600000| Untracked 
| 215|0x000000008d700000, 0x000000008d700000, 0x000000008d800000|  0%| F|  |TAMS 0x000000008d700000, 0x000000008d700000| Untracked 
| 216|0x000000008d800000, 0x000000008d800000, 0x000000008d900000|  0%| F|  |TAMS 0x000000008d800000, 0x000000008d800000| Untracked 
| 217|0x000000008d900000, 0x000000008d900000, 0x000000008da00000|  0%| F|  |TAMS 0x000000008d900000, 0x000000008d900000| Untracked 
| 218|0x000000008da00000, 0x000000008da00000, 0x000000008db00000|  0%| F|  |TAMS 0x000000008da00000, 0x000000008da00000| Untracked 
| 219|0x000000008db00000, 0x000000008db00000, 0x000000008dc00000|  0%| F|  |TAMS 0x000000008db00000, 0x000000008db00000| Untracked 
| 220|0x000000008dc00000, 0x000000008dc00000, 0x000000008dd00000|  0%| F|  |TAMS 0x000000008dc00000, 0x000000008dc00000| Untracked 
| 221|0x000000008dd00000, 0x000000008dd00000, 0x000000008de00000|  0%| F|  |TAMS 0x000000008dd00000, 0x000000008dd00000| Untracked 
| 222|0x000000008de00000, 0x000000008de00000, 0x000000008df00000|  0%| F|  |TAMS 0x000000008de00000, 0x000000008de00000| Untracked 
| 223|0x000000008df00000, 0x000000008df00000, 0x000000008e000000|  0%| F|  |TAMS 0x000000008df00000, 0x000000008df00000| Untracked 
| 224|0x000000008e000000, 0x000000008e000000, 0x000000008e100000|  0%| F|  |TAMS 0x000000008e000000, 0x000000008e000000| Untracked 
| 225|0x000000008e100000, 0x000000008e100000, 0x000000008e200000|  0%| F|  |TAMS 0x000000008e100000, 0x000000008e100000| Untracked 
| 226|0x000000008e200000, 0x000000008e200000, 0x000000008e300000|  0%| F|  |TAMS 0x000000008e200000, 0x000000008e200000| Untracked 
| 227|0x000000008e300000, 0x000000008e300000, 0x000000008e400000|  0%| F|  |TAMS 0x000000008e300000, 0x000000008e300000| Untracked 
| 228|0x000000008e400000, 0x000000008e400000, 0x000000008e500000|  0%| F|  |TAMS 0x000000008e400000, 0x000000008e400000| Untracked 
| 229|0x000000008e500000, 0x000000008e500000, 0x000000008e600000|  0%| F|  |TAMS 0x000000008e500000, 0x000000008e500000| Untracked 
| 230|0x000000008e600000, 0x000000008e600000, 0x000000008e700000|  0%| F|  |TAMS 0x000000008e600000, 0x000000008e600000| Untracked 
| 231|0x000000008e700000, 0x000000008e700000, 0x000000008e800000|  0%| F|  |TAMS 0x000000008e700000, 0x000000008e700000| Untracked 
| 232|0x000000008e800000, 0x000000008e800000, 0x000000008e900000|  0%| F|  |TAMS 0x000000008e800000, 0x000000008e800000| Untracked 
| 233|0x000000008e900000, 0x000000008e900000, 0x000000008ea00000|  0%| F|  |TAMS 0x000000008e900000, 0x000000008e900000| Untracked 
| 234|0x000000008ea00000, 0x000000008ea00000, 0x000000008eb00000|  0%| F|  |TAMS 0x000000008ea00000, 0x000000008ea00000| Untracked 
| 235|0x000000008eb00000, 0x000000008eb00000, 0x000000008ec00000|  0%| F|  |TAMS 0x000000008eb00000, 0x000000008eb00000| Untracked 
| 236|0x000000008ec00000, 0x000000008ec00000, 0x000000008ed00000|  0%| F|  |TAMS 0x000000008ec00000, 0x000000008ec00000| Untracked 
| 237|0x000000008ed00000, 0x000000008ed00000, 0x000000008ee00000|  0%| F|  |TAMS 0x000000008ed00000, 0x000000008ed00000| Untracked 
| 238|0x000000008ee00000, 0x000000008ee00000, 0x000000008ef00000|  0%| F|  |TAMS 0x000000008ee00000, 0x000000008ee00000| Untracked 
| 239|0x000000008ef00000, 0x000000008ef00000, 0x000000008f000000|  0%| F|  |TAMS 0x000000008ef00000, 0x000000008ef00000| Untracked 
| 240|0x000000008f000000, 0x000000008f000000, 0x000000008f100000|  0%| F|  |TAMS 0x000000008f000000, 0x000000008f000000| Untracked 
| 241|0x000000008f100000, 0x000000008f100000, 0x000000008f200000|  0%| F|  |TAMS 0x000000008f100000, 0x000000008f100000| Untracked 
| 242|0x000000008f200000, 0x000000008f200000, 0x000000008f300000|  0%| F|  |TAMS 0x000000008f200000, 0x000000008f200000| Untracked 
| 243|0x000000008f300000, 0x000000008f300000, 0x000000008f400000|  0%| F|  |TAMS 0x000000008f300000, 0x000000008f300000| Untracked 
| 244|0x000000008f400000, 0x000000008f400000, 0x000000008f500000|  0%| F|  |TAMS 0x000000008f400000, 0x000000008f400000| Untracked 
| 245|0x000000008f500000, 0x000000008f500000, 0x000000008f600000|  0%| F|  |TAMS 0x000000008f500000, 0x000000008f500000| Untracked 
| 246|0x000000008f600000, 0x000000008f600000, 0x000000008f700000|  0%| F|  |TAMS 0x000000008f600000, 0x000000008f600000| Untracked 
| 247|0x000000008f700000, 0x000000008f700000, 0x000000008f800000|  0%| F|  |TAMS 0x000000008f700000, 0x000000008f700000| Untracked 
| 248|0x000000008f800000, 0x000000008f800000, 0x000000008f900000|  0%| F|  |TAMS 0x000000008f800000, 0x000000008f800000| Untracked 
| 249|0x000000008f900000, 0x000000008f900000, 0x000000008fa00000|  0%| F|  |TAMS 0x000000008f900000, 0x000000008f900000| Untracked 
| 250|0x000000008fa00000, 0x000000008fa00000, 0x000000008fb00000|  0%| F|  |TAMS 0x000000008fa00000, 0x000000008fa00000| Untracked 
| 251|0x000000008fb00000, 0x000000008fb00000, 0x000000008fc00000|  0%| F|  |TAMS 0x000000008fb00000, 0x000000008fb00000| Untracked 
| 252|0x000000008fc00000, 0x000000008fc00000, 0x000000008fd00000|  0%| F|  |TAMS 0x000000008fc00000, 0x000000008fc00000| Untracked 
| 253|0x000000008fd00000, 0x000000008fd00000, 0x000000008fe00000|  0%| F|  |TAMS 0x000000008fd00000, 0x000000008fd00000| Untracked 
| 254|0x000000008fe00000, 0x000000008fe00000, 0x000000008ff00000|  0%| F|  |TAMS 0x000000008fe00000, 0x000000008fe00000| Untracked 
| 255|0x000000008ff00000, 0x000000008ff00000, 0x0000000090000000|  0%| F|  |TAMS 0x000000008ff00000, 0x000000008ff00000| Untracked 
| 256|0x0000000090000000, 0x0000000090000000, 0x0000000090100000|  0%| F|  |TAMS 0x0000000090000000, 0x0000000090000000| Untracked 
| 257|0x0000000090100000, 0x0000000090100000, 0x0000000090200000|  0%| F|  |TAMS 0x0000000090100000, 0x0000000090100000| Untracked 
| 258|0x0000000090200000, 0x0000000090200000, 0x0000000090300000|  0%| F|  |TAMS 0x0000000090200000, 0x0000000090200000| Untracked 
| 259|0x0000000090300000, 0x0000000090300000, 0x0000000090400000|  0%| F|  |TAMS 0x0000000090300000, 0x0000000090300000| Untracked 
| 260|0x0000000090400000, 0x0000000090400000, 0x0000000090500000|  0%| F|  |TAMS 0x0000000090400000, 0x0000000090400000| Untracked 
| 261|0x0000000090500000, 0x0000000090500000, 0x0000000090600000|  0%| F|  |TAMS 0x0000000090500000, 0x0000000090500000| Untracked 
| 262|0x0000000090600000, 0x0000000090600000, 0x0000000090700000|  0%| F|  |TAMS 0x0000000090600000, 0x0000000090600000| Untracked 
| 263|0x0000000090700000, 0x0000000090700000, 0x0000000090800000|  0%| F|  |TAMS 0x0000000090700000, 0x0000000090700000| Untracked 
| 264|0x0000000090800000, 0x0000000090800000, 0x0000000090900000|  0%| F|  |TAMS 0x0000000090800000, 0x0000000090800000| Untracked 
| 265|0x0000000090900000, 0x0000000090900000, 0x0000000090a00000|  0%| F|  |TAMS 0x0000000090900000, 0x0000000090900000| Untracked 
| 266|0x0000000090a00000, 0x0000000090a00000, 0x0000000090b00000|  0%| F|  |TAMS 0x0000000090a00000, 0x0000000090a00000| Untracked 
| 267|0x0000000090b00000, 0x0000000090b00000, 0x0000000090c00000|  0%| F|  |TAMS 0x0000000090b00000, 0x0000000090b00000| Untracked 
| 268|0x0000000090c00000, 0x0000000090c00000, 0x0000000090d00000|  0%| F|  |TAMS 0x0000000090c00000, 0x0000000090c00000| Untracked 
| 269|0x0000000090d00000, 0x0000000090d00000, 0x0000000090e00000|  0%| F|  |TAMS 0x0000000090d00000, 0x0000000090d00000| Untracked 
| 270|0x0000000090e00000, 0x0000000090e226f0, 0x0000000090f00000| 13%| E|  |TAMS 0x0000000090e00000, 0x0000000090e00000| Complete 
| 271|0x0000000090f00000, 0x0000000091000000, 0x0000000091000000|100%| E|CS|TAMS 0x0000000090f00000, 0x0000000090f00000| Complete 
| 272|0x0000000091000000, 0x0000000091100000, 0x0000000091100000|100%| E|CS|TAMS 0x0000000091000000, 0x0000000091000000| Complete 
| 273|0x0000000091100000, 0x0000000091200000, 0x0000000091200000|100%| E|CS|TAMS 0x0000000091100000, 0x0000000091100000| Complete 
| 274|0x0000000091200000, 0x0000000091300000, 0x0000000091300000|100%| E|CS|TAMS 0x0000000091200000, 0x0000000091200000| Complete 
| 275|0x0000000091300000, 0x0000000091400000, 0x0000000091400000|100%| E|CS|TAMS 0x0000000091300000, 0x0000000091300000| Complete 
| 276|0x0000000091400000, 0x0000000091500000, 0x0000000091500000|100%| E|CS|TAMS 0x0000000091400000, 0x0000000091400000| Complete 
| 277|0x0000000091500000, 0x0000000091600000, 0x0000000091600000|100%| E|CS|TAMS 0x0000000091500000, 0x0000000091500000| Complete 
| 278|0x0000000091600000, 0x0000000091700000, 0x0000000091700000|100%| E|CS|TAMS 0x0000000091600000, 0x0000000091600000| Complete 
| 279|0x0000000091700000, 0x0000000091800000, 0x0000000091800000|100%| E|CS|TAMS 0x0000000091700000, 0x0000000091700000| Complete 
| 280|0x0000000091800000, 0x00000000918e0168, 0x0000000091900000| 87%| S|CS|TAMS 0x0000000091800000, 0x0000000091800000| Complete 
| 281|0x0000000091900000, 0x0000000091a00000, 0x0000000091a00000|100%| S|CS|TAMS 0x0000000091900000, 0x0000000091900000| Complete 
| 282|0x0000000091a00000, 0x0000000091b00000, 0x0000000091b00000|100%| E|CS|TAMS 0x0000000091a00000, 0x0000000091a00000| Complete 
| 283|0x0000000091b00000, 0x0000000091c00000, 0x0000000091c00000|100%| E|CS|TAMS 0x0000000091b00000, 0x0000000091b00000| Complete 
| 284|0x0000000091c00000, 0x0000000091d00000, 0x0000000091d00000|100%| E|CS|TAMS 0x0000000091c00000, 0x0000000091c00000| Complete 
| 285|0x0000000091d00000, 0x0000000091e00000, 0x0000000091e00000|100%| E|CS|TAMS 0x0000000091d00000, 0x0000000091d00000| Complete 
| 286|0x0000000091e00000, 0x0000000091f00000, 0x0000000091f00000|100%| E|CS|TAMS 0x0000000091e00000, 0x0000000091e00000| Complete 
| 287|0x0000000091f00000, 0x0000000092000000, 0x0000000092000000|100%| E|CS|TAMS 0x0000000091f00000, 0x0000000091f00000| Complete 
| 288|0x0000000092000000, 0x0000000092100000, 0x0000000092100000|100%| E|CS|TAMS 0x0000000092000000, 0x0000000092000000| Complete 
| 289|0x0000000092100000, 0x0000000092200000, 0x0000000092200000|100%| E|CS|TAMS 0x0000000092100000, 0x0000000092100000| Complete 
| 290|0x0000000092200000, 0x0000000092300000, 0x0000000092300000|100%| E|CS|TAMS 0x0000000092200000, 0x0000000092200000| Complete 
| 291|0x0000000092300000, 0x0000000092400000, 0x0000000092400000|100%| E|CS|TAMS 0x0000000092300000, 0x0000000092300000| Complete 
| 292|0x0000000092400000, 0x0000000092500000, 0x0000000092500000|100%| E|CS|TAMS 0x0000000092400000, 0x0000000092400000| Complete 
| 293|0x0000000092500000, 0x0000000092600000, 0x0000000092600000|100%| E|CS|TAMS 0x0000000092500000, 0x0000000092500000| Complete 
| 294|0x0000000092600000, 0x0000000092700000, 0x0000000092700000|100%| E|CS|TAMS 0x0000000092600000, 0x0000000092600000| Complete 

Card table byte_map: [0x000001e6a9900000,0x000001e6a9d00000] _byte_map_base: 0x000001e6a9500000

Marking Bits (Prev, Next): (CMBitMap*) 0x000001e695292570, (CMBitMap*) 0x000001e6952925b0
 Prev Bits: [0x000001e6aa100000, 0x000001e6ac100000)
 Next Bits: [0x000001e6ac100000, 0x000001e6ae100000)

Polling page: 0x000001e695300000

Metaspace:

Usage:
  Non-class:     85.92 MB used.
      Class:     13.55 MB used.
       Both:     99.47 MB used.

Virtual space:
  Non-class space:       88.00 MB reserved,      86.38 MB ( 98%) committed,  11 nodes.
      Class space:        1.00 GB reserved,      13.94 MB (  1%) committed,  1 nodes.
             Both:        1.09 GB reserved,     100.31 MB (  9%) committed. 

Chunk freelists:
   Non-Class:  1.17 MB
       Class:  2.11 MB
        Both:  3.28 MB

MaxMetaspaceSize: unlimited
CompressedClassSpaceSize: 1.00 GB
Initial GC threshold: 21.00 MB
Current GC threshold: 154.81 MB
CDS: off
MetaspaceReclaimPolicy: balanced
 - commit_granule_bytes: 65536.
 - commit_granule_words: 8192.
 - virtual_space_node_default_size: 1048576.
 - enlarge_chunks_in_place: 1.
 - new_chunks_are_fully_committed: 0.
 - uncommit_free_chunks: 1.
 - use_allocation_guard: 0.
 - handle_deallocations: 1.


Internal statistics:

num_allocs_failed_limit: 3.
num_arena_births: 962.
num_arena_deaths: 8.
num_vsnodes_births: 12.
num_vsnodes_deaths: 0.
num_space_committed: 1605.
num_space_uncommitted: 0.
num_chunks_returned_to_freelist: 22.
num_chunks_taken_from_freelist: 4654.
num_chunk_merges: 5.
num_chunk_splits: 3066.
num_chunks_enlarged: 2050.
num_purges: 8.
num_inconsistent_stats: 0.

CodeHeap 'non-profiled nmethods': size=120000Kb used=5933Kb max_used=5961Kb free=114066Kb
 bounds [0x000001e6a19b0000, 0x000001e6a1fb0000, 0x000001e6a8ee0000]
CodeHeap 'profiled nmethods': size=120000Kb used=17608Kb max_used=18198Kb free=102391Kb
 bounds [0x000001e699ee0000, 0x000001e69b0b0000, 0x000001e6a1410000]
CodeHeap 'non-nmethods': size=5760Kb used=2436Kb max_used=2496Kb free=3323Kb
 bounds [0x000001e6a1410000, 0x000001e6a1690000, 0x000001e6a19b0000]
 total_blobs=10275 nmethods=9299 adapters=886
 compilation: enabled
              stopped_count=0, restarted_count=0
 full_count=0

Compilation events (20 events):
Event: 119.699 Thread 0x000001e6b1057790 10952       4       java.net.URLClassLoader$1::run (5 bytes)
Event: 119.699 Thread 0x000001e6b858b180 10953   !   4       java.net.URLClassLoader$1::run (81 bytes)
Event: 119.711 Thread 0x000001e6b105b730 10955       3       sun.security.jca.ProviderList::getService (120 bytes)
Event: 119.712 Thread 0x000001e6b105b730 nmethod 10955 0x000001e69a3e6a10 code [0x000001e69a3e6cc0, 0x000001e69a3e7b08]
Event: 119.712 Thread 0x000001e6b105b730 10954   !   3       sun.security.jca.GetInstance::getInstance (130 bytes)
Event: 119.713 Thread 0x000001e6b105b730 nmethod 10954 0x000001e69a482690 code [0x000001e69a4829c0, 0x000001e69a483af8]
Event: 119.892 Thread 0x000001e6b105b730 10957       3       java.lang.System$2::getEnumConstantsShared (8 bytes)
Event: 119.892 Thread 0x000001e6b105b730 nmethod 10957 0x000001e69a3e6510 code [0x000001e69a3e66c0, 0x000001e69a3e68e8]
Event: 119.959 Thread 0x000001e6b105b730 10958   !   3       org.gradle.internal.resources.AbstractTrackedResourceLock::unlock (78 bytes)
Event: 119.960 Thread 0x000001e6b105b730 nmethod 10958 0x000001e69a09c490 code [0x000001e69a09c720, 0x000001e69a09d3d8]
Event: 119.960 Thread 0x000001e6b105b730 10959       3       org.gradle.internal.resources.AbstractResourceLockRegistry::lockAcquired (37 bytes)
Event: 119.960 Thread 0x000001e6b105b730 nmethod 10959 0x000001e69a481f90 code [0x000001e69a482160, 0x000001e69a4824e8]
Event: 119.960 Thread 0x000001e6b105b730 10960       3       org.gradle.internal.resources.DefaultResourceLockCoordinationService$DefaultResourceLockState::registerLocked (53 bytes)
Event: 119.961 Thread 0x000001e6b105b730 nmethod 10960 0x000001e69a09b810 code [0x000001e69a09ba20, 0x000001e69a09c238]
Event: 119.964 Thread 0x000001e6b105b730 10961       3       jdk.internal.loader.ClassLoaders::bootLoader (4 bytes)
Event: 119.964 Thread 0x000001e6b105b730 nmethod 10961 0x000001e69a3f5e10 code [0x000001e69a3f5fa0, 0x000001e69a3f6098]
Event: 119.989 Thread 0x000001e6b105b730 10962       3       com.sun.org.apache.xerces.internal.utils.XMLSecurityManager$Limit::is (35 bytes)
Event: 119.989 Thread 0x000001e6b105b730 nmethod 10962 0x000001e69a3e6010 code [0x000001e69a3e61c0, 0x000001e69a3e6438]
Event: 120.004 Thread 0x000001e6b105b730 10963       3       com.sun.org.apache.xerces.internal.util.XMLChar::isSpace (22 bytes)
Event: 120.004 Thread 0x000001e6b105b730 nmethod 10963 0x000001e69a481b90 code [0x000001e69a481d20, 0x000001e69a481ed8]

GC Heap History (20 events):
Event: 96.079 GC heap before
{Heap before GC invocations=59 (full 0):
 garbage-first heap   total 219136K, used 137277K [0x0000000080000000, 0x0000000100000000)
  region size 1024K, 10 young (10240K), 5 survivors (5120K)
 Metaspace       used 81275K, committed 81984K, reserved 1122304K
  class space    used 10811K, committed 11136K, reserved 1048576K
}
Event: 96.083 GC heap after
{Heap after GC invocations=60 (full 0):
 garbage-first heap   total 219136K, used 131610K [0x0000000080000000, 0x0000000100000000)
  region size 1024K, 1 young (1024K), 1 survivors (1024K)
 Metaspace       used 81275K, committed 81984K, reserved 1122304K
  class space    used 10811K, committed 11136K, reserved 1048576K
}
Event: 100.520 GC heap before
{Heap before GC invocations=60 (full 0):
 garbage-first heap   total 219136K, used 173594K [0x0000000080000000, 0x0000000100000000)
  region size 1024K, 42 young (43008K), 1 survivors (1024K)
 Metaspace       used 83509K, committed 84224K, reserved 1122304K
  class space    used 11141K, committed 11456K, reserved 1048576K
}
Event: 100.527 GC heap after
{Heap after GC invocations=61 (full 0):
 garbage-first heap   total 219136K, used 134172K [0x0000000080000000, 0x0000000100000000)
  region size 1024K, 4 young (4096K), 4 survivors (4096K)
 Metaspace       used 83509K, committed 84224K, reserved 1122304K
  class space    used 11141K, committed 11456K, reserved 1048576K
}
Event: 105.338 GC heap before
{Heap before GC invocations=62 (full 0):
 garbage-first heap   total 227328K, used 175132K [0x0000000080000000, 0x0000000100000000)
  region size 1024K, 44 young (45056K), 4 survivors (4096K)
 Metaspace       used 87663K, committed 88448K, reserved 1130496K
  class space    used 11894K, committed 12224K, reserved 1048576K
}
Event: 105.344 GC heap after
{Heap after GC invocations=63 (full 0):
 garbage-first heap   total 227328K, used 137008K [0x0000000080000000, 0x0000000100000000)
  region size 1024K, 6 young (6144K), 6 survivors (6144K)
 Metaspace       used 87663K, committed 88448K, reserved 1130496K
  class space    used 11894K, committed 12224K, reserved 1048576K
}
Event: 105.571 GC heap before
{Heap before GC invocations=63 (full 0):
 garbage-first heap   total 227328K, used 142128K [0x0000000080000000, 0x0000000100000000)
  region size 1024K, 11 young (11264K), 6 survivors (6144K)
 Metaspace       used 87737K, committed 88448K, reserved 1130496K
  class space    used 11907K, committed 12224K, reserved 1048576K
}
Event: 105.576 GC heap after
{Heap after GC invocations=64 (full 0):
 garbage-first heap   total 227328K, used 137016K [0x0000000080000000, 0x0000000100000000)
  region size 1024K, 1 young (1024K), 1 survivors (1024K)
 Metaspace       used 87737K, committed 88448K, reserved 1130496K
  class space    used 11907K, committed 12224K, reserved 1048576K
}
Event: 109.388 GC heap before
{Heap before GC invocations=64 (full 0):
 garbage-first heap   total 227328K, used 168760K [0x0000000080000000, 0x0000000100000000)
  region size 1024K, 33 young (33792K), 1 survivors (1024K)
 Metaspace       used 89642K, committed 90368K, reserved 1130496K
  class space    used 12177K, committed 12480K, reserved 1048576K
}
Event: 109.396 GC heap after
{Heap after GC invocations=65 (full 0):
 garbage-first heap   total 227328K, used 140552K [0x0000000080000000, 0x0000000100000000)
  region size 1024K, 5 young (5120K), 5 survivors (5120K)
 Metaspace       used 89642K, committed 90368K, reserved 1130496K
  class space    used 12177K, committed 12480K, reserved 1048576K
}
Event: 115.537 GC heap before
{Heap before GC invocations=66 (full 0):
 garbage-first heap   total 240640K, used 212232K [0x0000000080000000, 0x0000000100000000)
  region size 1024K, 47 young (48128K), 5 survivors (5120K)
 Metaspace       used 93059K, committed 93888K, reserved 1130496K
  class space    used 12688K, committed 13056K, reserved 1048576K
}
Event: 115.544 GC heap after
{Heap after GC invocations=67 (full 0):
 garbage-first heap   total 240640K, used 177098K [0x0000000080000000, 0x0000000100000000)
  region size 1024K, 6 young (6144K), 6 survivors (6144K)
 Metaspace       used 93059K, committed 93888K, reserved 1130496K
  class space    used 12688K, committed 13056K, reserved 1048576K
}
Event: 115.862 GC heap before
{Heap before GC invocations=67 (full 0):
 garbage-first heap   total 240640K, used 181194K [0x0000000080000000, 0x0000000100000000)
  region size 1024K, 11 young (11264K), 6 survivors (6144K)
 Metaspace       used 93484K, committed 94272K, reserved 1130496K
  class space    used 12726K, committed 13120K, reserved 1048576K
}
Event: 115.869 GC heap after
{Heap after GC invocations=68 (full 0):
 garbage-first heap   total 240640K, used 178031K [0x0000000080000000, 0x0000000100000000)
  region size 1024K, 1 young (1024K), 1 survivors (1024K)
 Metaspace       used 93484K, committed 94272K, reserved 1130496K
  class space    used 12726K, committed 13120K, reserved 1048576K
}
Event: 115.869 GC heap before
{Heap before GC invocations=68 (full 0):
 garbage-first heap   total 240640K, used 178031K [0x0000000080000000, 0x0000000100000000)
  region size 1024K, 2 young (2048K), 1 survivors (1024K)
 Metaspace       used 93484K, committed 94272K, reserved 1130496K
  class space    used 12726K, committed 13120K, reserved 1048576K
}
Event: 115.872 GC heap after
{Heap after GC invocations=69 (full 0):
 garbage-first heap   total 240640K, used 178063K [0x0000000080000000, 0x0000000100000000)
  region size 1024K, 1 young (1024K), 1 survivors (1024K)
 Metaspace       used 93484K, committed 94272K, reserved 1130496K
  class space    used 12726K, committed 13120K, reserved 1048576K
}
Event: 118.039 GC heap before
{Heap before GC invocations=70 (full 0):
 garbage-first heap   total 302080K, used 199567K [0x0000000080000000, 0x0000000100000000)
  region size 1024K, 21 young (21504K), 1 survivors (1024K)
 Metaspace       used 97258K, committed 98112K, reserved 1138688K
  class space    used 13189K, committed 13568K, reserved 1048576K
}
Event: 118.045 GC heap after
{Heap after GC invocations=71 (full 0):
 garbage-first heap   total 302080K, used 178208K [0x0000000080000000, 0x0000000100000000)
  region size 1024K, 1 young (1024K), 1 survivors (1024K)
 Metaspace       used 97258K, committed 98112K, reserved 1138688K
  class space    used 13189K, committed 13568K, reserved 1048576K
}
Event: 118.897 GC heap before
{Heap before GC invocations=71 (full 0):
 garbage-first heap   total 302080K, used 190496K [0x0000000080000000, 0x0000000100000000)
  region size 1024K, 14 young (14336K), 1 survivors (1024K)
 Metaspace       used 99739K, committed 100544K, reserved 1138688K
  class space    used 13520K, committed 13888K, reserved 1048576K
}
Event: 118.901 GC heap after
{Heap after GC invocations=72 (full 0):
 garbage-first heap   total 302080K, used 178591K [0x0000000080000000, 0x0000000100000000)
  region size 1024K, 2 young (2048K), 2 survivors (2048K)
 Metaspace       used 99739K, committed 100544K, reserved 1138688K
  class space    used 13520K, committed 13888K, reserved 1048576K
}

Dll operation events (2 events):
Event: 0.009 Loaded shared library C:\Program Files\Android\Android Studio\jbr\bin\java.dll
Event: 0.355 Loaded shared library C:\Program Files\Android\Android Studio\jbr\bin\verify.dll

Deoptimization events (20 events):
Event: 119.033 Thread 0x000001e6b2c3f7f0 Uncommon trap: trap_request=0xffffffc6 fr.pc=0x000001e6a1c2366c relative=0x00000000000008cc
Event: 119.033 Thread 0x000001e6b2c3f7f0 Uncommon trap: reason=bimorphic_or_optimized_type_check action=maybe_recompile pc=0x000001e6a1c2366c method=java.util.HashMap$TreeNode.find(ILjava/lang/Object;Ljava/lang/Class;)Ljava/util/HashMap$TreeNode; @ 68 c2
Event: 119.033 Thread 0x000001e6b2c3f7f0 DEOPT PACKING pc=0x000001e6a1c2366c sp=0x000000424bdf8790
Event: 119.033 Thread 0x000001e6b2c3f7f0 DEOPT UNPACKING pc=0x000001e6a14669a3 sp=0x000000424bdf8760 mode 2
Event: 119.033 Thread 0x000001e6b2c3f7f0 Uncommon trap: trap_request=0xfffffff4 fr.pc=0x000001e6a1f8d6e8 relative=0x000000000000a688
Event: 119.033 Thread 0x000001e6b2c3f7f0 Uncommon trap: reason=null_check action=make_not_entrant pc=0x000001e6a1f8d6e8 method=org.gradle.internal.instantiation.generator.AbstractClassGenerator$PropertyMetadata.addGetter(Lorg/gradle/internal/instantiation/generator/AbstractClassGenerator$MethodM
Event: 119.033 Thread 0x000001e6b2c3f7f0 DEOPT PACKING pc=0x000001e6a1f8d6e8 sp=0x000000424bdf8c00
Event: 119.033 Thread 0x000001e6b2c3f7f0 DEOPT UNPACKING pc=0x000001e6a14669a3 sp=0x000000424bdf8b68 mode 2
Event: 119.244 Thread 0x000001e6b2c3f7f0 Uncommon trap: trap_request=0xffffff76 fr.pc=0x000001e6a1ac81c0 relative=0x00000000000001a0
Event: 119.244 Thread 0x000001e6b2c3f7f0 Uncommon trap: reason=predicate action=maybe_recompile pc=0x000001e6a1ac81c0 method=java.util.LinkedHashMap.keysToArray([Ljava/lang/Object;)[Ljava/lang/Object; @ 12 c2
Event: 119.244 Thread 0x000001e6b2c3f7f0 DEOPT PACKING pc=0x000001e6a1ac81c0 sp=0x000000424bdf9100
Event: 119.244 Thread 0x000001e6b2c3f7f0 DEOPT UNPACKING pc=0x000001e6a14669a3 sp=0x000000424bdf90b8 mode 2
Event: 119.462 Thread 0x000001e6b2c3f7f0 DEOPT PACKING pc=0x000001e69ae886ce sp=0x000000424bdf9cf0
Event: 119.462 Thread 0x000001e6b2c3f7f0 DEOPT UNPACKING pc=0x000001e6a1467143 sp=0x000000424bdf9218 mode 0
Event: 119.466 Thread 0x000001e6b2c3f7f0 DEOPT PACKING pc=0x000001e69ae886ce sp=0x000000424bdf8010
Event: 119.466 Thread 0x000001e6b2c3f7f0 DEOPT UNPACKING pc=0x000001e6a1467143 sp=0x000000424bdf7538 mode 0
Event: 119.572 Thread 0x000001e6b2c3f7f0 Uncommon trap: trap_request=0xffffffd6 fr.pc=0x000001e6a1e73cd0 relative=0x0000000000001730
Event: 119.572 Thread 0x000001e6b2c3f7f0 Uncommon trap: reason=array_check action=maybe_recompile pc=0x000001e6a1e73cd0 method=java.util.TimSort.mergeLo(IIII)V @ 81 c2
Event: 119.572 Thread 0x000001e6b2c3f7f0 DEOPT PACKING pc=0x000001e6a1e73cd0 sp=0x000000424bdf8eb0
Event: 119.572 Thread 0x000001e6b2c3f7f0 DEOPT UNPACKING pc=0x000001e6a14669a3 sp=0x000000424bdf8e70 mode 2

Classes unloaded (20 events):
Event: 27.988 Thread 0x000001e6b0750ab0 Unloading class 0x0000000100704968 '_BuildScript_$_run_closure1$_closure2'
Event: 27.988 Thread 0x000001e6b0750ab0 Unloading class 0x0000000100704558 '_BuildScript_$_run_closure1'
Event: 27.988 Thread 0x000001e6b0750ab0 Unloading class 0x0000000100704000 '_BuildScript_'
Event: 47.551 Thread 0x000001e6b0750ab0 Unloading class 0x000000010071d2f0 '_BuildScript_'
Event: 47.551 Thread 0x000001e6b0750ab0 Unloading class 0x000000010071d000 'RegistryProcessor'
Event: 47.551 Thread 0x000001e6b0750ab0 Unloading class 0x000000010071cae0 'JetGradlePlugin$_apply_closure1$_closure2$_closure3'
Event: 47.551 Thread 0x000001e6b0750ab0 Unloading class 0x000000010071c6d0 'JetGradlePlugin$_apply_closure1$_closure2'
Event: 47.551 Thread 0x000001e6b0750ab0 Unloading class 0x000000010071c2c0 'JetGradlePlugin$_apply_closure1'
Event: 47.551 Thread 0x000001e6b0750ab0 Unloading class 0x000000010071c000 'JetGradlePlugin'
Event: 84.592 Thread 0x000001e6b0750ab0 Unloading class 0x0000000100908560 '_BuildScript_$_run_closure1'
Event: 84.592 Thread 0x000001e6b0750ab0 Unloading class 0x0000000100908000 '_BuildScript_'
Event: 100.627 Thread 0x000001e6b0750ab0 Unloading class 0x0000000100b00000 '_BuildScript_$_run_closure2'
Event: 100.627 Thread 0x000001e6b0750ab0 Unloading class 0x0000000100afb860 '_BuildScript_$_run_closure1$_closure6'
Event: 100.627 Thread 0x000001e6b0750ab0 Unloading class 0x0000000100afb450 '_BuildScript_$_run_closure1$_closure5'
Event: 100.627 Thread 0x000001e6b0750ab0 Unloading class 0x0000000100afb040 '_BuildScript_$_run_closure1$_closure4$_closure8'
Event: 100.627 Thread 0x000001e6b0750ab0 Unloading class 0x0000000100afac30 '_BuildScript_$_run_closure1$_closure4'
Event: 100.627 Thread 0x000001e6b0750ab0 Unloading class 0x0000000100afa820 '_BuildScript_$_run_closure1$_closure3$_closure7'
Event: 100.627 Thread 0x000001e6b0750ab0 Unloading class 0x0000000100afa410 '_BuildScript_$_run_closure1$_closure3'
Event: 100.627 Thread 0x000001e6b0750ab0 Unloading class 0x0000000100afa000 '_BuildScript_$_run_closure1'
Event: 100.627 Thread 0x000001e6b0750ab0 Unloading class 0x0000000100af9800 '_BuildScript_'

Classes redefined (0 events):
No events

Internal exceptions (20 events):
Event: 118.665 Thread 0x000001e6b2c3f7f0 Exception <a 'sun/nio/fs/WindowsException'{0x0000000091b635d8}> (0x0000000091b635d8) 
thrown [s\src\hotspot\share\prims\jni.cpp, line 517]
Event: 118.665 Thread 0x000001e6b2c3f7f0 Exception <a 'sun/nio/fs/WindowsException'{0x0000000091b649a0}> (0x0000000091b649a0) 
thrown [s\src\hotspot\share\prims\jni.cpp, line 517]
Event: 119.033 Thread 0x000001e6b2c3f7f0 Implicit null exception at 0x000001e6a1f84e60 to 0x000001e6a1f8d654
Event: 119.334 Thread 0x000001e6b2c3f7f0 Exception <a 'java/lang/ClassNotFoundException'{0x0000000091c4d5b0}: com/google/gms/googleservices/GoogleServicesTask_DecoratedBeanInfo> (0x0000000091c4d5b0) 
thrown [s\src\hotspot\share\classfile\systemDictionary.cpp, line 256]
Event: 119.335 Thread 0x000001e6b2c3f7f0 Exception <a 'java/lang/ClassNotFoundException'{0x0000000091c5b270}: com/google/gms/googleservices/GoogleServicesTask_DecoratedCustomizer> (0x0000000091c5b270) 
thrown [s\src\hotspot\share\classfile\systemDictionary.cpp, line 256]
Event: 119.337 Thread 0x000001e6b2c3f7f0 Exception <a 'java/lang/ClassNotFoundException'{0x0000000091cbc790}: org/gradle/api/internal/file/DefaultFilePropertyFactory$DefaultDirectoryVarBeanInfo> (0x0000000091cbc790) 
thrown [s\src\hotspot\share\classfile\systemDictionary.cpp, line 256]
Event: 119.338 Thread 0x000001e6b2c3f7f0 Exception <a 'java/lang/ClassNotFoundException'{0x0000000091cc92a8}: org/gradle/api/internal/file/DefaultFilePropertyFactory$AbstractFileVarBeanInfo> (0x0000000091cc92a8) 
thrown [s\src\hotspot\share\classfile\systemDictionary.cpp, line 256]
Event: 119.338 Thread 0x000001e6b2c3f7f0 Exception <a 'java/lang/ClassNotFoundException'{0x0000000091cd5340}: org/gradle/api/internal/file/DefaultFilePropertyFactory$AbstractFileVarCustomizer> (0x0000000091cd5340) 
thrown [s\src\hotspot\share\classfile\systemDictionary.cpp, line 256]
Event: 119.339 Thread 0x000001e6b2c3f7f0 Exception <a 'java/lang/ClassNotFoundException'{0x0000000091b08c60}: org/gradle/api/internal/file/DefaultFilePropertyFactory$DefaultDirectoryVarCustomizer> (0x0000000091b08c60) 
thrown [s\src\hotspot\share\classfile\systemDictionary.cpp, line 256]
Event: 119.343 Thread 0x000001e6b2c3f7f0 Exception <a 'java/lang/ClassNotFoundException'{0x0000000091bd3068}: org/gradle/api/internal/file/collections/DefaultConfigurableFileCollectionBeanInfo> (0x0000000091bd3068) 
thrown [s\src\hotspot\share\classfile\systemDictionary.cpp, line 256]
Event: 119.343 Thread 0x000001e6b2c3f7f0 Exception <a 'java/lang/ClassNotFoundException'{0x0000000091bdf9d8}: org/gradle/api/internal/file/CompositeFileCollectionBeanInfo> (0x0000000091bdf9d8) 
thrown [s\src\hotspot\share\classfile\systemDictionary.cpp, line 256]
Event: 119.344 Thread 0x000001e6b2c3f7f0 Exception <a 'java/lang/ClassNotFoundException'{0x0000000091beb868}: org/gradle/api/internal/file/CompositeFileCollectionCustomizer> (0x0000000091beb868) 
thrown [s\src\hotspot\share\classfile\systemDictionary.cpp, line 256]
Event: 119.344 Thread 0x000001e6b2c3f7f0 Exception <a 'java/lang/ClassNotFoundException'{0x0000000091a00000}: org/gradle/api/internal/file/collections/DefaultConfigurableFileCollectionCustomizer> (0x0000000091a00000) 
thrown [s\src\hotspot\share\classfile\systemDictionary.cpp, line 256]
Event: 119.457 Thread 0x000001e6b2c3f7f0 Exception <a 'java/lang/NoSuchMethodError'{0x0000000091ae5710}: 'int java.lang.invoke.DirectMethodHandle$Holder.invokeSpecialIFC(java.lang.Object, java.lang.Object, java.lang.Object)'> (0x0000000091ae5710) 
thrown [s\src\hotspot\share\interpreter\linkResolver.cpp, line 771]
Event: 119.583 Thread 0x000001e6b2c3f7f0 Exception <a 'java/lang/NoSuchMethodError'{0x000000009145f0a0}: 'java.lang.Object java.lang.invoke.DirectMethodHandle$Holder.newInvokeSpecial(java.lang.Object, java.lang.Object, java.lang.Object, java.lang.Object, int, java.lang.Object)'> (0x000000009145f0a0) 
thrown [s\src\hotspot\share\interpreter\linkResolver.cpp, line 771]
Event: 119.584 Thread 0x000001e6b2c3f7f0 Exception <a 'java/lang/NoSuchMethodError'{0x0000000091463bb8}: 'java.lang.Object java.lang.invoke.Invokers$Holder.linkToTargetMethod(java.lang.Object, java.lang.Object, java.lang.Object, int, java.lang.Object, java.lang.Object)'> (0x0000000091463bb8) 
thrown [s\src\hotspot\share\interpreter\linkResolver.cpp, line 771]
Event: 119.694 Thread 0x000001e6b2c3f7f0 Exception <a 'java/lang/NoSuchMethodError'{0x0000000091217a40}: 'void java.lang.invoke.DirectMethodHandle$Holder.invokeStatic(java.lang.Object, java.lang.Object, java.lang.Object, java.lang.Object, int, java.lang.Object, java.lang.Object)'> (0x0000000091217a40) 
thrown [s\src\hotspot\share\interpreter\linkResolver.cpp, line 771]
Event: 119.708 Thread 0x000001e6b2c3f7f0 Exception <a 'java/lang/IncompatibleClassChangeError'{0x00000000912e3228}: Found class java.lang.Object, but interface was expected> (0x00000000912e3228) 
thrown [s\src\hotspot\share\interpreter\linkResolver.cpp, line 838]
Event: 119.926 Thread 0x000001e6b3fee750 Exception <a 'java/lang/IncompatibleClassChangeError'{0x0000000091075f00}: Found class java.lang.Object, but interface was expected> (0x0000000091075f00) 
thrown [s\src\hotspot\share\interpreter\linkResolver.cpp, line 838]
Event: 119.945 Thread 0x000001e6b3fee750 Exception <a 'java/lang/NoSuchMethodError'{0x0000000090f633b0}: 'int java.lang.invoke.DirectMethodHandle$Holder.invokeStaticInit(java.lang.Object, java.lang.Object, java.lang.Object, java.lang.Object, java.lang.Object)'> (0x0000000090f633b0) 
thrown [s\src\hotspot\share\interpreter\linkResolver.cpp, line 771]

VM Operations (20 events):
Event: 117.520 Executing VM operation: HandshakeAllThreads
Event: 117.520 Executing VM operation: HandshakeAllThreads done
Event: 118.039 Executing VM operation: G1CollectForAllocation
Event: 118.045 Executing VM operation: G1CollectForAllocation done
Event: 118.417 Executing VM operation: HandshakeAllThreads
Event: 118.417 Executing VM operation: HandshakeAllThreads done
Event: 118.833 Executing VM operation: HandshakeAllThreads
Event: 118.834 Executing VM operation: HandshakeAllThreads done
Event: 118.897 Executing VM operation: G1CollectForAllocation
Event: 118.901 Executing VM operation: G1CollectForAllocation done
Event: 119.065 Executing VM operation: HandshakeAllThreads
Event: 119.065 Executing VM operation: HandshakeAllThreads done
Event: 119.427 Executing VM operation: HandshakeAllThreads
Event: 119.427 Executing VM operation: HandshakeAllThreads done
Event: 119.702 Executing VM operation: HandshakeAllThreads
Event: 119.702 Executing VM operation: HandshakeAllThreads done
Event: 119.778 Executing VM operation: ICBufferFull
Event: 119.779 Executing VM operation: ICBufferFull done
Event: 119.931 Executing VM operation: HandshakeAllThreads
Event: 119.931 Executing VM operation: HandshakeAllThreads done

Events (20 events):
Event: 119.964 loading class javax/xml/stream/FactoryFinder$1 done
Event: 119.965 loading class com/sun/xml/internal/stream/XMLInputFactoryImpl
Event: 119.965 loading class com/sun/xml/internal/stream/XMLInputFactoryImpl done
Event: 119.965 loading class com/sun/org/apache/xerces/internal/impl/PropertyManager
Event: 119.965 loading class com/sun/org/apache/xerces/internal/impl/PropertyManager done
Event: 119.966 loading class com/sun/xml/internal/stream/XMLEventReaderImpl
Event: 119.966 loading class javax/xml/stream/XMLEventReader
Event: 119.966 loading class javax/xml/stream/XMLEventReader done
Event: 119.966 loading class com/sun/xml/internal/stream/XMLEventReaderImpl done
Event: 119.966 loading class com/sun/org/apache/xerces/internal/impl/XMLStreamReaderImpl
Event: 119.988 loading class javax/xml/stream/XMLStreamReader
Event: 119.988 loading class javax/xml/stream/XMLStreamConstants
Event: 119.988 loading class javax/xml/stream/XMLStreamConstants done
Event: 119.988 loading class javax/xml/stream/XMLStreamReader done
Event: 119.988 loading class com/sun/org/apache/xerces/internal/impl/XMLStreamReaderImpl done
Event: 119.988 loading class com/sun/org/apache/xerces/internal/util/NamespaceContextWrapper
Event: 119.988 loading class com/sun/org/apache/xerces/internal/util/NamespaceContextWrapper done
Event: 119.988 loading class com/sun/xml/internal/stream/StaxErrorReporter
Event: 119.989 loading class com/sun/xml/internal/stream/StaxErrorReporter done
Event: 120.004 loading class com/sun/xml/internal/stream/events/XMLEventAllocatorImpl


Dynamic libraries:
0x00007ff60d6e0000 - 0x00007ff60d6ea000 	C:\Program Files\Android\Android Studio\jbr\bin\java.exe
0x00007ff864a50000 - 0x00007ff864c64000 	C:\Windows\SYSTEM32\ntdll.dll
0x00007ff863760000 - 0x00007ff863822000 	C:\Windows\System32\KERNEL32.DLL
0x00007ff8620d0000 - 0x00007ff86246c000 	C:\Windows\System32\KERNELBASE.dll
0x00007ff861fb0000 - 0x00007ff8620c1000 	C:\Windows\System32\ucrtbase.dll
0x00007ff83e870000 - 0x00007ff83e887000 	C:\Program Files\Android\Android Studio\jbr\bin\jli.dll
0x00007ff83c6e0000 - 0x00007ff83c6fb000 	C:\Program Files\Android\Android Studio\jbr\bin\VCRUNTIME140.dll
0x00007ff864670000 - 0x00007ff86481b000 	C:\Windows\System32\USER32.dll
0x00007ff862790000 - 0x00007ff8627b6000 	C:\Windows\System32\win32u.dll
0x00007ff8649e0000 - 0x00007ff864a09000 	C:\Windows\System32\GDI32.dll
0x00007ff861e90000 - 0x00007ff861fa2000 	C:\Windows\System32\gdi32full.dll
0x00007ff853140000 - 0x00007ff8533ce000 	C:\Windows\WinSxS\amd64_microsoft.windows.common-controls_6595b64144ccf1df_6.0.22621.317_none_a9434687c10c9fa2\COMCTL32.dll
0x00007ff8627c0000 - 0x00007ff86285a000 	C:\Windows\System32\msvcp_win.dll
0x00007ff8638b0000 - 0x00007ff863957000 	C:\Windows\System32\msvcrt.dll
0x00007ff8649a0000 - 0x00007ff8649d1000 	C:\Windows\System32\IMM32.DLL
0x00007ff8488b0000 - 0x00007ff8488bc000 	C:\Program Files\Android\Android Studio\jbr\bin\vcruntime140_1.dll
0x00007ff815570000 - 0x00007ff8155fd000 	C:\Program Files\Android\Android Studio\jbr\bin\msvcp140.dll
0x00007ff80d390000 - 0x00007ff80dffd000 	C:\Program Files\Android\Android Studio\jbr\bin\server\jvm.dll
0x00007ff864400000 - 0x00007ff8644ae000 	C:\Windows\System32\ADVAPI32.dll
0x00007ff862dc0000 - 0x00007ff862e64000 	C:\Windows\System32\sechost.dll
0x00007ff862ca0000 - 0x00007ff862db5000 	C:\Windows\System32\RPCRT4.dll
0x00007ff855680000 - 0x00007ff8556b4000 	C:\Windows\SYSTEM32\WINMM.dll
0x00007ff853b60000 - 0x00007ff853b6a000 	C:\Windows\SYSTEM32\VERSION.dll
0x00007ff85d2e0000 - 0x00007ff85d2e9000 	C:\Windows\SYSTEM32\WSOCK32.dll
0x00007ff863ac0000 - 0x00007ff863b31000 	C:\Windows\System32\WS2_32.dll
0x00007ff860f10000 - 0x00007ff860f28000 	C:\Windows\SYSTEM32\kernel.appcore.dll
0x00007ff853990000 - 0x00007ff85399a000 	C:\Program Files\Android\Android Studio\jbr\bin\jimage.dll
0x00007ff850b60000 - 0x00007ff850d8e000 	C:\Windows\SYSTEM32\DBGHELP.DLL
0x00007ff862860000 - 0x00007ff862be9000 	C:\Windows\System32\combase.dll
0x00007ff864320000 - 0x00007ff8643f7000 	C:\Windows\System32\OLEAUT32.dll
0x00007ff850b20000 - 0x00007ff850b52000 	C:\Windows\SYSTEM32\dbgcore.DLL
0x00007ff862470000 - 0x00007ff8624eb000 	C:\Windows\System32\bcryptPrimitives.dll
0x00007ff8503e0000 - 0x00007ff850405000 	C:\Program Files\Android\Android Studio\jbr\bin\java.dll
0x00007ff8528c0000 - 0x00007ff8528d8000 	C:\Program Files\Android\Android Studio\jbr\bin\zip.dll
0x00007ff862f70000 - 0x00007ff86374b000 	C:\Windows\System32\SHELL32.dll
0x00007ff85fef0000 - 0x00007ff8607a5000 	C:\Windows\SYSTEM32\windows.storage.dll
0x00007ff85fdb0000 - 0x00007ff85feed000 	C:\Windows\SYSTEM32\wintypes.dll
0x00007ff862e70000 - 0x00007ff862f61000 	C:\Windows\System32\SHCORE.dll
0x00007ff862bf0000 - 0x00007ff862c4e000 	C:\Windows\System32\shlwapi.dll
0x00007ff861dc0000 - 0x00007ff861de1000 	C:\Windows\SYSTEM32\profapi.dll
0x00007ff850310000 - 0x00007ff850329000 	C:\Program Files\Android\Android Studio\jbr\bin\net.dll
0x00007ff85b530000 - 0x00007ff85b65f000 	C:\Windows\SYSTEM32\WINHTTP.dll
0x00007ff861370000 - 0x00007ff8613d9000 	C:\Windows\system32\mswsock.dll
0x00007ff8502f0000 - 0x00007ff850306000 	C:\Program Files\Android\Android Studio\jbr\bin\nio.dll
0x00007ff850360000 - 0x00007ff850370000 	C:\Program Files\Android\Android Studio\jbr\bin\verify.dll
0x00007ff8291c0000 - 0x00007ff8291e7000 	C:\Users\ahmed\.gradle\native\68d5fa5c4cc2d200863cafc0d521ce42e7d3e7ee720ec0a83991735586a16f82\windows-amd64\native-platform.dll
0x00007ff811f90000 - 0x00007ff8120d4000 	C:\Users\ahmed\.gradle\native\e376f236ea51e6404a007f0833ffe2c6e607c4080706a723a18a27aeea778392\windows-amd64\native-platform-file-events.dll
0x00007ff852730000 - 0x00007ff852739000 	C:\Program Files\Android\Android Studio\jbr\bin\management.dll
0x00007ff8503d0000 - 0x00007ff8503db000 	C:\Program Files\Android\Android Studio\jbr\bin\management_ext.dll
0x00007ff863750000 - 0x00007ff863758000 	C:\Windows\System32\PSAPI.DLL
0x00007ff8615b0000 - 0x00007ff8615cb000 	C:\Windows\SYSTEM32\CRYPTSP.dll
0x00007ff860e80000 - 0x00007ff860eb5000 	C:\Windows\system32\rsaenh.dll
0x00007ff861460000 - 0x00007ff861488000 	C:\Windows\SYSTEM32\USERENV.dll
0x00007ff8617e0000 - 0x00007ff861808000 	C:\Windows\SYSTEM32\bcrypt.dll
0x00007ff8615d0000 - 0x00007ff8615dc000 	C:\Windows\SYSTEM32\CRYPTBASE.dll
0x00007ff8609f0000 - 0x00007ff860a1d000 	C:\Windows\SYSTEM32\IPHLPAPI.DLL
0x00007ff8639c0000 - 0x00007ff8639c9000 	C:\Windows\System32\NSI.dll
0x00007ff85b4d0000 - 0x00007ff85b4e9000 	C:\Windows\SYSTEM32\dhcpcsvc6.DLL
0x00007ff85b510000 - 0x00007ff85b52f000 	C:\Windows\SYSTEM32\dhcpcsvc.DLL
0x00007ff860a20000 - 0x00007ff860b12000 	C:\Windows\SYSTEM32\DNSAPI.dll
0x00007ff84ff50000 - 0x00007ff84ff58000 	C:\Windows\system32\wshunix.dll
0x00007ff858470000 - 0x00007ff85847a000 	C:\Windows\System32\rasadhlp.dll
0x00007ff8592b0000 - 0x00007ff859333000 	C:\Windows\System32\fwpuclnt.dll

dbghelp: loaded successfully - version: 4.0.5 - missing functions: none
symbol engine: initialized successfully - sym options: 0x614 - pdb path: .;C:\Program Files\Android\Android Studio\jbr\bin;C:\Windows\SYSTEM32;C:\Windows\WinSxS\amd64_microsoft.windows.common-controls_6595b64144ccf1df_6.0.22621.317_none_a9434687c10c9fa2;C:\Program Files\Android\Android Studio\jbr\bin\server;C:\Users\ahmed\.gradle\native\68d5fa5c4cc2d200863cafc0d521ce42e7d3e7ee720ec0a83991735586a16f82\windows-amd64;C:\Users\ahmed\.gradle\native\e376f236ea51e6404a007f0833ffe2c6e607c4080706a723a18a27aeea778392\windows-amd64

VM Arguments:
jvm_args: --add-opens=java.base/java.util=ALL-UNNAMED --add-opens=java.base/java.lang=ALL-UNNAMED --add-opens=java.base/java.lang.invoke=ALL-UNNAMED --add-opens=java.prefs/java.util.prefs=ALL-UNNAMED --add-opens=java.base/java.nio.charset=ALL-UNNAMED --add-opens=java.base/java.net=ALL-UNNAMED --add-opens=java.base/java.util.concurrent.atomic=ALL-UNNAMED -Xmx2048m -Dfile.encoding=UTF-8 -Duser.country=US -Duser.language=en -Duser.variant 
java_command: org.gradle.launcher.daemon.bootstrap.GradleDaemon 8.0
java_class_path (initial): C:\Users\ahmed\.gradle\wrapper\dists\gradle-8.0-bin\ca5e32bp14vu59qr306oxotwh\gradle-8.0\lib\gradle-launcher-8.0.jar
Launcher Type: SUN_STANDARD

[Global flags]
     intx CICompilerCount                          = 3                                         {product} {ergonomic}
     uint ConcGCThreads                            = 1                                         {product} {ergonomic}
     uint G1ConcRefinementThreads                  = 4                                         {product} {ergonomic}
   size_t G1HeapRegionSize                         = 1048576                                   {product} {ergonomic}
    uintx GCDrainStackTargetSize                   = 64                                        {product} {ergonomic}
   size_t InitialHeapSize                          = 134217728                                 {product} {ergonomic}
   size_t MarkStackSize                            = 4194304                                   {product} {ergonomic}
   size_t MaxHeapSize                              = 2147483648                                {product} {command line}
   size_t MaxNewSize                               = 1287651328                                {product} {ergonomic}
   size_t MinHeapDeltaBytes                        = 1048576                                   {product} {ergonomic}
   size_t MinHeapSize                              = 8388608                                   {product} {ergonomic}
    uintx NonNMethodCodeHeapSize                   = 5832780                                {pd product} {ergonomic}
    uintx NonProfiledCodeHeapSize                  = 122912730                              {pd product} {ergonomic}
    uintx ProfiledCodeHeapSize                     = 122912730                              {pd product} {ergonomic}
    uintx ReservedCodeCacheSize                    = 251658240                              {pd product} {ergonomic}
     bool SegmentedCodeCache                       = true                                      {product} {ergonomic}
   size_t SoftMaxHeapSize                          = 2147483648                             {manageable} {ergonomic}
     bool UseCompressedClassPointers               = true                           {product lp64_product} {ergonomic}
     bool UseCompressedOops                        = true                           {product lp64_product} {ergonomic}
     bool UseG1GC                                  = true                                      {product} {ergonomic}
     bool UseLargePagesIndividualAllocation        = false                                  {pd product} {ergonomic}

Logging:
Log output configuration:
 #0: stdout all=warning uptime,level,tags
 #1: stderr all=off uptime,level,tags

Environment Variables:
PATH=C:\Program Files\Eclipse Adoptium\jdk-17.0.7.7-hotspot\bin;C:\Program Files\Common Files\Oracle\Java\javapath;C:\Windows\system32;C:\Windows;C:\Windows\System32\Wbem;C:\Windows\System32\WindowsPowerShell\v1.0\;C:\Windows\System32\OpenSSH\;C:\Program Files\dotnet\;C:\Program Files\nodejs\;C:\ProgramData\chocolatey\bin;C:\xampp\php;C:\composer;C:\ProgramData\ComposerSetup\bin;C:\Program Files\Git\cmd;C:\Users\ahmed\AppData\Local\Microsoft\WindowsApps;C:\Users\ahmed\AppData\Roaming\npm;C:\Users\ahmed\AppData\Local\Programs\Microsoft VS Code\bin;C:\Users\ahmed\AppData\Roaming\Composer\vendor\bin;C:\Program Files\heroku\bin
USERNAME=ahmed
OS=Windows_NT
PROCESSOR_IDENTIFIER=Intel64 Family 6 Model 58 Stepping 9, GenuineIntel
TMP=C:\Users\ahmed\AppData\Local\Temp
TEMP=C:\Users\ahmed\AppData\Local\Temp



---------------  S Y S T E M  ---------------

OS:
 Windows 11 , 64 bit Build 22621 (10.0.22621.457)
OS uptime: 0 days 12:28 hours

CPU: total 4 (initial active 4) (4 cores per cpu, 1 threads per core) family 6 model 58 stepping 9 microcode 0x21, cx8, cmov, fxsr, mmx, sse, sse2, sse3, ssse3, sse4.1, sse4.2, popcnt, tsc, tscinvbit, avx, aes, erms, clmul, vzeroupper, clflush

Memory: 4k page, system-wide physical 8066M (577M free)
TotalPageFile size 10114M (AvailPageFile size 1M)
current process WorkingSet (physical memory assigned to process): 541M, peak: 541M
current process commit charge ("private bytes"): 606M, peak: 606M

vm_info: OpenJDK 64-Bit Server VM (17.0.6+0-b2043.56-9586694) for windows-amd64 JRE (17.0.6+0-b2043.56-9586694), built on Feb  9 2023 20:06:20 by "androidbuild" with MS VC++ 16.10 / 16.11 (VS2019)

END.
