#
# There is insufficient memory for the Java Runtime Environment to continue.
# Native memory allocation (mmap) failed to map 45088768 bytes for G1 virtual space
# Possible reasons:
#   The system is out of physical RAM or swap space
#   The process is running with CompressedOops enabled, and the Java Heap may be blocking the growth of the native heap
# Possible solutions:
#   Reduce memory load on the system
#   Increase physical memory or swap space
#   Check if swap backing store is full
#   Decrease Java heap size (-Xmx/-Xms)
#   Decrease number of Java threads
#   Decrease Java thread stack sizes (-Xss)
#   Set larger code cache with -XX:ReservedCodeCacheSize=
#   JVM is running with Unscaled Compressed Oops mode in which the Java heap is
#     placed in the first 4GB address space. The Java Heap base address is the
#     maximum limit for the native heap growth. Please use -XX:HeapBaseMinAddress
#     to set the Java Heap base and to place the Java Heap above 4GB virtual address.
# This output file may be truncated or incomplete.
#
#  Out of Memory Error (os_windows.cpp:3769), pid=14488, tid=14832
#
# JRE version: OpenJDK Runtime Environment (17.0.6) (build 17.0.6+0-b2043.56-9586694)
# Java VM: OpenJDK 64-Bit Server VM (17.0.6+0-b2043.56-9586694, mixed mode, tiered, compressed oops, compressed class ptrs, g1 gc, windows-amd64)
# No core dump will be written. Minidumps are not enabled by default on client versions of Windows
#

---------------  S U M M A R Y ------------

Command Line: --add-opens=java.base/java.util=ALL-UNNAMED --add-opens=java.base/java.lang=ALL-UNNAMED --add-opens=java.base/java.lang.invoke=ALL-UNNAMED --add-opens=java.prefs/java.util.prefs=ALL-UNNAMED --add-opens=java.base/java.nio.charset=ALL-UNNAMED --add-opens=java.base/java.net=ALL-UNNAMED --add-opens=java.base/java.util.concurrent.atomic=ALL-UNNAMED -Xmx2048m -Dfile.encoding=UTF-8 -Duser.country=US -Duser.language=en -Duser.variant org.gradle.launcher.daemon.bootstrap.GradleDaemon 8.0

Host: Intel(R) Core(TM) i5-3570 CPU @ 3.40GHz, 4 cores, 7G,  Windows 11 , 64 bit Build 22621 (10.0.22621.457)
Time: Sun May 21 20:53:45 2023 Egypt Standard Time elapsed time: 5.618212 seconds (0d 0h 0m 5s)

---------------  T H R E A D  ---------------

Current thread (0x00000204f52732a0):  VMThread "VM Thread" [stack: 0x000000ab2d900000,0x000000ab2da00000] [id=14832]

Stack: [0x000000ab2d900000,0x000000ab2da00000]
Native frames: (J=compiled Java code, j=interpreted, Vv=VM code, C=native code)
V  [jvm.dll+0x683b4a]
V  [jvm.dll+0x842654]
V  [jvm.dll+0x843dfe]
V  [jvm.dll+0x844463]
V  [jvm.dll+0x249b75]
V  [jvm.dll+0x680a19]
V  [jvm.dll+0x674f0a]
V  [jvm.dll+0x309acb]
V  [jvm.dll+0x310f86]
V  [jvm.dll+0x3608ee]
V  [jvm.dll+0x360b1f]
V  [jvm.dll+0x2dfbf8]
V  [jvm.dll+0x2ddec4]
V  [jvm.dll+0x2dd4cc]
V  [jvm.dll+0x322261]
V  [jvm.dll+0x84893b]
V  [jvm.dll+0x849674]
V  [jvm.dll+0x849b8d]
V  [jvm.dll+0x849f64]
V  [jvm.dll+0x84a030]
V  [jvm.dll+0x7f25fa]
V  [jvm.dll+0x682985]
C  [ucrtbase.dll+0x29363]
C  [KERNEL32.DLL+0x1244d]
C  [ntdll.dll+0x5df78]

VM_Operation (0x000000ab2f0f5230): G1TryInitiateConcMark, mode: safepoint, requested by thread 0x00000204f63e6970


---------------  P R O C E S S  ---------------

Threads class SMR info:
_java_thread_list=0x00000204fb002f40, length=39, elements={
0x00000204dbd09020, 0x00000204f52ef270, 0x00000204f52efc20, 0x00000204f52fc3d0,
0x00000204f52fcd80, 0x00000204f52fd730, 0x00000204f52fe0e0, 0x00000204f5c1a000,
0x00000204f5c36680, 0x00000204f5c987f0, 0x00000204f5db4010, 0x00000204f5dbe520,
0x00000204f5ddfff0, 0x00000204f63e6e40, 0x00000204f63e9990, 0x00000204f63e7310,
0x00000204f63e5fd0, 0x00000204f63e77e0, 0x00000204f63e7cb0, 0x00000204f63e6970,
0x00000204f63e8180, 0x00000204f63e64a0, 0x00000204f63e8ff0, 0x00000204f63e8650,
0x00000204f63e94c0, 0x00000204f99e1c60, 0x00000204f99e5150, 0x00000204f99e6490,
0x00000204f99e3e10, 0x00000204f99e8fe0, 0x00000204f99e94b0, 0x00000204f99e2600,
0x00000204f99e3940, 0x00000204f99e8640, 0x00000204f99e4c80, 0x00000204f99e8170,
0x00000204f99e42e0, 0x00000204f99e8b10, 0x00000204f99e2130
}

Java Threads: ( => current thread )
  0x00000204dbd09020 JavaThread "main" [_thread_blocked, id=10364, stack(0x000000ab2d300000,0x000000ab2d400000)]
  0x00000204f52ef270 JavaThread "Reference Handler" daemon [_thread_blocked, id=10324, stack(0x000000ab2da00000,0x000000ab2db00000)]
  0x00000204f52efc20 JavaThread "Finalizer" daemon [_thread_blocked, id=14396, stack(0x000000ab2db00000,0x000000ab2dc00000)]
  0x00000204f52fc3d0 JavaThread "Signal Dispatcher" daemon [_thread_blocked, id=15132, stack(0x000000ab2dc00000,0x000000ab2dd00000)]
  0x00000204f52fcd80 JavaThread "Attach Listener" daemon [_thread_blocked, id=10708, stack(0x000000ab2dd00000,0x000000ab2de00000)]
  0x00000204f52fd730 JavaThread "Service Thread" daemon [_thread_blocked, id=8824, stack(0x000000ab2de00000,0x000000ab2df00000)]
  0x00000204f52fe0e0 JavaThread "Monitor Deflation Thread" daemon [_thread_blocked, id=13284, stack(0x000000ab2df00000,0x000000ab2e000000)]
  0x00000204f5c1a000 JavaThread "C2 CompilerThread0" daemon [_thread_blocked, id=4320, stack(0x000000ab2e000000,0x000000ab2e100000)]
  0x00000204f5c36680 JavaThread "C1 CompilerThread0" daemon [_thread_blocked, id=13420, stack(0x000000ab2e100000,0x000000ab2e200000)]
  0x00000204f5c987f0 JavaThread "Sweeper thread" daemon [_thread_blocked, id=13268, stack(0x000000ab2e200000,0x000000ab2e300000)]
  0x00000204f5db4010 JavaThread "Common-Cleaner" daemon [_thread_blocked, id=7000, stack(0x000000ab2e300000,0x000000ab2e400000)]
  0x00000204f5dbe520 JavaThread "Notification Thread" daemon [_thread_blocked, id=8932, stack(0x000000ab2e400000,0x000000ab2e500000)]
  0x00000204f5ddfff0 JavaThread "C2 CompilerThread1" daemon [_thread_blocked, id=4580, stack(0x000000ab2e600000,0x000000ab2e700000)]
  0x00000204f63e6e40 JavaThread "Daemon health stats" [_thread_blocked, id=11668, stack(0x000000ab2ea00000,0x000000ab2eb00000)]
  0x00000204f63e9990 JavaThread "Incoming local TCP Connector on port 56538" [_thread_in_native, id=9652, stack(0x000000ab2eb00000,0x000000ab2ec00000)]
  0x00000204f63e7310 JavaThread "Daemon periodic checks" [_thread_blocked, id=11196, stack(0x000000ab2ec00000,0x000000ab2ed00000)]
  0x00000204f63e5fd0 JavaThread "Daemon" [_thread_blocked, id=12908, stack(0x000000ab2ed00000,0x000000ab2ee00000)]
  0x00000204f63e77e0 JavaThread "Handler for socket connection from /127.0.0.1:56538 to /127.0.0.1:56539" [_thread_in_native, id=6668, stack(0x000000ab2ee00000,0x000000ab2ef00000)]
  0x00000204f63e7cb0 JavaThread "Cancel handler" [_thread_blocked, id=11972, stack(0x000000ab2ef00000,0x000000ab2f000000)]
  0x00000204f63e6970 JavaThread "Daemon worker" [_thread_blocked, id=11448, stack(0x000000ab2f000000,0x000000ab2f100000)]
  0x00000204f63e8180 JavaThread "Asynchronous log dispatcher for DefaultDaemonConnection: socket connection from /127.0.0.1:56538 to /127.0.0.1:56539" [_thread_blocked, id=1988, stack(0x000000ab2f100000,0x000000ab2f200000)]
  0x00000204f63e64a0 JavaThread "Stdin handler" [_thread_blocked, id=12012, stack(0x000000ab2f200000,0x000000ab2f300000)]
  0x00000204f63e8ff0 JavaThread "Daemon client event forwarder" [_thread_blocked, id=13836, stack(0x000000ab2f300000,0x000000ab2f400000)]
  0x00000204f63e8650 JavaThread "Cache worker for journal cache (C:\Users\ahmed\.gradle\caches\journal-1)" [_thread_blocked, id=14560, stack(0x000000ab2f400000,0x000000ab2f500000)]
  0x00000204f63e94c0 JavaThread "File lock request listener" [_thread_in_native, id=5672, stack(0x000000ab2f500000,0x000000ab2f600000)]
  0x00000204f99e1c60 JavaThread "Cache worker for file hash cache (C:\Users\ahmed\.gradle\caches\8.0\fileHashes)" [_thread_blocked, id=2224, stack(0x000000ab2f600000,0x000000ab2f700000)]
  0x00000204f99e5150 JavaThread "File watcher server" daemon [_thread_in_native, id=10192, stack(0x000000ab2f700000,0x000000ab2f800000)]
  0x00000204f99e6490 JavaThread "File watcher consumer" daemon [_thread_blocked, id=10588, stack(0x000000ab2f800000,0x000000ab2f900000)]
  0x00000204f99e3e10 JavaThread "jar transforms" [_thread_blocked, id=9200, stack(0x000000ab2f900000,0x000000ab2fa00000)]
  0x00000204f99e8fe0 JavaThread "jar transforms Thread 2" [_thread_blocked, id=9800, stack(0x000000ab2fa00000,0x000000ab2fb00000)]
  0x00000204f99e94b0 JavaThread "jar transforms Thread 3" [_thread_blocked, id=9380, stack(0x000000ab2fb00000,0x000000ab2fc00000)]
  0x00000204f99e2600 JavaThread "jar transforms Thread 4" [_thread_blocked, id=13676, stack(0x000000ab2fc00000,0x000000ab2fd00000)]
  0x00000204f99e3940 JavaThread "Cache worker for checksums cache (C:\Users\ahmed\StudioProjects\project-collage\.gradle\8.0\checksums)" [_thread_blocked, id=9700, stack(0x000000ab2fd00000,0x000000ab2fe00000)]
  0x00000204f99e8640 JavaThread "Cache worker for cache directory md-rule (C:\Users\ahmed\.gradle\caches\8.0\md-rule)" [_thread_blocked, id=656, stack(0x000000ab2fe00000,0x000000ab2ff00000)]
  0x00000204f99e4c80 JavaThread "Cache worker for file content cache (C:\Users\ahmed\.gradle\caches\8.0\fileContent)" [_thread_blocked, id=14672, stack(0x000000ab2ff00000,0x000000ab30000000)]
  0x00000204f99e8170 JavaThread "Cache worker for file hash cache (C:\Users\ahmed\StudioProjects\project-collage\.gradle\8.0\fileHashes)" [_thread_blocked, id=12684, stack(0x000000ab30000000,0x000000ab30100000)]
  0x00000204f99e42e0 JavaThread "Cache worker for cache directory md-supplier (C:\Users\ahmed\.gradle\caches\8.0\md-supplier)" [_thread_blocked, id=15064, stack(0x000000ab30100000,0x000000ab30200000)]
  0x00000204f99e8b10 JavaThread "Cache worker for execution history cache (C:\Users\ahmed\.gradle\caches\8.0\executionHistory)" [_thread_blocked, id=15048, stack(0x000000ab30200000,0x000000ab30300000)]
  0x00000204f99e2130 JavaThread "Cache worker for dependencies-accessors (C:\Users\ahmed\StudioProjects\project-collage\.gradle\8.0\dependencies-accessors)" [_thread_blocked, id=7728, stack(0x000000ab30300000,0x000000ab30400000)]

Other Threads:
=>0x00000204f52732a0 VMThread "VM Thread" [stack: 0x000000ab2d900000,0x000000ab2da00000] [id=14832]
  0x00000204f52d8b20 WatcherThread [stack: 0x000000ab2e500000,0x000000ab2e600000] [id=1360]
  0x00000204dbd62ab0 GCTaskThread "GC Thread#0" [stack: 0x000000ab2d400000,0x000000ab2d500000] [id=12604]
  0x00000204f6934eb0 GCTaskThread "GC Thread#1" [stack: 0x000000ab2e700000,0x000000ab2e800000] [id=7980]
  0x00000204f603f010 GCTaskThread "GC Thread#2" [stack: 0x000000ab2e800000,0x000000ab2e900000] [id=7136]
  0x00000204f6aa5ab0 GCTaskThread "GC Thread#3" [stack: 0x000000ab2e900000,0x000000ab2ea00000] [id=10652]
  0x00000204dbd75200 ConcurrentGCThread "G1 Main Marker" [stack: 0x000000ab2d500000,0x000000ab2d600000] [id=8072]
  0x00000204dbd75c70 ConcurrentGCThread "G1 Conc#0" [stack: 0x000000ab2d600000,0x000000ab2d700000] [id=15172]
  0x00000204dbdce840 ConcurrentGCThread "G1 Refine#0" [stack: 0x000000ab2d700000,0x000000ab2d800000] [id=9724]
  0x00000204f51251c0 ConcurrentGCThread "G1 Service" [stack: 0x000000ab2d800000,0x000000ab2d900000] [id=13516]

Threads with active compile tasks:
C2 CompilerThread0     5638 4608       4       java.lang.PublicMethods::merge (81 bytes)
C2 CompilerThread1     5638 4573       4       jdk.internal.org.objectweb.asm.SymbolTable::addConstantMemberReference (147 bytes)

VM state: at safepoint (normal execution)

VM Mutex/Monitor currently owned by a thread:  ([mutex/lock_event])
[0x00000204dbd035a0] Threads_lock - owner thread: 0x00000204f52732a0
[0x00000204dbd028b0] Heap_lock - owner thread: 0x00000204f63e6970

Heap address: 0x0000000080000000, size: 2048 MB, Compressed Oops mode: 32-bit

CDS archive(s) not mapped
Compressed class space mapped at: 0x0000000100000000-0x0000000140000000, reserved size: 1073741824
Narrow klass base: 0x0000000000000000, Narrow klass shift: 3, Narrow klass range: 0x140000000

GC Precious Log:
 CPUs: 4 total, 4 available
 Memory: 8066M
 Large Page Support: Disabled
 NUMA Support: Disabled
 Compressed Oops: Enabled (32-bit)
 Heap Region Size: 1M
 Heap Min Capacity: 8M
 Heap Initial Capacity: 128M
 Heap Max Capacity: 2G
 Pre-touch: Disabled
 Parallel Workers: 4
 Concurrent Workers: 1
 Concurrent Refinement Workers: 4
 Periodic GC: Disabled

Heap:
 garbage-first heap   total 155648K, used 93942K [0x0000000080000000, 0x0000000100000000)
  region size 1024K, 1 young (1024K), 1 survivors (1024K)
 Metaspace       used 50753K, committed 51264K, reserved 1097728K
  class space    used 6715K, committed 6912K, reserved 1048576K

Heap Regions: E=young(eden), S=young(survivor), O=old, HS=humongous(starts), HC=humongous(continues), CS=collection set, F=free, OA=open archive, CA=closed archive, TAMS=top-at-mark-start (previous, next)
|   0|0x0000000080000000, 0x0000000080100000, 0x0000000080100000|100%| O|  |TAMS 0x0000000080100000, 0x0000000080100000| Untracked 
|   1|0x0000000080100000, 0x0000000080200000, 0x0000000080200000|100%| O|  |TAMS 0x0000000080200000, 0x0000000080200000| Untracked 
|   2|0x0000000080200000, 0x0000000080300000, 0x0000000080300000|100%|HS|  |TAMS 0x0000000080300000, 0x0000000080300000| Complete 
|   3|0x0000000080300000, 0x0000000080400000, 0x0000000080400000|100%|HC|  |TAMS 0x0000000080400000, 0x0000000080400000| Complete 
|   4|0x0000000080400000, 0x0000000080500000, 0x0000000080500000|100%|HC|  |TAMS 0x0000000080500000, 0x0000000080500000| Complete 
|   5|0x0000000080500000, 0x0000000080600000, 0x0000000080600000|100%|HC|  |TAMS 0x0000000080600000, 0x0000000080600000| Complete 
|   6|0x0000000080600000, 0x0000000080700000, 0x0000000080700000|100%| O|  |TAMS 0x0000000080700000, 0x0000000080700000| Untracked 
|   7|0x0000000080700000, 0x0000000080800000, 0x0000000080800000|100%| O|  |TAMS 0x0000000080800000, 0x0000000080800000| Untracked 
|   8|0x0000000080800000, 0x0000000080900000, 0x0000000080900000|100%| O|  |TAMS 0x0000000080900000, 0x0000000080900000| Untracked 
|   9|0x0000000080900000, 0x0000000080a00000, 0x0000000080a00000|100%| O|  |TAMS 0x0000000080a00000, 0x0000000080a00000| Untracked 
|  10|0x0000000080a00000, 0x0000000080b00000, 0x0000000080b00000|100%| O|  |TAMS 0x0000000080b00000, 0x0000000080b00000| Untracked 
|  11|0x0000000080b00000, 0x0000000080c00000, 0x0000000080c00000|100%| O|  |TAMS 0x0000000080c00000, 0x0000000080c00000| Untracked 
|  12|0x0000000080c00000, 0x0000000080d00000, 0x0000000080d00000|100%| O|  |TAMS 0x0000000080d00000, 0x0000000080d00000| Untracked 
|  13|0x0000000080d00000, 0x0000000080e00000, 0x0000000080e00000|100%| O|  |TAMS 0x0000000080e00000, 0x0000000080e00000| Untracked 
|  14|0x0000000080e00000, 0x0000000080f00000, 0x0000000080f00000|100%| O|  |TAMS 0x0000000080f00000, 0x0000000080f00000| Untracked 
|  15|0x0000000080f00000, 0x0000000081000000, 0x0000000081000000|100%| O|  |TAMS 0x0000000081000000, 0x0000000081000000| Untracked 
|  16|0x0000000081000000, 0x0000000081100000, 0x0000000081100000|100%| O|  |TAMS 0x0000000081100000, 0x0000000081100000| Untracked 
|  17|0x0000000081100000, 0x0000000081200000, 0x0000000081200000|100%| O|  |TAMS 0x0000000081200000, 0x0000000081200000| Untracked 
|  18|0x0000000081200000, 0x0000000081300000, 0x0000000081300000|100%| O|  |TAMS 0x0000000081300000, 0x0000000081300000| Untracked 
|  19|0x0000000081300000, 0x0000000081400000, 0x0000000081400000|100%| O|  |TAMS 0x0000000081400000, 0x0000000081400000| Untracked 
|  20|0x0000000081400000, 0x0000000081500000, 0x0000000081500000|100%| O|  |TAMS 0x0000000081500000, 0x0000000081500000| Untracked 
|  21|0x0000000081500000, 0x0000000081600000, 0x0000000081600000|100%|HS|  |TAMS 0x0000000081600000, 0x0000000081600000| Complete 
|  22|0x0000000081600000, 0x0000000081700000, 0x0000000081700000|100%|HC|  |TAMS 0x0000000081700000, 0x0000000081700000| Complete 
|  23|0x0000000081700000, 0x0000000081800000, 0x0000000081800000|100%|HS|  |TAMS 0x0000000081800000, 0x0000000081800000| Complete 
|  24|0x0000000081800000, 0x0000000081900000, 0x0000000081900000|100%|HC|  |TAMS 0x0000000081900000, 0x0000000081900000| Complete 
|  25|0x0000000081900000, 0x0000000081a00000, 0x0000000081a00000|100%|HC|  |TAMS 0x0000000081a00000, 0x0000000081a00000| Complete 
|  26|0x0000000081a00000, 0x0000000081b00000, 0x0000000081b00000|100%|HS|  |TAMS 0x0000000081b00000, 0x0000000081b00000| Complete 
|  27|0x0000000081b00000, 0x0000000081c00000, 0x0000000081c00000|100%|HC|  |TAMS 0x0000000081c00000, 0x0000000081c00000| Complete 
|  28|0x0000000081c00000, 0x0000000081d00000, 0x0000000081d00000|100%|HC|  |TAMS 0x0000000081d00000, 0x0000000081d00000| Complete 
|  29|0x0000000081d00000, 0x0000000081e00000, 0x0000000081e00000|100%|HS|  |TAMS 0x0000000081e00000, 0x0000000081e00000| Complete 
|  30|0x0000000081e00000, 0x0000000081f00000, 0x0000000081f00000|100%|HC|  |TAMS 0x0000000081f00000, 0x0000000081f00000| Complete 
|  31|0x0000000081f00000, 0x0000000082000000, 0x0000000082000000|100%|HS|  |TAMS 0x0000000082000000, 0x0000000082000000| Complete 
|  32|0x0000000082000000, 0x0000000082100000, 0x0000000082100000|100%|HC|  |TAMS 0x0000000082100000, 0x0000000082100000| Complete 
|  33|0x0000000082100000, 0x0000000082200000, 0x0000000082200000|100%|HC|  |TAMS 0x0000000082200000, 0x0000000082200000| Complete 
|  34|0x0000000082200000, 0x0000000082300000, 0x0000000082300000|100%|HC|  |TAMS 0x0000000082300000, 0x0000000082300000| Complete 
|  35|0x0000000082300000, 0x0000000082400000, 0x0000000082400000|100%|HC|  |TAMS 0x0000000082400000, 0x0000000082400000| Complete 
|  36|0x0000000082400000, 0x0000000082500000, 0x0000000082500000|100%|HC|  |TAMS 0x0000000082500000, 0x0000000082500000| Complete 
|  37|0x0000000082500000, 0x0000000082600000, 0x0000000082600000|100%|HC|  |TAMS 0x0000000082600000, 0x0000000082600000| Complete 
|  38|0x0000000082600000, 0x0000000082700000, 0x0000000082700000|100%|HC|  |TAMS 0x0000000082700000, 0x0000000082700000| Complete 
|  39|0x0000000082700000, 0x0000000082800000, 0x0000000082800000|100%|HC|  |TAMS 0x0000000082800000, 0x0000000082800000| Complete 
|  40|0x0000000082800000, 0x0000000082900000, 0x0000000082900000|100%|HC|  |TAMS 0x0000000082900000, 0x0000000082900000| Complete 
|  41|0x0000000082900000, 0x0000000082a00000, 0x0000000082a00000|100%| O|  |TAMS 0x0000000082a00000, 0x0000000082a00000| Untracked 
|  42|0x0000000082a00000, 0x0000000082b00000, 0x0000000082b00000|100%|HS|  |TAMS 0x0000000082b00000, 0x0000000082b00000| Complete 
|  43|0x0000000082b00000, 0x0000000082c00000, 0x0000000082c00000|100%| O|  |TAMS 0x0000000082c00000, 0x0000000082c00000| Untracked 
|  44|0x0000000082c00000, 0x0000000082d00000, 0x0000000082d00000|100%| O|  |TAMS 0x0000000082d00000, 0x0000000082d00000| Untracked 
|  45|0x0000000082d00000, 0x0000000082e00000, 0x0000000082e00000|100%| O|  |TAMS 0x0000000082e00000, 0x0000000082e00000| Untracked 
|  46|0x0000000082e00000, 0x0000000082f00000, 0x0000000082f00000|100%|HS|  |TAMS 0x0000000082f00000, 0x0000000082f00000| Complete 
|  47|0x0000000082f00000, 0x0000000083000000, 0x0000000083000000|100%|HC|  |TAMS 0x0000000083000000, 0x0000000083000000| Complete 
|  48|0x0000000083000000, 0x0000000083100000, 0x0000000083100000|100%| O|  |TAMS 0x0000000083100000, 0x0000000083100000| Untracked 
|  49|0x0000000083100000, 0x0000000083200000, 0x0000000083200000|100%| O|  |TAMS 0x0000000083200000, 0x0000000083200000| Untracked 
|  50|0x0000000083200000, 0x0000000083300000, 0x0000000083300000|100%| O|  |TAMS 0x0000000083300000, 0x0000000083300000| Untracked 
|  51|0x0000000083300000, 0x0000000083400000, 0x0000000083400000|100%|HS|  |TAMS 0x0000000083400000, 0x0000000083400000| Complete 
|  52|0x0000000083400000, 0x0000000083500000, 0x0000000083500000|100%|HC|  |TAMS 0x0000000083500000, 0x0000000083500000| Complete 
|  53|0x0000000083500000, 0x0000000083600000, 0x0000000083600000|100%|HC|  |TAMS 0x0000000083600000, 0x0000000083600000| Complete 
|  54|0x0000000083600000, 0x0000000083700000, 0x0000000083700000|100%|HC|  |TAMS 0x0000000083700000, 0x0000000083700000| Complete 
|  55|0x0000000083700000, 0x0000000083800000, 0x0000000083800000|100%|HC|  |TAMS 0x0000000083800000, 0x0000000083800000| Complete 
|  56|0x0000000083800000, 0x0000000083900000, 0x0000000083900000|100%|HC|  |TAMS 0x0000000083900000, 0x0000000083900000| Complete 
|  57|0x0000000083900000, 0x0000000083a00000, 0x0000000083a00000|100%| O|  |TAMS 0x0000000083a00000, 0x0000000083a00000| Untracked 
|  58|0x0000000083a00000, 0x0000000083b00000, 0x0000000083b00000|100%| O|  |TAMS 0x0000000083b00000, 0x0000000083b00000| Untracked 
|  59|0x0000000083b00000, 0x0000000083c00000, 0x0000000083c00000|100%| O|  |TAMS 0x0000000083c00000, 0x0000000083c00000| Untracked 
|  60|0x0000000083c00000, 0x0000000083d00000, 0x0000000083d00000|100%| O|  |TAMS 0x0000000083d00000, 0x0000000083d00000| Untracked 
|  61|0x0000000083d00000, 0x0000000083e00000, 0x0000000083e00000|100%|HS|  |TAMS 0x0000000083e00000, 0x0000000083e00000| Complete 
|  62|0x0000000083e00000, 0x0000000083f00000, 0x0000000083f00000|100%|HC|  |TAMS 0x0000000083f00000, 0x0000000083f00000| Complete 
|  63|0x0000000083f00000, 0x0000000084000000, 0x0000000084000000|100%| O|  |TAMS 0x0000000083fc1600, 0x0000000084000000| Untracked 
|  64|0x0000000084000000, 0x0000000084100000, 0x0000000084100000|100%| O|  |TAMS 0x0000000084100000, 0x0000000084100000| Untracked 
|  65|0x0000000084100000, 0x0000000084200000, 0x0000000084200000|100%|HS|  |TAMS 0x0000000084200000, 0x0000000084200000| Complete 
|  66|0x0000000084200000, 0x0000000084300000, 0x0000000084300000|100%|HC|  |TAMS 0x0000000084300000, 0x0000000084300000| Complete 
|  67|0x0000000084300000, 0x0000000084400000, 0x0000000084400000|100%|HC|  |TAMS 0x0000000084400000, 0x0000000084400000| Complete 
|  68|0x0000000084400000, 0x0000000084500000, 0x0000000084500000|100%|HC|  |TAMS 0x0000000084500000, 0x0000000084500000| Complete 
|  69|0x0000000084500000, 0x0000000084600000, 0x0000000084600000|100%|HC|  |TAMS 0x0000000084600000, 0x0000000084600000| Complete 
|  70|0x0000000084600000, 0x0000000084700000, 0x0000000084700000|100%|HC|  |TAMS 0x0000000084700000, 0x0000000084700000| Complete 
|  71|0x0000000084700000, 0x0000000084800000, 0x0000000084800000|100%|HC|  |TAMS 0x0000000084800000, 0x0000000084800000| Complete 
|  72|0x0000000084800000, 0x0000000084900000, 0x0000000084900000|100%|HC|  |TAMS 0x0000000084900000, 0x0000000084900000| Complete 
|  73|0x0000000084900000, 0x0000000084a00000, 0x0000000084a00000|100%|HC|  |TAMS 0x0000000084a00000, 0x0000000084a00000| Complete 
|  74|0x0000000084a00000, 0x0000000084b00000, 0x0000000084b00000|100%|HC|  |TAMS 0x0000000084b00000, 0x0000000084b00000| Complete 
|  75|0x0000000084b00000, 0x0000000084c00000, 0x0000000084c00000|100%|HC|  |TAMS 0x0000000084c00000, 0x0000000084c00000| Complete 
|  76|0x0000000084c00000, 0x0000000084d00000, 0x0000000084d00000|100%|HS|  |TAMS 0x0000000084d00000, 0x0000000084d00000| Complete 
|  77|0x0000000084d00000, 0x0000000084e00000, 0x0000000084e00000|100%|HC|  |TAMS 0x0000000084e00000, 0x0000000084e00000| Complete 
|  78|0x0000000084e00000, 0x0000000084f00000, 0x0000000084f00000|100%|HC|  |TAMS 0x0000000084f00000, 0x0000000084f00000| Complete 
|  79|0x0000000084f00000, 0x0000000085000000, 0x0000000085000000|100%|HS|  |TAMS 0x0000000085000000, 0x0000000085000000| Complete 
|  80|0x0000000085000000, 0x0000000085100000, 0x0000000085100000|100%|HC|  |TAMS 0x0000000085100000, 0x0000000085100000| Complete 
|  81|0x0000000085100000, 0x0000000085200000, 0x0000000085200000|100%|HS|  |TAMS 0x0000000085200000, 0x0000000085200000| Complete 
|  82|0x0000000085200000, 0x0000000085300000, 0x0000000085300000|100%|HC|  |TAMS 0x0000000085300000, 0x0000000085300000| Complete 
|  83|0x0000000085300000, 0x0000000085400000, 0x0000000085400000|100%|HC|  |TAMS 0x0000000085400000, 0x0000000085400000| Complete 
|  84|0x0000000085400000, 0x0000000085500000, 0x0000000085500000|100%| O|  |TAMS 0x0000000085400000, 0x0000000085500000| Untracked 
|  85|0x0000000085500000, 0x0000000085600000, 0x0000000085600000|100%| O|  |TAMS 0x0000000085500000, 0x0000000085600000| Untracked 
|  86|0x0000000085600000, 0x0000000085700000, 0x0000000085700000|100%| O|  |TAMS 0x0000000085600000, 0x0000000085600000| Untracked 
|  87|0x0000000085700000, 0x0000000085800000, 0x0000000085800000|100%| O|  |TAMS 0x0000000085700000, 0x0000000085800000| Untracked 
|  88|0x0000000085800000, 0x0000000085900000, 0x0000000085900000|100%| O|  |TAMS 0x0000000085800000, 0x0000000085900000| Untracked 
|  89|0x0000000085900000, 0x0000000085a00000, 0x0000000085a00000|100%| O|  |TAMS 0x0000000085900000, 0x0000000085979c00| Untracked 
|  90|0x0000000085a00000, 0x0000000085b00000, 0x0000000085b00000|100%| O|  |TAMS 0x0000000085a00000, 0x0000000085a00000| Untracked 
|  91|0x0000000085b00000, 0x0000000085b45200, 0x0000000085c00000| 27%| O|  |TAMS 0x0000000085b00000, 0x0000000085b00000| Untracked 
|  92|0x0000000085c00000, 0x0000000085c00000, 0x0000000085d00000|  0%| F|  |TAMS 0x0000000085c00000, 0x0000000085c00000| Untracked 
|  93|0x0000000085d00000, 0x0000000085d00000, 0x0000000085e00000|  0%| F|  |TAMS 0x0000000085d00000, 0x0000000085d00000| Untracked 
|  94|0x0000000085e00000, 0x0000000085e00000, 0x0000000085f00000|  0%| F|  |TAMS 0x0000000085e00000, 0x0000000085e00000| Untracked 
|  95|0x0000000085f00000, 0x0000000085f00000, 0x0000000086000000|  0%| F|  |TAMS 0x0000000085f00000, 0x0000000085f00000| Untracked 
|  96|0x0000000086000000, 0x0000000086000000, 0x0000000086100000|  0%| F|  |TAMS 0x0000000086000000, 0x0000000086000000| Untracked 
|  97|0x0000000086100000, 0x0000000086100000, 0x0000000086200000|  0%| F|  |TAMS 0x0000000086100000, 0x0000000086100000| Untracked 
|  98|0x0000000086200000, 0x0000000086200000, 0x0000000086300000|  0%| F|  |TAMS 0x0000000086200000, 0x0000000086200000| Untracked 
|  99|0x0000000086300000, 0x0000000086300000, 0x0000000086400000|  0%| F|  |TAMS 0x0000000086300000, 0x0000000086300000| Untracked 
| 100|0x0000000086400000, 0x0000000086400000, 0x0000000086500000|  0%| F|  |TAMS 0x0000000086400000, 0x0000000086400000| Untracked 
| 101|0x0000000086500000, 0x0000000086500000, 0x0000000086600000|  0%| F|  |TAMS 0x0000000086500000, 0x0000000086500000| Untracked 
| 102|0x0000000086600000, 0x0000000086600000, 0x0000000086700000|  0%| F|  |TAMS 0x0000000086600000, 0x0000000086600000| Untracked 
| 103|0x0000000086700000, 0x0000000086700000, 0x0000000086800000|  0%| F|  |TAMS 0x0000000086700000, 0x0000000086700000| Untracked 
| 104|0x0000000086800000, 0x0000000086800000, 0x0000000086900000|  0%| F|  |TAMS 0x0000000086800000, 0x0000000086800000| Untracked 
| 105|0x0000000086900000, 0x0000000086900000, 0x0000000086a00000|  0%| F|  |TAMS 0x0000000086900000, 0x0000000086900000| Untracked 
| 106|0x0000000086a00000, 0x0000000086a00000, 0x0000000086b00000|  0%| F|  |TAMS 0x0000000086a00000, 0x0000000086a00000| Untracked 
| 107|0x0000000086b00000, 0x0000000086b00000, 0x0000000086c00000|  0%| F|  |TAMS 0x0000000086b00000, 0x0000000086b00000| Untracked 
| 108|0x0000000086c00000, 0x0000000086c00000, 0x0000000086d00000|  0%| F|  |TAMS 0x0000000086c00000, 0x0000000086c00000| Untracked 
| 109|0x0000000086d00000, 0x0000000086d00000, 0x0000000086e00000|  0%| F|  |TAMS 0x0000000086d00000, 0x0000000086d00000| Untracked 
| 110|0x0000000086e00000, 0x0000000086e00000, 0x0000000086f00000|  0%| F|  |TAMS 0x0000000086e00000, 0x0000000086e00000| Untracked 
| 111|0x0000000086f00000, 0x0000000086f00000, 0x0000000087000000|  0%| F|  |TAMS 0x0000000086f00000, 0x0000000086f00000| Untracked 
| 112|0x0000000087000000, 0x0000000087000000, 0x0000000087100000|  0%| F|  |TAMS 0x0000000087000000, 0x0000000087000000| Untracked 
| 113|0x0000000087100000, 0x0000000087100000, 0x0000000087200000|  0%| F|  |TAMS 0x0000000087100000, 0x0000000087100000| Untracked 
| 114|0x0000000087200000, 0x0000000087200000, 0x0000000087300000|  0%| F|  |TAMS 0x0000000087200000, 0x0000000087200000| Untracked 
| 115|0x0000000087300000, 0x0000000087300000, 0x0000000087400000|  0%| F|  |TAMS 0x0000000087300000, 0x0000000087300000| Untracked 
| 116|0x0000000087400000, 0x0000000087400000, 0x0000000087500000|  0%| F|  |TAMS 0x0000000087400000, 0x0000000087400000| Untracked 
| 117|0x0000000087500000, 0x0000000087500000, 0x0000000087600000|  0%| F|  |TAMS 0x0000000087500000, 0x0000000087500000| Untracked 
| 118|0x0000000087600000, 0x0000000087600000, 0x0000000087700000|  0%| F|  |TAMS 0x0000000087600000, 0x0000000087600000| Untracked 
| 119|0x0000000087700000, 0x0000000087700000, 0x0000000087800000|  0%| F|  |TAMS 0x0000000087700000, 0x0000000087700000| Untracked 
| 120|0x0000000087800000, 0x0000000087800000, 0x0000000087900000|  0%| F|  |TAMS 0x0000000087800000, 0x0000000087800000| Untracked 
| 121|0x0000000087900000, 0x0000000087900000, 0x0000000087a00000|  0%| F|  |TAMS 0x0000000087900000, 0x0000000087900000| Untracked 
| 122|0x0000000087a00000, 0x0000000087a00000, 0x0000000087b00000|  0%| F|  |TAMS 0x0000000087a00000, 0x0000000087a00000| Untracked 
| 123|0x0000000087b00000, 0x0000000087b00000, 0x0000000087c00000|  0%| F|  |TAMS 0x0000000087b00000, 0x0000000087b00000| Untracked 
| 124|0x0000000087c00000, 0x0000000087c00000, 0x0000000087d00000|  0%| F|  |TAMS 0x0000000087c00000, 0x0000000087c00000| Untracked 
| 125|0x0000000087d00000, 0x0000000087d00000, 0x0000000087e00000|  0%| F|  |TAMS 0x0000000087d00000, 0x0000000087d00000| Untracked 
| 126|0x0000000087e00000, 0x0000000087e00000, 0x0000000087f00000|  0%| F|  |TAMS 0x0000000087e00000, 0x0000000087e00000| Untracked 
| 127|0x0000000087f00000, 0x0000000087f00000, 0x0000000088000000|  0%| F|  |TAMS 0x0000000087f00000, 0x0000000087f00000| Untracked 
| 128|0x0000000088000000, 0x0000000088000000, 0x0000000088100000|  0%| F|  |TAMS 0x0000000088000000, 0x0000000088000000| Untracked 
| 129|0x0000000088100000, 0x0000000088100000, 0x0000000088200000|  0%| F|  |TAMS 0x0000000088100000, 0x0000000088100000| Untracked 
| 130|0x0000000088200000, 0x0000000088200000, 0x0000000088300000|  0%| F|  |TAMS 0x0000000088200000, 0x0000000088200000| Untracked 
| 131|0x0000000088300000, 0x0000000088300000, 0x0000000088400000|  0%| F|  |TAMS 0x0000000088300000, 0x0000000088300000| Untracked 
| 132|0x0000000088400000, 0x0000000088400000, 0x0000000088500000|  0%| F|  |TAMS 0x0000000088400000, 0x0000000088400000| Untracked 
| 133|0x0000000088500000, 0x0000000088500000, 0x0000000088600000|  0%| F|  |TAMS 0x0000000088500000, 0x0000000088500000| Untracked 
| 134|0x0000000088600000, 0x0000000088600000, 0x0000000088700000|  0%| F|  |TAMS 0x0000000088600000, 0x0000000088600000| Untracked 
| 135|0x0000000088700000, 0x0000000088700000, 0x0000000088800000|  0%| F|  |TAMS 0x0000000088700000, 0x0000000088700000| Untracked 
| 136|0x0000000088800000, 0x0000000088800000, 0x0000000088900000|  0%| F|  |TAMS 0x0000000088800000, 0x0000000088800000| Untracked 
| 137|0x0000000088900000, 0x0000000088900000, 0x0000000088a00000|  0%| F|  |TAMS 0x0000000088900000, 0x0000000088900000| Untracked 
| 138|0x0000000088a00000, 0x0000000088a00000, 0x0000000088b00000|  0%| F|  |TAMS 0x0000000088a00000, 0x0000000088a00000| Untracked 
| 139|0x0000000088b00000, 0x0000000088b00000, 0x0000000088c00000|  0%| F|  |TAMS 0x0000000088b00000, 0x0000000088b00000| Untracked 
| 140|0x0000000088c00000, 0x0000000088c00000, 0x0000000088d00000|  0%| F|  |TAMS 0x0000000088c00000, 0x0000000088c00000| Untracked 
| 141|0x0000000088d00000, 0x0000000088d00000, 0x0000000088e00000|  0%| F|  |TAMS 0x0000000088d00000, 0x0000000088d00000| Untracked 
| 142|0x0000000088e00000, 0x0000000088e00000, 0x0000000088f00000|  0%| F|  |TAMS 0x0000000088e00000, 0x0000000088e00000| Untracked 
| 143|0x0000000088f00000, 0x0000000088f00000, 0x0000000089000000|  0%| F|  |TAMS 0x0000000088f00000, 0x0000000088f00000| Untracked 
| 144|0x0000000089000000, 0x0000000089078880, 0x0000000089100000| 47%| S|CS|TAMS 0x0000000089000000, 0x0000000089000000| Complete 
| 145|0x0000000089100000, 0x0000000089100000, 0x0000000089200000|  0%| F|  |TAMS 0x0000000089100000, 0x0000000089100000| Untracked 
| 146|0x0000000089200000, 0x0000000089200000, 0x0000000089300000|  0%| F|  |TAMS 0x0000000089200000, 0x0000000089200000| Untracked 
| 147|0x0000000089300000, 0x0000000089300000, 0x0000000089400000|  0%| F|  |TAMS 0x0000000089300000, 0x0000000089300000| Untracked 
| 148|0x0000000089400000, 0x0000000089400000, 0x0000000089500000|  0%| F|  |TAMS 0x0000000089400000, 0x0000000089400000| Untracked 
| 149|0x0000000089500000, 0x0000000089500000, 0x0000000089600000|  0%| F|  |TAMS 0x0000000089500000, 0x0000000089500000| Untracked 
| 150|0x0000000089600000, 0x0000000089600000, 0x0000000089700000|  0%| F|  |TAMS 0x0000000089600000, 0x0000000089600000| Untracked 
| 151|0x0000000089700000, 0x0000000089700000, 0x0000000089800000|  0%| F|  |TAMS 0x0000000089700000, 0x0000000089700000| Untracked 

Card table byte_map: [0x00000204ee5d0000,0x00000204ee9d0000] _byte_map_base: 0x00000204ee1d0000

Marking Bits (Prev, Next): (CMBitMap*) 0x00000204dbd64010, (CMBitMap*) 0x00000204dbd63fd0
 Prev Bits: [0x00000204f0dd0000, 0x00000204f2dd0000)
 Next Bits: [0x00000204eedd0000, 0x00000204f0dd0000)

Polling page: 0x00000204db4d0000

Metaspace:

Usage:
  Non-class:     43.01 MB used.
      Class:      6.56 MB used.
       Both:     49.56 MB used.

Virtual space:
  Non-class space:       48.00 MB reserved,      43.31 MB ( 90%) committed,  6 nodes.
      Class space:        1.00 GB reserved,       6.75 MB ( <1%) committed,  1 nodes.
             Both:        1.05 GB reserved,      50.06 MB (  5%) committed. 

Chunk freelists:
   Non-Class:  3.78 MB
       Class:  1.08 MB
        Both:  4.86 MB

MaxMetaspaceSize: unlimited
CompressedClassSpaceSize: 1.00 GB
Initial GC threshold: 21.00 MB
Current GC threshold: 79.50 MB
CDS: off
MetaspaceReclaimPolicy: balanced
 - commit_granule_bytes: 65536.
 - commit_granule_words: 8192.
 - virtual_space_node_default_size: 1048576.
 - enlarge_chunks_in_place: 1.
 - new_chunks_are_fully_committed: 0.
 - uncommit_free_chunks: 1.
 - use_allocation_guard: 0.
 - handle_deallocations: 1.


Internal statistics:

num_allocs_failed_limit: 3.
num_arena_births: 486.
num_arena_deaths: 0.
num_vsnodes_births: 7.
num_vsnodes_deaths: 0.
num_space_committed: 801.
num_space_uncommitted: 0.
num_chunks_returned_to_freelist: 3.
num_chunks_taken_from_freelist: 2104.
num_chunk_merges: 3.
num_chunk_splits: 1369.
num_chunks_enlarged: 928.
num_purges: 0.
num_inconsistent_stats: 0.

CodeHeap 'non-profiled nmethods': size=120000Kb used=2722Kb max_used=2722Kb free=117278Kb
 bounds [0x00000204e6ca0000, 0x00000204e6f50000, 0x00000204ee1d0000]
CodeHeap 'profiled nmethods': size=120000Kb used=9806Kb max_used=9806Kb free=110194Kb
 bounds [0x00000204df1d0000, 0x00000204dfb70000, 0x00000204e6700000]
CodeHeap 'non-nmethods': size=5760Kb used=2305Kb max_used=2349Kb free=3454Kb
 bounds [0x00000204e6700000, 0x00000204e6970000, 0x00000204e6ca0000]
 total_blobs=5410 nmethods=4593 adapters=729
 compilation: enabled
              stopped_count=0, restarted_count=0
 full_count=0

Compilation events (20 events):
Event: 5.581 Thread 0x00000204f5c36680 4606       3       com.google.common.collect.AbstractMapBasedMultimap$WrappedCollection$WrappedIterator::<init> (32 bytes)
Event: 5.581 Thread 0x00000204f5c36680 nmethod 4606 0x00000204dfb60910 code [0x00000204dfb60b00, 0x00000204dfb61218]
Event: 5.581 Thread 0x00000204f5c1a000 nmethod 4600 0x00000204e6f47890 code [0x00000204e6f47a20, 0x00000204e6f47c38]
Event: 5.581 Thread 0x00000204f5c1a000 4602       4       org.objectweb.asm.MethodWriter::visitEnd (1 bytes)
Event: 5.581 Thread 0x00000204f5c1a000 nmethod 4602 0x00000204e6f47e10 code [0x00000204e6f47f80, 0x00000204e6f47ff8]
Event: 5.587 Thread 0x00000204f5c36680 4607       3       org.gradle.internal.event.AbstractBroadcastDispatch::dispatch (65 bytes)
Event: 5.588 Thread 0x00000204f5c36680 nmethod 4607 0x00000204dfb61410 code [0x00000204dfb61620, 0x00000204dfb61c48]
Event: 5.590 Thread 0x00000204f5c1a000 4608       4       java.lang.PublicMethods::merge (81 bytes)
Event: 5.591 Thread 0x00000204f5c36680 4611       3       java.util.TreeMap::compare (32 bytes)
Event: 5.591 Thread 0x00000204f5c36680 nmethod 4611 0x00000204dfb61d90 code [0x00000204dfb61f60, 0x00000204dfb62358]
Event: 5.595 Thread 0x00000204f5c36680 4612       3       org.gradle.internal.logging.slf4j.OutputEventListenerBackedLogger::isDebugEnabled (5 bytes)
Event: 5.596 Thread 0x00000204f5c36680 nmethod 4612 0x00000204dfb62490 code [0x00000204dfb62660, 0x00000204dfb62a48]
Event: 5.596 Thread 0x00000204f5c36680 4613       3       org.gradle.internal.logging.slf4j.BuildOperationAwareLogger::isDebugEnabled (8 bytes)
Event: 5.596 Thread 0x00000204f5c36680 nmethod 4613 0x00000204dfb62c10 code [0x00000204dfb62dc0, 0x00000204dfb62f88]
Event: 5.596 Thread 0x00000204f5c36680 4614       3       java.lang.invoke.MethodHandles$Lookup::getDirectConstructor (10 bytes)
Event: 5.596 Thread 0x00000204f5c36680 nmethod 4614 0x00000204dfb63010 code [0x00000204dfb631a0, 0x00000204dfb632e8]
Event: 5.596 Thread 0x00000204f5c36680 4616       3       java.lang.invoke.DirectMethodHandle$Constructor::viewAsType (49 bytes)
Event: 5.596 Thread 0x00000204f5c36680 nmethod 4616 0x00000204dfb63390 code [0x00000204dfb63540, 0x00000204dfb63708]
Event: 5.598 Thread 0x00000204f5c36680 4617       1       org.gradle.internal.operations.BuildOperationDescriptor::getParentId (5 bytes)
Event: 5.598 Thread 0x00000204f5c36680 nmethod 4617 0x00000204e6f48510 code [0x00000204e6f486a0, 0x00000204e6f48778]

GC Heap History (20 events):
Event: 2.863 GC heap after
{Heap after GC invocations=9 (full 0):
 garbage-first heap   total 105472K, used 47614K [0x0000000080000000, 0x0000000100000000)
  region size 1024K, 1 young (1024K), 1 survivors (1024K)
 Metaspace       used 29273K, committed 29696K, reserved 1081344K
  class space    used 3967K, committed 4160K, reserved 1048576K
}
Event: 3.317 GC heap before
{Heap before GC invocations=10 (full 0):
 garbage-first heap   total 105472K, used 84478K [0x0000000080000000, 0x0000000100000000)
  region size 1024K, 31 young (31744K), 1 survivors (1024K)
 Metaspace       used 33111K, committed 33472K, reserved 1081344K
  class space    used 4592K, committed 4736K, reserved 1048576K
}
Event: 3.320 GC heap after
{Heap after GC invocations=11 (full 0):
 garbage-first heap   total 105472K, used 57242K [0x0000000080000000, 0x0000000100000000)
  region size 1024K, 3 young (3072K), 3 survivors (3072K)
 Metaspace       used 33111K, committed 33472K, reserved 1081344K
  class space    used 4592K, committed 4736K, reserved 1048576K
}
Event: 3.751 GC heap before
{Heap before GC invocations=11 (full 0):
 garbage-first heap   total 105472K, used 81818K [0x0000000080000000, 0x0000000100000000)
  region size 1024K, 27 young (27648K), 3 survivors (3072K)
 Metaspace       used 39419K, committed 39808K, reserved 1089536K
  class space    used 5325K, committed 5504K, reserved 1048576K
}
Event: 3.754 GC heap after
{Heap after GC invocations=12 (full 0):
 garbage-first heap   total 105472K, used 59845K [0x0000000080000000, 0x0000000100000000)
  region size 1024K, 3 young (3072K), 3 survivors (3072K)
 Metaspace       used 39419K, committed 39808K, reserved 1089536K
  class space    used 5325K, committed 5504K, reserved 1048576K
}
Event: 4.018 GC heap before
{Heap before GC invocations=13 (full 0):
 garbage-first heap   total 105472K, used 82373K [0x0000000080000000, 0x0000000100000000)
  region size 1024K, 26 young (26624K), 3 survivors (3072K)
 Metaspace       used 41613K, committed 41984K, reserved 1089536K
  class space    used 5567K, committed 5760K, reserved 1048576K
}
Event: 4.023 GC heap after
{Heap after GC invocations=14 (full 0):
 garbage-first heap   total 105472K, used 63351K [0x0000000080000000, 0x0000000100000000)
  region size 1024K, 4 young (4096K), 4 survivors (4096K)
 Metaspace       used 41613K, committed 41984K, reserved 1089536K
  class space    used 5567K, committed 5760K, reserved 1048576K
}
Event: 4.111 GC heap before
{Heap before GC invocations=14 (full 0):
 garbage-first heap   total 105472K, used 71543K [0x0000000080000000, 0x0000000100000000)
  region size 1024K, 14 young (14336K), 4 survivors (4096K)
 Metaspace       used 42081K, committed 42496K, reserved 1089536K
  class space    used 5613K, committed 5824K, reserved 1048576K
}
Event: 4.114 GC heap after
{Heap after GC invocations=15 (full 0):
 garbage-first heap   total 105472K, used 63641K [0x0000000080000000, 0x0000000100000000)
  region size 1024K, 2 young (2048K), 2 survivors (2048K)
 Metaspace       used 42081K, committed 42496K, reserved 1089536K
  class space    used 5613K, committed 5824K, reserved 1048576K
}
Event: 4.593 GC heap before
{Heap before GC invocations=16 (full 0):
 garbage-first heap   total 114688K, used 87193K [0x0000000080000000, 0x0000000100000000)
  region size 1024K, 23 young (23552K), 2 survivors (2048K)
 Metaspace       used 45726K, committed 46144K, reserved 1089536K
  class space    used 6050K, committed 6208K, reserved 1048576K
}
Event: 4.597 GC heap after
{Heap after GC invocations=17 (full 0):
 garbage-first heap   total 114688K, used 64441K [0x0000000080000000, 0x0000000100000000)
  region size 1024K, 2 young (2048K), 2 survivors (2048K)
 Metaspace       used 45726K, committed 46144K, reserved 1089536K
  class space    used 6050K, committed 6208K, reserved 1048576K
}
Event: 4.810 GC heap before
{Heap before GC invocations=17 (full 0):
 garbage-first heap   total 114688K, used 72633K [0x0000000080000000, 0x0000000100000000)
  region size 1024K, 12 young (12288K), 2 survivors (2048K)
 Metaspace       used 46529K, committed 46976K, reserved 1089536K
  class space    used 6181K, committed 6400K, reserved 1048576K
}
Event: 4.815 GC heap after
{Heap after GC invocations=18 (full 0):
 garbage-first heap   total 114688K, used 65924K [0x0000000080000000, 0x0000000100000000)
  region size 1024K, 3 young (3072K), 3 survivors (3072K)
 Metaspace       used 46529K, committed 46976K, reserved 1089536K
  class space    used 6181K, committed 6400K, reserved 1048576K
}
Event: 4.871 GC heap before
{Heap before GC invocations=19 (full 0):
 garbage-first heap   total 135168K, used 82308K [0x0000000080000000, 0x0000000100000000)
  region size 1024K, 4 young (4096K), 3 survivors (3072K)
 Metaspace       used 46529K, committed 46976K, reserved 1089536K
  class space    used 6181K, committed 6400K, reserved 1048576K
}
Event: 4.875 GC heap after
{Heap after GC invocations=20 (full 0):
 garbage-first heap   total 135168K, used 82861K [0x0000000080000000, 0x0000000100000000)
  region size 1024K, 3 young (3072K), 3 survivors (3072K)
 Metaspace       used 46529K, committed 46976K, reserved 1089536K
  class space    used 6181K, committed 6400K, reserved 1048576K
}
Event: 5.126 GC heap before
{Heap before GC invocations=21 (full 0):
 garbage-first heap   total 153600K, used 104365K [0x0000000080000000, 0x0000000100000000)
  region size 1024K, 21 young (21504K), 3 survivors (3072K)
 Metaspace       used 47839K, committed 48256K, reserved 1097728K
  class space    used 6345K, committed 6528K, reserved 1048576K
}
Event: 5.135 GC heap after
{Heap after GC invocations=22 (full 0):
 garbage-first heap   total 153600K, used 91103K [0x0000000080000000, 0x0000000100000000)
  region size 1024K, 3 young (3072K), 3 survivors (3072K)
 Metaspace       used 47839K, committed 48256K, reserved 1097728K
  class space    used 6345K, committed 6528K, reserved 1048576K
}
Event: 5.512 GC heap before
{Heap before GC invocations=23 (full 0):
 garbage-first heap   total 155648K, used 118751K [0x0000000080000000, 0x0000000100000000)
  region size 1024K, 29 young (29696K), 3 survivors (3072K)
 Metaspace       used 50046K, committed 50496K, reserved 1097728K
  class space    used 6593K, committed 6784K, reserved 1048576K
}
Event: 5.518 GC heap after
{Heap after GC invocations=24 (full 0):
 garbage-first heap   total 155648K, used 93485K [0x0000000080000000, 0x0000000100000000)
  region size 1024K, 3 young (3072K), 3 survivors (3072K)
 Metaspace       used 50046K, committed 50496K, reserved 1097728K
  class space    used 6593K, committed 6784K, reserved 1048576K
}
Event: 5.601 GC heap before
{Heap before GC invocations=24 (full 0):
 garbage-first heap   total 155648K, used 99629K [0x0000000080000000, 0x0000000100000000)
  region size 1024K, 10 young (10240K), 3 survivors (3072K)
 Metaspace       used 50753K, committed 51264K, reserved 1097728K
  class space    used 6715K, committed 6912K, reserved 1048576K
}

Dll operation events (2 events):
Event: 0.008 Loaded shared library C:\Program Files\Android\Android Studio\jbr\bin\java.dll
Event: 0.471 Loaded shared library C:\Program Files\Android\Android Studio\jbr\bin\verify.dll

Deoptimization events (20 events):
Event: 5.023 Thread 0x00000204f63e6970 DEOPT PACKING pc=0x00000204df5fe754 sp=0x000000ab2f0f5210
Event: 5.023 Thread 0x00000204f63e6970 DEOPT UNPACKING pc=0x00000204e6757143 sp=0x000000ab2f0f4768 mode 0
Event: 5.235 Thread 0x00000204f63e6970 Uncommon trap: trap_request=0xffffff45 fr.pc=0x00000204e6da52b8 relative=0x00000000000064d8
Event: 5.235 Thread 0x00000204f63e6970 Uncommon trap: reason=unstable_if action=reinterpret pc=0x00000204e6da52b8 method=jdk.internal.org.objectweb.asm.SymbolTable.addType(Ljava/lang/String;)I @ 33 c2
Event: 5.235 Thread 0x00000204f63e6970 DEOPT PACKING pc=0x00000204e6da52b8 sp=0x000000ab2f0f7c20
Event: 5.235 Thread 0x00000204f63e6970 DEOPT UNPACKING pc=0x00000204e67569a3 sp=0x000000ab2f0f7b48 mode 2
Event: 5.292 Thread 0x00000204f63e6970 DEOPT PACKING pc=0x00000204df911645 sp=0x000000ab2f0f8780
Event: 5.292 Thread 0x00000204f63e6970 DEOPT UNPACKING pc=0x00000204e6757143 sp=0x000000ab2f0f7c68 mode 0
Event: 5.319 Thread 0x00000204f63e6970 Uncommon trap: trap_request=0xffffffc6 fr.pc=0x00000204e6efaddc relative=0x0000000000000f1c
Event: 5.319 Thread 0x00000204f63e6970 Uncommon trap: reason=bimorphic_or_optimized_type_check action=maybe_recompile pc=0x00000204e6efaddc method=org.codehaus.groovy.runtime.metaclass.MetaMethodIndex.isOverridden(Lgroovy/lang/MetaMethod;Lgroovy/lang/MetaMethod;)Z @ 37 c2
Event: 5.319 Thread 0x00000204f63e6970 DEOPT PACKING pc=0x00000204e6efaddc sp=0x000000ab2f0f4f30
Event: 5.319 Thread 0x00000204f63e6970 DEOPT UNPACKING pc=0x00000204e67569a3 sp=0x000000ab2f0f4ed8 mode 2
Event: 5.323 Thread 0x00000204f63e6970 Uncommon trap: trap_request=0xffffffc6 fr.pc=0x00000204e6efaddc relative=0x0000000000000f1c
Event: 5.323 Thread 0x00000204f63e6970 Uncommon trap: reason=bimorphic_or_optimized_type_check action=maybe_recompile pc=0x00000204e6efaddc method=org.codehaus.groovy.runtime.metaclass.MetaMethodIndex.isOverridden(Lgroovy/lang/MetaMethod;Lgroovy/lang/MetaMethod;)Z @ 37 c2
Event: 5.323 Thread 0x00000204f63e6970 DEOPT PACKING pc=0x00000204e6efaddc sp=0x000000ab2f0f4ff0
Event: 5.323 Thread 0x00000204f63e6970 DEOPT UNPACKING pc=0x00000204e67569a3 sp=0x000000ab2f0f4f98 mode 2
Event: 5.428 Thread 0x00000204f63e6970 Uncommon trap: trap_request=0xffffff45 fr.pc=0x00000204e6e2e440 relative=0x00000000000014c0
Event: 5.428 Thread 0x00000204f63e6970 Uncommon trap: reason=unstable_if action=reinterpret pc=0x00000204e6e2e440 method=java.util.WeakHashMap.matchesKey(Ljava/util/WeakHashMap$Entry;Ljava/lang/Object;)Z @ 5 c2
Event: 5.428 Thread 0x00000204f63e6970 DEOPT PACKING pc=0x00000204e6e2e440 sp=0x000000ab2f0f6a30
Event: 5.428 Thread 0x00000204f63e6970 DEOPT UNPACKING pc=0x00000204e67569a3 sp=0x000000ab2f0f69b8 mode 2

Classes unloaded (0 events):
No events

Classes redefined (0 events):
No events

Internal exceptions (20 events):
Event: 5.417 Thread 0x00000204f63e6970 Exception <a 'java/lang/ClassNotFoundException'{0x000000008800ab78}: org/gradle/internal/management/DefaultDependencyResolutionManagementCustomizer> (0x000000008800ab78) 
thrown [s\src\hotspot\share\classfile\systemDictionary.cpp, line 256]
Event: 5.418 Thread 0x00000204f63e6970 Exception <a 'java/lang/ClassNotFoundException'{0x0000000088032740}: org/gradle/internal/management/DefaultDependencyResolutionManagement_DecoratedCustomizer> (0x0000000088032740) 
thrown [s\src\hotspot\share\classfile\systemDictionary.cpp, line 256]
Event: 5.421 Thread 0x00000204f63e6970 Exception <a 'java/lang/ClassNotFoundException'{0x000000008807c270}: org/gradle/api/initialization/resolve/RepositoriesModeBeanInfo> (0x000000008807c270) 
thrown [s\src\hotspot\share\classfile\systemDictionary.cpp, line 256]
Event: 5.421 Thread 0x00000204f63e6970 Exception <a 'java/lang/ClassNotFoundException'{0x0000000088081d98}: java/lang/EnumBeanInfo> (0x0000000088081d98) 
thrown [s\src\hotspot\share\classfile\systemDictionary.cpp, line 256]
Event: 5.421 Thread 0x00000204f63e6970 Exception <a 'java/lang/ClassNotFoundException'{0x00000000880876a0}: java/lang/EnumCustomizer> (0x00000000880876a0) 
thrown [s\src\hotspot\share\classfile\systemDictionary.cpp, line 256]
Event: 5.422 Thread 0x00000204f63e6970 Exception <a 'java/lang/ClassNotFoundException'{0x00000000880a1ac8}: org/gradle/api/initialization/resolve/RepositoriesModeCustomizer> (0x00000000880a1ac8) 
thrown [s\src\hotspot\share\classfile\systemDictionary.cpp, line 256]
Event: 5.426 Thread 0x00000204f63e6970 Exception <a 'java/lang/ClassNotFoundException'{0x0000000087f08a80}: org/gradle/api/internal/provider/DefaultPropertyBeanInfo> (0x0000000087f08a80) 
thrown [s\src\hotspot\share\classfile\systemDictionary.cpp, line 256]
Event: 5.427 Thread 0x00000204f63e6970 Exception <a 'java/lang/ClassNotFoundException'{0x0000000087f1a9e0}: org/gradle/api/internal/provider/AbstractPropertyBeanInfo> (0x0000000087f1a9e0) 
thrown [s\src\hotspot\share\classfile\systemDictionary.cpp, line 256]
Event: 5.427 Thread 0x00000204f63e6970 Exception <a 'java/lang/ClassNotFoundException'{0x0000000087f2ca20}: org/gradle/api/internal/provider/AbstractMinimalProviderBeanInfo> (0x0000000087f2ca20) 
thrown [s\src\hotspot\share\classfile\systemDictionary.cpp, line 256]
Event: 5.428 Thread 0x00000204f63e6970 Exception <a 'java/lang/ClassNotFoundException'{0x0000000087f3ea90}: org/gradle/api/internal/provider/AbstractMinimalProviderCustomizer> (0x0000000087f3ea90) 
thrown [s\src\hotspot\share\classfile\systemDictionary.cpp, line 256]
Event: 5.431 Thread 0x00000204f63e6970 Exception <a 'java/lang/ClassNotFoundException'{0x0000000087f69e98}: org/gradle/api/internal/provider/AbstractPropertyCustomizer> (0x0000000087f69e98) 
thrown [s\src\hotspot\share\classfile\systemDictionary.cpp, line 256]
Event: 5.432 Thread 0x00000204f63e6970 Exception <a 'java/lang/ClassNotFoundException'{0x0000000087f88c20}: org/gradle/api/internal/provider/DefaultPropertyCustomizer> (0x0000000087f88c20) 
thrown [s\src\hotspot\share\classfile\systemDictionary.cpp, line 256]
Event: 5.440 Thread 0x00000204f63e6970 Exception <a 'java/lang/ClassNotFoundException'{0x0000000087fef7c8}: org/gradle/initialization/DefaultProjectDescriptorBeanInfo> (0x0000000087fef7c8) 
thrown [s\src\hotspot\share\classfile\systemDictionary.cpp, line 256]
Event: 5.441 Thread 0x00000204f63e6970 Exception <a 'java/lang/ClassNotFoundException'{0x0000000087fff9f0}: org/gradle/initialization/DefaultProjectDescriptorCustomizer> (0x0000000087fff9f0) 
thrown [s\src\hotspot\share\classfile\systemDictionary.cpp, line 256]
Event: 5.497 Thread 0x00000204f63e6970 Exception <a 'java/lang/ClassNotFoundException'{0x0000000087cd62e0}: org/jetbrains/plugins/gradle/model/web/WebConfigurationBeanInfo> (0x0000000087cd62e0) 
thrown [s\src\hotspot\share\classfile\systemDictionary.cpp, line 256]
Event: 5.497 Thread 0x00000204f63e6970 Exception <a 'java/lang/ClassNotFoundException'{0x0000000087cdef88}: org/jetbrains/plugins/gradle/model/web/WebConfigurationCustomizer> (0x0000000087cdef88) 
thrown [s\src\hotspot\share\classfile\systemDictionary.cpp, line 256]
Event: 5.500 Thread 0x00000204f63e6970 Exception <a 'java/lang/ClassNotFoundException'{0x0000000087cfd4a0}: org/jetbrains/plugins/gradle/model/scala/ScalaModelBeanInfo> (0x0000000087cfd4a0) 
thrown [s\src\hotspot\share\classfile\systemDictionary.cpp, line 256]
Event: 5.500 Thread 0x00000204f63e6970 Exception <a 'java/lang/ClassNotFoundException'{0x0000000087b05cd8}: org/jetbrains/plugins/gradle/model/scala/ScalaModelCustomizer> (0x0000000087b05cd8) 
thrown [s\src\hotspot\share\classfile\systemDictionary.cpp, line 256]
Event: 5.505 Thread 0x00000204f63e6970 Exception <a 'java/lang/ClassNotFoundException'{0x0000000087b36fc8}: org/jetbrains/plugins/gradle/model/DependencyAccessorsModelBeanInfo> (0x0000000087b36fc8) 
thrown [s\src\hotspot\share\classfile\systemDictionary.cpp, line 256]
Event: 5.506 Thread 0x00000204f63e6970 Exception <a 'java/lang/ClassNotFoundException'{0x0000000087b3f378}: org/jetbrains/plugins/gradle/model/DependencyAccessorsModelCustomizer> (0x0000000087b3f378) 
thrown [s\src\hotspot\share\classfile\systemDictionary.cpp, line 256]

VM Operations (20 events):
Event: 4.854 Executing VM operation: G1Concurrent done
Event: 4.868 Executing VM operation: G1Concurrent
Event: 4.868 Executing VM operation: G1Concurrent done
Event: 4.870 Executing VM operation: G1TryInitiateConcMark
Event: 4.875 Executing VM operation: G1TryInitiateConcMark done
Event: 4.909 Executing VM operation: G1Concurrent
Event: 4.912 Executing VM operation: G1Concurrent done
Event: 4.927 Executing VM operation: G1Concurrent
Event: 4.927 Executing VM operation: G1Concurrent done
Event: 4.943 Executing VM operation: HandshakeAllThreads
Event: 4.943 Executing VM operation: HandshakeAllThreads done
Event: 5.125 Executing VM operation: G1TryInitiateConcMark
Event: 5.141 Executing VM operation: G1TryInitiateConcMark done
Event: 5.173 Executing VM operation: G1Concurrent
Event: 5.192 Executing VM operation: G1Concurrent done
Event: 5.209 Executing VM operation: G1Concurrent
Event: 5.209 Executing VM operation: G1Concurrent done
Event: 5.512 Executing VM operation: G1CollectForAllocation
Event: 5.518 Executing VM operation: G1CollectForAllocation done
Event: 5.600 Executing VM operation: G1TryInitiateConcMark

Events (20 events):
Event: 5.421 loading class java/lang/EnumBeanInfo done
Event: 5.421 loading class java/lang/EnumBeanInfo
Event: 5.421 loading class java/lang/EnumBeanInfo done
Event: 5.421 loading class java/lang/EnumCustomizer
Event: 5.421 loading class java/lang/EnumCustomizer done
Event: 5.421 loading class java/lang/EnumCustomizer
Event: 5.421 loading class java/lang/EnumCustomizer done
Event: 5.443 loading class jdk/internal/math/FDBigInteger
Event: 5.444 loading class jdk/internal/math/FDBigInteger done
Event: 5.453 loading class java/util/zip/GZIPOutputStream
Event: 5.453 loading class java/util/zip/GZIPOutputStream done
Event: 5.453 loading class java/util/zip/GZIPInputStream
Event: 5.453 loading class java/util/zip/GZIPInputStream done
Event: 5.456 loading class java/lang/ThreadLocal$SuppliedThreadLocal
Event: 5.456 loading class java/lang/ThreadLocal$SuppliedThreadLocal done
Event: 5.512 Thread 0x00000204f99e2130 Thread added: 0x00000204f99e2130
Event: 5.550 loading class java/nio/file/AtomicMoveNotSupportedException
Event: 5.550 loading class java/nio/file/AtomicMoveNotSupportedException done
Event: 5.564 loading class java/io/FileWriter
Event: 5.564 loading class java/io/FileWriter done


Dynamic libraries:
0x00007ff60d6e0000 - 0x00007ff60d6ea000 	C:\Program Files\Android\Android Studio\jbr\bin\java.exe
0x00007ff864a50000 - 0x00007ff864c64000 	C:\Windows\SYSTEM32\ntdll.dll
0x00007ff863760000 - 0x00007ff863822000 	C:\Windows\System32\KERNEL32.DLL
0x00007ff8620d0000 - 0x00007ff86246c000 	C:\Windows\System32\KERNELBASE.dll
0x00007ff861fb0000 - 0x00007ff8620c1000 	C:\Windows\System32\ucrtbase.dll
0x00007ff853a40000 - 0x00007ff853a5b000 	C:\Program Files\Android\Android Studio\jbr\bin\VCRUNTIME140.dll
0x00007ff83e870000 - 0x00007ff83e887000 	C:\Program Files\Android\Android Studio\jbr\bin\jli.dll
0x00007ff864670000 - 0x00007ff86481b000 	C:\Windows\System32\USER32.dll
0x00007ff862790000 - 0x00007ff8627b6000 	C:\Windows\System32\win32u.dll
0x00007ff853140000 - 0x00007ff8533ce000 	C:\Windows\WinSxS\amd64_microsoft.windows.common-controls_6595b64144ccf1df_6.0.22621.317_none_a9434687c10c9fa2\COMCTL32.dll
0x00007ff8638b0000 - 0x00007ff863957000 	C:\Windows\System32\msvcrt.dll
0x00007ff8649e0000 - 0x00007ff864a09000 	C:\Windows\System32\GDI32.dll
0x00007ff861e90000 - 0x00007ff861fa2000 	C:\Windows\System32\gdi32full.dll
0x00007ff8627c0000 - 0x00007ff86285a000 	C:\Windows\System32\msvcp_win.dll
0x00007ff8649a0000 - 0x00007ff8649d1000 	C:\Windows\System32\IMM32.DLL
0x00007ff853a30000 - 0x00007ff853a3c000 	C:\Program Files\Android\Android Studio\jbr\bin\vcruntime140_1.dll
0x00007ff815980000 - 0x00007ff815a0d000 	C:\Program Files\Android\Android Studio\jbr\bin\msvcp140.dll
0x00007ff80d390000 - 0x00007ff80dffd000 	C:\Program Files\Android\Android Studio\jbr\bin\server\jvm.dll
0x00007ff864400000 - 0x00007ff8644ae000 	C:\Windows\System32\ADVAPI32.dll
0x00007ff862dc0000 - 0x00007ff862e64000 	C:\Windows\System32\sechost.dll
0x00007ff862ca0000 - 0x00007ff862db5000 	C:\Windows\System32\RPCRT4.dll
0x00007ff85d2e0000 - 0x00007ff85d2e9000 	C:\Windows\SYSTEM32\WSOCK32.dll
0x00007ff855680000 - 0x00007ff8556b4000 	C:\Windows\SYSTEM32\WINMM.dll
0x00007ff863ac0000 - 0x00007ff863b31000 	C:\Windows\System32\WS2_32.dll
0x00007ff853b60000 - 0x00007ff853b6a000 	C:\Windows\SYSTEM32\VERSION.dll
0x00007ff860f10000 - 0x00007ff860f28000 	C:\Windows\SYSTEM32\kernel.appcore.dll
0x00007ff853990000 - 0x00007ff85399a000 	C:\Program Files\Android\Android Studio\jbr\bin\jimage.dll
0x00007ff850b60000 - 0x00007ff850d8e000 	C:\Windows\SYSTEM32\DBGHELP.DLL
0x00007ff862860000 - 0x00007ff862be9000 	C:\Windows\System32\combase.dll
0x00007ff864320000 - 0x00007ff8643f7000 	C:\Windows\System32\OLEAUT32.dll
0x00007ff850b20000 - 0x00007ff850b52000 	C:\Windows\SYSTEM32\dbgcore.DLL
0x00007ff862470000 - 0x00007ff8624eb000 	C:\Windows\System32\bcryptPrimitives.dll
0x00007ff8503e0000 - 0x00007ff850405000 	C:\Program Files\Android\Android Studio\jbr\bin\java.dll
0x00007ff8528c0000 - 0x00007ff8528d8000 	C:\Program Files\Android\Android Studio\jbr\bin\zip.dll
0x00007ff862f70000 - 0x00007ff86374b000 	C:\Windows\System32\SHELL32.dll
0x00007ff85fef0000 - 0x00007ff8607a5000 	C:\Windows\SYSTEM32\windows.storage.dll
0x00007ff85fdb0000 - 0x00007ff85feed000 	C:\Windows\SYSTEM32\wintypes.dll
0x00007ff862e70000 - 0x00007ff862f61000 	C:\Windows\System32\SHCORE.dll
0x00007ff862bf0000 - 0x00007ff862c4e000 	C:\Windows\System32\shlwapi.dll
0x00007ff861dc0000 - 0x00007ff861de1000 	C:\Windows\SYSTEM32\profapi.dll
0x00007ff850310000 - 0x00007ff850329000 	C:\Program Files\Android\Android Studio\jbr\bin\net.dll
0x00007ff85b530000 - 0x00007ff85b65f000 	C:\Windows\SYSTEM32\WINHTTP.dll
0x00007ff861370000 - 0x00007ff8613d9000 	C:\Windows\system32\mswsock.dll
0x00007ff8502f0000 - 0x00007ff850306000 	C:\Program Files\Android\Android Studio\jbr\bin\nio.dll
0x00007ff850360000 - 0x00007ff850370000 	C:\Program Files\Android\Android Studio\jbr\bin\verify.dll
0x00007ff8291c0000 - 0x00007ff8291e7000 	C:\Users\ahmed\.gradle\native\68d5fa5c4cc2d200863cafc0d521ce42e7d3e7ee720ec0a83991735586a16f82\windows-amd64\native-platform.dll
0x00007ff815830000 - 0x00007ff815974000 	C:\Users\ahmed\.gradle\native\e376f236ea51e6404a007f0833ffe2c6e607c4080706a723a18a27aeea778392\windows-amd64\native-platform-file-events.dll
0x00007ff852730000 - 0x00007ff852739000 	C:\Program Files\Android\Android Studio\jbr\bin\management.dll
0x00007ff8503d0000 - 0x00007ff8503db000 	C:\Program Files\Android\Android Studio\jbr\bin\management_ext.dll
0x00007ff863750000 - 0x00007ff863758000 	C:\Windows\System32\PSAPI.DLL
0x00007ff8615b0000 - 0x00007ff8615cb000 	C:\Windows\SYSTEM32\CRYPTSP.dll
0x00007ff860e80000 - 0x00007ff860eb5000 	C:\Windows\system32\rsaenh.dll
0x00007ff861460000 - 0x00007ff861488000 	C:\Windows\SYSTEM32\USERENV.dll
0x00007ff8617e0000 - 0x00007ff861808000 	C:\Windows\SYSTEM32\bcrypt.dll
0x00007ff8615d0000 - 0x00007ff8615dc000 	C:\Windows\SYSTEM32\CRYPTBASE.dll
0x00007ff8609f0000 - 0x00007ff860a1d000 	C:\Windows\SYSTEM32\IPHLPAPI.DLL
0x00007ff8639c0000 - 0x00007ff8639c9000 	C:\Windows\System32\NSI.dll
0x00007ff85b4d0000 - 0x00007ff85b4e9000 	C:\Windows\SYSTEM32\dhcpcsvc6.DLL
0x00007ff85b510000 - 0x00007ff85b52f000 	C:\Windows\SYSTEM32\dhcpcsvc.DLL
0x00007ff860a20000 - 0x00007ff860b12000 	C:\Windows\SYSTEM32\DNSAPI.dll
0x00007ff84ff50000 - 0x00007ff84ff58000 	C:\Windows\system32\wshunix.dll

dbghelp: loaded successfully - version: 4.0.5 - missing functions: none
symbol engine: initialized successfully - sym options: 0x614 - pdb path: .;C:\Program Files\Android\Android Studio\jbr\bin;C:\Windows\SYSTEM32;C:\Windows\WinSxS\amd64_microsoft.windows.common-controls_6595b64144ccf1df_6.0.22621.317_none_a9434687c10c9fa2;C:\Program Files\Android\Android Studio\jbr\bin\server;C:\Users\ahmed\.gradle\native\68d5fa5c4cc2d200863cafc0d521ce42e7d3e7ee720ec0a83991735586a16f82\windows-amd64;C:\Users\ahmed\.gradle\native\e376f236ea51e6404a007f0833ffe2c6e607c4080706a723a18a27aeea778392\windows-amd64

VM Arguments:
jvm_args: --add-opens=java.base/java.util=ALL-UNNAMED --add-opens=java.base/java.lang=ALL-UNNAMED --add-opens=java.base/java.lang.invoke=ALL-UNNAMED --add-opens=java.prefs/java.util.prefs=ALL-UNNAMED --add-opens=java.base/java.nio.charset=ALL-UNNAMED --add-opens=java.base/java.net=ALL-UNNAMED --add-opens=java.base/java.util.concurrent.atomic=ALL-UNNAMED -Xmx2048m -Dfile.encoding=UTF-8 -Duser.country=US -Duser.language=en -Duser.variant 
java_command: org.gradle.launcher.daemon.bootstrap.GradleDaemon 8.0
java_class_path (initial): C:\Users\ahmed\.gradle\wrapper\dists\gradle-8.0-bin\ca5e32bp14vu59qr306oxotwh\gradle-8.0\lib\gradle-launcher-8.0.jar
Launcher Type: SUN_STANDARD

[Global flags]
     intx CICompilerCount                          = 3                                         {product} {ergonomic}
     uint ConcGCThreads                            = 1                                         {product} {ergonomic}
     uint G1ConcRefinementThreads                  = 4                                         {product} {ergonomic}
   size_t G1HeapRegionSize                         = 1048576                                   {product} {ergonomic}
    uintx GCDrainStackTargetSize                   = 64                                        {product} {ergonomic}
   size_t InitialHeapSize                          = 134217728                                 {product} {ergonomic}
   size_t MarkStackSize                            = 4194304                                   {product} {ergonomic}
   size_t MaxHeapSize                              = 2147483648                                {product} {command line}
   size_t MaxNewSize                               = 1287651328                                {product} {ergonomic}
   size_t MinHeapDeltaBytes                        = 1048576                                   {product} {ergonomic}
   size_t MinHeapSize                              = 8388608                                   {product} {ergonomic}
    uintx NonNMethodCodeHeapSize                   = 5832780                                {pd product} {ergonomic}
    uintx NonProfiledCodeHeapSize                  = 122912730                              {pd product} {ergonomic}
    uintx ProfiledCodeHeapSize                     = 122912730                              {pd product} {ergonomic}
    uintx ReservedCodeCacheSize                    = 251658240                              {pd product} {ergonomic}
     bool SegmentedCodeCache                       = true                                      {product} {ergonomic}
   size_t SoftMaxHeapSize                          = 2147483648                             {manageable} {ergonomic}
     bool UseCompressedClassPointers               = true                           {product lp64_product} {ergonomic}
     bool UseCompressedOops                        = true                           {product lp64_product} {ergonomic}
     bool UseG1GC                                  = true                                      {product} {ergonomic}
     bool UseLargePagesIndividualAllocation        = false                                  {pd product} {ergonomic}

Logging:
Log output configuration:
 #0: stdout all=warning uptime,level,tags
 #1: stderr all=off uptime,level,tags

Environment Variables:
PATH=C:\Program Files\Eclipse Adoptium\jdk-17.0.7.7-hotspot\bin;C:\Program Files\Common Files\Oracle\Java\javapath;C:\Windows\system32;C:\Windows;C:\Windows\System32\Wbem;C:\Windows\System32\WindowsPowerShell\v1.0\;C:\Windows\System32\OpenSSH\;C:\Program Files\dotnet\;C:\Program Files\nodejs\;C:\ProgramData\chocolatey\bin;C:\xampp\php;C:\composer;C:\ProgramData\ComposerSetup\bin;C:\Program Files\Git\cmd;C:\Users\ahmed\AppData\Local\Microsoft\WindowsApps;C:\Users\ahmed\AppData\Roaming\npm;C:\Users\ahmed\AppData\Local\Programs\Microsoft VS Code\bin;C:\Users\ahmed\AppData\Roaming\Composer\vendor\bin;C:\Program Files\heroku\bin
USERNAME=ahmed
OS=Windows_NT
PROCESSOR_IDENTIFIER=Intel64 Family 6 Model 58 Stepping 9, GenuineIntel
TMP=C:\Users\ahmed\AppData\Local\Temp
TEMP=C:\Users\ahmed\AppData\Local\Temp



---------------  S Y S T E M  ---------------

OS:
 Windows 11 , 64 bit Build 22621 (10.0.22621.457)
OS uptime: 0 days 12:30 hours

CPU: total 4 (initial active 4) (4 cores per cpu, 1 threads per core) family 6 model 58 stepping 9 microcode 0x21, cx8, cmov, fxsr, mmx, sse, sse2, sse3, ssse3, sse4.1, sse4.2, popcnt, tsc, tscinvbit, avx, aes, erms, clmul, vzeroupper, clflush

Memory: 4k page, system-wide physical 8066M (647M free)
TotalPageFile size 10114M (AvailPageFile size 42M)
current process WorkingSet (physical memory assigned to process): 302M, peak: 304M
current process commit charge ("private bytes"): 339M, peak: 382M

vm_info: OpenJDK 64-Bit Server VM (17.0.6+0-b2043.56-9586694) for windows-amd64 JRE (17.0.6+0-b2043.56-9586694), built on Feb  9 2023 20:06:20 by "androidbuild" with MS VC++ 16.10 / 16.11 (VS2019)

END.
